#
# A fatal error has been detected by the Java Runtime Environment:
#
#  SIGSEGV (0xb) at pc=0x00007f1ae2da97db, pid=42172, tid=42172
#
# JRE version: OpenJDK Runtime Environment Zulu17.38+21-CA (17.0.5+8) (build 17.0.5+8-LTS)
# Java VM: OpenJDK 64-Bit Server VM Zulu17.38+21-CA (17.0.5+8-LTS, mixed mode, sharing, tiered, compressed oops, compressed class ptrs, g1 gc, linux-amd64)
# Problematic frame:
# V  [libjvm.so+0xda97db]  SR_handler(int, siginfo*, ucontext*)+0x9b
#
# Core dump will be written. Default location: Core dumps may be processed with "/usr/lib/systemd/systemd-coredump %P %u %g %s %t %c %h" (or dumping to /home/kenny/code/personal/auraltester/backend/core.42172)
#
# If you would like to submit a bug report, please visit:
#   http://www.azul.com/support/
#

---------------  S U M M A R Y ------------

Command Line: -Xmx64m -Xms64m -Dorg.gradle.appname=gradlew org.gradle.wrapper.GradleWrapperMain bootrun

Host: Intel(R) Core(TM) i7-4790 CPU @ 3.60GHz, 8 cores, 15G, Arch Linux
Time: Thu Dec 22 14:43:15 2022 UTC elapsed time: 73.709002 seconds (0d 0h 1m 13s)

---------------  T H R E A D  ---------------

Current thread is native thread

Stack: [0x00007fff8bb06000,0x00007fff8c305000],  sp=0x00007fff8c2ff4b0,  free space=8165k
Native frames: (J=compiled Java code, j=interpreted, Vv=VM code, C=native code)
V  [libjvm.so+0xda97db]  SR_handler(int, siginfo*, ucontext*)+0x9b


siginfo: si_signo: 11 (SIGSEGV), si_code: 1 (SEGV_MAPERR), si_addr: 0x0000000000000268

Registers:
RAX=0x0000000000000000, RBX=0x00007fff8c2ff4c0, RCX=0x00007f1ae3489688, RDX=0x0000000000000000
RSP=0x00007fff8c2ff4b0, RBP=0x00007fff8c2ff570, RSI=0x00007fff8c2ff4c0, RDI=0x0000000000000000
R8 =0x0000000000000000, R9 =0x00000000ffffffff, R10=0x0000000000000008, R11=0x0000000000000246
R12=0x00007f1ae33fb280, R13=0x0000000000000000, R14=0x00007fff8c2ff580, R15=0x00007f1ae1f176c0
RIP=0x00007f1ae2da97db, EFLAGS=0x0000000000010246, CSGSFS=0x002b000000000033, ERR=0x0000000000000004
  TRAPNO=0x000000000000000e

Top of Stack: (sp=0x00007fff8c2ff4b0)
0x00007fff8c2ff4b0:   00007f1ae344b160 00007fff8c2ff6b0
0x00007fff8c2ff4c0:   00000000000004d8 0000000000000000
0x00007fff8c2ff4d0:   0000000000000010 0000000000000000
0x00007fff8c2ff4e0:   00007f1ae3345660 0000003000000018 

Instructions: (pc=0x00007f1ae2da97db)
0x00007f1ae2da96db:   94 4a ff 31 d2 48 89 de bf 01 00 00 00 e8 43 8d
0x00007f1ae2da96eb:   4a ff 41 83 fc 02 74 3d 48 83 3d 6d 13 5b 00 00
0x00007f1ae2da96fb:   74 25 48 8d 05 5c 12 5b 00 4a 8d 14 a0 b8 01 00
0x00007f1ae2da970b:   00 00 f0 0f c1 02 48 8b 3d 50 13 5b 00 be 01 00
0x00007f1ae2da971b:   00 00 e8 9e ba ed ff 48 83 ec 80 5b 41 5c 5d c3
0x00007f1ae2da972b:   0f 1f 44 00 00 e8 6b 27 15 00 84 c0 74 ba e8 6a
0x00007f1ae2da973b:   95 4a ff eb b3 55 48 89 e5 41 57 41 56 49 89 d6
0x00007f1ae2da974b:   41 55 41 54 53 48 8d 9d 50 ff ff ff 48 81 ec 98
0x00007f1ae2da975b:   00 00 00 48 89 b5 48 ff ff ff e8 56 86 4a ff 48
0x00007f1ae2da976b:   89 df 49 89 c4 44 8b 28 e8 88 8b 4a ff be 04 00
0x00007f1ae2da977b:   00 00 48 89 df e8 ab 93 4a ff be 07 00 00 00 48
0x00007f1ae2da978b:   89 df e8 9e 93 4a ff be 08 00 00 00 48 89 df e8
0x00007f1ae2da979b:   91 93 4a ff be 0b 00 00 00 48 89 df e8 84 93 4a
0x00007f1ae2da97ab:   ff be 05 00 00 00 48 89 df e8 77 93 4a ff 31 d2
0x00007f1ae2da97bb:   48 89 de bf 01 00 00 00 e8 68 8c 4a ff e8 b3 33
0x00007f1ae2da97cb:   0e 00 31 d2 84 c0 74 08 e8 b8 33 0e 00 48 89 c2
0x00007f1ae2da97db:   48 8b 82 68 02 00 00 48 85 c0 74 17 4c 8b ba 30
0x00007f1ae2da97eb:   02 00 00 41 8b 87 a0 00 00 00 83 f8 01 74 16 45
0x00007f1ae2da97fb:   89 2c 24 48 81 c4 98 00 00 00 5b 41 5c 41 5d 41
0x00007f1ae2da980b:   5e 41 5f 5d c3 f3 0f 7e 85 48 ff ff ff ba 02 00
0x00007f1ae2da981b:   00 00 be 01 00 00 00 4c 89 b5 48 ff ff ff 4d 8d
0x00007f1ae2da982b:   b7 a0 00 00 00 4c 89 f7 0f 16 85 48 ff ff ff 41
0x00007f1ae2da983b:   0f 11 87 a8 00 00 00 e8 69 c7 e1 ff 83 f8 02 74
0x00007f1ae2da984b:   3c 85 c0 75 10 66 0f ef c0 41 0f 11 87 a8 00 00
0x00007f1ae2da985b:   00 eb 9c 66 90 48 8d 05 01 cb 54 00 be 6b 06 00
0x00007f1ae2da986b:   00 48 8d 3d 5d 80 26 00 48 8b 00 c6 00 58 e8 72
0x00007f1ae2da987b:   78 85 ff e8 ed ff e1 ff eb cb 0f 1f 00 48 89 df
0x00007f1ae2da988b:   e8 70 8a 4a ff 48 89 da 31 f6 31 ff e8 94 8b 4a
0x00007f1ae2da989b:   ff 8b 35 66 24 56 00 48 89 df e8 d6 92 4a ff be
0x00007f1ae2da98ab:   01 00 00 00 48 8d 3d ca 11 5b 00 e8 05 b9 ed ff
0x00007f1ae2da98bb:   eb 08 0f 1f 00 83 f8 02 75 3b 48 89 df e8 c3 92
0x00007f1ae2da98cb:   4a ff 31 d2 be 03 00 00 00 4c 89 f7 e8 d4 c6 e1 



---------------  P R O C E S S  ---------------

VM state: not at safepoint (normal execution)

VM Mutex/Monitor currently owned by a thread: None

Heap address: 0x00000000fc000000, size: 64 MB, Compressed Oops mode: 32-bit

CDS archive(s) mapped at: [0x0000000800000000-0x0000000800c12000-0x0000000800c12000), size 12656640, SharedBaseAddress: 0x0000000800000000, ArchiveRelocationMode: 0.
Compressed class space mapped at: 0x0000000801000000-0x0000000841000000, reserved size: 1073741824
Narrow klass base: 0x0000000800000000, Narrow klass shift: 0, Narrow klass range: 0x100000000

GC Precious Log:
<Skipped>

Heap:
 garbage-first heap   total 65536K, used 21099K [0x00000000fc000000, 0x0000000100000000)
  region size 1024K, 14 young (14336K), 3 survivors (3072K)
 Metaspace       used 7713K, committed 7936K, reserved 1056768K
  class space    used 1054K, committed 1152K, reserved 1048576K

Heap Regions: E=young(eden), S=young(survivor), O=old, HS=humongous(starts), HC=humongous(continues), CS=collection set, F=free, OA=open archive, CA=closed archive, TAMS=top-at-mark-start (previous, next)
|   0|0x00000000fc000000, 0x00000000fc100000, 0x00000000fc100000|100%|HS|  |TAMS 0x00000000fc000000, 0x00000000fc000000| Complete 
|   1|0x00000000fc100000, 0x00000000fc200000, 0x00000000fc200000|100%|HC|  |TAMS 0x00000000fc100000, 0x00000000fc100000| Complete 
|   2|0x00000000fc200000, 0x00000000fc300000, 0x00000000fc300000|100%|HC|  |TAMS 0x00000000fc200000, 0x00000000fc200000| Complete 
|   3|0x00000000fc300000, 0x00000000fc400000, 0x00000000fc400000|100%| O|  |TAMS 0x00000000fc300000, 0x00000000fc300000| Untracked 
|   4|0x00000000fc400000, 0x00000000fc500000, 0x00000000fc500000|100%| O|  |TAMS 0x00000000fc400000, 0x00000000fc400000| Untracked 
|   5|0x00000000fc500000, 0x00000000fc5bc000, 0x00000000fc600000| 73%| O|  |TAMS 0x00000000fc500000, 0x00000000fc500000| Untracked 
|   6|0x00000000fc600000, 0x00000000fc600000, 0x00000000fc700000|  0%| F|  |TAMS 0x00000000fc600000, 0x00000000fc600000| Untracked 
|   7|0x00000000fc700000, 0x00000000fc700000, 0x00000000fc800000|  0%| F|  |TAMS 0x00000000fc700000, 0x00000000fc700000| Untracked 
|   8|0x00000000fc800000, 0x00000000fc800000, 0x00000000fc900000|  0%| F|  |TAMS 0x00000000fc800000, 0x00000000fc800000| Untracked 
|   9|0x00000000fc900000, 0x00000000fc900000, 0x00000000fca00000|  0%| F|  |TAMS 0x00000000fc900000, 0x00000000fc900000| Untracked 
|  10|0x00000000fca00000, 0x00000000fca00000, 0x00000000fcb00000|  0%| F|  |TAMS 0x00000000fca00000, 0x00000000fca00000| Untracked 
|  11|0x00000000fcb00000, 0x00000000fcb00000, 0x00000000fcc00000|  0%| F|  |TAMS 0x00000000fcb00000, 0x00000000fcb00000| Untracked 
|  12|0x00000000fcc00000, 0x00000000fcc00000, 0x00000000fcd00000|  0%| F|  |TAMS 0x00000000fcc00000, 0x00000000fcc00000| Untracked 
|  13|0x00000000fcd00000, 0x00000000fcd00000, 0x00000000fce00000|  0%| F|  |TAMS 0x00000000fcd00000, 0x00000000fcd00000| Untracked 
|  14|0x00000000fce00000, 0x00000000fce00000, 0x00000000fcf00000|  0%| F|  |TAMS 0x00000000fce00000, 0x00000000fce00000| Untracked 
|  15|0x00000000fcf00000, 0x00000000fcf00000, 0x00000000fd000000|  0%| F|  |TAMS 0x00000000fcf00000, 0x00000000fcf00000| Untracked 
|  16|0x00000000fd000000, 0x00000000fd000000, 0x00000000fd100000|  0%| F|  |TAMS 0x00000000fd000000, 0x00000000fd000000| Untracked 
|  17|0x00000000fd100000, 0x00000000fd100000, 0x00000000fd200000|  0%| F|  |TAMS 0x00000000fd100000, 0x00000000fd100000| Untracked 
|  18|0x00000000fd200000, 0x00000000fd200000, 0x00000000fd300000|  0%| F|  |TAMS 0x00000000fd200000, 0x00000000fd200000| Untracked 
|  19|0x00000000fd300000, 0x00000000fd300000, 0x00000000fd400000|  0%| F|  |TAMS 0x00000000fd300000, 0x00000000fd300000| Untracked 
|  20|0x00000000fd400000, 0x00000000fd400000, 0x00000000fd500000|  0%| F|  |TAMS 0x00000000fd400000, 0x00000000fd400000| Untracked 
|  21|0x00000000fd500000, 0x00000000fd500000, 0x00000000fd600000|  0%| F|  |TAMS 0x00000000fd500000, 0x00000000fd500000| Untracked 
|  22|0x00000000fd600000, 0x00000000fd600000, 0x00000000fd700000|  0%| F|  |TAMS 0x00000000fd600000, 0x00000000fd600000| Untracked 
|  23|0x00000000fd700000, 0x00000000fd700000, 0x00000000fd800000|  0%| F|  |TAMS 0x00000000fd700000, 0x00000000fd700000| Untracked 
|  24|0x00000000fd800000, 0x00000000fd800000, 0x00000000fd900000|  0%| F|  |TAMS 0x00000000fd800000, 0x00000000fd800000| Untracked 
|  25|0x00000000fd900000, 0x00000000fd900000, 0x00000000fda00000|  0%| F|  |TAMS 0x00000000fd900000, 0x00000000fd900000| Untracked 
|  26|0x00000000fda00000, 0x00000000fda00000, 0x00000000fdb00000|  0%| F|  |TAMS 0x00000000fda00000, 0x00000000fda00000| Untracked 
|  27|0x00000000fdb00000, 0x00000000fdb00000, 0x00000000fdc00000|  0%| F|  |TAMS 0x00000000fdb00000, 0x00000000fdb00000| Untracked 
|  28|0x00000000fdc00000, 0x00000000fdc00000, 0x00000000fdd00000|  0%| F|  |TAMS 0x00000000fdc00000, 0x00000000fdc00000| Untracked 
|  29|0x00000000fdd00000, 0x00000000fdd00000, 0x00000000fde00000|  0%| F|  |TAMS 0x00000000fdd00000, 0x00000000fdd00000| Untracked 
|  30|0x00000000fde00000, 0x00000000fde00000, 0x00000000fdf00000|  0%| F|  |TAMS 0x00000000fde00000, 0x00000000fde00000| Untracked 
|  31|0x00000000fdf00000, 0x00000000fdf00000, 0x00000000fe000000|  0%| F|  |TAMS 0x00000000fdf00000, 0x00000000fdf00000| Untracked 
|  32|0x00000000fe000000, 0x00000000fe000000, 0x00000000fe100000|  0%| F|  |TAMS 0x00000000fe000000, 0x00000000fe000000| Untracked 
|  33|0x00000000fe100000, 0x00000000fe100000, 0x00000000fe200000|  0%| F|  |TAMS 0x00000000fe100000, 0x00000000fe100000| Untracked 
|  34|0x00000000fe200000, 0x00000000fe200000, 0x00000000fe300000|  0%| F|  |TAMS 0x00000000fe200000, 0x00000000fe200000| Untracked 
|  35|0x00000000fe300000, 0x00000000fe300000, 0x00000000fe400000|  0%| F|  |TAMS 0x00000000fe300000, 0x00000000fe300000| Untracked 
|  36|0x00000000fe400000, 0x00000000fe500000, 0x00000000fe500000|100%| S|CS|TAMS 0x00000000fe400000, 0x00000000fe400000| Complete 
|  37|0x00000000fe500000, 0x00000000fe600000, 0x00000000fe600000|100%| S|CS|TAMS 0x00000000fe500000, 0x00000000fe500000| Complete 
|  38|0x00000000fe600000, 0x00000000fe700000, 0x00000000fe700000|100%| S|CS|TAMS 0x00000000fe600000, 0x00000000fe600000| Complete 
|  39|0x00000000fe700000, 0x00000000fe700000, 0x00000000fe800000|  0%| F|  |TAMS 0x00000000fe700000, 0x00000000fe700000| Untracked 
|  40|0x00000000fe800000, 0x00000000fe800000, 0x00000000fe900000|  0%| F|  |TAMS 0x00000000fe800000, 0x00000000fe800000| Untracked 
|  41|0x00000000fe900000, 0x00000000fe900000, 0x00000000fea00000|  0%| F|  |TAMS 0x00000000fe900000, 0x00000000fe900000| Untracked 
|  42|0x00000000fea00000, 0x00000000fea00000, 0x00000000feb00000|  0%| F|  |TAMS 0x00000000fea00000, 0x00000000fea00000| Untracked 
|  43|0x00000000feb00000, 0x00000000feb00000, 0x00000000fec00000|  0%| F|  |TAMS 0x00000000feb00000, 0x00000000feb00000| Untracked 
|  44|0x00000000fec00000, 0x00000000fec00000, 0x00000000fed00000|  0%| F|  |TAMS 0x00000000fec00000, 0x00000000fec00000| Untracked 
|  45|0x00000000fed00000, 0x00000000fed00000, 0x00000000fee00000|  0%| F|  |TAMS 0x00000000fed00000, 0x00000000fed00000| Untracked 
|  46|0x00000000fee00000, 0x00000000fee00000, 0x00000000fef00000|  0%| F|  |TAMS 0x00000000fee00000, 0x00000000fee00000| Untracked 
|  47|0x00000000fef00000, 0x00000000fef00000, 0x00000000ff000000|  0%| F|  |TAMS 0x00000000fef00000, 0x00000000fef00000| Untracked 
|  48|0x00000000ff000000, 0x00000000ff000000, 0x00000000ff100000|  0%| F|  |TAMS 0x00000000ff000000, 0x00000000ff000000| Untracked 
|  49|0x00000000ff100000, 0x00000000ff100000, 0x00000000ff200000|  0%| F|  |TAMS 0x00000000ff100000, 0x00000000ff100000| Untracked 
|  50|0x00000000ff200000, 0x00000000ff200000, 0x00000000ff300000|  0%| F|  |TAMS 0x00000000ff200000, 0x00000000ff200000| Untracked 
|  51|0x00000000ff300000, 0x00000000ff3e3cc8, 0x00000000ff400000| 88%| E|  |TAMS 0x00000000ff300000, 0x00000000ff300000| Complete 
|  52|0x00000000ff400000, 0x00000000ff500000, 0x00000000ff500000|100%| E|CS|TAMS 0x00000000ff400000, 0x00000000ff400000| Complete 
|  53|0x00000000ff500000, 0x00000000ff600000, 0x00000000ff600000|100%| E|CS|TAMS 0x00000000ff500000, 0x00000000ff500000| Complete 
|  54|0x00000000ff600000, 0x00000000ff700000, 0x00000000ff700000|100%| E|CS|TAMS 0x00000000ff600000, 0x00000000ff600000| Complete 
|  55|0x00000000ff700000, 0x00000000ff800000, 0x00000000ff800000|100%| E|CS|TAMS 0x00000000ff700000, 0x00000000ff700000| Complete 
|  56|0x00000000ff800000, 0x00000000ff900000, 0x00000000ff900000|100%| E|CS|TAMS 0x00000000ff800000, 0x00000000ff800000| Complete 
|  57|0x00000000ff900000, 0x00000000ffa00000, 0x00000000ffa00000|100%| E|CS|TAMS 0x00000000ff900000, 0x00000000ff900000| Complete 
|  58|0x00000000ffa00000, 0x00000000ffb00000, 0x00000000ffb00000|100%| E|CS|TAMS 0x00000000ffa00000, 0x00000000ffa00000| Complete 
|  59|0x00000000ffb00000, 0x00000000ffc00000, 0x00000000ffc00000|100%| E|CS|TAMS 0x00000000ffb00000, 0x00000000ffb00000| Complete 
|  60|0x00000000ffc00000, 0x00000000ffd00000, 0x00000000ffd00000|100%| E|CS|TAMS 0x00000000ffc00000, 0x00000000ffc00000| Complete 
|  61|0x00000000ffd00000, 0x00000000ffe00000, 0x00000000ffe00000|100%| E|CS|TAMS 0x00000000ffd00000, 0x00000000ffd00000| Complete 
|  62|0x00000000ffe00000, 0x00000000ffe78000, 0x00000000fff00000| 46%|OA|  |TAMS 0x00000000ffe00000, 0x00000000ffe00000| Untracked 
|  63|0x00000000fff00000, 0x00000000fff83000, 0x0000000100000000| 51%|CA|  |TAMS 0x00000000fff00000, 0x00000000fff00000| Untracked 

Card table byte_map: [0x00007f1ae141a000,0x00007f1ae143a000] _byte_map_base: 0x00007f1ae0c3a000

Marking Bits (Prev, Next): (CMBitMap*) 0x00007f1adc047c60, (CMBitMap*) 0x00007f1adc047ca0
 Prev Bits: [0x00007f1ae12fa000, 0x00007f1ae13fa000)
 Next Bits: [0x00007f1ae11fa000, 0x00007f1ae12fa000)

Polling page: 0x00007f1ae362c000

Metaspace:

Usage:
  Non-class:      6.50 MB used.
      Class:      1.03 MB used.
       Both:      7.53 MB used.

Virtual space:
  Non-class space:        8.00 MB reserved,       6.62 MB ( 83%) committed,  1 nodes.
      Class space:        1.00 GB reserved,       1.12 MB ( <1%) committed,  1 nodes.
             Both:        1.01 GB reserved,       7.75 MB ( <1%) committed. 

Chunk freelists:
   Non-Class:  624.00 KB
       Class:  2.91 MB
        Both:  3.51 MB

MaxMetaspaceSize: unlimited
CompressedClassSpaceSize: 1.00 GB
Initial GC threshold: 21.00 MB
Current GC threshold: 21.00 MB
CDS: on
MetaspaceReclaimPolicy: balanced
 - commit_granule_bytes: 65536.
 - commit_granule_words: 8192.
 - virtual_space_node_default_size: 1048576.
 - enlarge_chunks_in_place: 1.
 - new_chunks_are_fully_committed: 0.
 - uncommit_free_chunks: 1.
 - use_allocation_guard: 0.
 - handle_deallocations: 1.


Internal statistics:

num_allocs_failed_limit: 0.
num_arena_births: 66.
num_arena_deaths: 0.
num_vsnodes_births: 2.
num_vsnodes_deaths: 0.
num_space_committed: 124.
num_space_uncommitted: 0.
num_chunks_returned_to_freelist: 0.
num_chunks_taken_from_freelist: 261.
num_chunk_merges: 0.
num_chunk_splits: 177.
num_chunks_enlarged: 154.
num_purges: 0.
num_inconsistent_stats: 0.

CodeHeap 'non-profiled nmethods': size=120028Kb used=416Kb max_used=416Kb free=119611Kb
 bounds [0x00007f1acccc9000, 0x00007f1accf39000, 0x00007f1ad4200000]
CodeHeap 'profiled nmethods': size=120028Kb used=2125Kb max_used=2125Kb free=117902Kb
 bounds [0x00007f1ac5792000, 0x00007f1ac5a02000, 0x00007f1acccc9000]
CodeHeap 'non-nmethods': size=5704Kb used=1155Kb max_used=1169Kb free=4548Kb
 bounds [0x00007f1ac5200000, 0x00007f1ac5470000, 0x00007f1ac5792000]
 total_blobs=1616 nmethods=1165 adapters=365
 compilation: enabled
              stopped_count=0, restarted_count=0
 full_count=0

Compilation events (20 events):
Event: 51.433 Thread 0x00007f1adc0cb1e0 1157       3       java.util.concurrent.locks.ReentrantLock::lockInterruptibly (8 bytes)
Event: 51.433 Thread 0x00007f1adc0cb1e0 nmethod 1157 0x00007f1ac59a2310 code [0x00007f1ac59a2520, 0x00007f1ac59a2a30]
Event: 51.433 Thread 0x00007f1adc0cb1e0 1158       3       java.util.concurrent.locks.ReentrantLock$Sync::lockInterruptibly (27 bytes)
Event: 51.433 Thread 0x00007f1adc0cb1e0 nmethod 1158 0x00007f1ac59a2c10 code [0x00007f1ac59a2e20, 0x00007f1ac59a32b0]
Event: 51.529 Thread 0x00007f1adc0cb1e0 1160       3       org.gradle.internal.logging.console.ThrottlingOutputEventListener$1::run (27 bytes)
Event: 51.529 Thread 0x00007f1adc0cb1e0 nmethod 1160 0x00007f1ac59a3410 code [0x00007f1ac59a35e0, 0x00007f1ac59a3950]
Event: 51.530 Thread 0x00007f1adc0cb1e0 1161       3       org.gradle.internal.logging.events.UpdateNowEvent::<init> (10 bytes)
Event: 51.530 Thread 0x00007f1adc0cb1e0 nmethod 1161 0x00007f1ac59a3b90 code [0x00007f1ac59a3d40, 0x00007f1ac59a3f10]
Event: 51.530 Thread 0x00007f1adc0cb1e0 1162       3       java.util.concurrent.ScheduledThreadPoolExecutor$ScheduledFutureTask::setNextRunTime (38 bytes)
Event: 51.530 Thread 0x00007f1adc0cb1e0 nmethod 1162 0x00007f1ac59a4010 code [0x00007f1ac59a41c0, 0x00007f1ac59a43e0]
Event: 51.530 Thread 0x00007f1adc0cb1e0 1163       3       java.util.concurrent.ScheduledThreadPoolExecutor::reExecutePeriodic (49 bytes)
Event: 51.530 Thread 0x00007f1adc0cb1e0 nmethod 1163 0x00007f1ac59a4490 code [0x00007f1ac59a46c0, 0x00007f1ac59a4d40]
Event: 51.530 Thread 0x00007f1adc0cb1e0 1164       3       java.util.concurrent.ThreadPoolExecutor::afterExecute (1 bytes)
Event: 51.530 Thread 0x00007f1adc0cb1e0 nmethod 1164 0x00007f1ac59a4f90 code [0x00007f1ac59a5120, 0x00007f1ac59a5230]
Event: 55.829 Thread 0x00007f1adc0cb1e0 1165       3       java.util.concurrent.locks.LockSupport::parkNanos (29 bytes)
Event: 55.829 Thread 0x00007f1adc0cb1e0 nmethod 1165 0x00007f1ac59a5290 code [0x00007f1ac59a5460, 0x00007f1ac59a5660]
Event: 64.329 Thread 0x00007f1adc0c9ca0 1166       4       jdk.internal.misc.Unsafe::putReferenceOpaque (9 bytes)
Event: 64.330 Thread 0x00007f1adc0c9ca0 nmethod 1166 0x00007f1accd30d10 code [0x00007f1accd30e80, 0x00007f1accd30fb8]
Event: 71.129 Thread 0x00007f1adc0c9ca0 1167       4       java.util.LinkedHashMap$LinkedHashIterator::hasNext (13 bytes)
Event: 71.130 Thread 0x00007f1adc0c9ca0 nmethod 1167 0x00007f1accd31010 code [0x00007f1accd31180, 0x00007f1accd31218]

GC Heap History (2 events):
Event: 0.334 GC heap before
{Heap before GC invocations=0 (full 0):
 garbage-first heap   total 65536K, used 26604K [0x00000000fc000000, 0x0000000100000000)
  region size 1024K, 23 young (23552K), 0 survivors (0K)
 Metaspace       used 4223K, committed 4416K, reserved 1056768K
  class space    used 564K, committed 640K, reserved 1048576K
}
Event: 0.338 GC heap after
{Heap after GC invocations=1 (full 0):
 garbage-first heap   total 65536K, used 9948K [0x00000000fc000000, 0x0000000100000000)
  region size 1024K, 3 young (3072K), 3 survivors (3072K)
 Metaspace       used 4223K, committed 4416K, reserved 1056768K
  class space    used 564K, committed 640K, reserved 1048576K
}

Dll operation events (13 events):
Event: 0.001 Loaded shared library /home/kenny/.sdkman/candidates/java/17.0.5-zulu/lib/libjava.so
Event: 0.006 Loaded shared library /home/kenny/.sdkman/candidates/java/17.0.5-zulu/lib/libjsvml.so
Event: 0.016 Loaded shared library /home/kenny/.sdkman/candidates/java/17.0.5-zulu/lib/libnio.so
Event: 0.017 Loaded shared library /home/kenny/.sdkman/candidates/java/17.0.5-zulu/lib/libzip.so
Event: 0.060 Loaded shared library /home/kenny/.sdkman/candidates/java/17.0.5-zulu/lib/libnet.so
Event: 0.126 Loaded shared library /home/kenny/.sdkman/candidates/java/17.0.5-zulu/lib/libjimage.so
Event: 0.159 Loaded shared library /home/kenny/.sdkman/candidates/java/17.0.5-zulu/lib/libverify.so
Event: 0.310 Loaded shared library /home/kenny/.gradle/native/68d5fa5c4cc2d200863cafc0d521ce42e7d3e7ee720ec0a83991735586a16f82/linux-amd64/libnative-platform.so
Event: 0.317 Loading shared library /home/kenny/.gradle/native/68d5fa5c4cc2d200863cafc0d521ce42e7d3e7ee720ec0a83991735586a16f82/linux-amd64-ncurses5/libnative-platform-curses.so failed, libtinfo.so.5: cannot open shared object file: No such file or directory
Event: 0.318 Loaded shared library /home/kenny/.gradle/native/68d5fa5c4cc2d200863cafc0d521ce42e7d3e7ee720ec0a83991735586a16f82/linux-amd64-ncurses6/libnative-platform-curses.so
Event: 0.394 Loaded shared library /home/kenny/.sdkman/candidates/java/17.0.5-zulu/lib/libmanagement.so
Event: 0.395 Loaded shared library /home/kenny/.sdkman/candidates/java/17.0.5-zulu/lib/libmanagement_ext.so
Event: 0.457 Loaded shared library /home/kenny/.sdkman/candidates/java/17.0.5-zulu/lib/libextnet.so

Deoptimization events (20 events):
Event: 0.264 Thread 0x00007f1adc025620 DEOPT PACKING pc=0x00007f1accce75c8 sp=0x00007f1ae1f14d30
Event: 0.264 Thread 0x00007f1adc025620 DEOPT UNPACKING pc=0x00007f1ac5252099 sp=0x00007f1ae1f14ce8 mode 2
Event: 0.283 Thread 0x00007f1adc025620 Uncommon trap: trap_request=0xffffff45 fr.pc=0x00007f1acccfd3f0 relative=0x0000000000000250
Event: 0.283 Thread 0x00007f1adc025620 Uncommon trap: reason=unstable_if action=reinterpret pc=0x00007f1acccfd3f0 method=java.lang.String.startsWith(Ljava/lang/String;I)Z @ 14 c2
Event: 0.283 Thread 0x00007f1adc025620 DEOPT PACKING pc=0x00007f1acccfd3f0 sp=0x00007f1ae1f14440
Event: 0.283 Thread 0x00007f1adc025620 DEOPT UNPACKING pc=0x00007f1ac5252099 sp=0x00007f1ae1f143c0 mode 2
Event: 0.381 Thread 0x00007f1adc025620 Uncommon trap: trap_request=0xffffff45 fr.pc=0x00007f1accd105ec relative=0x00000000000004ac
Event: 0.381 Thread 0x00007f1adc025620 Uncommon trap: reason=unstable_if action=reinterpret pc=0x00007f1accd105ec method=java.util.HashMap.hash(Ljava/lang/Object;)I @ 1 c2
Event: 0.381 Thread 0x00007f1adc025620 DEOPT PACKING pc=0x00007f1accd105ec sp=0x00007f1ae1f14800
Event: 0.381 Thread 0x00007f1adc025620 DEOPT UNPACKING pc=0x00007f1ac5252099 sp=0x00007f1ae1f146c8 mode 2
Event: 0.381 Thread 0x00007f1adc025620 Uncommon trap: trap_request=0xffffff45 fr.pc=0x00007f1accd028b8 relative=0x0000000000000478
Event: 0.381 Thread 0x00007f1adc025620 Uncommon trap: reason=unstable_if action=reinterpret pc=0x00007f1accd028b8 method=java.util.HashMap.hash(Ljava/lang/Object;)I @ 1 c2
Event: 0.381 Thread 0x00007f1adc025620 DEOPT PACKING pc=0x00007f1accd028b8 sp=0x00007f1ae1f147a0
Event: 0.381 Thread 0x00007f1adc025620 DEOPT UNPACKING pc=0x00007f1ac5252099 sp=0x00007f1ae1f146d8 mode 2
Event: 0.399 Thread 0x00007f1adc025620 Uncommon trap: trap_request=0xffffff45 fr.pc=0x00007f1acccfb528 relative=0x0000000000001c68
Event: 0.399 Thread 0x00007f1adc025620 Uncommon trap: reason=unstable_if action=reinterpret pc=0x00007f1acccfb528 method=java.util.HashMap.putVal(ILjava/lang/Object;Ljava/lang/Object;ZZ)Ljava/lang/Object; @ 236 c2
Event: 0.399 Thread 0x00007f1adc025620 DEOPT PACKING pc=0x00007f1acccfb528 sp=0x00007f1ae1f13f60
Event: 0.399 Thread 0x00007f1adc025620 DEOPT UNPACKING pc=0x00007f1ac5252099 sp=0x00007f1ae1f13f48 mode 2
Event: 0.441 Thread 0x00007f1adc025620 DEOPT PACKING pc=0x00007f1ac588d0a8 sp=0x00007f1ae1f12790
Event: 0.441 Thread 0x00007f1adc025620 DEOPT UNPACKING pc=0x00007f1ac525282f sp=0x00007f1ae1f11cc8 mode 0

Classes unloaded (0 events):
No events

Classes redefined (0 events):
No events

Internal exceptions (16 events):
Event: 0.081 Thread 0x00007f1adc025620 Exception <a 'java/lang/NoSuchMethodError'{0x00000000ffa2f740}: 'int java.lang.invoke.DirectMethodHandle$Holder.invokeStaticInit(java.lang.Object, java.lang.Object)'> (0x00000000ffa2f740) 
thrown [src/hotspot/share/interpreter/linkResolver.cpp, line 759]
Event: 0.266 Thread 0x00007f1adc025620 Exception <a 'java/lang/NoSuchMethodError'{0x00000000fea9bd80}: 'void java.lang.invoke.DirectMethodHandle$Holder.invokeStatic(java.lang.Object, java.lang.Object)'> (0x00000000fea9bd80) 
thrown [src/hotspot/share/interpreter/linkResolver.cpp, line 759]
Event: 0.277 Thread 0x00007f1adc025620 Exception <a 'java/lang/NoClassDefFoundError'{0x00000000fe902458}: org/slf4j/impl/StaticMarkerBinder> (0x00000000fe902458) 
thrown [src/hotspot/share/classfile/systemDictionary.cpp, line 248]
Event: 0.288 Thread 0x00007f1adc025620 Exception <a 'java/lang/NoSuchMethodError'{0x00000000fe99be28}: 'java.lang.Object java.lang.invoke.DirectMethodHandle$Holder.invokeVirtual(java.lang.Object, java.lang.Object, java.lang.Object, java.lang.Object, java.lang.Object, java.lang.Object, java.lang.Object)'> (0x00000000fe99be28) 
thrown [src/hotspot/share/interpreter/linkResolver.cpp, line 759]
Event: 0.290 Thread 0x00007f1adc025620 Exception <a 'java/lang/NoSuchMethodError'{0x00000000fe9ad360}: 'java.lang.Object java.lang.invoke.Invokers$Holder.invoker(java.lang.Object, java.lang.Object, java.lang.Object)'> (0x00000000fe9ad360) 
thrown [src/hotspot/share/interpreter/linkResolver.cpp, line 759]
Event: 0.291 Thread 0x00007f1adc025620 Exception <a 'java/lang/NoSuchMethodError'{0x00000000fe9b5ca0}: 'java.lang.Object java.lang.invoke.DirectMethodHandle$Holder.invokeStatic(java.lang.Object, java.lang.Object, int)'> (0x00000000fe9b5ca0) 
thrown [src/hotspot/share/interpreter/linkResolver.cpp, line 759]
Event: 0.293 Thread 0x00007f1adc025620 Exception <a 'java/lang/NoSuchMethodError'{0x00000000fe9c1958}: 'void java.lang.invoke.DelegatingMethodHandle$Holder.delegate(java.lang.Object, java.lang.Object, int, java.lang.Object)'> (0x00000000fe9c1958) 
thrown [src/hotspot/share/interpreter/linkResolver.cpp, line 759]
Event: 0.293 Thread 0x00007f1adc025620 Exception <a 'java/lang/NoSuchMethodError'{0x00000000fe9c5a70}: 'int java.lang.invoke.DirectMethodHandle$Holder.invokeSpecial(java.lang.Object, java.lang.Object, java.lang.Object)'> (0x00000000fe9c5a70) 
thrown [src/hotspot/share/interpreter/linkResolver.cpp, line 759]
Event: 0.297 Thread 0x00007f1adc025620 Exception <a 'java/lang/NoSuchMethodError'{0x00000000fe9d8a98}: 'java.lang.Object java.lang.invoke.Invokers$Holder.invokeExact_MT(java.lang.Object, java.lang.Object, java.lang.Object, java.lang.Object)'> (0x00000000fe9d8a98) 
thrown [src/hotspot/share/interpreter/linkResolver.cpp, line 759]
Event: 0.317 Thread 0x00007f1adc025620 Exception <a 'java/lang/UnsatisfiedLinkError'{0x00000000fe893588}> (0x00000000fe893588) 
thrown [src/hotspot/share/prims/jvm.cpp, line 3392]
Event: 0.317 Thread 0x00007f1adc025620 Exception <a 'java/lang/UnsatisfiedLinkError'{0x00000000fe893588}> (0x00000000fe893588) 
thrown [src/hotspot/share/prims/jni.cpp, line 516]
Event: 0.373 Thread 0x00007f1adc025620 Exception <a 'java/lang/NoSuchMethodError'{0x00000000ffb27518}: 'void java.lang.invoke.DirectMethodHandle$Holder.invokeSpecial(java.lang.Object, java.lang.Object, java.lang.Object)'> (0x00000000ffb27518) 
thrown [src/hotspot/share/interpreter/linkResolver.cpp, line 759]
Event: 0.381 Thread 0x00007f1adc025620 Implicit null exception at 0x00007f1accd1018c to 0x00007f1accd105d0
Event: 0.381 Thread 0x00007f1adc025620 Implicit null exception at 0x00007f1accd0248c to 0x00007f1accd0289c
Event: 0.393 Thread 0x00007f1adc025620 Exception <a 'java/lang/NoSuchMethodError'{0x00000000ffabcf78}: 'java.lang.Object java.lang.invoke.DirectMethodHandle$Holder.invokeStaticInit(java.lang.Object)'> (0x00000000ffabcf78) 
thrown [src/hotspot/share/interpreter/linkResolver.cpp, line 759]
Event: 0.458 Thread 0x00007f1adc025620 Exception <a 'java/lang/NoSuchMethodError'{0x00000000ff52d4a8}: 'void java.lang.invoke.DirectMethodHandle$Holder.invokeStatic(java.lang.Object, java.lang.Object, java.lang.Object)'> (0x00000000ff52d4a8) 
thrown [src/hotspot/share/interpreter/linkResolver.cpp, line 759]

VM Operations (20 events):
Event: 0.427 Executing VM operation: HandshakeAllThreads
Event: 0.428 Executing VM operation: HandshakeAllThreads done
Event: 1.428 Executing VM operation: Cleanup
Event: 1.428 Executing VM operation: Cleanup done
Event: 3.428 Executing VM operation: Cleanup
Event: 3.428 Executing VM operation: Cleanup done
Event: 5.428 Executing VM operation: Cleanup
Event: 5.428 Executing VM operation: Cleanup done
Event: 6.429 Executing VM operation: Cleanup
Event: 6.429 Executing VM operation: Cleanup done
Event: 13.429 Executing VM operation: Cleanup
Event: 13.430 Executing VM operation: Cleanup done
Event: 31.432 Executing VM operation: Cleanup
Event: 31.432 Executing VM operation: Cleanup done
Event: 39.433 Executing VM operation: Cleanup
Event: 39.433 Executing VM operation: Cleanup done
Event: 52.434 Executing VM operation: Cleanup
Event: 52.435 Executing VM operation: Cleanup done
Event: 71.437 Executing VM operation: Cleanup
Event: 71.437 Executing VM operation: Cleanup done

Events (20 events):
Event: 0.504 loading class jdk/internal/reflect/ByteVectorImpl
Event: 0.504 loading class jdk/internal/reflect/ByteVector
Event: 0.504 loading class jdk/internal/reflect/ByteVector done
Event: 0.504 loading class jdk/internal/reflect/ByteVectorImpl done
Event: 0.504 loading class jdk/internal/reflect/ClassFileAssembler
Event: 0.505 loading class jdk/internal/reflect/ClassFileAssembler done
Event: 0.505 loading class jdk/internal/reflect/UTF8
Event: 0.505 loading class jdk/internal/reflect/UTF8 done
Event: 0.505 loading class jdk/internal/reflect/Label
Event: 0.505 loading class jdk/internal/reflect/Label done
Event: 0.505 loading class jdk/internal/reflect/Label$PatchInfo
Event: 0.505 loading class jdk/internal/reflect/Label$PatchInfo done
Event: 0.505 loading class jdk/internal/reflect/MethodAccessorGenerator$1
Event: 0.505 loading class jdk/internal/reflect/MethodAccessorGenerator$1 done
Event: 0.505 loading class jdk/internal/reflect/ClassDefiner
Event: 0.505 loading class jdk/internal/reflect/ClassDefiner done
Event: 0.506 loading class jdk/internal/reflect/ClassDefiner$1
Event: 0.506 loading class jdk/internal/reflect/ClassDefiner$1 done
Event: 0.564 Thread 0x00007f1a88160350 Thread exited: 0x00007f1a88160350
Event: 0.564 Thread 0x00007f1a880ca5d0 Thread exited: 0x00007f1a880ca5d0


Dynamic libraries:
fc000000-ffe00000 rw-p 00000000 00:00 0 
ffe00000-ffe78000 rw-p 00ccf000 00:17 578308                             /home/kenny/.sdkman/candidates/java/17.0.5-zulu/lib/server/classes.jsa
ffe78000-fff00000 rw-p 00000000 00:00 0 
fff00000-fff83000 rw-p 00c4c000 00:17 578308                             /home/kenny/.sdkman/candidates/java/17.0.5-zulu/lib/server/classes.jsa
fff83000-100000000 rw-p 00000000 00:00 0 
800000000-800485000 rw-p 00001000 00:17 578308                           /home/kenny/.sdkman/candidates/java/17.0.5-zulu/lib/server/classes.jsa
800485000-800c12000 r--p 00486000 00:17 578308                           /home/kenny/.sdkman/candidates/java/17.0.5-zulu/lib/server/classes.jsa
800c12000-801000000 ---p 00000000 00:00 0 
801000000-801040000 rw-p 00000000 00:00 0 
801040000-801080000 rw-p 00000000 00:00 0 
801080000-801100000 rw-p 00000000 00:00 0 
801100000-801120000 rw-p 00000000 00:00 0 
801120000-841000000 ---p 00000000 00:00 0 
5605d98df000-5605d98e0000 r-xp 00000000 00:17 578129                     /home/kenny/.sdkman/candidates/java/17.0.5-zulu/bin/java
5605d98e1000-5605d98e2000 r--p 00001000 00:17 578129                     /home/kenny/.sdkman/candidates/java/17.0.5-zulu/bin/java
5605d98e2000-5605d98e3000 rw-p 00002000 00:17 578129                     /home/kenny/.sdkman/candidates/java/17.0.5-zulu/bin/java
5605db7f7000-5605db860000 rw-p 00000000 00:00 0                          [heap]
7f1a58000000-7f1a58021000 rw-p 00000000 00:00 0 
7f1a58021000-7f1a5c000000 ---p 00000000 00:00 0 
7f1a60000000-7f1a60021000 rw-p 00000000 00:00 0 
7f1a60021000-7f1a64000000 ---p 00000000 00:00 0 
7f1a64000000-7f1a64021000 rw-p 00000000 00:00 0 
7f1a64021000-7f1a68000000 ---p 00000000 00:00 0 
7f1a68000000-7f1a68021000 rw-p 00000000 00:00 0 
7f1a68021000-7f1a6c000000 ---p 00000000 00:00 0 
7f1a6c000000-7f1a6c021000 rw-p 00000000 00:00 0 
7f1a6c021000-7f1a70000000 ---p 00000000 00:00 0 
7f1a70000000-7f1a7050b000 rw-p 00000000 00:00 0 
7f1a7050b000-7f1a74000000 ---p 00000000 00:00 0 
7f1a74000000-7f1a74021000 rw-p 00000000 00:00 0 
7f1a74021000-7f1a78000000 ---p 00000000 00:00 0 
7f1a78000000-7f1a78021000 rw-p 00000000 00:00 0 
7f1a78021000-7f1a7c000000 ---p 00000000 00:00 0 
7f1a7c000000-7f1a7c306000 rw-p 00000000 00:00 0 
7f1a7c306000-7f1a80000000 ---p 00000000 00:00 0 
7f1a80000000-7f1a80021000 rw-p 00000000 00:00 0 
7f1a80021000-7f1a84000000 ---p 00000000 00:00 0 
7f1a84000000-7f1a84021000 rw-p 00000000 00:00 0 
7f1a84021000-7f1a88000000 ---p 00000000 00:00 0 
7f1a88000000-7f1a882d9000 rw-p 00000000 00:00 0 
7f1a882d9000-7f1a8c000000 ---p 00000000 00:00 0 
7f1a8c000000-7f1a8c021000 rw-p 00000000 00:00 0 
7f1a8c021000-7f1a90000000 ---p 00000000 00:00 0 
7f1a90000000-7f1a90021000 rw-p 00000000 00:00 0 
7f1a90021000-7f1a94000000 ---p 00000000 00:00 0 
7f1a94000000-7f1a94489000 rw-p 00000000 00:00 0 
7f1a94489000-7f1a98000000 ---p 00000000 00:00 0 
7f1a98000000-7f1a98021000 rw-p 00000000 00:00 0 
7f1a98021000-7f1a9c000000 ---p 00000000 00:00 0 
7f1a9c000000-7f1a9c021000 rw-p 00000000 00:00 0 
7f1a9c021000-7f1aa0000000 ---p 00000000 00:00 0 
7f1aa0000000-7f1aa0021000 rw-p 00000000 00:00 0 
7f1aa0021000-7f1aa4000000 ---p 00000000 00:00 0 
7f1aa4000000-7f1aa4021000 rw-p 00000000 00:00 0 
7f1aa4021000-7f1aa8000000 ---p 00000000 00:00 0 
7f1aa8000000-7f1aa8021000 rw-p 00000000 00:00 0 
7f1aa8021000-7f1aac000000 ---p 00000000 00:00 0 
7f1aac000000-7f1aac021000 rw-p 00000000 00:00 0 
7f1aac021000-7f1ab0000000 ---p 00000000 00:00 0 
7f1ab0000000-7f1ab0021000 rw-p 00000000 00:00 0 
7f1ab0021000-7f1ab4000000 ---p 00000000 00:00 0 
7f1ab4807000-7f1ab4bfc000 rw-p 00000000 00:00 0 
7f1ab4bfc000-7f1ab4c00000 ---p 00000000 00:00 0 
7f1ab4c00000-7f1ab4cfc000 rw-p 00000000 00:00 0 
7f1ab4cfc000-7f1ab4d00000 ---p 00000000 00:00 0 
7f1ab4d00000-7f1ab4dfc000 rw-p 00000000 00:00 0 
7f1ab4dfc000-7f1ab4dfd000 ---p 00000000 00:00 0 
7f1ab4dfd000-7f1ab4efe000 rw-p 00000000 00:00 0 
7f1ab4efe000-7f1ab4eff000 ---p 00000000 00:00 0 
7f1ab4eff000-7f1ab5000000 rw-p 00000000 00:00 0 
7f1ab5000000-7f1ab5099000 r--p 00000000 00:17 4550                       /usr/lib/libstdc++.so.6.0.30
7f1ab5099000-7f1ab51af000 r-xp 00099000 00:17 4550                       /usr/lib/libstdc++.so.6.0.30
7f1ab51af000-7f1ab5226000 r--p 001af000 00:17 4550                       /usr/lib/libstdc++.so.6.0.30
7f1ab5226000-7f1ab5233000 r--p 00225000 00:17 4550                       /usr/lib/libstdc++.so.6.0.30
7f1ab5233000-7f1ab5234000 rw-p 00232000 00:17 4550                       /usr/lib/libstdc++.so.6.0.30
7f1ab5234000-7f1ab5237000 rw-p 00000000 00:00 0 
7f1ab52fe000-7f1ab52ff000 ---p 00000000 00:00 0 
7f1ab52ff000-7f1ab5400000 rw-p 00000000 00:00 0 
7f1ab5400000-7f1ab5404000 r-xp 00000000 00:17 660026                     /home/kenny/.gradle/native/68d5fa5c4cc2d200863cafc0d521ce42e7d3e7ee720ec0a83991735586a16f82/linux-amd64-ncurses6/libnative-platform-curses.so
7f1ab5404000-7f1ab5603000 ---p 00004000 00:17 660026                     /home/kenny/.gradle/native/68d5fa5c4cc2d200863cafc0d521ce42e7d3e7ee720ec0a83991735586a16f82/linux-amd64-ncurses6/libnative-platform-curses.so
7f1ab5603000-7f1ab5604000 r--p 00003000 00:17 660026                     /home/kenny/.gradle/native/68d5fa5c4cc2d200863cafc0d521ce42e7d3e7ee720ec0a83991735586a16f82/linux-amd64-ncurses6/libnative-platform-curses.so
7f1ab5604000-7f1ab5605000 rw-p 00004000 00:17 660026                     /home/kenny/.gradle/native/68d5fa5c4cc2d200863cafc0d521ce42e7d3e7ee720ec0a83991735586a16f82/linux-amd64-ncurses6/libnative-platform-curses.so
7f1ab5700000-7f1ab5704000 ---p 00000000 00:00 0 
7f1ab5704000-7f1ab5800000 rw-p 00000000 00:00 0 
7f1ab5800000-7f1ab5805000 r-xp 00000000 00:17 660016                     /home/kenny/.gradle/native/68d5fa5c4cc2d200863cafc0d521ce42e7d3e7ee720ec0a83991735586a16f82/linux-amd64/libnative-platform.so
7f1ab5805000-7f1ab5a05000 ---p 00005000 00:17 660016                     /home/kenny/.gradle/native/68d5fa5c4cc2d200863cafc0d521ce42e7d3e7ee720ec0a83991735586a16f82/linux-amd64/libnative-platform.so
7f1ab5a05000-7f1ab5a06000 r--p 00005000 00:17 660016                     /home/kenny/.gradle/native/68d5fa5c4cc2d200863cafc0d521ce42e7d3e7ee720ec0a83991735586a16f82/linux-amd64/libnative-platform.so
7f1ab5a06000-7f1ab5a07000 rw-p 00006000 00:17 660016                     /home/kenny/.gradle/native/68d5fa5c4cc2d200863cafc0d521ce42e7d3e7ee720ec0a83991735586a16f82/linux-amd64/libnative-platform.so
7f1ab5aa5000-7f1ab5abb000 r--p 00000000 00:17 4619                       /usr/lib/libncursesw.so.6.3
7f1ab5abb000-7f1ab5afc000 r-xp 00016000 00:17 4619                       /usr/lib/libncursesw.so.6.3
7f1ab5afc000-7f1ab5b13000 r--p 00057000 00:17 4619                       /usr/lib/libncursesw.so.6.3
7f1ab5b13000-7f1ab5b14000 ---p 0006e000 00:17 4619                       /usr/lib/libncursesw.so.6.3
7f1ab5b14000-7f1ab5b18000 r--p 0006e000 00:17 4619                       /usr/lib/libncursesw.so.6.3
7f1ab5b18000-7f1ab5b19000 rw-p 00072000 00:17 4619                       /usr/lib/libncursesw.so.6.3
7f1ab5bfe000-7f1ab5c02000 ---p 00000000 00:00 0 
7f1ab5c02000-7f1ab5cfe000 rw-p 00000000 00:00 0 
7f1ab5cfe000-7f1ab5d02000 ---p 00000000 00:00 0 
7f1ab5d02000-7f1ab5dfe000 rw-p 00000000 00:00 0 
7f1ab5dfe000-7f1ab5e02000 ---p 00000000 00:00 0 
7f1ab5e02000-7f1ab5efe000 rw-p 00000000 00:00 0 
7f1ab5efe000-7f1ab5eff000 ---p 00000000 00:00 0 
7f1ab5eff000-7f1ab8000000 rw-p 00000000 00:00 0 
7f1ab8000000-7f1ab8021000 rw-p 00000000 00:00 0 
7f1ab8021000-7f1abc000000 ---p 00000000 00:00 0 
7f1abc000000-7f1abc021000 rw-p 00000000 00:00 0 
7f1abc021000-7f1ac0000000 ---p 00000000 00:00 0 
7f1ac0000000-7f1ac0021000 rw-p 00000000 00:00 0 
7f1ac0021000-7f1ac4000000 ---p 00000000 00:00 0 
7f1ac4000000-7f1ac4004000 ---p 00000000 00:00 0 
7f1ac4004000-7f1ac4100000 rw-p 00000000 00:00 0 
7f1ac4100000-7f1ac4104000 ---p 00000000 00:00 0 
7f1ac4104000-7f1ac4200000 rw-p 00000000 00:00 0 
7f1ac4200000-7f1ac4204000 ---p 00000000 00:00 0 
7f1ac4204000-7f1ac4300000 rw-p 00000000 00:00 0 
7f1ac4300000-7f1ac4304000 ---p 00000000 00:00 0 
7f1ac4304000-7f1ac4400000 rw-p 00000000 00:00 0 
7f1ac4400000-7f1ac46e9000 r--p 00000000 00:17 46319                      /usr/lib/locale/locale-archive
7f1ac4700000-7f1ac4704000 ---p 00000000 00:00 0 
7f1ac4704000-7f1ac4b30000 rw-p 00000000 00:00 0 
7f1ac4b30000-7f1ac4c00000 ---p 00000000 00:00 0 
7f1ac4c00000-7f1ac4f70000 rw-p 00000000 00:00 0 
7f1ac4f70000-7f1ac5000000 ---p 00000000 00:00 0 
7f1ac5000000-7f1ac5004000 ---p 00000000 00:00 0 
7f1ac5004000-7f1ac5100000 rw-p 00000000 00:00 0 
7f1ac5100000-7f1ac5104000 ---p 00000000 00:00 0 
7f1ac5104000-7f1ac5200000 rw-p 00000000 00:00 0 
7f1ac5200000-7f1ac5470000 rwxp 00000000 00:00 0 
7f1ac5470000-7f1ac5792000 ---p 00000000 00:00 0 
7f1ac5792000-7f1ac5a02000 rwxp 00000000 00:00 0 
7f1ac5a02000-7f1acccc9000 ---p 00000000 00:00 0 
7f1acccc9000-7f1accf39000 rwxp 00000000 00:00 0 
7f1accf39000-7f1ad4200000 ---p 00000000 00:00 0 
7f1ad4200000-7f1adbe0c000 r--s 00000000 00:17 578356                     /home/kenny/.sdkman/candidates/java/17.0.5-zulu/lib/modules
7f1adbf00000-7f1adbf04000 ---p 00000000 00:00 0 
7f1adbf04000-7f1adc000000 rw-p 00000000 00:00 0 
7f1adc000000-7f1adc9a7000 rw-p 00000000 00:00 0 
7f1adc9a7000-7f1ae0000000 ---p 00000000 00:00 0 
7f1ae004b000-7f1ae004e000 r--p 00000000 00:17 4520                       /usr/lib/libgcc_s.so.1
7f1ae004e000-7f1ae0065000 r-xp 00003000 00:17 4520                       /usr/lib/libgcc_s.so.1
7f1ae0065000-7f1ae0069000 r--p 0001a000 00:17 4520                       /usr/lib/libgcc_s.so.1
7f1ae0069000-7f1ae006a000 r--p 0001d000 00:17 4520                       /usr/lib/libgcc_s.so.1
7f1ae006a000-7f1ae006b000 rw-p 0001e000 00:17 4520                       /usr/lib/libgcc_s.so.1
7f1ae0076000-7f1ae0078000 r-xp 00000000 00:17 578315                     /home/kenny/.sdkman/candidates/java/17.0.5-zulu/lib/libextnet.so
7f1ae0078000-7f1ae0079000 r--p 00001000 00:17 578315                     /home/kenny/.sdkman/candidates/java/17.0.5-zulu/lib/libextnet.so
7f1ae0079000-7f1ae007a000 rw-p 00002000 00:17 578315                     /home/kenny/.sdkman/candidates/java/17.0.5-zulu/lib/libextnet.so
7f1ae007a000-7f1ae007f000 r-xp 00000000 00:17 578326                     /home/kenny/.sdkman/candidates/java/17.0.5-zulu/lib/libmanagement_ext.so
7f1ae007f000-7f1ae0080000 ---p 00005000 00:17 578326                     /home/kenny/.sdkman/candidates/java/17.0.5-zulu/lib/libmanagement_ext.so
7f1ae0080000-7f1ae0081000 r--p 00005000 00:17 578326                     /home/kenny/.sdkman/candidates/java/17.0.5-zulu/lib/libmanagement_ext.so
7f1ae0081000-7f1ae0082000 rw-p 00006000 00:17 578326                     /home/kenny/.sdkman/candidates/java/17.0.5-zulu/lib/libmanagement_ext.so
7f1ae0082000-7f1ae008f000 r-xp 00000000 00:17 578310                     /home/kenny/.sdkman/candidates/java/17.0.5-zulu/lib/libverify.so
7f1ae008f000-7f1ae0091000 r--p 0000c000 00:17 578310                     /home/kenny/.sdkman/candidates/java/17.0.5-zulu/lib/libverify.so
7f1ae0091000-7f1ae0092000 rw-p 0000e000 00:17 578310                     /home/kenny/.sdkman/candidates/java/17.0.5-zulu/lib/libverify.so
7f1ae0092000-7f1ae0099000 r-xp 00000000 00:17 578329                     /home/kenny/.sdkman/candidates/java/17.0.5-zulu/lib/libzip.so
7f1ae0099000-7f1ae009a000 ---p 00007000 00:17 578329                     /home/kenny/.sdkman/candidates/java/17.0.5-zulu/lib/libzip.so
7f1ae009a000-7f1ae009b000 r--p 00007000 00:17 578329                     /home/kenny/.sdkman/candidates/java/17.0.5-zulu/lib/libzip.so
7f1ae009b000-7f1ae009c000 rw-p 00008000 00:17 578329                     /home/kenny/.sdkman/candidates/java/17.0.5-zulu/lib/libzip.so
7f1ae009c000-7f1ae00cd000 rw-p 00000000 00:00 0 
7f1ae00cd000-7f1ae00e2000 r-xp 00000000 00:17 578298                     /home/kenny/.sdkman/candidates/java/17.0.5-zulu/lib/libnet.so
7f1ae00e2000-7f1ae00e3000 r--p 00014000 00:17 578298                     /home/kenny/.sdkman/candidates/java/17.0.5-zulu/lib/libnet.so
7f1ae00e3000-7f1ae00e4000 rw-p 00015000 00:17 578298                     /home/kenny/.sdkman/candidates/java/17.0.5-zulu/lib/libnet.so
7f1ae00e4000-7f1ae00f6000 r-xp 00000000 00:17 578313                     /home/kenny/.sdkman/candidates/java/17.0.5-zulu/lib/libnio.so
7f1ae00f6000-7f1ae00f7000 ---p 00012000 00:17 578313                     /home/kenny/.sdkman/candidates/java/17.0.5-zulu/lib/libnio.so
7f1ae00f7000-7f1ae00f8000 r--p 00012000 00:17 578313                     /home/kenny/.sdkman/candidates/java/17.0.5-zulu/lib/libnio.so
7f1ae00f8000-7f1ae00f9000 rw-p 00013000 00:17 578313                     /home/kenny/.sdkman/candidates/java/17.0.5-zulu/lib/libnio.so
7f1ae00f9000-7f1ae00fd000 ---p 00000000 00:00 0 
7f1ae00fd000-7f1ae01f9000 rw-p 00000000 00:00 0 
7f1ae01f9000-7f1ae01fa000 ---p 00000000 00:00 0 
7f1ae01fa000-7f1ae02fb000 rw-p 00000000 00:00 0 
7f1ae02fb000-7f1ae03c9000 r-xp 00000000 00:17 578328                     /home/kenny/.sdkman/candidates/java/17.0.5-zulu/lib/libjsvml.so
7f1ae03c9000-7f1ae03ca000 r--p 000cd000 00:17 578328                     /home/kenny/.sdkman/candidates/java/17.0.5-zulu/lib/libjsvml.so
7f1ae03ca000-7f1ae03cb000 rw-p 000ce000 00:17 578328                     /home/kenny/.sdkman/candidates/java/17.0.5-zulu/lib/libjsvml.so
7f1ae03cb000-7f1ae04e8000 rw-p 00000000 00:00 0 
7f1ae04e8000-7f1ae04e9000 ---p 00000000 00:00 0 
7f1ae04e9000-7f1ae05ea000 rw-p 00000000 00:00 0 
7f1ae05ea000-7f1ae05eb000 ---p 00000000 00:00 0 
7f1ae05eb000-7f1ae0ef4000 rw-p 00000000 00:00 0 
7f1ae0ef4000-7f1ae0ef5000 ---p 00000000 00:00 0 
7f1ae0ef5000-7f1ae0ff6000 rw-p 00000000 00:00 0 
7f1ae0ff6000-7f1ae0ff7000 ---p 00000000 00:00 0 
7f1ae0ff7000-7f1ae10f8000 rw-p 00000000 00:00 0 
7f1ae10f8000-7f1ae10f9000 ---p 00000000 00:00 0 
7f1ae10f9000-7f1ae141a000 rw-p 00000000 00:00 0 
7f1ae141a000-7f1ae1c47000 rw-p 00000000 00:00 0 
7f1ae1c47000-7f1ae1d2d000 ---p 00000000 00:00 0 
7f1ae1d2d000-7f1ae1d32000 rw-p 00000000 00:00 0 
7f1ae1d32000-7f1ae1e18000 ---p 00000000 00:00 0 
7f1ae1e18000-7f1ae1e1c000 ---p 00000000 00:00 0 
7f1ae1e1c000-7f1ae1f18000 rw-p 00000000 00:00 0 
7f1ae1f18000-7f1ae1f26000 r--p 00000000 00:17 3731                       /usr/lib/libm.so.6
7f1ae1f26000-7f1ae1fa0000 r-xp 0000e000 00:17 3731                       /usr/lib/libm.so.6
7f1ae1fa0000-7f1ae1ffe000 r--p 00088000 00:17 3731                       /usr/lib/libm.so.6
7f1ae1ffe000-7f1ae1fff000 r--p 000e5000 00:17 3731                       /usr/lib/libm.so.6
7f1ae1fff000-7f1ae2000000 rw-p 000e6000 00:17 3731                       /usr/lib/libm.so.6
7f1ae2000000-7f1ae3239000 r-xp 00000000 00:17 578306                     /home/kenny/.sdkman/candidates/java/17.0.5-zulu/lib/server/libjvm.so
7f1ae3239000-7f1ae32f2000 r--p 01238000 00:17 578306                     /home/kenny/.sdkman/candidates/java/17.0.5-zulu/lib/server/libjvm.so
7f1ae32f2000-7f1ae3327000 rw-p 012f1000 00:17 578306                     /home/kenny/.sdkman/candidates/java/17.0.5-zulu/lib/server/libjvm.so
7f1ae3327000-7f1ae3381000 rw-p 00000000 00:00 0 
7f1ae3383000-7f1ae3387000 r-xp 00000000 00:17 578323                     /home/kenny/.sdkman/candidates/java/17.0.5-zulu/lib/libmanagement.so
7f1ae3387000-7f1ae3388000 r--p 00003000 00:17 578323                     /home/kenny/.sdkman/candidates/java/17.0.5-zulu/lib/libmanagement.so
7f1ae3388000-7f1ae3389000 rw-p 00004000 00:17 578323                     /home/kenny/.sdkman/candidates/java/17.0.5-zulu/lib/libmanagement.so
7f1ae3389000-7f1ae338a000 r--p 00000000 00:17 4417                       /usr/share/locale/en_GB/LC_MESSAGES/libc.mo
7f1ae338a000-7f1ae33af000 rw-p 00000000 00:00 0 
7f1ae33af000-7f1ae33d3000 r-xp 00000000 00:17 578337                     /home/kenny/.sdkman/candidates/java/17.0.5-zulu/lib/libjava.so
7f1ae33d3000-7f1ae33d4000 ---p 00024000 00:17 578337                     /home/kenny/.sdkman/candidates/java/17.0.5-zulu/lib/libjava.so
7f1ae33d4000-7f1ae33d5000 r--p 00024000 00:17 578337                     /home/kenny/.sdkman/candidates/java/17.0.5-zulu/lib/libjava.so
7f1ae33d5000-7f1ae33d6000 rw-p 00025000 00:17 578337                     /home/kenny/.sdkman/candidates/java/17.0.5-zulu/lib/libjava.so
7f1ae33d6000-7f1ae33d7000 rw-p 00000000 00:00 0 
7f1ae33d7000-7f1ae33f2000 r-xp 00000000 00:17 578333                     /home/kenny/.sdkman/candidates/java/17.0.5-zulu/lib/libjimage.so
7f1ae33f2000-7f1ae33f4000 r--p 0001a000 00:17 578333                     /home/kenny/.sdkman/candidates/java/17.0.5-zulu/lib/libjimage.so
7f1ae33f4000-7f1ae33f5000 rw-p 0001c000 00:17 578333                     /home/kenny/.sdkman/candidates/java/17.0.5-zulu/lib/libjimage.so
7f1ae33f5000-7f1ae33f6000 r--p 00000000 00:17 3753                       /usr/lib/librt.so.1
7f1ae33f6000-7f1ae33f7000 r-xp 00001000 00:17 3753                       /usr/lib/librt.so.1
7f1ae33f7000-7f1ae33f8000 r--p 00002000 00:17 3753                       /usr/lib/librt.so.1
7f1ae33f8000-7f1ae33f9000 r--p 00002000 00:17 3753                       /usr/lib/librt.so.1
7f1ae33f9000-7f1ae33fa000 rw-p 00003000 00:17 3753                       /usr/lib/librt.so.1
7f1ae33fa000-7f1ae33fc000 rw-p 00000000 00:00 0 
7f1ae33fc000-7f1ae341e000 r--p 00000000 00:17 3721                       /usr/lib/libc.so.6
7f1ae341e000-7f1ae3579000 r-xp 00022000 00:17 3721                       /usr/lib/libc.so.6
7f1ae3579000-7f1ae35d0000 r--p 0017d000 00:17 3721                       /usr/lib/libc.so.6
7f1ae35d0000-7f1ae35d4000 r--p 001d4000 00:17 3721                       /usr/lib/libc.so.6
7f1ae35d4000-7f1ae35d6000 rw-p 001d8000 00:17 3721                       /usr/lib/libc.so.6
7f1ae35d6000-7f1ae35e3000 rw-p 00000000 00:00 0 
7f1ae35e3000-7f1ae35e4000 r--p 00000000 00:17 3726                       /usr/lib/libdl.so.2
7f1ae35e4000-7f1ae35e5000 r-xp 00001000 00:17 3726                       /usr/lib/libdl.so.2
7f1ae35e5000-7f1ae35e6000 r--p 00002000 00:17 3726                       /usr/lib/libdl.so.2
7f1ae35e6000-7f1ae35e7000 r--p 00002000 00:17 3726                       /usr/lib/libdl.so.2
7f1ae35e7000-7f1ae35e8000 rw-p 00003000 00:17 3726                       /usr/lib/libdl.so.2
7f1ae35e8000-7f1ae35e9000 r--p 00000000 00:17 3748                       /usr/lib/libpthread.so.0
7f1ae35e9000-7f1ae35ea000 r-xp 00001000 00:17 3748                       /usr/lib/libpthread.so.0
7f1ae35ea000-7f1ae35eb000 r--p 00002000 00:17 3748                       /usr/lib/libpthread.so.0
7f1ae35eb000-7f1ae35ec000 r--p 00002000 00:17 3748                       /usr/lib/libpthread.so.0
7f1ae35ec000-7f1ae35ed000 rw-p 00003000 00:17 3748                       /usr/lib/libpthread.so.0
7f1ae35ed000-7f1ae35fb000 r-xp 00000000 00:17 578344                     /home/kenny/.sdkman/candidates/java/17.0.5-zulu/lib/libjli.so
7f1ae35fb000-7f1ae35fc000 ---p 0000e000 00:17 578344                     /home/kenny/.sdkman/candidates/java/17.0.5-zulu/lib/libjli.so
7f1ae35fc000-7f1ae35fd000 r--p 0000e000 00:17 578344                     /home/kenny/.sdkman/candidates/java/17.0.5-zulu/lib/libjli.so
7f1ae35fd000-7f1ae35fe000 rw-p 0000f000 00:17 578344                     /home/kenny/.sdkman/candidates/java/17.0.5-zulu/lib/libjli.so
7f1ae35fe000-7f1ae3601000 r--p 00000000 00:17 15466                      /usr/lib/libz.so.1.2.13
7f1ae3601000-7f1ae360f000 r-xp 00003000 00:17 15466                      /usr/lib/libz.so.1.2.13
7f1ae360f000-7f1ae3616000 r--p 00011000 00:17 15466                      /usr/lib/libz.so.1.2.13
7f1ae3616000-7f1ae3617000 r--p 00017000 00:17 15466                      /usr/lib/libz.so.1.2.13
7f1ae3617000-7f1ae3618000 rw-p 00018000 00:17 15466                      /usr/lib/libz.so.1.2.13
7f1ae3618000-7f1ae361d000 rw-p 00000000 00:00 0 
7f1ae361d000-7f1ae3624000 ---p 00000000 00:00 0 
7f1ae3624000-7f1ae362c000 rw-s 00000000 00:27 3339                       /tmp/hsperfdata_kenny/42172
7f1ae362c000-7f1ae362d000 ---p 00000000 00:00 0 
7f1ae362d000-7f1ae362e000 r--p 00000000 00:00 0 
7f1ae362e000-7f1ae362f000 ---p 00000000 00:00 0 
7f1ae362f000-7f1ae3631000 rw-p 00000000 00:00 0 
7f1ae3631000-7f1ae3632000 r--p 00000000 00:17 3712                       /usr/lib/ld-linux-x86-64.so.2
7f1ae3632000-7f1ae3658000 r-xp 00001000 00:17 3712                       /usr/lib/ld-linux-x86-64.so.2
7f1ae3658000-7f1ae3662000 r--p 00027000 00:17 3712                       /usr/lib/ld-linux-x86-64.so.2
7f1ae3662000-7f1ae3664000 r--p 00031000 00:17 3712                       /usr/lib/ld-linux-x86-64.so.2
7f1ae3664000-7f1ae3666000 rw-p 00033000 00:17 3712                       /usr/lib/ld-linux-x86-64.so.2
7fff8c2e4000-7fff8c306000 rw-p 00000000 00:00 0                          [stack]
7fff8c387000-7fff8c38b000 r--p 00000000 00:00 0                          [vvar]
7fff8c38b000-7fff8c38d000 r-xp 00000000 00:00 0                          [vdso]
ffffffffff600000-ffffffffff601000 --xp 00000000 00:00 0                  [vsyscall]


VM Arguments:
jvm_args: -Xmx64m -Xms64m -Dorg.gradle.appname=gradlew 
java_command: org.gradle.wrapper.GradleWrapperMain bootrun
java_class_path (initial): /home/kenny/code/personal/auraltester/backend/gradle/wrapper/gradle-wrapper.jar
Launcher Type: SUN_STANDARD

[Global flags]
     intx CICompilerCount                          = 4                                         {product} {ergonomic}
     uint ConcGCThreads                            = 2                                         {product} {ergonomic}
     uint G1ConcRefinementThreads                  = 8                                         {product} {ergonomic}
   size_t G1HeapRegionSize                         = 1048576                                   {product} {ergonomic}
    uintx GCDrainStackTargetSize                   = 64                                        {product} {ergonomic}
   size_t InitialHeapSize                          = 67108864                                  {product} {command line}
   size_t MarkStackSize                            = 4194304                                   {product} {ergonomic}
   size_t MaxHeapSize                              = 67108864                                  {product} {command line}
   size_t MaxNewSize                               = 39845888                                  {product} {ergonomic}
   size_t MinHeapDeltaBytes                        = 1048576                                   {product} {ergonomic}
   size_t MinHeapSize                              = 67108864                                  {product} {command line}
    uintx NonNMethodCodeHeapSize                   = 5839372                                {pd product} {ergonomic}
    uintx NonProfiledCodeHeapSize                  = 122909434                              {pd product} {ergonomic}
    uintx ProfiledCodeHeapSize                     = 122909434                              {pd product} {ergonomic}
    uintx ReservedCodeCacheSize                    = 251658240                              {pd product} {ergonomic}
     bool SegmentedCodeCache                       = true                                      {product} {ergonomic}
   size_t SoftMaxHeapSize                          = 67108864                               {manageable} {ergonomic}
     bool UseCompressedClassPointers               = true                           {product lp64_product} {ergonomic}
     bool UseCompressedOops                        = true                           {product lp64_product} {ergonomic}
     bool UseG1GC                                  = true                                      {product} {ergonomic}

Logging:
Log output configuration:
 #0: stdout all=warning uptime,level,tags
 #1: stderr all=off uptime,level,tags

Environment Variables:
JAVA_HOME=/home/kenny/.sdkman/candidates/java/current
PATH=/home/kenny/code/personal/auraltester/backend/node_modules/.bin:/home/kenny/code/personal/auraltester/node_modules/.bin:/home/kenny/code/personal/node_modules/.bin:/home/kenny/code/node_modules/.bin:/home/kenny/node_modules/.bin:/home/node_modules/.bin:/node_modules/.bin:/home/kenny/.local/share/nvm/v18.12.1/lib/node_modules/npm/node_modules/@npmcli/run-script/lib/node-gyp-bin:/home/kenny/.local/bin:/home/kenny/.dotnet/tools:/home/kenny/.sdkman/candidates/java/current/bin:/home/kenny/.local/bin:/home/kenny/.dotnet/tools:/home/kenny/.local/share/nvm/v18.12.1/bin:/home/kenny/.local/bin/:/usr/local/bin:/usr/bin:/bin:/usr/local/sbin:/home/kenny/.dotnet/tools:/usr/bin/site_perl:/usr/bin/vendor_perl:/usr/bin/core_perl
SHELL=/usr/bin/fish
DISPLAY=:0.0
LANG=en_GB.UTF-8
TERM=tmux-256color

Signal Handlers:
   SIGSEGV: crash_handler in libjvm.so, mask=11100100010111111101111111111110, flags=SA_RESTART|SA_SIGINFO
    SIGBUS: crash_handler in libjvm.so, mask=11100100010111111101111111111110, flags=SA_RESTART|SA_SIGINFO
    SIGFPE: crash_handler in libjvm.so, mask=11100100010111111101111111111110, flags=SA_RESTART|SA_SIGINFO
   SIGPIPE: javaSignalHandler in libjvm.so, mask=11100100010111111101111111111110, flags=SA_RESTART|SA_SIGINFO
   SIGXFSZ: javaSignalHandler in libjvm.so, mask=11100100010111111101111111111110, flags=SA_RESTART|SA_SIGINFO
    SIGILL: crash_handler in libjvm.so, mask=11100100010111111101111111111110, flags=SA_RESTART|SA_SIGINFO
   SIGUSR2: SR_handler in libjvm.so, mask=00000000000000000000000000000000, flags=SA_RESTART|SA_SIGINFO
    SIGHUP: UserHandler in libjvm.so, mask=11100100010111111101111111111110, flags=SA_RESTART|SA_SIGINFO
    SIGINT: UserHandler in libjvm.so, mask=11100100010111111101111111111110, flags=SA_RESTART|SA_SIGINFO
   SIGTERM: UserHandler in libjvm.so, mask=11100100010111111101111111111110, flags=SA_RESTART|SA_SIGINFO
   SIGQUIT: UserHandler in libjvm.so, mask=11100100010111111101111111111110, flags=SA_RESTART|SA_SIGINFO
  *** Handler was modified!
  *** Expected: javaSignalHandler in libjvm.so, mask=11100100110111111111111111111110, flags=SA_RESTART|SA_SIGINFO
   SIGTRAP: crash_handler in libjvm.so, mask=11100100010111111101111111111110, flags=SA_RESTART|SA_SIGINFO


---------------  S Y S T E M  ---------------

OS:
NAME="Arch Linux"
PRETTY_NAME="Arch Linux"
ID=arch
BUILD_ID=rolling
ANSI_COLOR="38;2;23;147;209"
HOME_URL="https://archlinux.org/"
DOCUMENTATION_URL="https://wiki.archlinux.org/"
SUPPORT_URL="https://bbs.archlinux.org/"
BUG_REPORT_URL="https://bugs.archlinux.org/"
PRIVACY_POLICY_URL="https://terms.archlinux.org/docs/privacy-policy/"
LOGO=archlinux-logo
uname: Linux 6.0.12-zen1-1-zen #1 ZEN SMP PREEMPT_DYNAMIC Thu, 08 Dec 2022 11:03:40 +0000 x86_64
OS uptime: 0 days 1:45 hours
libc: glibc 2.36 NPTL 2.36 
rlimit (soft/hard): STACK 8192k/infinity , CORE infinity/infinity , NPROC 63693/63693 , NOFILE 524288/524288 , AS infinity/infinity , CPU infinity/infinity , DATA infinity/infinity , FSIZE infinity/infinity , MEMLOCK 8192k/8192k
load average: 1.14 1.39 1.28

/proc/meminfo:
MemTotal:       16328172 kB
MemFree:          210400 kB
MemAvailable:    6285652 kB
Buffers:           13636 kB
Cached:          5884132 kB
SwapCached:          712 kB
Active:          8405112 kB
Inactive:        6042092 kB
Active(anon):    6914332 kB
Inactive(anon):  1717228 kB
Active(file):    1490780 kB
Inactive(file):  4324864 kB
Unevictable:        1032 kB
Mlocked:            1032 kB
SwapTotal:       4194300 kB
SwapFree:        2591484 kB
Zswap:                 0 kB
Zswapped:              0 kB
Dirty:             13464 kB
Writeback:             0 kB
AnonPages:       8509336 kB
Mapped:          1914492 kB
Shmem:             81864 kB
KReclaimable:     594984 kB
Slab:             796144 kB
SReclaimable:     594984 kB
SUnreclaim:       201160 kB
KernelStack:       27200 kB
PageTables:        81360 kB
NFS_Unstable:          0 kB
Bounce:                0 kB
WritebackTmp:          0 kB
CommitLimit:    12358384 kB
Committed_AS:   18146652 kB
VmallocTotal:   34359738367 kB
VmallocUsed:      135060 kB
VmallocChunk:          0 kB
Percpu:             5024 kB
HardwareCorrupted:     0 kB
AnonHugePages:   1693696 kB
ShmemHugePages:        0 kB
ShmemPmdMapped:        0 kB
FileHugePages:    155648 kB
FilePmdMapped:    155648 kB
CmaTotal:              0 kB
CmaFree:               0 kB
HugePages_Total:       0
HugePages_Free:        0
HugePages_Rsvd:        0
HugePages_Surp:        0
Hugepagesize:       2048 kB
Hugetlb:               0 kB
DirectMap4k:     1303284 kB
DirectMap2M:    15421440 kB
DirectMap1G:     1048576 kB

/sys/kernel/mm/transparent_hugepage/enabled: [always] madvise never
/sys/kernel/mm/transparent_hugepage/defrag (defrag/compaction efforts parameter): always defer [defer+madvise] madvise never

Process Memory:
Virtual Size: 3336492K (peak: 3397844K)
Resident Set Size: 106172K (peak: 106172K) (anon: 77280K, file: 28860K, shmem: 32K)
Swapped out: 0K
C-Heap outstanding allocations: 31600K, retained: 17151K
glibc malloc tunables: (default)

/proc/sys/kernel/threads-max (system-wide limit on the number of threads): 127386
/proc/sys/vm/max_map_count (maximum number of memory map areas a process may have): 65530
/proc/sys/kernel/pid_max (system-wide limit on number of process identifiers): 4194304

container (cgroup) information:
container_type: cgroupv2
cpu_cpuset_cpus: not supported
cpu_memory_nodes: not supported
active_processor_count: 8
cpu_quota: no quota
cpu_period: 100000
cpu_shares: no shares
memory_limit_in_bytes: unlimited
memory_and_swap_limit_in_bytes: unlimited
memory_soft_limit_in_bytes: unlimited
memory_usage_in_bytes: 4638504 k
memory_max_usage_in_bytes: not supported
maximum number of tasks: unlimited
current number of tasks: 719

Steal ticks since vm start: 0
Steal ticks percentage since vm start:  0.000

CPU: total 8 (initial active 8) (4 cores per cpu, 2 threads per core) family 6 model 60 stepping 3 microcode 0x28, cx8, cmov, fxsr, ht, mmx, sse, sse2, sse3, ssse3, sse4.1, sse4.2, popcnt, lzcnt, tsc, tscinvbit, avx, avx2, aes, erms, clmul, bmi1, bmi2, fma, vzeroupper, clflush
CPU Model and flags from /proc/cpuinfo:
model name	: Intel(R) Core(TM) i7-4790 CPU @ 3.60GHz
flags		: fpu vme de pse tsc msr pae mce cx8 apic sep mtrr pge mca cmov pat pse36 clflush dts acpi mmx fxsr sse sse2 ss ht tm pbe syscall nx pdpe1gb rdtscp lm constant_tsc arch_perfmon pebs bts rep_good nopl xtopology nonstop_tsc cpuid aperfmperf pni pclmulqdq dtes64 monitor ds_cpl vmx smx est tm2 ssse3 sdbg fma cx16 xtpr pdcm pcid sse4_1 sse4_2 x2apic movbe popcnt tsc_deadline_timer aes xsave avx f16c rdrand lahf_lm abm cpuid_fault epb invpcid_single pti ssbd ibrs ibpb stibp tpr_shadow vnmi flexpriority ept vpid ept_ad fsgsbase tsc_adjust bmi1 avx2 smep bmi2 erms invpcid xsaveopt dtherm ida arat pln pts md_clear flush_l1d

Online cpus: 0-7
Offline cpus: 
BIOS frequency limitation: <Not Available>
Frequency switch latency (ns): 20000
Available cpu frequencies: <Not Available>
Current governor: schedutil
Core performance/turbo boost: <Not Available>

Memory: 4k page, physical 16328172k(210400k free), swap 4194300k(2591484k free)
Page Sizes: 4k

vm_info: OpenJDK 64-Bit Server VM (17.0.5+8-LTS) for linux-amd64 JRE (17.0.5+8-LTS) (Zulu17.38+21-CA), built on Oct  7 2022 12:47:57 by "zulu_re" with gcc 8.3.0

END.
