#
# A fatal error has been detected by the Java Runtime Environment:
#
#  SIGSEGV (0xb) at pc=0x00007f9e38da97db, pid=38489, tid=38489
#
# JRE version: OpenJDK Runtime Environment Zulu17.38+21-CA (17.0.5+8) (build 17.0.5+8-LTS)
# Java VM: OpenJDK 64-Bit Server VM Zulu17.38+21-CA (17.0.5+8-LTS, mixed mode, sharing, tiered, compressed oops, compressed class ptrs, g1 gc, linux-amd64)
# Problematic frame:
# V  [libjvm.so+0xda97db]  SR_handler(int, siginfo*, ucontext*)+0x9b
#
# Core dump will be written. Default location: Core dumps may be processed with "/usr/lib/systemd/systemd-coredump %P %u %g %s %t %c %h" (or dumping to /home/kenny/code/personal/auraltester/backend/core.38489)
#
# If you would like to submit a bug report, please visit:
#   http://www.azul.com/support/
#

---------------  S U M M A R Y ------------

Command Line: -Xmx64m -Xms64m -Dorg.gradle.appname=gradlew org.gradle.wrapper.GradleWrapperMain bootrun

Host: Intel(R) Core(TM) i7-4790 CPU @ 3.60GHz, 8 cores, 15G, Arch Linux
Time: Thu Dec 22 14:32:58 2022 UTC elapsed time: 87.686389 seconds (0d 0h 1m 27s)

---------------  T H R E A D  ---------------

Current thread is native thread

Stack: [0x00007ffd1eaf4000,0x00007ffd1f2f3000],  sp=0x00007ffd1f2ed4f0,  free space=8165k
Native frames: (J=compiled Java code, j=interpreted, Vv=VM code, C=native code)
V  [libjvm.so+0xda97db]  SR_handler(int, siginfo*, ucontext*)+0x9b


siginfo: si_signo: 11 (SIGSEGV), si_code: 1 (SEGV_MAPERR), si_addr: 0x0000000000000268

Registers:
RAX=0x0000000000000000, RBX=0x00007ffd1f2ed500, RCX=0x00007f9e394bf688, RDX=0x0000000000000000
RSP=0x00007ffd1f2ed4f0, RBP=0x00007ffd1f2ed5b0, RSI=0x00007ffd1f2ed500, RDI=0x0000000000000000
R8 =0x0000000000000000, R9 =0x00000000ffffffff, R10=0x0000000000000008, R11=0x0000000000000246
R12=0x00007f9e39431280, R13=0x0000000000000000, R14=0x00007ffd1f2ed5c0, R15=0x00007f9e37f176c0
RIP=0x00007f9e38da97db, EFLAGS=0x0000000000010246, CSGSFS=0x002b000000000033, ERR=0x0000000000000004
  TRAPNO=0x000000000000000e

Top of Stack: (sp=0x00007ffd1f2ed4f0)
0x00007ffd1f2ed4f0:   00007ffdfbad8001 00007ffd1f2ed6f0
0x00007ffd1f2ed500:   00000000000004d8 00007ffd1f2ed6a2
0x00007ffd1f2ed510:   00007f9e39481160 00007ffd1f2edb20
0x00007ffd1f2ed520:   00007ffd00000000 0000000000000000 

Instructions: (pc=0x00007f9e38da97db)
0x00007f9e38da96db:   94 4a ff 31 d2 48 89 de bf 01 00 00 00 e8 43 8d
0x00007f9e38da96eb:   4a ff 41 83 fc 02 74 3d 48 83 3d 6d 13 5b 00 00
0x00007f9e38da96fb:   74 25 48 8d 05 5c 12 5b 00 4a 8d 14 a0 b8 01 00
0x00007f9e38da970b:   00 00 f0 0f c1 02 48 8b 3d 50 13 5b 00 be 01 00
0x00007f9e38da971b:   00 00 e8 9e ba ed ff 48 83 ec 80 5b 41 5c 5d c3
0x00007f9e38da972b:   0f 1f 44 00 00 e8 6b 27 15 00 84 c0 74 ba e8 6a
0x00007f9e38da973b:   95 4a ff eb b3 55 48 89 e5 41 57 41 56 49 89 d6
0x00007f9e38da974b:   41 55 41 54 53 48 8d 9d 50 ff ff ff 48 81 ec 98
0x00007f9e38da975b:   00 00 00 48 89 b5 48 ff ff ff e8 56 86 4a ff 48
0x00007f9e38da976b:   89 df 49 89 c4 44 8b 28 e8 88 8b 4a ff be 04 00
0x00007f9e38da977b:   00 00 48 89 df e8 ab 93 4a ff be 07 00 00 00 48
0x00007f9e38da978b:   89 df e8 9e 93 4a ff be 08 00 00 00 48 89 df e8
0x00007f9e38da979b:   91 93 4a ff be 0b 00 00 00 48 89 df e8 84 93 4a
0x00007f9e38da97ab:   ff be 05 00 00 00 48 89 df e8 77 93 4a ff 31 d2
0x00007f9e38da97bb:   48 89 de bf 01 00 00 00 e8 68 8c 4a ff e8 b3 33
0x00007f9e38da97cb:   0e 00 31 d2 84 c0 74 08 e8 b8 33 0e 00 48 89 c2
0x00007f9e38da97db:   48 8b 82 68 02 00 00 48 85 c0 74 17 4c 8b ba 30
0x00007f9e38da97eb:   02 00 00 41 8b 87 a0 00 00 00 83 f8 01 74 16 45
0x00007f9e38da97fb:   89 2c 24 48 81 c4 98 00 00 00 5b 41 5c 41 5d 41
0x00007f9e38da980b:   5e 41 5f 5d c3 f3 0f 7e 85 48 ff ff ff ba 02 00
0x00007f9e38da981b:   00 00 be 01 00 00 00 4c 89 b5 48 ff ff ff 4d 8d
0x00007f9e38da982b:   b7 a0 00 00 00 4c 89 f7 0f 16 85 48 ff ff ff 41
0x00007f9e38da983b:   0f 11 87 a8 00 00 00 e8 69 c7 e1 ff 83 f8 02 74
0x00007f9e38da984b:   3c 85 c0 75 10 66 0f ef c0 41 0f 11 87 a8 00 00
0x00007f9e38da985b:   00 eb 9c 66 90 48 8d 05 01 cb 54 00 be 6b 06 00
0x00007f9e38da986b:   00 48 8d 3d 5d 80 26 00 48 8b 00 c6 00 58 e8 72
0x00007f9e38da987b:   78 85 ff e8 ed ff e1 ff eb cb 0f 1f 00 48 89 df
0x00007f9e38da988b:   e8 70 8a 4a ff 48 89 da 31 f6 31 ff e8 94 8b 4a
0x00007f9e38da989b:   ff 8b 35 66 24 56 00 48 89 df e8 d6 92 4a ff be
0x00007f9e38da98ab:   01 00 00 00 48 8d 3d ca 11 5b 00 e8 05 b9 ed ff
0x00007f9e38da98bb:   eb 08 0f 1f 00 83 f8 02 75 3b 48 89 df e8 c3 92
0x00007f9e38da98cb:   4a ff 31 d2 be 03 00 00 00 4c 89 f7 e8 d4 c6 e1 



---------------  P R O C E S S  ---------------

VM state: not at safepoint (normal execution)

VM Mutex/Monitor currently owned by a thread: None

Heap address: 0x00000000fc000000, size: 64 MB, Compressed Oops mode: 32-bit

CDS archive(s) mapped at: [0x0000000800000000-0x0000000800c12000-0x0000000800c12000), size 12656640, SharedBaseAddress: 0x0000000800000000, ArchiveRelocationMode: 0.
Compressed class space mapped at: 0x0000000801000000-0x0000000841000000, reserved size: 1073741824
Narrow klass base: 0x0000000800000000, Narrow klass shift: 0, Narrow klass range: 0x100000000

GC Precious Log:
<Skipped>

Heap:
 garbage-first heap   total 65536K, used 20384K [0x00000000fc000000, 0x0000000100000000)
  region size 1024K, 14 young (14336K), 3 survivors (3072K)
 Metaspace       used 7715K, committed 7872K, reserved 1056768K
  class space    used 1054K, committed 1152K, reserved 1048576K

Heap Regions: E=young(eden), S=young(survivor), O=old, HS=humongous(starts), HC=humongous(continues), CS=collection set, F=free, OA=open archive, CA=closed archive, TAMS=top-at-mark-start (previous, next)
|   0|0x00000000fc000000, 0x00000000fc100000, 0x00000000fc100000|100%|HS|  |TAMS 0x00000000fc000000, 0x00000000fc000000| Complete 
|   1|0x00000000fc100000, 0x00000000fc200000, 0x00000000fc200000|100%|HC|  |TAMS 0x00000000fc100000, 0x00000000fc100000| Complete 
|   2|0x00000000fc200000, 0x00000000fc300000, 0x00000000fc300000|100%|HC|  |TAMS 0x00000000fc200000, 0x00000000fc200000| Complete 
|   3|0x00000000fc300000, 0x00000000fc400000, 0x00000000fc400000|100%| O|  |TAMS 0x00000000fc300000, 0x00000000fc300000| Untracked 
|   4|0x00000000fc400000, 0x00000000fc500000, 0x00000000fc500000|100%| O|  |TAMS 0x00000000fc400000, 0x00000000fc400000| Untracked 
|   5|0x00000000fc500000, 0x00000000fc584400, 0x00000000fc600000| 51%| O|  |TAMS 0x00000000fc500000, 0x00000000fc500000| Untracked 
|   6|0x00000000fc600000, 0x00000000fc600000, 0x00000000fc700000|  0%| F|  |TAMS 0x00000000fc600000, 0x00000000fc600000| Untracked 
|   7|0x00000000fc700000, 0x00000000fc700000, 0x00000000fc800000|  0%| F|  |TAMS 0x00000000fc700000, 0x00000000fc700000| Untracked 
|   8|0x00000000fc800000, 0x00000000fc800000, 0x00000000fc900000|  0%| F|  |TAMS 0x00000000fc800000, 0x00000000fc800000| Untracked 
|   9|0x00000000fc900000, 0x00000000fc900000, 0x00000000fca00000|  0%| F|  |TAMS 0x00000000fc900000, 0x00000000fc900000| Untracked 
|  10|0x00000000fca00000, 0x00000000fca00000, 0x00000000fcb00000|  0%| F|  |TAMS 0x00000000fca00000, 0x00000000fca00000| Untracked 
|  11|0x00000000fcb00000, 0x00000000fcb00000, 0x00000000fcc00000|  0%| F|  |TAMS 0x00000000fcb00000, 0x00000000fcb00000| Untracked 
|  12|0x00000000fcc00000, 0x00000000fcc00000, 0x00000000fcd00000|  0%| F|  |TAMS 0x00000000fcc00000, 0x00000000fcc00000| Untracked 
|  13|0x00000000fcd00000, 0x00000000fcd00000, 0x00000000fce00000|  0%| F|  |TAMS 0x00000000fcd00000, 0x00000000fcd00000| Untracked 
|  14|0x00000000fce00000, 0x00000000fce00000, 0x00000000fcf00000|  0%| F|  |TAMS 0x00000000fce00000, 0x00000000fce00000| Untracked 
|  15|0x00000000fcf00000, 0x00000000fcf00000, 0x00000000fd000000|  0%| F|  |TAMS 0x00000000fcf00000, 0x00000000fcf00000| Untracked 
|  16|0x00000000fd000000, 0x00000000fd000000, 0x00000000fd100000|  0%| F|  |TAMS 0x00000000fd000000, 0x00000000fd000000| Untracked 
|  17|0x00000000fd100000, 0x00000000fd100000, 0x00000000fd200000|  0%| F|  |TAMS 0x00000000fd100000, 0x00000000fd100000| Untracked 
|  18|0x00000000fd200000, 0x00000000fd200000, 0x00000000fd300000|  0%| F|  |TAMS 0x00000000fd200000, 0x00000000fd200000| Untracked 
|  19|0x00000000fd300000, 0x00000000fd300000, 0x00000000fd400000|  0%| F|  |TAMS 0x00000000fd300000, 0x00000000fd300000| Untracked 
|  20|0x00000000fd400000, 0x00000000fd400000, 0x00000000fd500000|  0%| F|  |TAMS 0x00000000fd400000, 0x00000000fd400000| Untracked 
|  21|0x00000000fd500000, 0x00000000fd500000, 0x00000000fd600000|  0%| F|  |TAMS 0x00000000fd500000, 0x00000000fd500000| Untracked 
|  22|0x00000000fd600000, 0x00000000fd600000, 0x00000000fd700000|  0%| F|  |TAMS 0x00000000fd600000, 0x00000000fd600000| Untracked 
|  23|0x00000000fd700000, 0x00000000fd700000, 0x00000000fd800000|  0%| F|  |TAMS 0x00000000fd700000, 0x00000000fd700000| Untracked 
|  24|0x00000000fd800000, 0x00000000fd800000, 0x00000000fd900000|  0%| F|  |TAMS 0x00000000fd800000, 0x00000000fd800000| Untracked 
|  25|0x00000000fd900000, 0x00000000fd900000, 0x00000000fda00000|  0%| F|  |TAMS 0x00000000fd900000, 0x00000000fd900000| Untracked 
|  26|0x00000000fda00000, 0x00000000fda00000, 0x00000000fdb00000|  0%| F|  |TAMS 0x00000000fda00000, 0x00000000fda00000| Untracked 
|  27|0x00000000fdb00000, 0x00000000fdb00000, 0x00000000fdc00000|  0%| F|  |TAMS 0x00000000fdb00000, 0x00000000fdb00000| Untracked 
|  28|0x00000000fdc00000, 0x00000000fdc00000, 0x00000000fdd00000|  0%| F|  |TAMS 0x00000000fdc00000, 0x00000000fdc00000| Untracked 
|  29|0x00000000fdd00000, 0x00000000fdd00000, 0x00000000fde00000|  0%| F|  |TAMS 0x00000000fdd00000, 0x00000000fdd00000| Untracked 
|  30|0x00000000fde00000, 0x00000000fde00000, 0x00000000fdf00000|  0%| F|  |TAMS 0x00000000fde00000, 0x00000000fde00000| Untracked 
|  31|0x00000000fdf00000, 0x00000000fdf00000, 0x00000000fe000000|  0%| F|  |TAMS 0x00000000fdf00000, 0x00000000fdf00000| Untracked 
|  32|0x00000000fe000000, 0x00000000fe000000, 0x00000000fe100000|  0%| F|  |TAMS 0x00000000fe000000, 0x00000000fe000000| Untracked 
|  33|0x00000000fe100000, 0x00000000fe100000, 0x00000000fe200000|  0%| F|  |TAMS 0x00000000fe100000, 0x00000000fe100000| Untracked 
|  34|0x00000000fe200000, 0x00000000fe200000, 0x00000000fe300000|  0%| F|  |TAMS 0x00000000fe200000, 0x00000000fe200000| Untracked 
|  35|0x00000000fe300000, 0x00000000fe300000, 0x00000000fe400000|  0%| F|  |TAMS 0x00000000fe300000, 0x00000000fe300000| Untracked 
|  36|0x00000000fe400000, 0x00000000fe500000, 0x00000000fe500000|100%| S|CS|TAMS 0x00000000fe400000, 0x00000000fe400000| Complete 
|  37|0x00000000fe500000, 0x00000000fe600000, 0x00000000fe600000|100%| S|CS|TAMS 0x00000000fe500000, 0x00000000fe500000| Complete 
|  38|0x00000000fe600000, 0x00000000fe700000, 0x00000000fe700000|100%| S|CS|TAMS 0x00000000fe600000, 0x00000000fe600000| Complete 
|  39|0x00000000fe700000, 0x00000000fe700000, 0x00000000fe800000|  0%| F|  |TAMS 0x00000000fe700000, 0x00000000fe700000| Untracked 
|  40|0x00000000fe800000, 0x00000000fe800000, 0x00000000fe900000|  0%| F|  |TAMS 0x00000000fe800000, 0x00000000fe800000| Untracked 
|  41|0x00000000fe900000, 0x00000000fe900000, 0x00000000fea00000|  0%| F|  |TAMS 0x00000000fe900000, 0x00000000fe900000| Untracked 
|  42|0x00000000fea00000, 0x00000000fea00000, 0x00000000feb00000|  0%| F|  |TAMS 0x00000000fea00000, 0x00000000fea00000| Untracked 
|  43|0x00000000feb00000, 0x00000000feb00000, 0x00000000fec00000|  0%| F|  |TAMS 0x00000000feb00000, 0x00000000feb00000| Untracked 
|  44|0x00000000fec00000, 0x00000000fec00000, 0x00000000fed00000|  0%| F|  |TAMS 0x00000000fec00000, 0x00000000fec00000| Untracked 
|  45|0x00000000fed00000, 0x00000000fed00000, 0x00000000fee00000|  0%| F|  |TAMS 0x00000000fed00000, 0x00000000fed00000| Untracked 
|  46|0x00000000fee00000, 0x00000000fee00000, 0x00000000fef00000|  0%| F|  |TAMS 0x00000000fee00000, 0x00000000fee00000| Untracked 
|  47|0x00000000fef00000, 0x00000000fef00000, 0x00000000ff000000|  0%| F|  |TAMS 0x00000000fef00000, 0x00000000fef00000| Untracked 
|  48|0x00000000ff000000, 0x00000000ff000000, 0x00000000ff100000|  0%| F|  |TAMS 0x00000000ff000000, 0x00000000ff000000| Untracked 
|  49|0x00000000ff100000, 0x00000000ff100000, 0x00000000ff200000|  0%| F|  |TAMS 0x00000000ff100000, 0x00000000ff100000| Untracked 
|  50|0x00000000ff200000, 0x00000000ff200000, 0x00000000ff300000|  0%| F|  |TAMS 0x00000000ff200000, 0x00000000ff200000| Untracked 
|  51|0x00000000ff300000, 0x00000000ff368e88, 0x00000000ff400000| 40%| E|  |TAMS 0x00000000ff300000, 0x00000000ff300000| Complete 
|  52|0x00000000ff400000, 0x00000000ff500000, 0x00000000ff500000|100%| E|CS|TAMS 0x00000000ff400000, 0x00000000ff400000| Complete 
|  53|0x00000000ff500000, 0x00000000ff600000, 0x00000000ff600000|100%| E|CS|TAMS 0x00000000ff500000, 0x00000000ff500000| Complete 
|  54|0x00000000ff600000, 0x00000000ff700000, 0x00000000ff700000|100%| E|CS|TAMS 0x00000000ff600000, 0x00000000ff600000| Complete 
|  55|0x00000000ff700000, 0x00000000ff800000, 0x00000000ff800000|100%| E|CS|TAMS 0x00000000ff700000, 0x00000000ff700000| Complete 
|  56|0x00000000ff800000, 0x00000000ff900000, 0x00000000ff900000|100%| E|CS|TAMS 0x00000000ff800000, 0x00000000ff800000| Complete 
|  57|0x00000000ff900000, 0x00000000ffa00000, 0x00000000ffa00000|100%| E|CS|TAMS 0x00000000ff900000, 0x00000000ff900000| Complete 
|  58|0x00000000ffa00000, 0x00000000ffb00000, 0x00000000ffb00000|100%| E|CS|TAMS 0x00000000ffa00000, 0x00000000ffa00000| Complete 
|  59|0x00000000ffb00000, 0x00000000ffc00000, 0x00000000ffc00000|100%| E|CS|TAMS 0x00000000ffb00000, 0x00000000ffb00000| Complete 
|  60|0x00000000ffc00000, 0x00000000ffd00000, 0x00000000ffd00000|100%| E|CS|TAMS 0x00000000ffc00000, 0x00000000ffc00000| Complete 
|  61|0x00000000ffd00000, 0x00000000ffe00000, 0x00000000ffe00000|100%| E|CS|TAMS 0x00000000ffd00000, 0x00000000ffd00000| Complete 
|  62|0x00000000ffe00000, 0x00000000ffe78000, 0x00000000fff00000| 46%|OA|  |TAMS 0x00000000ffe00000, 0x00000000ffe00000| Untracked 
|  63|0x00000000fff00000, 0x00000000fff83000, 0x0000000100000000| 51%|CA|  |TAMS 0x00000000fff00000, 0x00000000fff00000| Untracked 

Card table byte_map: [0x00007f9e393a5000,0x00007f9e393c5000] _byte_map_base: 0x00007f9e38bc5000

Marking Bits (Prev, Next): (CMBitMap*) 0x00007f9e30047c60, (CMBitMap*) 0x00007f9e30047ca0
 Prev Bits: [0x00007f9e3733a000, 0x00007f9e3743a000)
 Next Bits: [0x00007f9e3723a000, 0x00007f9e3733a000)

Polling page: 0x00007f9e39662000

Metaspace:

Usage:
  Non-class:      6.51 MB used.
      Class:      1.03 MB used.
       Both:      7.54 MB used.

Virtual space:
  Non-class space:        8.00 MB reserved,       6.56 MB ( 82%) committed,  1 nodes.
      Class space:        1.00 GB reserved,       1.12 MB ( <1%) committed,  1 nodes.
             Both:        1.01 GB reserved,       7.69 MB ( <1%) committed. 

Chunk freelists:
   Non-Class:  640.00 KB
       Class:  2.91 MB
        Both:  3.53 MB

MaxMetaspaceSize: unlimited
CompressedClassSpaceSize: 1.00 GB
Initial GC threshold: 21.00 MB
Current GC threshold: 21.00 MB
CDS: on
MetaspaceReclaimPolicy: balanced
 - commit_granule_bytes: 65536.
 - commit_granule_words: 8192.
 - virtual_space_node_default_size: 1048576.
 - enlarge_chunks_in_place: 1.
 - new_chunks_are_fully_committed: 0.
 - uncommit_free_chunks: 1.
 - use_allocation_guard: 0.
 - handle_deallocations: 1.


Internal statistics:

num_allocs_failed_limit: 0.
num_arena_births: 66.
num_arena_deaths: 0.
num_vsnodes_births: 2.
num_vsnodes_deaths: 0.
num_space_committed: 123.
num_space_uncommitted: 0.
num_chunks_returned_to_freelist: 0.
num_chunks_taken_from_freelist: 266.
num_chunk_merges: 0.
num_chunk_splits: 178.
num_chunks_enlarged: 150.
num_purges: 0.
num_inconsistent_stats: 0.

CodeHeap 'non-profiled nmethods': size=120028Kb used=433Kb max_used=433Kb free=119594Kb
 bounds [0x00007f9e20cc9000, 0x00007f9e20f39000, 0x00007f9e28200000]
CodeHeap 'profiled nmethods': size=120028Kb used=2123Kb max_used=2123Kb free=117904Kb
 bounds [0x00007f9e19792000, 0x00007f9e19a02000, 0x00007f9e20cc9000]
CodeHeap 'non-nmethods': size=5704Kb used=1156Kb max_used=1170Kb free=4547Kb
 bounds [0x00007f9e19200000, 0x00007f9e19470000, 0x00007f9e19792000]
 total_blobs=1623 nmethods=1172 adapters=365
 compilation: enabled
              stopped_count=0, restarted_count=0
 full_count=0

Compilation events (20 events):
Event: 51.427 Thread 0x00007f9e300cb1e0 1162       3       java.util.concurrent.locks.ReentrantLock::lockInterruptibly (8 bytes)
Event: 51.428 Thread 0x00007f9e300cb1e0 nmethod 1162 0x00007f9e199a1a10 code [0x00007f9e199a1c20, 0x00007f9e199a2130]
Event: 51.428 Thread 0x00007f9e300cb1e0 1163       3       java.util.concurrent.locks.ReentrantLock$Sync::lockInterruptibly (27 bytes)
Event: 51.428 Thread 0x00007f9e300cb1e0 nmethod 1163 0x00007f9e199a2310 code [0x00007f9e199a2520, 0x00007f9e199a29b0]
Event: 51.522 Thread 0x00007f9e300cb1e0 1165       3       org.gradle.internal.logging.console.ThrottlingOutputEventListener$1::run (27 bytes)
Event: 51.523 Thread 0x00007f9e300cb1e0 nmethod 1165 0x00007f9e199a2b10 code [0x00007f9e199a2ce0, 0x00007f9e199a3050]
Event: 51.523 Thread 0x00007f9e300cb1e0 1166       3       org.gradle.internal.logging.events.UpdateNowEvent::<init> (10 bytes)
Event: 51.523 Thread 0x00007f9e300cb1e0 nmethod 1166 0x00007f9e199a3290 code [0x00007f9e199a3440, 0x00007f9e199a3610]
Event: 51.523 Thread 0x00007f9e300cb1e0 1167       3       java.util.concurrent.ScheduledThreadPoolExecutor$ScheduledFutureTask::setNextRunTime (38 bytes)
Event: 51.523 Thread 0x00007f9e300cb1e0 nmethod 1167 0x00007f9e199a3710 code [0x00007f9e199a38c0, 0x00007f9e199a3ae0]
Event: 51.523 Thread 0x00007f9e300cb1e0 1168       3       java.util.concurrent.ScheduledThreadPoolExecutor::reExecutePeriodic (49 bytes)
Event: 51.523 Thread 0x00007f9e300cb1e0 nmethod 1168 0x00007f9e199a3b90 code [0x00007f9e199a3dc0, 0x00007f9e199a4440]
Event: 51.523 Thread 0x00007f9e300cb1e0 1169       3       java.util.concurrent.ThreadPoolExecutor::afterExecute (1 bytes)
Event: 51.523 Thread 0x00007f9e300cb1e0 nmethod 1169 0x00007f9e199a4690 code [0x00007f9e199a4820, 0x00007f9e199a4930]
Event: 52.722 Thread 0x00007f9e300cb1e0 1170       3       java.util.concurrent.locks.LockSupport::parkNanos (29 bytes)
Event: 52.722 Thread 0x00007f9e300cb1e0 nmethod 1170 0x00007f9e199a4990 code [0x00007f9e199a4b60, 0x00007f9e199a4d60]
Event: 64.321 Thread 0x00007f9e300c9ca0 1171       4       jdk.internal.misc.Unsafe::putReferenceOpaque (9 bytes)
Event: 64.325 Thread 0x00007f9e300c9ca0 nmethod 1171 0x00007f9e20d35090 code [0x00007f9e20d35200, 0x00007f9e20d35338]
Event: 71.321 Thread 0x00007f9e300c9ca0 1172       4       java.util.LinkedHashMap$LinkedHashIterator::hasNext (13 bytes)
Event: 71.322 Thread 0x00007f9e300c9ca0 nmethod 1172 0x00007f9e20d35390 code [0x00007f9e20d35500, 0x00007f9e20d35598]

GC Heap History (2 events):
Event: 0.327 GC heap before
{Heap before GC invocations=0 (full 0):
 garbage-first heap   total 65536K, used 26604K [0x00000000fc000000, 0x0000000100000000)
  region size 1024K, 23 young (23552K), 0 survivors (0K)
 Metaspace       used 4234K, committed 4416K, reserved 1056768K
  class space    used 567K, committed 640K, reserved 1048576K
}
Event: 0.331 GC heap after
{Heap after GC invocations=1 (full 0):
 garbage-first heap   total 65536K, used 9725K [0x00000000fc000000, 0x0000000100000000)
  region size 1024K, 3 young (3072K), 3 survivors (3072K)
 Metaspace       used 4234K, committed 4416K, reserved 1056768K
  class space    used 567K, committed 640K, reserved 1048576K
}

Dll operation events (13 events):
Event: 0.001 Loaded shared library /home/kenny/.sdkman/candidates/java/17.0.5-zulu/lib/libjava.so
Event: 0.007 Loaded shared library /home/kenny/.sdkman/candidates/java/17.0.5-zulu/lib/libjsvml.so
Event: 0.017 Loaded shared library /home/kenny/.sdkman/candidates/java/17.0.5-zulu/lib/libnio.so
Event: 0.019 Loaded shared library /home/kenny/.sdkman/candidates/java/17.0.5-zulu/lib/libzip.so
Event: 0.063 Loaded shared library /home/kenny/.sdkman/candidates/java/17.0.5-zulu/lib/libnet.so
Event: 0.130 Loaded shared library /home/kenny/.sdkman/candidates/java/17.0.5-zulu/lib/libjimage.so
Event: 0.160 Loaded shared library /home/kenny/.sdkman/candidates/java/17.0.5-zulu/lib/libverify.so
Event: 0.305 Loaded shared library /home/kenny/.gradle/native/68d5fa5c4cc2d200863cafc0d521ce42e7d3e7ee720ec0a83991735586a16f82/linux-amd64/libnative-platform.so
Event: 0.311 Loading shared library /home/kenny/.gradle/native/68d5fa5c4cc2d200863cafc0d521ce42e7d3e7ee720ec0a83991735586a16f82/linux-amd64-ncurses5/libnative-platform-curses.so failed, libtinfo.so.5: cannot open shared object file: No such file or directory
Event: 0.312 Loaded shared library /home/kenny/.gradle/native/68d5fa5c4cc2d200863cafc0d521ce42e7d3e7ee720ec0a83991735586a16f82/linux-amd64-ncurses6/libnative-platform-curses.so
Event: 0.394 Loaded shared library /home/kenny/.sdkman/candidates/java/17.0.5-zulu/lib/libmanagement.so
Event: 0.394 Loaded shared library /home/kenny/.sdkman/candidates/java/17.0.5-zulu/lib/libmanagement_ext.so
Event: 0.463 Loaded shared library /home/kenny/.sdkman/candidates/java/17.0.5-zulu/lib/libextnet.so

Deoptimization events (20 events):
Event: 0.259 Thread 0x00007f9e30025620 DEOPT PACKING pc=0x00007f9e20ce1948 sp=0x00007f9e37f14d30
Event: 0.259 Thread 0x00007f9e30025620 DEOPT UNPACKING pc=0x00007f9e19252099 sp=0x00007f9e37f14ce8 mode 2
Event: 0.259 Thread 0x00007f9e30025620 Uncommon trap: trap_request=0xffffffde fr.pc=0x00007f9e20ce1948 relative=0x0000000000000568
Event: 0.259 Thread 0x00007f9e30025620 Uncommon trap: reason=class_check action=maybe_recompile pc=0x00007f9e20ce1948 method=java.util.regex.Matcher.match(II)Z @ 121 c2
Event: 0.259 Thread 0x00007f9e30025620 DEOPT PACKING pc=0x00007f9e20ce1948 sp=0x00007f9e37f14d30
Event: 0.259 Thread 0x00007f9e30025620 DEOPT UNPACKING pc=0x00007f9e19252099 sp=0x00007f9e37f14ce8 mode 2
Event: 0.378 Thread 0x00007f9e30025620 Uncommon trap: trap_request=0xffffff45 fr.pc=0x00007f9e20d14358 relative=0x0000000000000498
Event: 0.378 Thread 0x00007f9e30025620 Uncommon trap: reason=unstable_if action=reinterpret pc=0x00007f9e20d14358 method=java.util.HashMap.hash(Ljava/lang/Object;)I @ 1 c2
Event: 0.378 Thread 0x00007f9e30025620 DEOPT PACKING pc=0x00007f9e20d14358 sp=0x00007f9e37f14800
Event: 0.378 Thread 0x00007f9e30025620 DEOPT UNPACKING pc=0x00007f9e19252099 sp=0x00007f9e37f146c8 mode 2
Event: 0.378 Thread 0x00007f9e30025620 Uncommon trap: trap_request=0xffffff45 fr.pc=0x00007f9e20d16938 relative=0x0000000000000478
Event: 0.378 Thread 0x00007f9e30025620 Uncommon trap: reason=unstable_if action=reinterpret pc=0x00007f9e20d16938 method=java.util.HashMap.hash(Ljava/lang/Object;)I @ 1 c2
Event: 0.378 Thread 0x00007f9e30025620 DEOPT PACKING pc=0x00007f9e20d16938 sp=0x00007f9e37f147a0
Event: 0.378 Thread 0x00007f9e30025620 DEOPT UNPACKING pc=0x00007f9e19252099 sp=0x00007f9e37f146d8 mode 2
Event: 0.398 Thread 0x00007f9e30025620 Uncommon trap: trap_request=0xffffff45 fr.pc=0x00007f9e20cfaaa8 relative=0x0000000000001c68
Event: 0.398 Thread 0x00007f9e30025620 Uncommon trap: reason=unstable_if action=reinterpret pc=0x00007f9e20cfaaa8 method=java.util.HashMap.putVal(ILjava/lang/Object;Ljava/lang/Object;ZZ)Ljava/lang/Object; @ 236 c2
Event: 0.398 Thread 0x00007f9e30025620 DEOPT PACKING pc=0x00007f9e20cfaaa8 sp=0x00007f9e37f13f60
Event: 0.398 Thread 0x00007f9e30025620 DEOPT UNPACKING pc=0x00007f9e19252099 sp=0x00007f9e37f13f48 mode 2
Event: 0.445 Thread 0x00007f9e30025620 DEOPT PACKING pc=0x00007f9e19881728 sp=0x00007f9e37f12800
Event: 0.446 Thread 0x00007f9e30025620 DEOPT UNPACKING pc=0x00007f9e1925282f sp=0x00007f9e37f11d38 mode 0

Classes unloaded (0 events):
No events

Classes redefined (0 events):
No events

Internal exceptions (16 events):
Event: 0.086 Thread 0x00007f9e30025620 Exception <a 'java/lang/NoSuchMethodError'{0x00000000ffa2f740}: 'int java.lang.invoke.DirectMethodHandle$Holder.invokeStaticInit(java.lang.Object, java.lang.Object)'> (0x00000000ffa2f740) 
thrown [src/hotspot/share/interpreter/linkResolver.cpp, line 759]
Event: 0.263 Thread 0x00007f9e30025620 Exception <a 'java/lang/NoSuchMethodError'{0x00000000fea85ae8}: 'void java.lang.invoke.DirectMethodHandle$Holder.invokeStatic(java.lang.Object, java.lang.Object)'> (0x00000000fea85ae8) 
thrown [src/hotspot/share/interpreter/linkResolver.cpp, line 759]
Event: 0.279 Thread 0x00007f9e30025620 Exception <a 'java/lang/NoClassDefFoundError'{0x00000000feaea008}: org/slf4j/impl/StaticMarkerBinder> (0x00000000feaea008) 
thrown [src/hotspot/share/classfile/systemDictionary.cpp, line 248]
Event: 0.289 Thread 0x00007f9e30025620 Exception <a 'java/lang/NoSuchMethodError'{0x00000000fe984d00}: 'java.lang.Object java.lang.invoke.DirectMethodHandle$Holder.invokeVirtual(java.lang.Object, java.lang.Object, java.lang.Object, java.lang.Object, java.lang.Object, java.lang.Object, java.lang.Object)'> (0x00000000fe984d00) 
thrown [src/hotspot/share/interpreter/linkResolver.cpp, line 759]
Event: 0.290 Thread 0x00007f9e30025620 Exception <a 'java/lang/NoSuchMethodError'{0x00000000fe996238}: 'java.lang.Object java.lang.invoke.Invokers$Holder.invoker(java.lang.Object, java.lang.Object, java.lang.Object)'> (0x00000000fe996238) 
thrown [src/hotspot/share/interpreter/linkResolver.cpp, line 759]
Event: 0.291 Thread 0x00007f9e30025620 Exception <a 'java/lang/NoSuchMethodError'{0x00000000fe99eb78}: 'java.lang.Object java.lang.invoke.DirectMethodHandle$Holder.invokeStatic(java.lang.Object, java.lang.Object, int)'> (0x00000000fe99eb78) 
thrown [src/hotspot/share/interpreter/linkResolver.cpp, line 759]
Event: 0.292 Thread 0x00007f9e30025620 Exception <a 'java/lang/NoSuchMethodError'{0x00000000fe9aa830}: 'void java.lang.invoke.DelegatingMethodHandle$Holder.delegate(java.lang.Object, java.lang.Object, int, java.lang.Object)'> (0x00000000fe9aa830) 
thrown [src/hotspot/share/interpreter/linkResolver.cpp, line 759]
Event: 0.293 Thread 0x00007f9e30025620 Exception <a 'java/lang/NoSuchMethodError'{0x00000000fe9ae948}: 'int java.lang.invoke.DirectMethodHandle$Holder.invokeSpecial(java.lang.Object, java.lang.Object, java.lang.Object)'> (0x00000000fe9ae948) 
thrown [src/hotspot/share/interpreter/linkResolver.cpp, line 759]
Event: 0.295 Thread 0x00007f9e30025620 Exception <a 'java/lang/NoSuchMethodError'{0x00000000fe9c1970}: 'java.lang.Object java.lang.invoke.Invokers$Holder.invokeExact_MT(java.lang.Object, java.lang.Object, java.lang.Object, java.lang.Object)'> (0x00000000fe9c1970) 
thrown [src/hotspot/share/interpreter/linkResolver.cpp, line 759]
Event: 0.311 Thread 0x00007f9e30025620 Exception <a 'java/lang/UnsatisfiedLinkError'{0x00000000fe87a860}> (0x00000000fe87a860) 
thrown [src/hotspot/share/prims/jvm.cpp, line 3392]
Event: 0.311 Thread 0x00007f9e30025620 Exception <a 'java/lang/UnsatisfiedLinkError'{0x00000000fe87a860}> (0x00000000fe87a860) 
thrown [src/hotspot/share/prims/jni.cpp, line 516]
Event: 0.369 Thread 0x00007f9e30025620 Exception <a 'java/lang/NoSuchMethodError'{0x00000000ffb0a8e8}: 'void java.lang.invoke.DirectMethodHandle$Holder.invokeSpecial(java.lang.Object, java.lang.Object, java.lang.Object)'> (0x00000000ffb0a8e8) 
thrown [src/hotspot/share/interpreter/linkResolver.cpp, line 759]
Event: 0.378 Thread 0x00007f9e30025620 Implicit null exception at 0x00007f9e20d13f0c to 0x00007f9e20d1433c
Event: 0.378 Thread 0x00007f9e30025620 Implicit null exception at 0x00007f9e20d1650c to 0x00007f9e20d1691c
Event: 0.393 Thread 0x00007f9e30025620 Exception <a 'java/lang/NoSuchMethodError'{0x00000000ffaa1060}: 'java.lang.Object java.lang.invoke.DirectMethodHandle$Holder.invokeStaticInit(java.lang.Object)'> (0x00000000ffaa1060) 
thrown [src/hotspot/share/interpreter/linkResolver.cpp, line 759]
Event: 0.464 Thread 0x00007f9e30025620 Exception <a 'java/lang/NoSuchMethodError'{0x00000000ff50a618}: 'void java.lang.invoke.DirectMethodHandle$Holder.invokeStatic(java.lang.Object, java.lang.Object, java.lang.Object)'> (0x00000000ff50a618) 
thrown [src/hotspot/share/interpreter/linkResolver.cpp, line 759]

VM Operations (20 events):
Event: 0.428 Executing VM operation: HandshakeAllThreads
Event: 0.428 Executing VM operation: HandshakeAllThreads done
Event: 1.428 Executing VM operation: Cleanup
Event: 1.428 Executing VM operation: Cleanup done
Event: 2.428 Executing VM operation: Cleanup
Event: 2.428 Executing VM operation: Cleanup done
Event: 3.428 Executing VM operation: Cleanup
Event: 3.428 Executing VM operation: Cleanup done
Event: 4.428 Executing VM operation: Cleanup
Event: 4.428 Executing VM operation: Cleanup done
Event: 6.429 Executing VM operation: Cleanup
Event: 6.429 Executing VM operation: Cleanup done
Event: 32.431 Executing VM operation: Cleanup
Event: 32.431 Executing VM operation: Cleanup done
Event: 39.432 Executing VM operation: Cleanup
Event: 39.432 Executing VM operation: Cleanup done
Event: 52.434 Executing VM operation: Cleanup
Event: 52.434 Executing VM operation: Cleanup done
Event: 71.436 Executing VM operation: Cleanup
Event: 71.436 Executing VM operation: Cleanup done

Events (20 events):
Event: 0.526 loading class jdk/internal/reflect/ByteVectorFactory done
Event: 0.526 loading class jdk/internal/reflect/ByteVectorImpl
Event: 0.526 loading class jdk/internal/reflect/ByteVector
Event: 0.526 loading class jdk/internal/reflect/ByteVector done
Event: 0.526 loading class jdk/internal/reflect/ByteVectorImpl done
Event: 0.526 loading class jdk/internal/reflect/ClassFileAssembler
Event: 0.526 loading class jdk/internal/reflect/ClassFileAssembler done
Event: 0.526 loading class jdk/internal/reflect/UTF8
Event: 0.526 loading class jdk/internal/reflect/UTF8 done
Event: 0.527 loading class jdk/internal/reflect/Label
Event: 0.527 loading class jdk/internal/reflect/Label done
Event: 0.527 loading class jdk/internal/reflect/Label$PatchInfo
Event: 0.527 loading class jdk/internal/reflect/Label$PatchInfo done
Event: 0.527 loading class jdk/internal/reflect/MethodAccessorGenerator$1
Event: 0.527 loading class jdk/internal/reflect/MethodAccessorGenerator$1 done
Event: 0.527 loading class jdk/internal/reflect/ClassDefiner
Event: 0.527 loading class jdk/internal/reflect/ClassDefiner done
Event: 0.527 loading class jdk/internal/reflect/ClassDefiner$1
Event: 0.527 loading class jdk/internal/reflect/ClassDefiner$1 done
Event: 0.656 Thread 0x00007f9de81fb5b0 Thread exited: 0x00007f9de81fb5b0


Dynamic libraries:
fc000000-ffe00000 rw-p 00000000 00:00 0 
ffe00000-ffe78000 rw-p 00ccf000 00:17 578308                             /home/kenny/.sdkman/candidates/java/17.0.5-zulu/lib/server/classes.jsa
ffe78000-fff00000 rw-p 00000000 00:00 0 
fff00000-fff83000 rw-p 00c4c000 00:17 578308                             /home/kenny/.sdkman/candidates/java/17.0.5-zulu/lib/server/classes.jsa
fff83000-100000000 rw-p 00000000 00:00 0 
800000000-800485000 rw-p 00001000 00:17 578308                           /home/kenny/.sdkman/candidates/java/17.0.5-zulu/lib/server/classes.jsa
800485000-800c12000 r--p 00486000 00:17 578308                           /home/kenny/.sdkman/candidates/java/17.0.5-zulu/lib/server/classes.jsa
800c12000-801000000 ---p 00000000 00:00 0 
801000000-801040000 rw-p 00000000 00:00 0 
801040000-801080000 rw-p 00000000 00:00 0 
801080000-801100000 rw-p 00000000 00:00 0 
801100000-801120000 rw-p 00000000 00:00 0 
801120000-841000000 ---p 00000000 00:00 0 
55a477fbd000-55a477fbe000 r-xp 00000000 00:17 578129                     /home/kenny/.sdkman/candidates/java/17.0.5-zulu/bin/java
55a477fbf000-55a477fc0000 r--p 00001000 00:17 578129                     /home/kenny/.sdkman/candidates/java/17.0.5-zulu/bin/java
55a477fc0000-55a477fc1000 rw-p 00002000 00:17 578129                     /home/kenny/.sdkman/candidates/java/17.0.5-zulu/bin/java
55a4788f9000-55a478962000 rw-p 00000000 00:00 0                          [heap]
7f9db4000000-7f9db4021000 rw-p 00000000 00:00 0 
7f9db4021000-7f9db8000000 ---p 00000000 00:00 0 
7f9db8000000-7f9db8021000 rw-p 00000000 00:00 0 
7f9db8021000-7f9dbc000000 ---p 00000000 00:00 0 
7f9dbc000000-7f9dbc021000 rw-p 00000000 00:00 0 
7f9dbc021000-7f9dc0000000 ---p 00000000 00:00 0 
7f9dc0000000-7f9dc0021000 rw-p 00000000 00:00 0 
7f9dc0021000-7f9dc4000000 ---p 00000000 00:00 0 
7f9dc4000000-7f9dc4021000 rw-p 00000000 00:00 0 
7f9dc4021000-7f9dc8000000 ---p 00000000 00:00 0 
7f9dc8000000-7f9dc8021000 rw-p 00000000 00:00 0 
7f9dc8021000-7f9dcc000000 ---p 00000000 00:00 0 
7f9dcc000000-7f9dcc021000 rw-p 00000000 00:00 0 
7f9dcc021000-7f9dd0000000 ---p 00000000 00:00 0 
7f9dd0000000-7f9dd0289000 rw-p 00000000 00:00 0 
7f9dd0289000-7f9dd4000000 ---p 00000000 00:00 0 
7f9dd4000000-7f9dd4021000 rw-p 00000000 00:00 0 
7f9dd4021000-7f9dd8000000 ---p 00000000 00:00 0 
7f9ddab09000-7f9ddaefe000 rw-p 00000000 00:00 0 
7f9ddaefe000-7f9ddaf02000 ---p 00000000 00:00 0 
7f9ddaf02000-7f9ddaffe000 rw-p 00000000 00:00 0 
7f9ddaffe000-7f9ddb002000 ---p 00000000 00:00 0 
7f9ddb002000-7f9ddb0fe000 rw-p 00000000 00:00 0 
7f9ddb0fe000-7f9ddb0ff000 ---p 00000000 00:00 0 
7f9ddb0ff000-7f9ddb200000 rw-p 00000000 00:00 0 
7f9ddb200000-7f9ddb299000 r--p 00000000 00:17 4550                       /usr/lib/libstdc++.so.6.0.30
7f9ddb299000-7f9ddb3af000 r-xp 00099000 00:17 4550                       /usr/lib/libstdc++.so.6.0.30
7f9ddb3af000-7f9ddb426000 r--p 001af000 00:17 4550                       /usr/lib/libstdc++.so.6.0.30
7f9ddb426000-7f9ddb433000 r--p 00225000 00:17 4550                       /usr/lib/libstdc++.so.6.0.30
7f9ddb433000-7f9ddb434000 rw-p 00232000 00:17 4550                       /usr/lib/libstdc++.so.6.0.30
7f9ddb434000-7f9ddb437000 rw-p 00000000 00:00 0 
7f9ddb4fe000-7f9ddb4ff000 ---p 00000000 00:00 0 
7f9ddb4ff000-7f9ddb600000 rw-p 00000000 00:00 0 
7f9ddb600000-7f9ddb604000 r-xp 00000000 00:17 660026                     /home/kenny/.gradle/native/68d5fa5c4cc2d200863cafc0d521ce42e7d3e7ee720ec0a83991735586a16f82/linux-amd64-ncurses6/libnative-platform-curses.so
7f9ddb604000-7f9ddb803000 ---p 00004000 00:17 660026                     /home/kenny/.gradle/native/68d5fa5c4cc2d200863cafc0d521ce42e7d3e7ee720ec0a83991735586a16f82/linux-amd64-ncurses6/libnative-platform-curses.so
7f9ddb803000-7f9ddb804000 r--p 00003000 00:17 660026                     /home/kenny/.gradle/native/68d5fa5c4cc2d200863cafc0d521ce42e7d3e7ee720ec0a83991735586a16f82/linux-amd64-ncurses6/libnative-platform-curses.so
7f9ddb804000-7f9ddb805000 rw-p 00004000 00:17 660026                     /home/kenny/.gradle/native/68d5fa5c4cc2d200863cafc0d521ce42e7d3e7ee720ec0a83991735586a16f82/linux-amd64-ncurses6/libnative-platform-curses.so
7f9ddb8fe000-7f9ddb8ff000 ---p 00000000 00:00 0 
7f9ddb8ff000-7f9ddba00000 rw-p 00000000 00:00 0 
7f9ddba00000-7f9ddba05000 r-xp 00000000 00:17 660016                     /home/kenny/.gradle/native/68d5fa5c4cc2d200863cafc0d521ce42e7d3e7ee720ec0a83991735586a16f82/linux-amd64/libnative-platform.so
7f9ddba05000-7f9ddbc05000 ---p 00005000 00:17 660016                     /home/kenny/.gradle/native/68d5fa5c4cc2d200863cafc0d521ce42e7d3e7ee720ec0a83991735586a16f82/linux-amd64/libnative-platform.so
7f9ddbc05000-7f9ddbc06000 r--p 00005000 00:17 660016                     /home/kenny/.gradle/native/68d5fa5c4cc2d200863cafc0d521ce42e7d3e7ee720ec0a83991735586a16f82/linux-amd64/libnative-platform.so
7f9ddbc06000-7f9ddbc07000 rw-p 00006000 00:17 660016                     /home/kenny/.gradle/native/68d5fa5c4cc2d200863cafc0d521ce42e7d3e7ee720ec0a83991735586a16f82/linux-amd64/libnative-platform.so
7f9ddbcde000-7f9ddbce2000 ---p 00000000 00:00 0 
7f9ddbce2000-7f9ddbdde000 rw-p 00000000 00:00 0 
7f9ddbdde000-7f9ddbde1000 r--p 00000000 00:17 4520                       /usr/lib/libgcc_s.so.1
7f9ddbde1000-7f9ddbdf8000 r-xp 00003000 00:17 4520                       /usr/lib/libgcc_s.so.1
7f9ddbdf8000-7f9ddbdfc000 r--p 0001a000 00:17 4520                       /usr/lib/libgcc_s.so.1
7f9ddbdfc000-7f9ddbdfd000 r--p 0001d000 00:17 4520                       /usr/lib/libgcc_s.so.1
7f9ddbdfd000-7f9ddbdfe000 rw-p 0001e000 00:17 4520                       /usr/lib/libgcc_s.so.1
7f9ddbdfe000-7f9ddbe02000 ---p 00000000 00:00 0 
7f9ddbe02000-7f9ddbefe000 rw-p 00000000 00:00 0 
7f9ddbefe000-7f9ddbeff000 ---p 00000000 00:00 0 
7f9ddbeff000-7f9ddc000000 rw-p 00000000 00:00 0 
7f9ddc000000-7f9ddc021000 rw-p 00000000 00:00 0 
7f9ddc021000-7f9de0000000 ---p 00000000 00:00 0 
7f9de0000000-7f9de0021000 rw-p 00000000 00:00 0 
7f9de0021000-7f9de4000000 ---p 00000000 00:00 0 
7f9de4000000-7f9de4377000 rw-p 00000000 00:00 0 
7f9de4377000-7f9de8000000 ---p 00000000 00:00 0 
7f9de8000000-7f9de8397000 rw-p 00000000 00:00 0 
7f9de8397000-7f9dec000000 ---p 00000000 00:00 0 
7f9dec000000-7f9dec021000 rw-p 00000000 00:00 0 
7f9dec021000-7f9df0000000 ---p 00000000 00:00 0 
7f9df0000000-7f9df0021000 rw-p 00000000 00:00 0 
7f9df0021000-7f9df4000000 ---p 00000000 00:00 0 
7f9df4000000-7f9df4021000 rw-p 00000000 00:00 0 
7f9df4021000-7f9df8000000 ---p 00000000 00:00 0 
7f9df8000000-7f9df8021000 rw-p 00000000 00:00 0 
7f9df8021000-7f9dfc000000 ---p 00000000 00:00 0 
7f9dfc000000-7f9dfc021000 rw-p 00000000 00:00 0 
7f9dfc021000-7f9e00000000 ---p 00000000 00:00 0 
7f9e00000000-7f9e00021000 rw-p 00000000 00:00 0 
7f9e00021000-7f9e04000000 ---p 00000000 00:00 0 
7f9e04000000-7f9e04021000 rw-p 00000000 00:00 0 
7f9e04021000-7f9e08000000 ---p 00000000 00:00 0 
7f9e08000000-7f9e08021000 rw-p 00000000 00:00 0 
7f9e08021000-7f9e0c000000 ---p 00000000 00:00 0 
7f9e0c000000-7f9e0c021000 rw-p 00000000 00:00 0 
7f9e0c021000-7f9e10000000 ---p 00000000 00:00 0 
7f9e10000000-7f9e10021000 rw-p 00000000 00:00 0 
7f9e10021000-7f9e14000000 ---p 00000000 00:00 0 
7f9e14000000-7f9e14021000 rw-p 00000000 00:00 0 
7f9e14021000-7f9e18000000 ---p 00000000 00:00 0 
7f9e18000000-7f9e18004000 ---p 00000000 00:00 0 
7f9e18004000-7f9e18100000 rw-p 00000000 00:00 0 
7f9e18100000-7f9e18104000 ---p 00000000 00:00 0 
7f9e18104000-7f9e18200000 rw-p 00000000 00:00 0 
7f9e18200000-7f9e18204000 ---p 00000000 00:00 0 
7f9e18204000-7f9e18300000 rw-p 00000000 00:00 0 
7f9e18300000-7f9e18304000 ---p 00000000 00:00 0 
7f9e18304000-7f9e18400000 rw-p 00000000 00:00 0 
7f9e18400000-7f9e186e9000 r--p 00000000 00:17 46319                      /usr/lib/locale/locale-archive
7f9e18700000-7f9e18704000 ---p 00000000 00:00 0 
7f9e18704000-7f9e18b30000 rw-p 00000000 00:00 0 
7f9e18b30000-7f9e18c00000 ---p 00000000 00:00 0 
7f9e18c00000-7f9e18f60000 rw-p 00000000 00:00 0 
7f9e18f60000-7f9e19000000 ---p 00000000 00:00 0 
7f9e19000000-7f9e19004000 ---p 00000000 00:00 0 
7f9e19004000-7f9e19100000 rw-p 00000000 00:00 0 
7f9e19100000-7f9e19104000 ---p 00000000 00:00 0 
7f9e19104000-7f9e19200000 rw-p 00000000 00:00 0 
7f9e19200000-7f9e19470000 rwxp 00000000 00:00 0 
7f9e19470000-7f9e19792000 ---p 00000000 00:00 0 
7f9e19792000-7f9e19a02000 rwxp 00000000 00:00 0 
7f9e19a02000-7f9e20cc9000 ---p 00000000 00:00 0 
7f9e20cc9000-7f9e20f39000 rwxp 00000000 00:00 0 
7f9e20f39000-7f9e28200000 ---p 00000000 00:00 0 
7f9e28200000-7f9e2fe0c000 r--s 00000000 00:17 578356                     /home/kenny/.sdkman/candidates/java/17.0.5-zulu/lib/modules
7f9e2fe2a000-7f9e2fe40000 r--p 00000000 00:17 4619                       /usr/lib/libncursesw.so.6.3
7f9e2fe40000-7f9e2fe81000 r-xp 00016000 00:17 4619                       /usr/lib/libncursesw.so.6.3
7f9e2fe81000-7f9e2fe98000 r--p 00057000 00:17 4619                       /usr/lib/libncursesw.so.6.3
7f9e2fe98000-7f9e2fe99000 ---p 0006e000 00:17 4619                       /usr/lib/libncursesw.so.6.3
7f9e2fe99000-7f9e2fe9d000 r--p 0006e000 00:17 4619                       /usr/lib/libncursesw.so.6.3
7f9e2fe9d000-7f9e2fe9e000 rw-p 00072000 00:17 4619                       /usr/lib/libncursesw.so.6.3
7f9e2fea9000-7f9e2feab000 r-xp 00000000 00:17 578315                     /home/kenny/.sdkman/candidates/java/17.0.5-zulu/lib/libextnet.so
7f9e2feab000-7f9e2feac000 r--p 00001000 00:17 578315                     /home/kenny/.sdkman/candidates/java/17.0.5-zulu/lib/libextnet.so
7f9e2feac000-7f9e2fead000 rw-p 00002000 00:17 578315                     /home/kenny/.sdkman/candidates/java/17.0.5-zulu/lib/libextnet.so
7f9e2fead000-7f9e2feb2000 r-xp 00000000 00:17 578326                     /home/kenny/.sdkman/candidates/java/17.0.5-zulu/lib/libmanagement_ext.so
7f9e2feb2000-7f9e2feb3000 ---p 00005000 00:17 578326                     /home/kenny/.sdkman/candidates/java/17.0.5-zulu/lib/libmanagement_ext.so
7f9e2feb3000-7f9e2feb4000 r--p 00005000 00:17 578326                     /home/kenny/.sdkman/candidates/java/17.0.5-zulu/lib/libmanagement_ext.so
7f9e2feb4000-7f9e2feb5000 rw-p 00006000 00:17 578326                     /home/kenny/.sdkman/candidates/java/17.0.5-zulu/lib/libmanagement_ext.so
7f9e2feb5000-7f9e2fec2000 r-xp 00000000 00:17 578310                     /home/kenny/.sdkman/candidates/java/17.0.5-zulu/lib/libverify.so
7f9e2fec2000-7f9e2fec4000 r--p 0000c000 00:17 578310                     /home/kenny/.sdkman/candidates/java/17.0.5-zulu/lib/libverify.so
7f9e2fec4000-7f9e2fec5000 rw-p 0000e000 00:17 578310                     /home/kenny/.sdkman/candidates/java/17.0.5-zulu/lib/libverify.so
7f9e2fec5000-7f9e2fecc000 r-xp 00000000 00:17 578329                     /home/kenny/.sdkman/candidates/java/17.0.5-zulu/lib/libzip.so
7f9e2fecc000-7f9e2fecd000 ---p 00007000 00:17 578329                     /home/kenny/.sdkman/candidates/java/17.0.5-zulu/lib/libzip.so
7f9e2fecd000-7f9e2fece000 r--p 00007000 00:17 578329                     /home/kenny/.sdkman/candidates/java/17.0.5-zulu/lib/libzip.so
7f9e2fece000-7f9e2fecf000 rw-p 00008000 00:17 578329                     /home/kenny/.sdkman/candidates/java/17.0.5-zulu/lib/libzip.so
7f9e2fecf000-7f9e2ff00000 rw-p 00000000 00:00 0 
7f9e2ff00000-7f9e2ff04000 ---p 00000000 00:00 0 
7f9e2ff04000-7f9e30000000 rw-p 00000000 00:00 0 
7f9e30000000-7f9e308f7000 rw-p 00000000 00:00 0 
7f9e308f7000-7f9e34000000 ---p 00000000 00:00 0 
7f9e34002000-7f9e34006000 r-xp 00000000 00:17 578323                     /home/kenny/.sdkman/candidates/java/17.0.5-zulu/lib/libmanagement.so
7f9e34006000-7f9e34007000 r--p 00003000 00:17 578323                     /home/kenny/.sdkman/candidates/java/17.0.5-zulu/lib/libmanagement.so
7f9e34007000-7f9e34008000 rw-p 00004000 00:17 578323                     /home/kenny/.sdkman/candidates/java/17.0.5-zulu/lib/libmanagement.so
7f9e34008000-7f9e3401d000 r-xp 00000000 00:17 578298                     /home/kenny/.sdkman/candidates/java/17.0.5-zulu/lib/libnet.so
7f9e3401d000-7f9e3401e000 r--p 00014000 00:17 578298                     /home/kenny/.sdkman/candidates/java/17.0.5-zulu/lib/libnet.so
7f9e3401e000-7f9e3401f000 rw-p 00015000 00:17 578298                     /home/kenny/.sdkman/candidates/java/17.0.5-zulu/lib/libnet.so
7f9e3401f000-7f9e34031000 r-xp 00000000 00:17 578313                     /home/kenny/.sdkman/candidates/java/17.0.5-zulu/lib/libnio.so
7f9e34031000-7f9e34032000 ---p 00012000 00:17 578313                     /home/kenny/.sdkman/candidates/java/17.0.5-zulu/lib/libnio.so
7f9e34032000-7f9e34033000 r--p 00012000 00:17 578313                     /home/kenny/.sdkman/candidates/java/17.0.5-zulu/lib/libnio.so
7f9e34033000-7f9e34034000 rw-p 00013000 00:17 578313                     /home/kenny/.sdkman/candidates/java/17.0.5-zulu/lib/libnio.so
7f9e34034000-7f9e34038000 ---p 00000000 00:00 0 
7f9e34038000-7f9e34134000 rw-p 00000000 00:00 0 
7f9e34134000-7f9e34138000 ---p 00000000 00:00 0 
7f9e34138000-7f9e34234000 rw-p 00000000 00:00 0 
7f9e34234000-7f9e34235000 ---p 00000000 00:00 0 
7f9e34235000-7f9e34336000 rw-p 00000000 00:00 0 
7f9e34336000-7f9e34404000 r-xp 00000000 00:17 578328                     /home/kenny/.sdkman/candidates/java/17.0.5-zulu/lib/libjsvml.so
7f9e34404000-7f9e34405000 r--p 000cd000 00:17 578328                     /home/kenny/.sdkman/candidates/java/17.0.5-zulu/lib/libjsvml.so
7f9e34405000-7f9e34406000 rw-p 000ce000 00:17 578328                     /home/kenny/.sdkman/candidates/java/17.0.5-zulu/lib/libjsvml.so
7f9e34406000-7f9e34523000 rw-p 00000000 00:00 0 
7f9e34523000-7f9e34524000 ---p 00000000 00:00 0 
7f9e34524000-7f9e34625000 rw-p 00000000 00:00 0 
7f9e34625000-7f9e34626000 ---p 00000000 00:00 0 
7f9e34626000-7f9e36f2f000 rw-p 00000000 00:00 0 
7f9e36f2f000-7f9e36f30000 ---p 00000000 00:00 0 
7f9e36f30000-7f9e37031000 rw-p 00000000 00:00 0 
7f9e37031000-7f9e37032000 ---p 00000000 00:00 0 
7f9e37032000-7f9e37133000 rw-p 00000000 00:00 0 
7f9e37133000-7f9e37134000 ---p 00000000 00:00 0 
7f9e37134000-7f9e3733a000 rw-p 00000000 00:00 0 
7f9e3733a000-7f9e37c47000 rw-p 00000000 00:00 0 
7f9e37c47000-7f9e37d2d000 ---p 00000000 00:00 0 
7f9e37d2d000-7f9e37d32000 rw-p 00000000 00:00 0 
7f9e37d32000-7f9e37e18000 ---p 00000000 00:00 0 
7f9e37e18000-7f9e37e1c000 ---p 00000000 00:00 0 
7f9e37e1c000-7f9e37f18000 rw-p 00000000 00:00 0 
7f9e37f18000-7f9e37f26000 r--p 00000000 00:17 3731                       /usr/lib/libm.so.6
7f9e37f26000-7f9e37fa0000 r-xp 0000e000 00:17 3731                       /usr/lib/libm.so.6
7f9e37fa0000-7f9e37ffe000 r--p 00088000 00:17 3731                       /usr/lib/libm.so.6
7f9e37ffe000-7f9e37fff000 r--p 000e5000 00:17 3731                       /usr/lib/libm.so.6
7f9e37fff000-7f9e38000000 rw-p 000e6000 00:17 3731                       /usr/lib/libm.so.6
7f9e38000000-7f9e39239000 r-xp 00000000 00:17 578306                     /home/kenny/.sdkman/candidates/java/17.0.5-zulu/lib/server/libjvm.so
7f9e39239000-7f9e392f2000 r--p 01238000 00:17 578306                     /home/kenny/.sdkman/candidates/java/17.0.5-zulu/lib/server/libjvm.so
7f9e392f2000-7f9e39327000 rw-p 012f1000 00:17 578306                     /home/kenny/.sdkman/candidates/java/17.0.5-zulu/lib/server/libjvm.so
7f9e39327000-7f9e39381000 rw-p 00000000 00:00 0 
7f9e39384000-7f9e39385000 r--p 00000000 00:17 4417                       /usr/share/locale/en_GB/LC_MESSAGES/libc.mo
7f9e39385000-7f9e393e5000 rw-p 00000000 00:00 0 
7f9e393e5000-7f9e39409000 r-xp 00000000 00:17 578337                     /home/kenny/.sdkman/candidates/java/17.0.5-zulu/lib/libjava.so
7f9e39409000-7f9e3940a000 ---p 00024000 00:17 578337                     /home/kenny/.sdkman/candidates/java/17.0.5-zulu/lib/libjava.so
7f9e3940a000-7f9e3940b000 r--p 00024000 00:17 578337                     /home/kenny/.sdkman/candidates/java/17.0.5-zulu/lib/libjava.so
7f9e3940b000-7f9e3940c000 rw-p 00025000 00:17 578337                     /home/kenny/.sdkman/candidates/java/17.0.5-zulu/lib/libjava.so
7f9e3940c000-7f9e3940d000 rw-p 00000000 00:00 0 
7f9e3940d000-7f9e39428000 r-xp 00000000 00:17 578333                     /home/kenny/.sdkman/candidates/java/17.0.5-zulu/lib/libjimage.so
7f9e39428000-7f9e3942a000 r--p 0001a000 00:17 578333                     /home/kenny/.sdkman/candidates/java/17.0.5-zulu/lib/libjimage.so
7f9e3942a000-7f9e3942b000 rw-p 0001c000 00:17 578333                     /home/kenny/.sdkman/candidates/java/17.0.5-zulu/lib/libjimage.so
7f9e3942b000-7f9e3942c000 r--p 00000000 00:17 3753                       /usr/lib/librt.so.1
7f9e3942c000-7f9e3942d000 r-xp 00001000 00:17 3753                       /usr/lib/librt.so.1
7f9e3942d000-7f9e3942e000 r--p 00002000 00:17 3753                       /usr/lib/librt.so.1
7f9e3942e000-7f9e3942f000 r--p 00002000 00:17 3753                       /usr/lib/librt.so.1
7f9e3942f000-7f9e39430000 rw-p 00003000 00:17 3753                       /usr/lib/librt.so.1
7f9e39430000-7f9e39432000 rw-p 00000000 00:00 0 
7f9e39432000-7f9e39454000 r--p 00000000 00:17 3721                       /usr/lib/libc.so.6
7f9e39454000-7f9e395af000 r-xp 00022000 00:17 3721                       /usr/lib/libc.so.6
7f9e395af000-7f9e39606000 r--p 0017d000 00:17 3721                       /usr/lib/libc.so.6
7f9e39606000-7f9e3960a000 r--p 001d4000 00:17 3721                       /usr/lib/libc.so.6
7f9e3960a000-7f9e3960c000 rw-p 001d8000 00:17 3721                       /usr/lib/libc.so.6
7f9e3960c000-7f9e39619000 rw-p 00000000 00:00 0 
7f9e39619000-7f9e3961a000 r--p 00000000 00:17 3726                       /usr/lib/libdl.so.2
7f9e3961a000-7f9e3961b000 r-xp 00001000 00:17 3726                       /usr/lib/libdl.so.2
7f9e3961b000-7f9e3961c000 r--p 00002000 00:17 3726                       /usr/lib/libdl.so.2
7f9e3961c000-7f9e3961d000 r--p 00002000 00:17 3726                       /usr/lib/libdl.so.2
7f9e3961d000-7f9e3961e000 rw-p 00003000 00:17 3726                       /usr/lib/libdl.so.2
7f9e3961e000-7f9e3961f000 r--p 00000000 00:17 3748                       /usr/lib/libpthread.so.0
7f9e3961f000-7f9e39620000 r-xp 00001000 00:17 3748                       /usr/lib/libpthread.so.0
7f9e39620000-7f9e39621000 r--p 00002000 00:17 3748                       /usr/lib/libpthread.so.0
7f9e39621000-7f9e39622000 r--p 00002000 00:17 3748                       /usr/lib/libpthread.so.0
7f9e39622000-7f9e39623000 rw-p 00003000 00:17 3748                       /usr/lib/libpthread.so.0
7f9e39623000-7f9e39631000 r-xp 00000000 00:17 578344                     /home/kenny/.sdkman/candidates/java/17.0.5-zulu/lib/libjli.so
7f9e39631000-7f9e39632000 ---p 0000e000 00:17 578344                     /home/kenny/.sdkman/candidates/java/17.0.5-zulu/lib/libjli.so
7f9e39632000-7f9e39633000 r--p 0000e000 00:17 578344                     /home/kenny/.sdkman/candidates/java/17.0.5-zulu/lib/libjli.so
7f9e39633000-7f9e39634000 rw-p 0000f000 00:17 578344                     /home/kenny/.sdkman/candidates/java/17.0.5-zulu/lib/libjli.so
7f9e39634000-7f9e39637000 r--p 00000000 00:17 15466                      /usr/lib/libz.so.1.2.13
7f9e39637000-7f9e39645000 r-xp 00003000 00:17 15466                      /usr/lib/libz.so.1.2.13
7f9e39645000-7f9e3964c000 r--p 00011000 00:17 15466                      /usr/lib/libz.so.1.2.13
7f9e3964c000-7f9e3964d000 r--p 00017000 00:17 15466                      /usr/lib/libz.so.1.2.13
7f9e3964d000-7f9e3964e000 rw-p 00018000 00:17 15466                      /usr/lib/libz.so.1.2.13
7f9e3964e000-7f9e39653000 rw-p 00000000 00:00 0 
7f9e39653000-7f9e3965a000 ---p 00000000 00:00 0 
7f9e3965a000-7f9e39662000 rw-s 00000000 00:27 3180                       /tmp/hsperfdata_kenny/38489
7f9e39662000-7f9e39663000 ---p 00000000 00:00 0 
7f9e39663000-7f9e39664000 r--p 00000000 00:00 0 
7f9e39664000-7f9e39665000 ---p 00000000 00:00 0 
7f9e39665000-7f9e39667000 rw-p 00000000 00:00 0 
7f9e39667000-7f9e39668000 r--p 00000000 00:17 3712                       /usr/lib/ld-linux-x86-64.so.2
7f9e39668000-7f9e3968e000 r-xp 00001000 00:17 3712                       /usr/lib/ld-linux-x86-64.so.2
7f9e3968e000-7f9e39698000 r--p 00027000 00:17 3712                       /usr/lib/ld-linux-x86-64.so.2
7f9e39698000-7f9e3969a000 r--p 00031000 00:17 3712                       /usr/lib/ld-linux-x86-64.so.2
7f9e3969a000-7f9e3969c000 rw-p 00033000 00:17 3712                       /usr/lib/ld-linux-x86-64.so.2
7ffd1f2d2000-7ffd1f2f4000 rw-p 00000000 00:00 0                          [stack]
7ffd1f37f000-7ffd1f383000 r--p 00000000 00:00 0                          [vvar]
7ffd1f383000-7ffd1f385000 r-xp 00000000 00:00 0                          [vdso]
ffffffffff600000-ffffffffff601000 --xp 00000000 00:00 0                  [vsyscall]


VM Arguments:
jvm_args: -Xmx64m -Xms64m -Dorg.gradle.appname=gradlew 
java_command: org.gradle.wrapper.GradleWrapperMain bootrun
java_class_path (initial): /home/kenny/code/personal/auraltester/backend/gradle/wrapper/gradle-wrapper.jar
Launcher Type: SUN_STANDARD

[Global flags]
     intx CICompilerCount                          = 4                                         {product} {ergonomic}
     uint ConcGCThreads                            = 2                                         {product} {ergonomic}
     uint G1ConcRefinementThreads                  = 8                                         {product} {ergonomic}
   size_t G1HeapRegionSize                         = 1048576                                   {product} {ergonomic}
    uintx GCDrainStackTargetSize                   = 64                                        {product} {ergonomic}
   size_t InitialHeapSize                          = 67108864                                  {product} {command line}
   size_t MarkStackSize                            = 4194304                                   {product} {ergonomic}
   size_t MaxHeapSize                              = 67108864                                  {product} {command line}
   size_t MaxNewSize                               = 39845888                                  {product} {ergonomic}
   size_t MinHeapDeltaBytes                        = 1048576                                   {product} {ergonomic}
   size_t MinHeapSize                              = 67108864                                  {product} {command line}
    uintx NonNMethodCodeHeapSize                   = 5839372                                {pd product} {ergonomic}
    uintx NonProfiledCodeHeapSize                  = 122909434                              {pd product} {ergonomic}
    uintx ProfiledCodeHeapSize                     = 122909434                              {pd product} {ergonomic}
    uintx ReservedCodeCacheSize                    = 251658240                              {pd product} {ergonomic}
     bool SegmentedCodeCache                       = true                                      {product} {ergonomic}
   size_t SoftMaxHeapSize                          = 67108864                               {manageable} {ergonomic}
     bool UseCompressedClassPointers               = true                           {product lp64_product} {ergonomic}
     bool UseCompressedOops                        = true                           {product lp64_product} {ergonomic}
     bool UseG1GC                                  = true                                      {product} {ergonomic}

Logging:
Log output configuration:
 #0: stdout all=warning uptime,level,tags
 #1: stderr all=off uptime,level,tags

Environment Variables:
JAVA_HOME=/home/kenny/.sdkman/candidates/java/current
PATH=/home/kenny/code/personal/auraltester/backend/node_modules/.bin:/home/kenny/code/personal/auraltester/node_modules/.bin:/home/kenny/code/personal/node_modules/.bin:/home/kenny/code/node_modules/.bin:/home/kenny/node_modules/.bin:/home/node_modules/.bin:/node_modules/.bin:/home/kenny/.local/share/nvm/v18.12.1/lib/node_modules/npm/node_modules/@npmcli/run-script/lib/node-gyp-bin:/home/kenny/.local/bin:/home/kenny/.dotnet/tools:/home/kenny/.sdkman/candidates/java/current/bin:/home/kenny/.local/bin:/home/kenny/.dotnet/tools:/home/kenny/.local/share/nvm/v18.12.1/bin:/home/kenny/.local/bin/:/usr/local/bin:/usr/bin:/bin:/usr/local/sbin:/home/kenny/.dotnet/tools:/usr/bin/site_perl:/usr/bin/vendor_perl:/usr/bin/core_perl
SHELL=/usr/bin/fish
DISPLAY=:0.0
LANG=en_GB.UTF-8
TERM=tmux-256color

Signal Handlers:
   SIGSEGV: crash_handler in libjvm.so, mask=11100100010111111101111111111110, flags=SA_RESTART|SA_SIGINFO
    SIGBUS: crash_handler in libjvm.so, mask=11100100010111111101111111111110, flags=SA_RESTART|SA_SIGINFO
    SIGFPE: crash_handler in libjvm.so, mask=11100100010111111101111111111110, flags=SA_RESTART|SA_SIGINFO
   SIGPIPE: javaSignalHandler in libjvm.so, mask=11100100010111111101111111111110, flags=SA_RESTART|SA_SIGINFO
   SIGXFSZ: javaSignalHandler in libjvm.so, mask=11100100010111111101111111111110, flags=SA_RESTART|SA_SIGINFO
    SIGILL: crash_handler in libjvm.so, mask=11100100010111111101111111111110, flags=SA_RESTART|SA_SIGINFO
   SIGUSR2: SR_handler in libjvm.so, mask=00000000000000000000000000000000, flags=SA_RESTART|SA_SIGINFO
    SIGHUP: UserHandler in libjvm.so, mask=11100100010111111101111111111110, flags=SA_RESTART|SA_SIGINFO
    SIGINT: UserHandler in libjvm.so, mask=11100100010111111101111111111110, flags=SA_RESTART|SA_SIGINFO
   SIGTERM: UserHandler in libjvm.so, mask=11100100010111111101111111111110, flags=SA_RESTART|SA_SIGINFO
   SIGQUIT: UserHandler in libjvm.so, mask=11100100010111111101111111111110, flags=SA_RESTART|SA_SIGINFO
  *** Handler was modified!
  *** Expected: javaSignalHandler in libjvm.so, mask=11100100110111111111111111111110, flags=SA_RESTART|SA_SIGINFO
   SIGTRAP: crash_handler in libjvm.so, mask=11100100010111111101111111111110, flags=SA_RESTART|SA_SIGINFO


---------------  S Y S T E M  ---------------

OS:
NAME="Arch Linux"
PRETTY_NAME="Arch Linux"
ID=arch
BUILD_ID=rolling
ANSI_COLOR="38;2;23;147;209"
HOME_URL="https://archlinux.org/"
DOCUMENTATION_URL="https://wiki.archlinux.org/"
SUPPORT_URL="https://bbs.archlinux.org/"
BUG_REPORT_URL="https://bugs.archlinux.org/"
PRIVACY_POLICY_URL="https://terms.archlinux.org/docs/privacy-policy/"
LOGO=archlinux-logo
uname: Linux 6.0.12-zen1-1-zen #1 ZEN SMP PREEMPT_DYNAMIC Thu, 08 Dec 2022 11:03:40 +0000 x86_64
OS uptime: 0 days 1:34 hours
libc: glibc 2.36 NPTL 2.36 
rlimit (soft/hard): STACK 8192k/infinity , CORE infinity/infinity , NPROC 63693/63693 , NOFILE 524288/524288 , AS infinity/infinity , CPU infinity/infinity , DATA infinity/infinity , FSIZE infinity/infinity , MEMLOCK 8192k/8192k
load average: 1.22 1.22 1.09

/proc/meminfo:
MemTotal:       16328172 kB
MemFree:          261436 kB
MemAvailable:    7107080 kB
Buffers:            3156 kB
Cached:          6632072 kB
SwapCached:           28 kB
Active:          7071516 kB
Inactive:        7785216 kB
Active(anon):    6293716 kB
Inactive(anon):  1975440 kB
Active(file):     777800 kB
Inactive(file):  5809776 kB
Unevictable:         520 kB
Mlocked:             520 kB
SwapTotal:       4194300 kB
SwapFree:        3973372 kB
Zswap:                 0 kB
Zswapped:              0 kB
Dirty:              2808 kB
Writeback:             0 kB
AnonPages:       8175288 kB
Mapped:          1795092 kB
Shmem:             47652 kB
KReclaimable:     593444 kB
Slab:             776324 kB
SReclaimable:     593444 kB
SUnreclaim:       182880 kB
KernelStack:       24240 kB
PageTables:        69864 kB
NFS_Unstable:          0 kB
Bounce:                0 kB
WritebackTmp:          0 kB
CommitLimit:    12358384 kB
Committed_AS:   15057068 kB
VmallocTotal:   34359738367 kB
VmallocUsed:      132044 kB
VmallocChunk:          0 kB
Percpu:             5024 kB
HardwareCorrupted:     0 kB
AnonHugePages:   1552384 kB
ShmemHugePages:        0 kB
ShmemPmdMapped:        0 kB
FileHugePages:    155648 kB
FilePmdMapped:    155648 kB
CmaTotal:              0 kB
CmaFree:               0 kB
HugePages_Total:       0
HugePages_Free:        0
HugePages_Rsvd:        0
HugePages_Surp:        0
Hugepagesize:       2048 kB
Hugetlb:               0 kB
DirectMap4k:     1194740 kB
DirectMap2M:    15529984 kB
DirectMap1G:     1048576 kB

/sys/kernel/mm/transparent_hugepage/enabled: [always] madvise never
/sys/kernel/mm/transparent_hugepage/defrag (defrag/compaction efforts parameter): always defer [defer+madvise] madvise never

Process Memory:
Virtual Size: 3269932K (peak: 3269932K)
Resident Set Size: 98380K (peak: 98380K) (anon: 69488K, file: 28860K, shmem: 32K)
Swapped out: 0K
C-Heap outstanding allocations: 31525K, retained: 10790K
glibc malloc tunables: (default)

/proc/sys/kernel/threads-max (system-wide limit on the number of threads): 127386
/proc/sys/vm/max_map_count (maximum number of memory map areas a process may have): 65530
/proc/sys/kernel/pid_max (system-wide limit on number of process identifiers): 4194304

container (cgroup) information:
container_type: cgroupv2
cpu_cpuset_cpus: not supported
cpu_memory_nodes: not supported
active_processor_count: 8
cpu_quota: no quota
cpu_period: 100000
cpu_shares: no shares
memory_limit_in_bytes: unlimited
memory_and_swap_limit_in_bytes: unlimited
memory_soft_limit_in_bytes: unlimited
memory_usage_in_bytes: 4295912 k
memory_max_usage_in_bytes: not supported
maximum number of tasks: unlimited
current number of tasks: 710

Steal ticks since vm start: 0
Steal ticks percentage since vm start:  0.000

CPU: total 8 (initial active 8) (4 cores per cpu, 2 threads per core) family 6 model 60 stepping 3 microcode 0x28, cx8, cmov, fxsr, ht, mmx, sse, sse2, sse3, ssse3, sse4.1, sse4.2, popcnt, lzcnt, tsc, tscinvbit, avx, avx2, aes, erms, clmul, bmi1, bmi2, fma, vzeroupper, clflush
CPU Model and flags from /proc/cpuinfo:
model name	: Intel(R) Core(TM) i7-4790 CPU @ 3.60GHz
flags		: fpu vme de pse tsc msr pae mce cx8 apic sep mtrr pge mca cmov pat pse36 clflush dts acpi mmx fxsr sse sse2 ss ht tm pbe syscall nx pdpe1gb rdtscp lm constant_tsc arch_perfmon pebs bts rep_good nopl xtopology nonstop_tsc cpuid aperfmperf pni pclmulqdq dtes64 monitor ds_cpl vmx smx est tm2 ssse3 sdbg fma cx16 xtpr pdcm pcid sse4_1 sse4_2 x2apic movbe popcnt tsc_deadline_timer aes xsave avx f16c rdrand lahf_lm abm cpuid_fault epb invpcid_single pti ssbd ibrs ibpb stibp tpr_shadow vnmi flexpriority ept vpid ept_ad fsgsbase tsc_adjust bmi1 avx2 smep bmi2 erms invpcid xsaveopt dtherm ida arat pln pts md_clear flush_l1d

Online cpus: 0-7
Offline cpus: 
BIOS frequency limitation: <Not Available>
Frequency switch latency (ns): 20000
Available cpu frequencies: <Not Available>
Current governor: schedutil
Core performance/turbo boost: <Not Available>

Memory: 4k page, physical 16328172k(261436k free), swap 4194300k(3973372k free)
Page Sizes: 4k

vm_info: OpenJDK 64-Bit Server VM (17.0.5+8-LTS) for linux-amd64 JRE (17.0.5+8-LTS) (Zulu17.38+21-CA), built on Oct  7 2022 12:47:57 by "zulu_re" with gcc 8.3.0

END.
