#
# A fatal error has been detected by the Java Runtime Environment:
#
#  SIGSEGV (0xb) at pc=0x00007faa7a9a97db, pid=35236, tid=35236
#
# JRE version: OpenJDK Runtime Environment Zulu17.38+21-CA (17.0.5+8) (build 17.0.5+8-LTS)
# Java VM: OpenJDK 64-Bit Server VM Zulu17.38+21-CA (17.0.5+8-LTS, mixed mode, sharing, tiered, compressed oops, compressed class ptrs, g1 gc, linux-amd64)
# Problematic frame:
# V  [libjvm.so+0xda97db]  SR_handler(int, siginfo*, ucontext*)+0x9b
#
# Core dump will be written. Default location: Core dumps may be processed with "/usr/lib/systemd/systemd-coredump %P %u %g %s %t %c %h" (or dumping to /home/kenny/code/personal/auraltester/backend/core.35236)
#
# If you would like to submit a bug report, please visit:
#   http://www.azul.com/support/
#

---------------  S U M M A R Y ------------

Command Line: -Xmx64m -Xms64m -Dorg.gradle.appname=gradlew org.gradle.wrapper.GradleWrapperMain bootrun

Host: Intel(R) Core(TM) i7-4790 CPU @ 3.60GHz, 8 cores, 15G, Arch Linux
Time: Thu Dec 22 14:20:53 2022 UTC elapsed time: 25.140140 seconds (0d 0h 0m 25s)

---------------  T H R E A D  ---------------

Current thread is native thread

Stack: [0x00007ffc25ae3000,0x00007ffc262e1000],  sp=0x00007ffc262dc270,  free space=8164k
Native frames: (J=compiled Java code, j=interpreted, Vv=VM code, C=native code)
V  [libjvm.so+0xda97db]  SR_handler(int, siginfo*, ucontext*)+0x9b


siginfo: si_signo: 11 (SIGSEGV), si_code: 1 (SEGV_MAPERR), si_addr: 0x0000000000000268

Registers:
RAX=0x0000000000000000, RBX=0x00007ffc262dc280, RCX=0x00007faa7b052688, RDX=0x0000000000000000
RSP=0x00007ffc262dc270, RBP=0x00007ffc262dc330, RSI=0x00007ffc262dc280, RDI=0x0000000000000000
R8 =0x0000000000000000, R9 =0x00000000ffffffff, R10=0x0000000000000008, R11=0x0000000000000246
R12=0x00007faa7afc4280, R13=0x0000000000000000, R14=0x00007ffc262dc340, R15=0x00007faa79b176c0
RIP=0x00007faa7a9a97db, EFLAGS=0x0000000000010246, CSGSFS=0x002b000000000033, ERR=0x0000000000000004
  TRAPNO=0x000000000000000e

Top of Stack: (sp=0x00007ffc262dc270)
0x00007ffc262dc270:   00007ffc00000000 00007ffc262dc470
0x00007ffc262dc280:   00000000000004d8 0000000000000000
0x00007ffc262dc290:   00007faa7af45660 0000003000000018
0x00007ffc262dc2a0:   00007ffc262dca40 00007ffc262dc970 

Instructions: (pc=0x00007faa7a9a97db)
0x00007faa7a9a96db:   94 4a ff 31 d2 48 89 de bf 01 00 00 00 e8 43 8d
0x00007faa7a9a96eb:   4a ff 41 83 fc 02 74 3d 48 83 3d 6d 13 5b 00 00
0x00007faa7a9a96fb:   74 25 48 8d 05 5c 12 5b 00 4a 8d 14 a0 b8 01 00
0x00007faa7a9a970b:   00 00 f0 0f c1 02 48 8b 3d 50 13 5b 00 be 01 00
0x00007faa7a9a971b:   00 00 e8 9e ba ed ff 48 83 ec 80 5b 41 5c 5d c3
0x00007faa7a9a972b:   0f 1f 44 00 00 e8 6b 27 15 00 84 c0 74 ba e8 6a
0x00007faa7a9a973b:   95 4a ff eb b3 55 48 89 e5 41 57 41 56 49 89 d6
0x00007faa7a9a974b:   41 55 41 54 53 48 8d 9d 50 ff ff ff 48 81 ec 98
0x00007faa7a9a975b:   00 00 00 48 89 b5 48 ff ff ff e8 56 86 4a ff 48
0x00007faa7a9a976b:   89 df 49 89 c4 44 8b 28 e8 88 8b 4a ff be 04 00
0x00007faa7a9a977b:   00 00 48 89 df e8 ab 93 4a ff be 07 00 00 00 48
0x00007faa7a9a978b:   89 df e8 9e 93 4a ff be 08 00 00 00 48 89 df e8
0x00007faa7a9a979b:   91 93 4a ff be 0b 00 00 00 48 89 df e8 84 93 4a
0x00007faa7a9a97ab:   ff be 05 00 00 00 48 89 df e8 77 93 4a ff 31 d2
0x00007faa7a9a97bb:   48 89 de bf 01 00 00 00 e8 68 8c 4a ff e8 b3 33
0x00007faa7a9a97cb:   0e 00 31 d2 84 c0 74 08 e8 b8 33 0e 00 48 89 c2
0x00007faa7a9a97db:   48 8b 82 68 02 00 00 48 85 c0 74 17 4c 8b ba 30
0x00007faa7a9a97eb:   02 00 00 41 8b 87 a0 00 00 00 83 f8 01 74 16 45
0x00007faa7a9a97fb:   89 2c 24 48 81 c4 98 00 00 00 5b 41 5c 41 5d 41
0x00007faa7a9a980b:   5e 41 5f 5d c3 f3 0f 7e 85 48 ff ff ff ba 02 00
0x00007faa7a9a981b:   00 00 be 01 00 00 00 4c 89 b5 48 ff ff ff 4d 8d
0x00007faa7a9a982b:   b7 a0 00 00 00 4c 89 f7 0f 16 85 48 ff ff ff 41
0x00007faa7a9a983b:   0f 11 87 a8 00 00 00 e8 69 c7 e1 ff 83 f8 02 74
0x00007faa7a9a984b:   3c 85 c0 75 10 66 0f ef c0 41 0f 11 87 a8 00 00
0x00007faa7a9a985b:   00 eb 9c 66 90 48 8d 05 01 cb 54 00 be 6b 06 00
0x00007faa7a9a986b:   00 48 8d 3d 5d 80 26 00 48 8b 00 c6 00 58 e8 72
0x00007faa7a9a987b:   78 85 ff e8 ed ff e1 ff eb cb 0f 1f 00 48 89 df
0x00007faa7a9a988b:   e8 70 8a 4a ff 48 89 da 31 f6 31 ff e8 94 8b 4a
0x00007faa7a9a989b:   ff 8b 35 66 24 56 00 48 89 df e8 d6 92 4a ff be
0x00007faa7a9a98ab:   01 00 00 00 48 8d 3d ca 11 5b 00 e8 05 b9 ed ff
0x00007faa7a9a98bb:   eb 08 0f 1f 00 83 f8 02 75 3b 48 89 df e8 c3 92
0x00007faa7a9a98cb:   4a ff 31 d2 be 03 00 00 00 4c 89 f7 e8 d4 c6 e1 



---------------  P R O C E S S  ---------------

VM state: not at safepoint (normal execution)

VM Mutex/Monitor currently owned by a thread: None

Heap address: 0x00000000fc000000, size: 64 MB, Compressed Oops mode: 32-bit

CDS archive(s) mapped at: [0x0000000800000000-0x0000000800c12000-0x0000000800c12000), size 12656640, SharedBaseAddress: 0x0000000800000000, ArchiveRelocationMode: 0.
Compressed class space mapped at: 0x0000000801000000-0x0000000841000000, reserved size: 1073741824
Narrow klass base: 0x0000000800000000, Narrow klass shift: 0, Narrow klass range: 0x100000000

GC Precious Log:
<Skipped>

Heap:
 garbage-first heap   total 65536K, used 22156K [0x00000000fc000000, 0x0000000100000000)
  region size 1024K, 15 young (15360K), 3 survivors (3072K)
 Metaspace       used 8156K, committed 8384K, reserved 1056768K
  class space    used 1118K, committed 1216K, reserved 1048576K

Heap Regions: E=young(eden), S=young(survivor), O=old, HS=humongous(starts), HC=humongous(continues), CS=collection set, F=free, OA=open archive, CA=closed archive, TAMS=top-at-mark-start (previous, next)
|   0|0x00000000fc000000, 0x00000000fc100000, 0x00000000fc100000|100%|HS|  |TAMS 0x00000000fc000000, 0x00000000fc000000| Complete 
|   1|0x00000000fc100000, 0x00000000fc200000, 0x00000000fc200000|100%|HC|  |TAMS 0x00000000fc100000, 0x00000000fc100000| Complete 
|   2|0x00000000fc200000, 0x00000000fc300000, 0x00000000fc300000|100%|HC|  |TAMS 0x00000000fc200000, 0x00000000fc200000| Complete 
|   3|0x00000000fc300000, 0x00000000fc400000, 0x00000000fc400000|100%| O|  |TAMS 0x00000000fc300000, 0x00000000fc300000| Untracked 
|   4|0x00000000fc400000, 0x00000000fc500000, 0x00000000fc500000|100%| O|  |TAMS 0x00000000fc400000, 0x00000000fc400000| Untracked 
|   5|0x00000000fc500000, 0x00000000fc5b1a00, 0x00000000fc600000| 69%| O|  |TAMS 0x00000000fc500000, 0x00000000fc500000| Untracked 
|   6|0x00000000fc600000, 0x00000000fc600000, 0x00000000fc700000|  0%| F|  |TAMS 0x00000000fc600000, 0x00000000fc600000| Untracked 
|   7|0x00000000fc700000, 0x00000000fc700000, 0x00000000fc800000|  0%| F|  |TAMS 0x00000000fc700000, 0x00000000fc700000| Untracked 
|   8|0x00000000fc800000, 0x00000000fc800000, 0x00000000fc900000|  0%| F|  |TAMS 0x00000000fc800000, 0x00000000fc800000| Untracked 
|   9|0x00000000fc900000, 0x00000000fc900000, 0x00000000fca00000|  0%| F|  |TAMS 0x00000000fc900000, 0x00000000fc900000| Untracked 
|  10|0x00000000fca00000, 0x00000000fca00000, 0x00000000fcb00000|  0%| F|  |TAMS 0x00000000fca00000, 0x00000000fca00000| Untracked 
|  11|0x00000000fcb00000, 0x00000000fcb00000, 0x00000000fcc00000|  0%| F|  |TAMS 0x00000000fcb00000, 0x00000000fcb00000| Untracked 
|  12|0x00000000fcc00000, 0x00000000fcc00000, 0x00000000fcd00000|  0%| F|  |TAMS 0x00000000fcc00000, 0x00000000fcc00000| Untracked 
|  13|0x00000000fcd00000, 0x00000000fcd00000, 0x00000000fce00000|  0%| F|  |TAMS 0x00000000fcd00000, 0x00000000fcd00000| Untracked 
|  14|0x00000000fce00000, 0x00000000fce00000, 0x00000000fcf00000|  0%| F|  |TAMS 0x00000000fce00000, 0x00000000fce00000| Untracked 
|  15|0x00000000fcf00000, 0x00000000fcf00000, 0x00000000fd000000|  0%| F|  |TAMS 0x00000000fcf00000, 0x00000000fcf00000| Untracked 
|  16|0x00000000fd000000, 0x00000000fd000000, 0x00000000fd100000|  0%| F|  |TAMS 0x00000000fd000000, 0x00000000fd000000| Untracked 
|  17|0x00000000fd100000, 0x00000000fd100000, 0x00000000fd200000|  0%| F|  |TAMS 0x00000000fd100000, 0x00000000fd100000| Untracked 
|  18|0x00000000fd200000, 0x00000000fd200000, 0x00000000fd300000|  0%| F|  |TAMS 0x00000000fd200000, 0x00000000fd200000| Untracked 
|  19|0x00000000fd300000, 0x00000000fd300000, 0x00000000fd400000|  0%| F|  |TAMS 0x00000000fd300000, 0x00000000fd300000| Untracked 
|  20|0x00000000fd400000, 0x00000000fd400000, 0x00000000fd500000|  0%| F|  |TAMS 0x00000000fd400000, 0x00000000fd400000| Untracked 
|  21|0x00000000fd500000, 0x00000000fd500000, 0x00000000fd600000|  0%| F|  |TAMS 0x00000000fd500000, 0x00000000fd500000| Untracked 
|  22|0x00000000fd600000, 0x00000000fd600000, 0x00000000fd700000|  0%| F|  |TAMS 0x00000000fd600000, 0x00000000fd600000| Untracked 
|  23|0x00000000fd700000, 0x00000000fd700000, 0x00000000fd800000|  0%| F|  |TAMS 0x00000000fd700000, 0x00000000fd700000| Untracked 
|  24|0x00000000fd800000, 0x00000000fd800000, 0x00000000fd900000|  0%| F|  |TAMS 0x00000000fd800000, 0x00000000fd800000| Untracked 
|  25|0x00000000fd900000, 0x00000000fd900000, 0x00000000fda00000|  0%| F|  |TAMS 0x00000000fd900000, 0x00000000fd900000| Untracked 
|  26|0x00000000fda00000, 0x00000000fda00000, 0x00000000fdb00000|  0%| F|  |TAMS 0x00000000fda00000, 0x00000000fda00000| Untracked 
|  27|0x00000000fdb00000, 0x00000000fdb00000, 0x00000000fdc00000|  0%| F|  |TAMS 0x00000000fdb00000, 0x00000000fdb00000| Untracked 
|  28|0x00000000fdc00000, 0x00000000fdc00000, 0x00000000fdd00000|  0%| F|  |TAMS 0x00000000fdc00000, 0x00000000fdc00000| Untracked 
|  29|0x00000000fdd00000, 0x00000000fdd00000, 0x00000000fde00000|  0%| F|  |TAMS 0x00000000fdd00000, 0x00000000fdd00000| Untracked 
|  30|0x00000000fde00000, 0x00000000fde00000, 0x00000000fdf00000|  0%| F|  |TAMS 0x00000000fde00000, 0x00000000fde00000| Untracked 
|  31|0x00000000fdf00000, 0x00000000fdf00000, 0x00000000fe000000|  0%| F|  |TAMS 0x00000000fdf00000, 0x00000000fdf00000| Untracked 
|  32|0x00000000fe000000, 0x00000000fe000000, 0x00000000fe100000|  0%| F|  |TAMS 0x00000000fe000000, 0x00000000fe000000| Untracked 
|  33|0x00000000fe100000, 0x00000000fe100000, 0x00000000fe200000|  0%| F|  |TAMS 0x00000000fe100000, 0x00000000fe100000| Untracked 
|  34|0x00000000fe200000, 0x00000000fe200000, 0x00000000fe300000|  0%| F|  |TAMS 0x00000000fe200000, 0x00000000fe200000| Untracked 
|  35|0x00000000fe300000, 0x00000000fe300000, 0x00000000fe400000|  0%| F|  |TAMS 0x00000000fe300000, 0x00000000fe300000| Untracked 
|  36|0x00000000fe400000, 0x00000000fe500000, 0x00000000fe500000|100%| S|CS|TAMS 0x00000000fe400000, 0x00000000fe400000| Complete 
|  37|0x00000000fe500000, 0x00000000fe600000, 0x00000000fe600000|100%| S|CS|TAMS 0x00000000fe500000, 0x00000000fe500000| Complete 
|  38|0x00000000fe600000, 0x00000000fe700000, 0x00000000fe700000|100%| S|CS|TAMS 0x00000000fe600000, 0x00000000fe600000| Complete 
|  39|0x00000000fe700000, 0x00000000fe700000, 0x00000000fe800000|  0%| F|  |TAMS 0x00000000fe700000, 0x00000000fe700000| Untracked 
|  40|0x00000000fe800000, 0x00000000fe800000, 0x00000000fe900000|  0%| F|  |TAMS 0x00000000fe800000, 0x00000000fe800000| Untracked 
|  41|0x00000000fe900000, 0x00000000fe900000, 0x00000000fea00000|  0%| F|  |TAMS 0x00000000fe900000, 0x00000000fe900000| Untracked 
|  42|0x00000000fea00000, 0x00000000fea00000, 0x00000000feb00000|  0%| F|  |TAMS 0x00000000fea00000, 0x00000000fea00000| Untracked 
|  43|0x00000000feb00000, 0x00000000feb00000, 0x00000000fec00000|  0%| F|  |TAMS 0x00000000feb00000, 0x00000000feb00000| Untracked 
|  44|0x00000000fec00000, 0x00000000fec00000, 0x00000000fed00000|  0%| F|  |TAMS 0x00000000fec00000, 0x00000000fec00000| Untracked 
|  45|0x00000000fed00000, 0x00000000fed00000, 0x00000000fee00000|  0%| F|  |TAMS 0x00000000fed00000, 0x00000000fed00000| Untracked 
|  46|0x00000000fee00000, 0x00000000fee00000, 0x00000000fef00000|  0%| F|  |TAMS 0x00000000fee00000, 0x00000000fee00000| Untracked 
|  47|0x00000000fef00000, 0x00000000fef00000, 0x00000000ff000000|  0%| F|  |TAMS 0x00000000fef00000, 0x00000000fef00000| Untracked 
|  48|0x00000000ff000000, 0x00000000ff000000, 0x00000000ff100000|  0%| F|  |TAMS 0x00000000ff000000, 0x00000000ff000000| Untracked 
|  49|0x00000000ff100000, 0x00000000ff100000, 0x00000000ff200000|  0%| F|  |TAMS 0x00000000ff100000, 0x00000000ff100000| Untracked 
|  50|0x00000000ff200000, 0x00000000ff2f6638, 0x00000000ff300000| 96%| E|  |TAMS 0x00000000ff200000, 0x00000000ff200000| Complete 
|  51|0x00000000ff300000, 0x00000000ff400000, 0x00000000ff400000|100%| E|CS|TAMS 0x00000000ff300000, 0x00000000ff300000| Complete 
|  52|0x00000000ff400000, 0x00000000ff500000, 0x00000000ff500000|100%| E|CS|TAMS 0x00000000ff400000, 0x00000000ff400000| Complete 
|  53|0x00000000ff500000, 0x00000000ff600000, 0x00000000ff600000|100%| E|CS|TAMS 0x00000000ff500000, 0x00000000ff500000| Complete 
|  54|0x00000000ff600000, 0x00000000ff700000, 0x00000000ff700000|100%| E|CS|TAMS 0x00000000ff600000, 0x00000000ff600000| Complete 
|  55|0x00000000ff700000, 0x00000000ff800000, 0x00000000ff800000|100%| E|CS|TAMS 0x00000000ff700000, 0x00000000ff700000| Complete 
|  56|0x00000000ff800000, 0x00000000ff900000, 0x00000000ff900000|100%| E|CS|TAMS 0x00000000ff800000, 0x00000000ff800000| Complete 
|  57|0x00000000ff900000, 0x00000000ffa00000, 0x00000000ffa00000|100%| E|CS|TAMS 0x00000000ff900000, 0x00000000ff900000| Complete 
|  58|0x00000000ffa00000, 0x00000000ffb00000, 0x00000000ffb00000|100%| E|CS|TAMS 0x00000000ffa00000, 0x00000000ffa00000| Complete 
|  59|0x00000000ffb00000, 0x00000000ffc00000, 0x00000000ffc00000|100%| E|CS|TAMS 0x00000000ffb00000, 0x00000000ffb00000| Complete 
|  60|0x00000000ffc00000, 0x00000000ffd00000, 0x00000000ffd00000|100%| E|CS|TAMS 0x00000000ffc00000, 0x00000000ffc00000| Complete 
|  61|0x00000000ffd00000, 0x00000000ffe00000, 0x00000000ffe00000|100%| E|CS|TAMS 0x00000000ffd00000, 0x00000000ffd00000| Complete 
|  62|0x00000000ffe00000, 0x00000000ffe78000, 0x00000000fff00000| 46%|OA|  |TAMS 0x00000000ffe00000, 0x00000000ffe00000| Untracked 
|  63|0x00000000fff00000, 0x00000000fff83000, 0x0000000100000000| 51%|CA|  |TAMS 0x00000000fff00000, 0x00000000fff00000| Untracked 

Card table byte_map: [0x00007faa78fd2000,0x00007faa78ff2000] _byte_map_base: 0x00007faa787f2000

Marking Bits (Prev, Next): (CMBitMap*) 0x00007faa74047c60, (CMBitMap*) 0x00007faa74047ca0
 Prev Bits: [0x00007faa78eb2000, 0x00007faa78fb2000)
 Next Bits: [0x00007faa78db2000, 0x00007faa78eb2000)

Polling page: 0x00007faa7b1f5000

Metaspace:

Usage:
  Non-class:      6.87 MB used.
      Class:      1.09 MB used.
       Both:      7.96 MB used.

Virtual space:
  Non-class space:        8.00 MB reserved,       7.00 MB ( 88%) committed,  1 nodes.
      Class space:        1.00 GB reserved,       1.19 MB ( <1%) committed,  1 nodes.
             Both:        1.01 GB reserved,       8.19 MB ( <1%) committed. 

Chunk freelists:
   Non-Class:  224.00 KB
       Class:  2.85 MB
        Both:  3.07 MB

MaxMetaspaceSize: unlimited
CompressedClassSpaceSize: 1.00 GB
Initial GC threshold: 21.00 MB
Current GC threshold: 21.00 MB
CDS: on
MetaspaceReclaimPolicy: balanced
 - commit_granule_bytes: 65536.
 - commit_granule_words: 8192.
 - virtual_space_node_default_size: 1048576.
 - enlarge_chunks_in_place: 1.
 - new_chunks_are_fully_committed: 0.
 - uncommit_free_chunks: 1.
 - use_allocation_guard: 0.
 - handle_deallocations: 1.


Internal statistics:

num_allocs_failed_limit: 0.
num_arena_births: 66.
num_arena_deaths: 0.
num_vsnodes_births: 2.
num_vsnodes_deaths: 0.
num_space_committed: 131.
num_space_uncommitted: 0.
num_chunks_returned_to_freelist: 0.
num_chunks_taken_from_freelist: 288.
num_chunk_merges: 0.
num_chunk_splits: 195.
num_chunks_enlarged: 165.
num_purges: 0.
num_inconsistent_stats: 0.

CodeHeap 'non-profiled nmethods': size=120028Kb used=405Kb max_used=405Kb free=119622Kb
 bounds [0x00007faa64cc9000, 0x00007faa64f39000, 0x00007faa6c200000]
CodeHeap 'profiled nmethods': size=120028Kb used=2081Kb max_used=2081Kb free=117946Kb
 bounds [0x00007faa5d792000, 0x00007faa5da02000, 0x00007faa64cc9000]
CodeHeap 'non-nmethods': size=5704Kb used=1158Kb max_used=1178Kb free=4545Kb
 bounds [0x00007faa5d200000, 0x00007faa5d470000, 0x00007faa5d792000]
 total_blobs=1642 nmethods=1189 adapters=367
 compilation: enabled
              stopped_count=0, restarted_count=0
 full_count=0

Compilation events (20 events):
Event: 23.513 Thread 0x00007faa740cb1b0 1181       3       java.lang.Integer::toString (55 bytes)
Event: 23.514 Thread 0x00007faa740cb1b0 nmethod 1181 0x00007faa5d997510 code [0x00007faa5d9976e0, 0x00007faa5d997a70]
Event: 23.613 Thread 0x00007faa740cb1b0 1182       3       java.util.concurrent.atomic.AtomicLong::compareAndSet (13 bytes)
Event: 23.613 Thread 0x00007faa740cb1b0 nmethod 1182 0x00007faa5d997c10 code [0x00007faa5d997da0, 0x00007faa5d997ed0]
Event: 24.213 Thread 0x00007faa740cb1b0 1183       3       java.util.Collections::singletonList (9 bytes)
Event: 24.214 Thread 0x00007faa740cb1b0 nmethod 1183 0x00007faa5d997f90 code [0x00007faa5d998140, 0x00007faa5d998450]
Event: 24.214 Thread 0x00007faa740cb1b0 1184       3       java.util.Collections$SingletonList::<init> (10 bytes)
Event: 24.215 Thread 0x00007faa740cb1b0 nmethod 1184 0x00007faa5d998590 code [0x00007faa5d998740, 0x00007faa5d9989d0]
Event: 24.413 Thread 0x00007faa740cb1b0 1185       3       java.util.HashMap::values (25 bytes)
Event: 24.414 Thread 0x00007faa740cb1b0 nmethod 1185 0x00007faa5d998b10 code [0x00007faa5d998cc0, 0x00007faa5d999030]
Event: 24.513 Thread 0x00007faa740c9c70 1186       4       java.lang.StringBuilder::append (8 bytes)
Event: 24.516 Thread 0x00007faa740c9c70 nmethod 1186 0x00007faa64d2dd90 code [0x00007faa64d2df20, 0x00007faa64d2e458]
Event: 24.713 Thread 0x00007faa740cb1b0 1187       3       java.util.HashMap$Values::iterator (12 bytes)
Event: 24.714 Thread 0x00007faa740cb1b0 nmethod 1187 0x00007faa5d999190 code [0x00007faa5d999340, 0x00007faa5d9995a0]
Event: 24.714 Thread 0x00007faa740cb1b0 1188       3       java.util.HashMap$ValueIterator::<init> (11 bytes)
Event: 24.714 Thread 0x00007faa740cb1b0 nmethod 1188 0x00007faa5d999690 code [0x00007faa5d999840, 0x00007faa5d9999c0]
Event: 24.813 Thread 0x00007faa740cb1b0 1189       3       java.util.ArrayDeque::iterator (9 bytes)
Event: 24.814 Thread 0x00007faa740cb1b0 nmethod 1189 0x00007faa5d999a90 code [0x00007faa5d999c60, 0x00007faa5d99a010]
Event: 24.814 Thread 0x00007faa740cb1b0 1190       3       java.util.ArrayDeque$DeqIterator::<init> (34 bytes)
Event: 24.814 Thread 0x00007faa740cb1b0 nmethod 1190 0x00007faa5d99a190 code [0x00007faa5d99a340, 0x00007faa5d99a630]

GC Heap History (2 events):
Event: 0.315 GC heap before
{Heap before GC invocations=0 (full 0):
 garbage-first heap   total 65536K, used 26604K [0x00000000fc000000, 0x0000000100000000)
  region size 1024K, 23 young (23552K), 0 survivors (0K)
 Metaspace       used 4344K, committed 4544K, reserved 1056768K
  class space    used 574K, committed 704K, reserved 1048576K
}
Event: 0.317 GC heap after
{Heap after GC invocations=1 (full 0):
 garbage-first heap   total 65536K, used 9906K [0x00000000fc000000, 0x0000000100000000)
  region size 1024K, 3 young (3072K), 3 survivors (3072K)
 Metaspace       used 4344K, committed 4544K, reserved 1056768K
  class space    used 574K, committed 704K, reserved 1048576K
}

Dll operation events (14 events):
Event: 0.001 Loaded shared library /home/kenny/.sdkman/candidates/java/17.0.5-zulu/lib/libjava.so
Event: 0.006 Loaded shared library /home/kenny/.sdkman/candidates/java/17.0.5-zulu/lib/libjsvml.so
Event: 0.014 Loaded shared library /home/kenny/.sdkman/candidates/java/17.0.5-zulu/lib/libnio.so
Event: 0.018 Loaded shared library /home/kenny/.sdkman/candidates/java/17.0.5-zulu/lib/libzip.so
Event: 0.065 Loaded shared library /home/kenny/.sdkman/candidates/java/17.0.5-zulu/lib/libnet.so
Event: 0.137 Loaded shared library /home/kenny/.sdkman/candidates/java/17.0.5-zulu/lib/libjimage.so
Event: 0.167 Loaded shared library /home/kenny/.sdkman/candidates/java/17.0.5-zulu/lib/libverify.so
Event: 0.285 Loaded shared library /home/kenny/.gradle/native/68d5fa5c4cc2d200863cafc0d521ce42e7d3e7ee720ec0a83991735586a16f82/linux-amd64/libnative-platform.so
Event: 0.290 Loading shared library /home/kenny/.gradle/native/68d5fa5c4cc2d200863cafc0d521ce42e7d3e7ee720ec0a83991735586a16f82/linux-amd64-ncurses5/libnative-platform-curses.so failed, libtinfo.so.5: cannot open shared object file: No such file or directory
Event: 0.292 Loaded shared library /home/kenny/.gradle/native/68d5fa5c4cc2d200863cafc0d521ce42e7d3e7ee720ec0a83991735586a16f82/linux-amd64-ncurses6/libnative-platform-curses.so
Event: 0.303 Loaded shared library /home/kenny/.gradle/native/jansi/1.18/linux64/libjansi.so
Event: 0.370 Loaded shared library /home/kenny/.sdkman/candidates/java/17.0.5-zulu/lib/libmanagement.so
Event: 0.371 Loaded shared library /home/kenny/.sdkman/candidates/java/17.0.5-zulu/lib/libmanagement_ext.so
Event: 0.431 Loaded shared library /home/kenny/.sdkman/candidates/java/17.0.5-zulu/lib/libextnet.so

Deoptimization events (20 events):
Event: 0.253 Thread 0x00007faa74025620 DEOPT PACKING pc=0x00007faa64ce2ec0 sp=0x00007faa79b14d30
Event: 0.253 Thread 0x00007faa74025620 DEOPT UNPACKING pc=0x00007faa5d252099 sp=0x00007faa79b14ce8 mode 2
Event: 0.254 Thread 0x00007faa74025620 Uncommon trap: trap_request=0xffffff45 fr.pc=0x00007faa64cd2f74 relative=0x0000000000000054
Event: 0.254 Thread 0x00007faa74025620 Uncommon trap: reason=unstable_if action=reinterpret pc=0x00007faa64cd2f74 method=java.util.regex.Pattern.has(I)Z @ 6 c2
Event: 0.254 Thread 0x00007faa74025620 DEOPT PACKING pc=0x00007faa64cd2f74 sp=0x00007faa79b14b10
Event: 0.254 Thread 0x00007faa74025620 DEOPT UNPACKING pc=0x00007faa5d252099 sp=0x00007faa79b14ac0 mode 2
Event: 0.356 Thread 0x00007faa74025620 Uncommon trap: trap_request=0xffffff45 fr.pc=0x00007faa64d0aae0 relative=0x00000000000004a0
Event: 0.356 Thread 0x00007faa74025620 Uncommon trap: reason=unstable_if action=reinterpret pc=0x00007faa64d0aae0 method=java.util.HashMap.hash(Ljava/lang/Object;)I @ 1 c2
Event: 0.356 Thread 0x00007faa74025620 DEOPT PACKING pc=0x00007faa64d0aae0 sp=0x00007faa79b14800
Event: 0.356 Thread 0x00007faa74025620 DEOPT UNPACKING pc=0x00007faa5d252099 sp=0x00007faa79b146c8 mode 2
Event: 0.357 Thread 0x00007faa74025620 Uncommon trap: trap_request=0xffffff45 fr.pc=0x00007faa64d09d38 relative=0x0000000000000478
Event: 0.357 Thread 0x00007faa74025620 Uncommon trap: reason=unstable_if action=reinterpret pc=0x00007faa64d09d38 method=java.util.HashMap.hash(Ljava/lang/Object;)I @ 1 c2
Event: 0.357 Thread 0x00007faa74025620 DEOPT PACKING pc=0x00007faa64d09d38 sp=0x00007faa79b147a0
Event: 0.357 Thread 0x00007faa74025620 DEOPT UNPACKING pc=0x00007faa5d252099 sp=0x00007faa79b146d8 mode 2
Event: 0.374 Thread 0x00007faa74025620 Uncommon trap: trap_request=0xffffff45 fr.pc=0x00007faa64cf2654 relative=0x0000000000001c74
Event: 0.374 Thread 0x00007faa74025620 Uncommon trap: reason=unstable_if action=reinterpret pc=0x00007faa64cf2654 method=java.util.HashMap.putVal(ILjava/lang/Object;Ljava/lang/Object;ZZ)Ljava/lang/Object; @ 236 c2
Event: 0.374 Thread 0x00007faa74025620 DEOPT PACKING pc=0x00007faa64cf2654 sp=0x00007faa79b13f60
Event: 0.374 Thread 0x00007faa74025620 DEOPT UNPACKING pc=0x00007faa5d252099 sp=0x00007faa79b13f48 mode 2
Event: 0.410 Thread 0x00007faa74025620 DEOPT PACKING pc=0x00007faa5d887428 sp=0x00007faa79b126a0
Event: 0.410 Thread 0x00007faa74025620 DEOPT UNPACKING pc=0x00007faa5d25282f sp=0x00007faa79b11bd8 mode 0

Classes unloaded (0 events):
No events

Classes redefined (0 events):
No events

Internal exceptions (16 events):
Event: 0.089 Thread 0x00007faa74025620 Exception <a 'java/lang/NoSuchMethodError'{0x00000000ffa2e298}: 'int java.lang.invoke.DirectMethodHandle$Holder.invokeStaticInit(java.lang.Object, java.lang.Object)'> (0x00000000ffa2e298) 
thrown [src/hotspot/share/interpreter/linkResolver.cpp, line 759]
Event: 0.255 Thread 0x00007faa74025620 Exception <a 'java/lang/NoSuchMethodError'{0x00000000fea99430}: 'void java.lang.invoke.DirectMethodHandle$Holder.invokeStatic(java.lang.Object, java.lang.Object)'> (0x00000000fea99430) 
thrown [src/hotspot/share/interpreter/linkResolver.cpp, line 759]
Event: 0.265 Thread 0x00007faa74025620 Exception <a 'java/lang/NoClassDefFoundError'{0x00000000feafe218}: org/slf4j/impl/StaticMarkerBinder> (0x00000000feafe218) 
thrown [src/hotspot/share/classfile/systemDictionary.cpp, line 248]
Event: 0.273 Thread 0x00007faa74025620 Exception <a 'java/lang/NoSuchMethodError'{0x00000000fe998368}: 'java.lang.Object java.lang.invoke.DirectMethodHandle$Holder.invokeVirtual(java.lang.Object, java.lang.Object, java.lang.Object, java.lang.Object, java.lang.Object, java.lang.Object, java.lang.Object)'> (0x00000000fe998368) 
thrown [src/hotspot/share/interpreter/linkResolver.cpp, line 759]
Event: 0.274 Thread 0x00007faa74025620 Exception <a 'java/lang/NoSuchMethodError'{0x00000000fe9a98a0}: 'java.lang.Object java.lang.invoke.Invokers$Holder.invoker(java.lang.Object, java.lang.Object, java.lang.Object)'> (0x00000000fe9a98a0) 
thrown [src/hotspot/share/interpreter/linkResolver.cpp, line 759]
Event: 0.275 Thread 0x00007faa74025620 Exception <a 'java/lang/NoSuchMethodError'{0x00000000fe9b21e0}: 'java.lang.Object java.lang.invoke.DirectMethodHandle$Holder.invokeStatic(java.lang.Object, java.lang.Object, int)'> (0x00000000fe9b21e0) 
thrown [src/hotspot/share/interpreter/linkResolver.cpp, line 759]
Event: 0.276 Thread 0x00007faa74025620 Exception <a 'java/lang/NoSuchMethodError'{0x00000000fe9bde98}: 'void java.lang.invoke.DelegatingMethodHandle$Holder.delegate(java.lang.Object, java.lang.Object, int, java.lang.Object)'> (0x00000000fe9bde98) 
thrown [src/hotspot/share/interpreter/linkResolver.cpp, line 759]
Event: 0.277 Thread 0x00007faa74025620 Exception <a 'java/lang/NoSuchMethodError'{0x00000000fe9c1fb0}: 'int java.lang.invoke.DirectMethodHandle$Holder.invokeSpecial(java.lang.Object, java.lang.Object, java.lang.Object)'> (0x00000000fe9c1fb0) 
thrown [src/hotspot/share/interpreter/linkResolver.cpp, line 759]
Event: 0.278 Thread 0x00007faa74025620 Exception <a 'java/lang/NoSuchMethodError'{0x00000000fe9d4fd8}: 'java.lang.Object java.lang.invoke.Invokers$Holder.invokeExact_MT(java.lang.Object, java.lang.Object, java.lang.Object, java.lang.Object)'> (0x00000000fe9d4fd8) 
thrown [src/hotspot/share/interpreter/linkResolver.cpp, line 759]
Event: 0.290 Thread 0x00007faa74025620 Exception <a 'java/lang/UnsatisfiedLinkError'{0x00000000fe88e290}> (0x00000000fe88e290) 
thrown [src/hotspot/share/prims/jvm.cpp, line 3392]
Event: 0.290 Thread 0x00007faa74025620 Exception <a 'java/lang/UnsatisfiedLinkError'{0x00000000fe88e290}> (0x00000000fe88e290) 
thrown [src/hotspot/share/prims/jni.cpp, line 516]
Event: 0.351 Thread 0x00007faa74025620 Exception <a 'java/lang/NoSuchMethodError'{0x00000000ffb7e4b8}: 'void java.lang.invoke.DirectMethodHandle$Holder.invokeSpecial(java.lang.Object, java.lang.Object, java.lang.Object)'> (0x00000000ffb7e4b8) 
thrown [src/hotspot/share/interpreter/linkResolver.cpp, line 759]
Event: 0.356 Thread 0x00007faa74025620 Implicit null exception at 0x00007faa64d0a68c to 0x00007faa64d0aac4
Event: 0.357 Thread 0x00007faa74025620 Implicit null exception at 0x00007faa64d0990c to 0x00007faa64d09d1c
Event: 0.369 Thread 0x00007faa74025620 Exception <a 'java/lang/NoSuchMethodError'{0x00000000ff9116a8}: 'java.lang.Object java.lang.invoke.DirectMethodHandle$Holder.invokeStaticInit(java.lang.Object)'> (0x00000000ff9116a8) 
thrown [src/hotspot/share/interpreter/linkResolver.cpp, line 759]
Event: 0.432 Thread 0x00007faa74025620 Exception <a 'java/lang/NoSuchMethodError'{0x00000000ff401b48}: 'void java.lang.invoke.DirectMethodHandle$Holder.invokeStatic(java.lang.Object, java.lang.Object, java.lang.Object)'> (0x00000000ff401b48) 
thrown [src/hotspot/share/interpreter/linkResolver.cpp, line 759]

VM Operations (20 events):
Event: 3.816 Executing VM operation: Cleanup
Event: 3.816 Executing VM operation: Cleanup done
Event: 4.816 Executing VM operation: Cleanup
Event: 4.816 Executing VM operation: Cleanup done
Event: 6.816 Executing VM operation: Cleanup
Event: 6.816 Executing VM operation: Cleanup done
Event: 8.816 Executing VM operation: Cleanup
Event: 8.817 Executing VM operation: Cleanup done
Event: 9.817 Executing VM operation: Cleanup
Event: 9.817 Executing VM operation: Cleanup done
Event: 10.817 Executing VM operation: Cleanup
Event: 10.817 Executing VM operation: Cleanup done
Event: 13.818 Executing VM operation: Cleanup
Event: 13.818 Executing VM operation: Cleanup done
Event: 19.818 Executing VM operation: Cleanup
Event: 19.819 Executing VM operation: Cleanup done
Event: 22.819 Executing VM operation: Cleanup
Event: 22.819 Executing VM operation: Cleanup done
Event: 23.819 Executing VM operation: Cleanup
Event: 23.819 Executing VM operation: Cleanup done

Events (20 events):
Event: 0.489 loading class jdk/internal/reflect/ByteVector done
Event: 0.489 loading class jdk/internal/reflect/ByteVectorImpl done
Event: 0.489 loading class jdk/internal/reflect/ClassFileAssembler
Event: 0.489 loading class jdk/internal/reflect/ClassFileAssembler done
Event: 0.489 loading class jdk/internal/reflect/UTF8
Event: 0.489 loading class jdk/internal/reflect/UTF8 done
Event: 0.489 loading class jdk/internal/reflect/Label
Event: 0.489 loading class jdk/internal/reflect/Label done
Event: 0.489 loading class jdk/internal/reflect/Label$PatchInfo
Event: 0.490 loading class jdk/internal/reflect/Label$PatchInfo done
Event: 0.490 loading class jdk/internal/reflect/MethodAccessorGenerator$1
Event: 0.490 loading class jdk/internal/reflect/MethodAccessorGenerator$1 done
Event: 0.490 loading class jdk/internal/reflect/ClassDefiner
Event: 0.490 loading class jdk/internal/reflect/ClassDefiner done
Event: 0.490 loading class jdk/internal/reflect/ClassDefiner$1
Event: 0.490 loading class jdk/internal/reflect/ClassDefiner$1 done
Event: 0.615 loading class java/util/AbstractList$ListItr
Event: 0.615 loading class java/util/AbstractList$ListItr done
Event: 0.815 loading class java/util/ArrayList$ListItr
Event: 0.815 loading class java/util/ArrayList$ListItr done


Dynamic libraries:
fc000000-ffe00000 rw-p 00000000 00:00 0 
ffe00000-ffe78000 rw-p 00ccf000 00:17 578308                             /home/kenny/.sdkman/candidates/java/17.0.5-zulu/lib/server/classes.jsa
ffe78000-fff00000 rw-p 00000000 00:00 0 
fff00000-fff83000 rw-p 00c4c000 00:17 578308                             /home/kenny/.sdkman/candidates/java/17.0.5-zulu/lib/server/classes.jsa
fff83000-100000000 rw-p 00000000 00:00 0 
800000000-800485000 rw-p 00001000 00:17 578308                           /home/kenny/.sdkman/candidates/java/17.0.5-zulu/lib/server/classes.jsa
800485000-800c12000 r--p 00486000 00:17 578308                           /home/kenny/.sdkman/candidates/java/17.0.5-zulu/lib/server/classes.jsa
800c12000-801000000 ---p 00000000 00:00 0 
801000000-801040000 rw-p 00000000 00:00 0 
801040000-801080000 rw-p 00000000 00:00 0 
801080000-801100000 rw-p 00000000 00:00 0 
801100000-801130000 rw-p 00000000 00:00 0 
801130000-841000000 ---p 00000000 00:00 0 
55c7b0d61000-55c7b0d62000 r-xp 00000000 00:17 578129                     /home/kenny/.sdkman/candidates/java/17.0.5-zulu/bin/java
55c7b0d63000-55c7b0d64000 r--p 00001000 00:17 578129                     /home/kenny/.sdkman/candidates/java/17.0.5-zulu/bin/java
55c7b0d64000-55c7b0d65000 rw-p 00002000 00:17 578129                     /home/kenny/.sdkman/candidates/java/17.0.5-zulu/bin/java
55c7b1401000-55c7b1449000 rw-p 00000000 00:00 0                          [heap]
7fa9f8000000-7fa9f8021000 rw-p 00000000 00:00 0 
7fa9f8021000-7fa9fc000000 ---p 00000000 00:00 0 
7faa00000000-7faa00021000 rw-p 00000000 00:00 0 
7faa00021000-7faa04000000 ---p 00000000 00:00 0 
7faa04000000-7faa04021000 rw-p 00000000 00:00 0 
7faa04021000-7faa08000000 ---p 00000000 00:00 0 
7faa08000000-7faa08021000 rw-p 00000000 00:00 0 
7faa08021000-7faa0c000000 ---p 00000000 00:00 0 
7faa0c000000-7faa0c021000 rw-p 00000000 00:00 0 
7faa0c021000-7faa10000000 ---p 00000000 00:00 0 
7faa10000000-7faa10021000 rw-p 00000000 00:00 0 
7faa10021000-7faa14000000 ---p 00000000 00:00 0 
7faa14000000-7faa14027000 rw-p 00000000 00:00 0 
7faa14027000-7faa18000000 ---p 00000000 00:00 0 
7faa18000000-7faa18021000 rw-p 00000000 00:00 0 
7faa18021000-7faa1c000000 ---p 00000000 00:00 0 
7faa1c000000-7faa1c021000 rw-p 00000000 00:00 0 
7faa1c021000-7faa20000000 ---p 00000000 00:00 0 
7faa20000000-7faa201cd000 rw-p 00000000 00:00 0 
7faa201cd000-7faa24000000 ---p 00000000 00:00 0 
7faa24000000-7faa24021000 rw-p 00000000 00:00 0 
7faa24021000-7faa28000000 ---p 00000000 00:00 0 
7faa28000000-7faa28021000 rw-p 00000000 00:00 0 
7faa28021000-7faa2c000000 ---p 00000000 00:00 0 
7faa2c000000-7faa2c434000 rw-p 00000000 00:00 0 
7faa2c434000-7faa30000000 ---p 00000000 00:00 0 
7faa30000000-7faa30021000 rw-p 00000000 00:00 0 
7faa30021000-7faa34000000 ---p 00000000 00:00 0 
7faa34000000-7faa34021000 rw-p 00000000 00:00 0 
7faa34021000-7faa38000000 ---p 00000000 00:00 0 
7faa38000000-7faa38021000 rw-p 00000000 00:00 0 
7faa38021000-7faa3c000000 ---p 00000000 00:00 0 
7faa3c000000-7faa3c021000 rw-p 00000000 00:00 0 
7faa3c021000-7faa40000000 ---p 00000000 00:00 0 
7faa40000000-7faa40021000 rw-p 00000000 00:00 0 
7faa40021000-7faa44000000 ---p 00000000 00:00 0 
7faa44000000-7faa44021000 rw-p 00000000 00:00 0 
7faa44021000-7faa48000000 ---p 00000000 00:00 0 
7faa48000000-7faa48021000 rw-p 00000000 00:00 0 
7faa48021000-7faa4c000000 ---p 00000000 00:00 0 
7faa4c40b000-7faa4c800000 rw-p 00000000 00:00 0 
7faa4c800000-7faa4c804000 ---p 00000000 00:00 0 
7faa4c804000-7faa4c900000 rw-p 00000000 00:00 0 
7faa4c900000-7faa4c904000 ---p 00000000 00:00 0 
7faa4c904000-7faa4ca00000 rw-p 00000000 00:00 0 
7faa4ca00000-7faa4ca03000 r-xp 00000000 00:17 583567                     /home/kenny/.gradle/native/jansi/1.18/linux64/libjansi.so
7faa4ca03000-7faa4cc02000 ---p 00003000 00:17 583567                     /home/kenny/.gradle/native/jansi/1.18/linux64/libjansi.so
7faa4cc02000-7faa4cc03000 rw-p 00002000 00:17 583567                     /home/kenny/.gradle/native/jansi/1.18/linux64/libjansi.so
7faa4ccfe000-7faa4ccff000 ---p 00000000 00:00 0 
7faa4ccff000-7faa4ce00000 rw-p 00000000 00:00 0 
7faa4ce00000-7faa4ce99000 r--p 00000000 00:17 4550                       /usr/lib/libstdc++.so.6.0.30
7faa4ce99000-7faa4cfaf000 r-xp 00099000 00:17 4550                       /usr/lib/libstdc++.so.6.0.30
7faa4cfaf000-7faa4d026000 r--p 001af000 00:17 4550                       /usr/lib/libstdc++.so.6.0.30
7faa4d026000-7faa4d033000 r--p 00225000 00:17 4550                       /usr/lib/libstdc++.so.6.0.30
7faa4d033000-7faa4d034000 rw-p 00232000 00:17 4550                       /usr/lib/libstdc++.so.6.0.30
7faa4d034000-7faa4d037000 rw-p 00000000 00:00 0 
7faa4d0fe000-7faa4d0ff000 ---p 00000000 00:00 0 
7faa4d0ff000-7faa4d200000 rw-p 00000000 00:00 0 
7faa4d200000-7faa4d204000 r-xp 00000000 00:17 659003                     /home/kenny/.gradle/native/68d5fa5c4cc2d200863cafc0d521ce42e7d3e7ee720ec0a83991735586a16f82/linux-amd64-ncurses6/libnative-platform-curses.so
7faa4d204000-7faa4d403000 ---p 00004000 00:17 659003                     /home/kenny/.gradle/native/68d5fa5c4cc2d200863cafc0d521ce42e7d3e7ee720ec0a83991735586a16f82/linux-amd64-ncurses6/libnative-platform-curses.so
7faa4d403000-7faa4d404000 r--p 00003000 00:17 659003                     /home/kenny/.gradle/native/68d5fa5c4cc2d200863cafc0d521ce42e7d3e7ee720ec0a83991735586a16f82/linux-amd64-ncurses6/libnative-platform-curses.so
7faa4d404000-7faa4d405000 rw-p 00004000 00:17 659003                     /home/kenny/.gradle/native/68d5fa5c4cc2d200863cafc0d521ce42e7d3e7ee720ec0a83991735586a16f82/linux-amd64-ncurses6/libnative-platform-curses.so
7faa4d4fe000-7faa4d4ff000 ---p 00000000 00:00 0 
7faa4d4ff000-7faa4d600000 rw-p 00000000 00:00 0 
7faa4d600000-7faa4d605000 r-xp 00000000 00:17 583563                     /home/kenny/.gradle/native/68d5fa5c4cc2d200863cafc0d521ce42e7d3e7ee720ec0a83991735586a16f82/linux-amd64/libnative-platform.so
7faa4d605000-7faa4d805000 ---p 00005000 00:17 583563                     /home/kenny/.gradle/native/68d5fa5c4cc2d200863cafc0d521ce42e7d3e7ee720ec0a83991735586a16f82/linux-amd64/libnative-platform.so
7faa4d805000-7faa4d806000 r--p 00005000 00:17 583563                     /home/kenny/.gradle/native/68d5fa5c4cc2d200863cafc0d521ce42e7d3e7ee720ec0a83991735586a16f82/linux-amd64/libnative-platform.so
7faa4d806000-7faa4d807000 rw-p 00006000 00:17 583563                     /home/kenny/.gradle/native/68d5fa5c4cc2d200863cafc0d521ce42e7d3e7ee720ec0a83991735586a16f82/linux-amd64/libnative-platform.so
7faa4d8fe000-7faa4d902000 ---p 00000000 00:00 0 
7faa4d902000-7faa4d9fe000 rw-p 00000000 00:00 0 
7faa4d9fe000-7faa4da02000 ---p 00000000 00:00 0 
7faa4da02000-7faa4dafe000 rw-p 00000000 00:00 0 
7faa4dafe000-7faa4daff000 ---p 00000000 00:00 0 
7faa4daff000-7faa4dc00000 rw-p 00000000 00:00 0 
7faa4dc00000-7faa4dc04000 ---p 00000000 00:00 0 
7faa4dc04000-7faa4dd00000 rw-p 00000000 00:00 0 
7faa4dd00000-7faa4dd04000 ---p 00000000 00:00 0 
7faa4dd04000-7faa4de00000 rw-p 00000000 00:00 0 
7faa4de00000-7faa4de04000 ---p 00000000 00:00 0 
7faa4de04000-7faa4df00000 rw-p 00000000 00:00 0 
7faa4df00000-7faa4df04000 ---p 00000000 00:00 0 
7faa4df04000-7faa50000000 rw-p 00000000 00:00 0 
7faa50000000-7faa50021000 rw-p 00000000 00:00 0 
7faa50021000-7faa54000000 ---p 00000000 00:00 0 
7faa54000000-7faa54021000 rw-p 00000000 00:00 0 
7faa54021000-7faa58000000 ---p 00000000 00:00 0 
7faa58000000-7faa58021000 rw-p 00000000 00:00 0 
7faa58021000-7faa5c000000 ---p 00000000 00:00 0 
7faa5c000000-7faa5c004000 ---p 00000000 00:00 0 
7faa5c004000-7faa5c100000 rw-p 00000000 00:00 0 
7faa5c100000-7faa5c104000 ---p 00000000 00:00 0 
7faa5c104000-7faa5c200000 rw-p 00000000 00:00 0 
7faa5c200000-7faa5c4e9000 r--p 00000000 00:17 46319                      /usr/lib/locale/locale-archive
7faa5c500000-7faa5c504000 ---p 00000000 00:00 0 
7faa5c504000-7faa5c600000 rw-p 00000000 00:00 0 
7faa5c600000-7faa5c604000 ---p 00000000 00:00 0 
7faa5c604000-7faa5c700000 rw-p 00000000 00:00 0 
7faa5c700000-7faa5c704000 ---p 00000000 00:00 0 
7faa5c704000-7faa5cb30000 rw-p 00000000 00:00 0 
7faa5cb30000-7faa5cc00000 ---p 00000000 00:00 0 
7faa5cc00000-7faa5cfd0000 rw-p 00000000 00:00 0 
7faa5cfd0000-7faa5d000000 ---p 00000000 00:00 0 
7faa5d08a000-7faa5d0a0000 r--p 00000000 00:17 4619                       /usr/lib/libncursesw.so.6.3
7faa5d0a0000-7faa5d0e1000 r-xp 00016000 00:17 4619                       /usr/lib/libncursesw.so.6.3
7faa5d0e1000-7faa5d0f8000 r--p 00057000 00:17 4619                       /usr/lib/libncursesw.so.6.3
7faa5d0f8000-7faa5d0f9000 ---p 0006e000 00:17 4619                       /usr/lib/libncursesw.so.6.3
7faa5d0f9000-7faa5d0fd000 r--p 0006e000 00:17 4619                       /usr/lib/libncursesw.so.6.3
7faa5d0fd000-7faa5d0fe000 rw-p 00072000 00:17 4619                       /usr/lib/libncursesw.so.6.3
7faa5d0fe000-7faa5d0ff000 ---p 00000000 00:00 0 
7faa5d0ff000-7faa5d200000 rw-p 00000000 00:00 0 
7faa5d200000-7faa5d470000 rwxp 00000000 00:00 0 
7faa5d470000-7faa5d792000 ---p 00000000 00:00 0 
7faa5d792000-7faa5da02000 rwxp 00000000 00:00 0 
7faa5da02000-7faa64cc9000 ---p 00000000 00:00 0 
7faa64cc9000-7faa64f39000 rwxp 00000000 00:00 0 
7faa64f39000-7faa6c200000 ---p 00000000 00:00 0 
7faa6c200000-7faa73e0c000 r--s 00000000 00:17 578356                     /home/kenny/.sdkman/candidates/java/17.0.5-zulu/lib/modules
7faa73e11000-7faa73e12000 r--p 00000000 00:17 3757                       /usr/lib/libutil.so.1
7faa73e12000-7faa73e13000 r-xp 00001000 00:17 3757                       /usr/lib/libutil.so.1
7faa73e13000-7faa73e14000 r--p 00002000 00:17 3757                       /usr/lib/libutil.so.1
7faa73e14000-7faa73e15000 r--p 00002000 00:17 3757                       /usr/lib/libutil.so.1
7faa73e15000-7faa73e16000 rw-p 00003000 00:17 3757                       /usr/lib/libutil.so.1
7faa73e16000-7faa73e19000 r--p 00000000 00:17 4520                       /usr/lib/libgcc_s.so.1
7faa73e19000-7faa73e30000 r-xp 00003000 00:17 4520                       /usr/lib/libgcc_s.so.1
7faa73e30000-7faa73e34000 r--p 0001a000 00:17 4520                       /usr/lib/libgcc_s.so.1
7faa73e34000-7faa73e35000 r--p 0001d000 00:17 4520                       /usr/lib/libgcc_s.so.1
7faa73e35000-7faa73e36000 rw-p 0001e000 00:17 4520                       /usr/lib/libgcc_s.so.1
7faa73e3f000-7faa73e44000 r-xp 00000000 00:17 578326                     /home/kenny/.sdkman/candidates/java/17.0.5-zulu/lib/libmanagement_ext.so
7faa73e44000-7faa73e45000 ---p 00005000 00:17 578326                     /home/kenny/.sdkman/candidates/java/17.0.5-zulu/lib/libmanagement_ext.so
7faa73e45000-7faa73e46000 r--p 00005000 00:17 578326                     /home/kenny/.sdkman/candidates/java/17.0.5-zulu/lib/libmanagement_ext.so
7faa73e46000-7faa73e47000 rw-p 00006000 00:17 578326                     /home/kenny/.sdkman/candidates/java/17.0.5-zulu/lib/libmanagement_ext.so
7faa73e47000-7faa73e4b000 r-xp 00000000 00:17 578323                     /home/kenny/.sdkman/candidates/java/17.0.5-zulu/lib/libmanagement.so
7faa73e4b000-7faa73e4c000 r--p 00003000 00:17 578323                     /home/kenny/.sdkman/candidates/java/17.0.5-zulu/lib/libmanagement.so
7faa73e4c000-7faa73e4d000 rw-p 00004000 00:17 578323                     /home/kenny/.sdkman/candidates/java/17.0.5-zulu/lib/libmanagement.so
7faa73e4d000-7faa73e5a000 r-xp 00000000 00:17 578310                     /home/kenny/.sdkman/candidates/java/17.0.5-zulu/lib/libverify.so
7faa73e5a000-7faa73e5c000 r--p 0000c000 00:17 578310                     /home/kenny/.sdkman/candidates/java/17.0.5-zulu/lib/libverify.so
7faa73e5c000-7faa73e5d000 rw-p 0000e000 00:17 578310                     /home/kenny/.sdkman/candidates/java/17.0.5-zulu/lib/libverify.so
7faa73e5d000-7faa73e64000 r-xp 00000000 00:17 578329                     /home/kenny/.sdkman/candidates/java/17.0.5-zulu/lib/libzip.so
7faa73e64000-7faa73e65000 ---p 00007000 00:17 578329                     /home/kenny/.sdkman/candidates/java/17.0.5-zulu/lib/libzip.so
7faa73e65000-7faa73e66000 r--p 00007000 00:17 578329                     /home/kenny/.sdkman/candidates/java/17.0.5-zulu/lib/libzip.so
7faa73e66000-7faa73e67000 rw-p 00008000 00:17 578329                     /home/kenny/.sdkman/candidates/java/17.0.5-zulu/lib/libzip.so
7faa73e67000-7faa73e98000 rw-p 00000000 00:00 0 
7faa73e98000-7faa73ead000 r-xp 00000000 00:17 578298                     /home/kenny/.sdkman/candidates/java/17.0.5-zulu/lib/libnet.so
7faa73ead000-7faa73eae000 r--p 00014000 00:17 578298                     /home/kenny/.sdkman/candidates/java/17.0.5-zulu/lib/libnet.so
7faa73eae000-7faa73eaf000 rw-p 00015000 00:17 578298                     /home/kenny/.sdkman/candidates/java/17.0.5-zulu/lib/libnet.so
7faa73eaf000-7faa73f7d000 r-xp 00000000 00:17 578328                     /home/kenny/.sdkman/candidates/java/17.0.5-zulu/lib/libjsvml.so
7faa73f7d000-7faa73f7e000 r--p 000cd000 00:17 578328                     /home/kenny/.sdkman/candidates/java/17.0.5-zulu/lib/libjsvml.so
7faa73f7e000-7faa73f7f000 rw-p 000ce000 00:17 578328                     /home/kenny/.sdkman/candidates/java/17.0.5-zulu/lib/libjsvml.so
7faa73f7f000-7faa74000000 rw-p 00000000 00:00 0 
7faa74000000-7faa74920000 rw-p 00000000 00:00 0 
7faa74920000-7faa78000000 ---p 00000000 00:00 0 
7faa78004000-7faa780a0000 rw-p 00000000 00:00 0 
7faa780a0000-7faa780a1000 ---p 00000000 00:00 0 
7faa780a1000-7faa781a2000 rw-p 00000000 00:00 0 
7faa781a2000-7faa781a3000 ---p 00000000 00:00 0 
7faa781a3000-7faa78aac000 rw-p 00000000 00:00 0 
7faa78aac000-7faa78aad000 ---p 00000000 00:00 0 
7faa78aad000-7faa78bae000 rw-p 00000000 00:00 0 
7faa78bae000-7faa78baf000 ---p 00000000 00:00 0 
7faa78baf000-7faa78cb0000 rw-p 00000000 00:00 0 
7faa78cb0000-7faa78cb1000 ---p 00000000 00:00 0 
7faa78cb1000-7faa78fd2000 rw-p 00000000 00:00 0 
7faa78fd2000-7faa7981f000 rw-p 00000000 00:00 0 
7faa7981f000-7faa79905000 ---p 00000000 00:00 0 
7faa79905000-7faa7990a000 rw-p 00000000 00:00 0 
7faa7990a000-7faa799f0000 ---p 00000000 00:00 0 
7faa799f0000-7faa79a14000 r-xp 00000000 00:17 578337                     /home/kenny/.sdkman/candidates/java/17.0.5-zulu/lib/libjava.so
7faa79a14000-7faa79a15000 ---p 00024000 00:17 578337                     /home/kenny/.sdkman/candidates/java/17.0.5-zulu/lib/libjava.so
7faa79a15000-7faa79a16000 r--p 00024000 00:17 578337                     /home/kenny/.sdkman/candidates/java/17.0.5-zulu/lib/libjava.so
7faa79a16000-7faa79a17000 rw-p 00025000 00:17 578337                     /home/kenny/.sdkman/candidates/java/17.0.5-zulu/lib/libjava.so
7faa79a17000-7faa79a18000 rw-p 00000000 00:00 0 
7faa79a18000-7faa79a1c000 ---p 00000000 00:00 0 
7faa79a1c000-7faa79b18000 rw-p 00000000 00:00 0 
7faa79b18000-7faa79b26000 r--p 00000000 00:17 3731                       /usr/lib/libm.so.6
7faa79b26000-7faa79ba0000 r-xp 0000e000 00:17 3731                       /usr/lib/libm.so.6
7faa79ba0000-7faa79bfe000 r--p 00088000 00:17 3731                       /usr/lib/libm.so.6
7faa79bfe000-7faa79bff000 r--p 000e5000 00:17 3731                       /usr/lib/libm.so.6
7faa79bff000-7faa79c00000 rw-p 000e6000 00:17 3731                       /usr/lib/libm.so.6
7faa79c00000-7faa7ae39000 r-xp 00000000 00:17 578306                     /home/kenny/.sdkman/candidates/java/17.0.5-zulu/lib/server/libjvm.so
7faa7ae39000-7faa7aef2000 r--p 01238000 00:17 578306                     /home/kenny/.sdkman/candidates/java/17.0.5-zulu/lib/server/libjvm.so
7faa7aef2000-7faa7af27000 rw-p 012f1000 00:17 578306                     /home/kenny/.sdkman/candidates/java/17.0.5-zulu/lib/server/libjvm.so
7faa7af27000-7faa7af81000 rw-p 00000000 00:00 0 
7faa7af81000-7faa7af83000 r-xp 00000000 00:17 578315                     /home/kenny/.sdkman/candidates/java/17.0.5-zulu/lib/libextnet.so
7faa7af83000-7faa7af84000 r--p 00001000 00:17 578315                     /home/kenny/.sdkman/candidates/java/17.0.5-zulu/lib/libextnet.so
7faa7af84000-7faa7af85000 rw-p 00002000 00:17 578315                     /home/kenny/.sdkman/candidates/java/17.0.5-zulu/lib/libextnet.so
7faa7af85000-7faa7af86000 r--p 00000000 00:17 4417                       /usr/share/locale/en_GB/LC_MESSAGES/libc.mo
7faa7af86000-7faa7af98000 r-xp 00000000 00:17 578313                     /home/kenny/.sdkman/candidates/java/17.0.5-zulu/lib/libnio.so
7faa7af98000-7faa7af99000 ---p 00012000 00:17 578313                     /home/kenny/.sdkman/candidates/java/17.0.5-zulu/lib/libnio.so
7faa7af99000-7faa7af9a000 r--p 00012000 00:17 578313                     /home/kenny/.sdkman/candidates/java/17.0.5-zulu/lib/libnio.so
7faa7af9a000-7faa7af9b000 rw-p 00013000 00:17 578313                     /home/kenny/.sdkman/candidates/java/17.0.5-zulu/lib/libnio.so
7faa7af9b000-7faa7afa0000 rw-p 00000000 00:00 0 
7faa7afa0000-7faa7afbb000 r-xp 00000000 00:17 578333                     /home/kenny/.sdkman/candidates/java/17.0.5-zulu/lib/libjimage.so
7faa7afbb000-7faa7afbd000 r--p 0001a000 00:17 578333                     /home/kenny/.sdkman/candidates/java/17.0.5-zulu/lib/libjimage.so
7faa7afbd000-7faa7afbe000 rw-p 0001c000 00:17 578333                     /home/kenny/.sdkman/candidates/java/17.0.5-zulu/lib/libjimage.so
7faa7afbe000-7faa7afbf000 r--p 00000000 00:17 3753                       /usr/lib/librt.so.1
7faa7afbf000-7faa7afc0000 r-xp 00001000 00:17 3753                       /usr/lib/librt.so.1
7faa7afc0000-7faa7afc1000 r--p 00002000 00:17 3753                       /usr/lib/librt.so.1
7faa7afc1000-7faa7afc2000 r--p 00002000 00:17 3753                       /usr/lib/librt.so.1
7faa7afc2000-7faa7afc3000 rw-p 00003000 00:17 3753                       /usr/lib/librt.so.1
7faa7afc3000-7faa7afc5000 rw-p 00000000 00:00 0 
7faa7afc5000-7faa7afe7000 r--p 00000000 00:17 3721                       /usr/lib/libc.so.6
7faa7afe7000-7faa7b142000 r-xp 00022000 00:17 3721                       /usr/lib/libc.so.6
7faa7b142000-7faa7b199000 r--p 0017d000 00:17 3721                       /usr/lib/libc.so.6
7faa7b199000-7faa7b19d000 r--p 001d4000 00:17 3721                       /usr/lib/libc.so.6
7faa7b19d000-7faa7b19f000 rw-p 001d8000 00:17 3721                       /usr/lib/libc.so.6
7faa7b19f000-7faa7b1ac000 rw-p 00000000 00:00 0 
7faa7b1ac000-7faa7b1ad000 r--p 00000000 00:17 3726                       /usr/lib/libdl.so.2
7faa7b1ad000-7faa7b1ae000 r-xp 00001000 00:17 3726                       /usr/lib/libdl.so.2
7faa7b1ae000-7faa7b1af000 r--p 00002000 00:17 3726                       /usr/lib/libdl.so.2
7faa7b1af000-7faa7b1b0000 r--p 00002000 00:17 3726                       /usr/lib/libdl.so.2
7faa7b1b0000-7faa7b1b1000 rw-p 00003000 00:17 3726                       /usr/lib/libdl.so.2
7faa7b1b1000-7faa7b1b2000 r--p 00000000 00:17 3748                       /usr/lib/libpthread.so.0
7faa7b1b2000-7faa7b1b3000 r-xp 00001000 00:17 3748                       /usr/lib/libpthread.so.0
7faa7b1b3000-7faa7b1b4000 r--p 00002000 00:17 3748                       /usr/lib/libpthread.so.0
7faa7b1b4000-7faa7b1b5000 r--p 00002000 00:17 3748                       /usr/lib/libpthread.so.0
7faa7b1b5000-7faa7b1b6000 rw-p 00003000 00:17 3748                       /usr/lib/libpthread.so.0
7faa7b1b6000-7faa7b1c4000 r-xp 00000000 00:17 578344                     /home/kenny/.sdkman/candidates/java/17.0.5-zulu/lib/libjli.so
7faa7b1c4000-7faa7b1c5000 ---p 0000e000 00:17 578344                     /home/kenny/.sdkman/candidates/java/17.0.5-zulu/lib/libjli.so
7faa7b1c5000-7faa7b1c6000 r--p 0000e000 00:17 578344                     /home/kenny/.sdkman/candidates/java/17.0.5-zulu/lib/libjli.so
7faa7b1c6000-7faa7b1c7000 rw-p 0000f000 00:17 578344                     /home/kenny/.sdkman/candidates/java/17.0.5-zulu/lib/libjli.so
7faa7b1c7000-7faa7b1ca000 r--p 00000000 00:17 15466                      /usr/lib/libz.so.1.2.13
7faa7b1ca000-7faa7b1d8000 r-xp 00003000 00:17 15466                      /usr/lib/libz.so.1.2.13
7faa7b1d8000-7faa7b1df000 r--p 00011000 00:17 15466                      /usr/lib/libz.so.1.2.13
7faa7b1df000-7faa7b1e0000 r--p 00017000 00:17 15466                      /usr/lib/libz.so.1.2.13
7faa7b1e0000-7faa7b1e1000 rw-p 00018000 00:17 15466                      /usr/lib/libz.so.1.2.13
7faa7b1e1000-7faa7b1e6000 rw-p 00000000 00:00 0 
7faa7b1e6000-7faa7b1ed000 ---p 00000000 00:00 0 
7faa7b1ed000-7faa7b1f5000 rw-s 00000000 00:27 3151                       /tmp/hsperfdata_kenny/35236
7faa7b1f5000-7faa7b1f6000 ---p 00000000 00:00 0 
7faa7b1f6000-7faa7b1f7000 r--p 00000000 00:00 0 
7faa7b1f7000-7faa7b1f8000 ---p 00000000 00:00 0 
7faa7b1f8000-7faa7b1fa000 rw-p 00000000 00:00 0 
7faa7b1fa000-7faa7b1fb000 r--p 00000000 00:17 3712                       /usr/lib/ld-linux-x86-64.so.2
7faa7b1fb000-7faa7b221000 r-xp 00001000 00:17 3712                       /usr/lib/ld-linux-x86-64.so.2
7faa7b221000-7faa7b22b000 r--p 00027000 00:17 3712                       /usr/lib/ld-linux-x86-64.so.2
7faa7b22b000-7faa7b22d000 r--p 00031000 00:17 3712                       /usr/lib/ld-linux-x86-64.so.2
7faa7b22d000-7faa7b22f000 rw-p 00033000 00:17 3712                       /usr/lib/ld-linux-x86-64.so.2
7ffc262c1000-7ffc262e3000 rw-p 00000000 00:00 0                          [stack]
7ffc263df000-7ffc263e3000 r--p 00000000 00:00 0                          [vvar]
7ffc263e3000-7ffc263e5000 r-xp 00000000 00:00 0                          [vdso]
ffffffffff600000-ffffffffff601000 --xp 00000000 00:00 0                  [vsyscall]


VM Arguments:
jvm_args: -Xmx64m -Xms64m -Dorg.gradle.appname=gradlew 
java_command: org.gradle.wrapper.GradleWrapperMain bootrun
java_class_path (initial): /home/kenny/code/personal/auraltester/backend/gradle/wrapper/gradle-wrapper.jar
Launcher Type: SUN_STANDARD

[Global flags]
     intx CICompilerCount                          = 4                                         {product} {ergonomic}
     uint ConcGCThreads                            = 2                                         {product} {ergonomic}
     uint G1ConcRefinementThreads                  = 8                                         {product} {ergonomic}
   size_t G1HeapRegionSize                         = 1048576                                   {product} {ergonomic}
    uintx GCDrainStackTargetSize                   = 64                                        {product} {ergonomic}
   size_t InitialHeapSize                          = 67108864                                  {product} {command line}
   size_t MarkStackSize                            = 4194304                                   {product} {ergonomic}
   size_t MaxHeapSize                              = 67108864                                  {product} {command line}
   size_t MaxNewSize                               = 39845888                                  {product} {ergonomic}
   size_t MinHeapDeltaBytes                        = 1048576                                   {product} {ergonomic}
   size_t MinHeapSize                              = 67108864                                  {product} {command line}
    uintx NonNMethodCodeHeapSize                   = 5839372                                {pd product} {ergonomic}
    uintx NonProfiledCodeHeapSize                  = 122909434                              {pd product} {ergonomic}
    uintx ProfiledCodeHeapSize                     = 122909434                              {pd product} {ergonomic}
    uintx ReservedCodeCacheSize                    = 251658240                              {pd product} {ergonomic}
     bool SegmentedCodeCache                       = true                                      {product} {ergonomic}
   size_t SoftMaxHeapSize                          = 67108864                               {manageable} {ergonomic}
     bool UseCompressedClassPointers               = true                           {product lp64_product} {ergonomic}
     bool UseCompressedOops                        = true                           {product lp64_product} {ergonomic}
     bool UseG1GC                                  = true                                      {product} {ergonomic}

Logging:
Log output configuration:
 #0: stdout all=warning uptime,level,tags
 #1: stderr all=off uptime,level,tags

Environment Variables:
JAVA_HOME=/home/kenny/.sdkman/candidates/java/current
PATH=/home/kenny/code/personal/auraltester/backend/node_modules/.bin:/home/kenny/.local/bin:/home/kenny/.dotnet/tools:/home/kenny/.sdkman/candidates/java/current/bin:/home/kenny/.local/bin:/home/kenny/.dotnet/tools:/home/kenny/.local/share/nvm/v18.12.1/bin:/home/kenny/.local/bin/:/usr/local/bin:/usr/bin:/bin:/usr/local/sbin:/home/kenny/.dotnet/tools:/usr/bin/site_perl:/usr/bin/vendor_perl:/usr/bin/core_perl
SHELL=/usr/bin/fish
DISPLAY=:0.0
LANG=en_GB.UTF-8
TERM=tmux-256color

Signal Handlers:
   SIGSEGV: crash_handler in libjvm.so, mask=11100100010111111101111111111110, flags=SA_RESTART|SA_SIGINFO
    SIGBUS: crash_handler in libjvm.so, mask=11100100010111111101111111111110, flags=SA_RESTART|SA_SIGINFO
    SIGFPE: crash_handler in libjvm.so, mask=11100100010111111101111111111110, flags=SA_RESTART|SA_SIGINFO
   SIGPIPE: javaSignalHandler in libjvm.so, mask=11100100010111111101111111111110, flags=SA_RESTART|SA_SIGINFO
   SIGXFSZ: javaSignalHandler in libjvm.so, mask=11100100010111111101111111111110, flags=SA_RESTART|SA_SIGINFO
    SIGILL: crash_handler in libjvm.so, mask=11100100010111111101111111111110, flags=SA_RESTART|SA_SIGINFO
   SIGUSR2: SR_handler in libjvm.so, mask=00000000000000000000000000000000, flags=SA_RESTART|SA_SIGINFO
    SIGHUP: UserHandler in libjvm.so, mask=11100100010111111101111111111110, flags=SA_RESTART|SA_SIGINFO
    SIGINT: UserHandler in libjvm.so, mask=11100100010111111101111111111110, flags=SA_RESTART|SA_SIGINFO
   SIGTERM: UserHandler in libjvm.so, mask=11100100010111111101111111111110, flags=SA_RESTART|SA_SIGINFO
   SIGQUIT: UserHandler in libjvm.so, mask=11100100010111111101111111111110, flags=SA_RESTART|SA_SIGINFO
  *** Handler was modified!
  *** Expected: javaSignalHandler in libjvm.so, mask=11100100110111111111111111111110, flags=SA_RESTART|SA_SIGINFO
   SIGTRAP: crash_handler in libjvm.so, mask=11100100010111111101111111111110, flags=SA_RESTART|SA_SIGINFO


---------------  S Y S T E M  ---------------

OS:
NAME="Arch Linux"
PRETTY_NAME="Arch Linux"
ID=arch
BUILD_ID=rolling
ANSI_COLOR="38;2;23;147;209"
HOME_URL="https://archlinux.org/"
DOCUMENTATION_URL="https://wiki.archlinux.org/"
SUPPORT_URL="https://bbs.archlinux.org/"
BUG_REPORT_URL="https://bugs.archlinux.org/"
PRIVACY_POLICY_URL="https://terms.archlinux.org/docs/privacy-policy/"
LOGO=archlinux-logo
uname: Linux 6.0.12-zen1-1-zen #1 ZEN SMP PREEMPT_DYNAMIC Thu, 08 Dec 2022 11:03:40 +0000 x86_64
OS uptime: 0 days 1:22 hours
libc: glibc 2.36 NPTL 2.36 
rlimit (soft/hard): STACK 8192k/infinity , CORE infinity/infinity , NPROC 63693/63693 , NOFILE 524288/524288 , AS infinity/infinity , CPU infinity/infinity , DATA infinity/infinity , FSIZE infinity/infinity , MEMLOCK 8192k/8192k
load average: 0.75 0.72 1.02

/proc/meminfo:
MemTotal:       16328172 kB
MemFree:          229832 kB
MemAvailable:    8537436 kB
Buffers:           24084 kB
Cached:          7985616 kB
SwapCached:            4 kB
Active:         13307532 kB
Inactive:        1551128 kB
Active(anon):    6718080 kB
Inactive(anon):   202672 kB
Active(file):    6589452 kB
Inactive(file):  1348456 kB
Unevictable:         504 kB
Mlocked:             504 kB
SwapTotal:       4194300 kB
SwapFree:        4191484 kB
Zswap:                 0 kB
Zswapped:              0 kB
Dirty:               644 kB
Writeback:             0 kB
AnonPages:       6808592 kB
Mapped:          1627936 kB
Shmem:             71248 kB
KReclaimable:     705072 kB
Slab:             905028 kB
SReclaimable:     705072 kB
SUnreclaim:       199956 kB
KernelStack:       21952 kB
PageTables:        47312 kB
NFS_Unstable:          0 kB
Bounce:                0 kB
WritebackTmp:          0 kB
CommitLimit:    12358384 kB
Committed_AS:   12596652 kB
VmallocTotal:   34359738367 kB
VmallocUsed:      129540 kB
VmallocChunk:          0 kB
Percpu:             5024 kB
HardwareCorrupted:     0 kB
AnonHugePages:   1519616 kB
ShmemHugePages:        0 kB
ShmemPmdMapped:        0 kB
FileHugePages:    147456 kB
FilePmdMapped:    145408 kB
CmaTotal:              0 kB
CmaFree:               0 kB
HugePages_Total:       0
HugePages_Free:        0
HugePages_Rsvd:        0
HugePages_Surp:        0
Hugepagesize:       2048 kB
Hugetlb:               0 kB
DirectMap4k:     1178356 kB
DirectMap2M:    15546368 kB
DirectMap1G:     1048576 kB

/sys/kernel/mm/transparent_hugepage/enabled: [always] madvise never
/sys/kernel/mm/transparent_hugepage/defrag (defrag/compaction efforts parameter): always defer [defer+madvise] madvise never

Process Memory:
Virtual Size: 3205320K (peak: 3266804K)
Resident Set Size: 95192K (peak: 95192K) (anon: 66144K, file: 29016K, shmem: 32K)
Swapped out: 0K
C-Heap outstanding allocations: 31701K, retained: 8710K
glibc malloc tunables: (default)

/proc/sys/kernel/threads-max (system-wide limit on the number of threads): 127386
/proc/sys/vm/max_map_count (maximum number of memory map areas a process may have): 65530
/proc/sys/kernel/pid_max (system-wide limit on number of process identifiers): 4194304

container (cgroup) information:
container_type: cgroupv2
cpu_cpuset_cpus: not supported
cpu_memory_nodes: not supported
active_processor_count: 8
cpu_quota: no quota
cpu_period: 100000
cpu_shares: no shares
memory_limit_in_bytes: unlimited
memory_and_swap_limit_in_bytes: unlimited
memory_soft_limit_in_bytes: unlimited
memory_usage_in_bytes: 3550640 k
memory_max_usage_in_bytes: not supported
maximum number of tasks: unlimited
current number of tasks: 346

Steal ticks since vm start: 0
Steal ticks percentage since vm start:  0.000

CPU: total 8 (initial active 8) (4 cores per cpu, 2 threads per core) family 6 model 60 stepping 3 microcode 0x28, cx8, cmov, fxsr, ht, mmx, sse, sse2, sse3, ssse3, sse4.1, sse4.2, popcnt, lzcnt, tsc, tscinvbit, avx, avx2, aes, erms, clmul, bmi1, bmi2, fma, vzeroupper, clflush
CPU Model and flags from /proc/cpuinfo:
model name	: Intel(R) Core(TM) i7-4790 CPU @ 3.60GHz
flags		: fpu vme de pse tsc msr pae mce cx8 apic sep mtrr pge mca cmov pat pse36 clflush dts acpi mmx fxsr sse sse2 ss ht tm pbe syscall nx pdpe1gb rdtscp lm constant_tsc arch_perfmon pebs bts rep_good nopl xtopology nonstop_tsc cpuid aperfmperf pni pclmulqdq dtes64 monitor ds_cpl vmx smx est tm2 ssse3 sdbg fma cx16 xtpr pdcm pcid sse4_1 sse4_2 x2apic movbe popcnt tsc_deadline_timer aes xsave avx f16c rdrand lahf_lm abm cpuid_fault epb invpcid_single pti ssbd ibrs ibpb stibp tpr_shadow vnmi flexpriority ept vpid ept_ad fsgsbase tsc_adjust bmi1 avx2 smep bmi2 erms invpcid xsaveopt dtherm ida arat pln pts md_clear flush_l1d

Online cpus: 0-7
Offline cpus: 
BIOS frequency limitation: <Not Available>
Frequency switch latency (ns): 20000
Available cpu frequencies: <Not Available>
Current governor: schedutil
Core performance/turbo boost: <Not Available>

Memory: 4k page, physical 16328172k(228700k free), swap 4194300k(4191484k free)
Page Sizes: 4k

vm_info: OpenJDK 64-Bit Server VM (17.0.5+8-LTS) for linux-amd64 JRE (17.0.5+8-LTS) (Zulu17.38+21-CA), built on Oct  7 2022 12:47:57 by "zulu_re" with gcc 8.3.0

END.
