#
# A fatal error has been detected by the Java Runtime Environment:
#
#  SIGSEGV (0xb) at pc=0x00007f6023ba97db, pid=39956, tid=39956
#
# JRE version: OpenJDK Runtime Environment Zulu17.38+21-CA (17.0.5+8) (build 17.0.5+8-LTS)
# Java VM: OpenJDK 64-Bit Server VM Zulu17.38+21-CA (17.0.5+8-LTS, mixed mode, sharing, tiered, compressed oops, compressed class ptrs, g1 gc, linux-amd64)
# Problematic frame:
# V  [libjvm.so+0xda97db]  SR_handler(int, siginfo*, ucontext*)+0x9b
#
# Core dump will be written. Default location: Core dumps may be processed with "/usr/lib/systemd/systemd-coredump %P %u %g %s %t %c %h" (or dumping to /home/kenny/code/personal/auraltester/backend/core.39956)
#
# If you would like to submit a bug report, please visit:
#   http://www.azul.com/support/
#

---------------  S U M M A R Y ------------

Command Line: -Xmx64m -Xms64m -Dorg.gradle.appname=gradlew org.gradle.wrapper.GradleWrapperMain bootrun

Host: Intel(R) Core(TM) i7-4790 CPU @ 3.60GHz, 8 cores, 15G, Arch Linux
Time: Thu Dec 22 14:39:18 2022 UTC elapsed time: 280.752769 seconds (0d 0h 4m 40s)

---------------  T H R E A D  ---------------

Current thread is native thread

Stack: [0x00007ffcb8974000,0x00007ffcb9172000],  sp=0x00007ffcb916ca70,  free space=8162k
Native frames: (J=compiled Java code, j=interpreted, Vv=VM code, C=native code)
V  [libjvm.so+0xda97db]  SR_handler(int, siginfo*, ucontext*)+0x9b


siginfo: si_signo: 11 (SIGSEGV), si_code: 1 (SEGV_MAPERR), si_addr: 0x0000000000000268

Registers:
RAX=0x0000000000000000, RBX=0x00007ffcb916ca80, RCX=0x00007f602425c688, RDX=0x0000000000000000
RSP=0x00007ffcb916ca70, RBP=0x00007ffcb916cb30, RSI=0x00007ffcb916ca80, RDI=0x0000000000000000
R8 =0x0000000000000000, R9 =0x00000000ffffffff, R10=0x0000000000000008, R11=0x0000000000000246
R12=0x00007f60241ce280, R13=0x0000000000000000, R14=0x00007ffcb916cb40, R15=0x00007f6022d176c0
RIP=0x00007f6023ba97db, EFLAGS=0x0000000000010246, CSGSFS=0x002b000000000033, ERR=0x0000000000000004
  TRAPNO=0x000000000000000e

Top of Stack: (sp=0x00007ffcb916ca70)
0x00007ffcb916ca70:   00007ffc00000000 00007ffcb916cc70
0x00007ffcb916ca80:   00000000000004d8 0000000000000000
0x00007ffcb916ca90:   00007f6024145660 0000003000000018
0x00007ffcb916caa0:   00007ffcb916d240 00007ffcb916d170 

Instructions: (pc=0x00007f6023ba97db)
0x00007f6023ba96db:   94 4a ff 31 d2 48 89 de bf 01 00 00 00 e8 43 8d
0x00007f6023ba96eb:   4a ff 41 83 fc 02 74 3d 48 83 3d 6d 13 5b 00 00
0x00007f6023ba96fb:   74 25 48 8d 05 5c 12 5b 00 4a 8d 14 a0 b8 01 00
0x00007f6023ba970b:   00 00 f0 0f c1 02 48 8b 3d 50 13 5b 00 be 01 00
0x00007f6023ba971b:   00 00 e8 9e ba ed ff 48 83 ec 80 5b 41 5c 5d c3
0x00007f6023ba972b:   0f 1f 44 00 00 e8 6b 27 15 00 84 c0 74 ba e8 6a
0x00007f6023ba973b:   95 4a ff eb b3 55 48 89 e5 41 57 41 56 49 89 d6
0x00007f6023ba974b:   41 55 41 54 53 48 8d 9d 50 ff ff ff 48 81 ec 98
0x00007f6023ba975b:   00 00 00 48 89 b5 48 ff ff ff e8 56 86 4a ff 48
0x00007f6023ba976b:   89 df 49 89 c4 44 8b 28 e8 88 8b 4a ff be 04 00
0x00007f6023ba977b:   00 00 48 89 df e8 ab 93 4a ff be 07 00 00 00 48
0x00007f6023ba978b:   89 df e8 9e 93 4a ff be 08 00 00 00 48 89 df e8
0x00007f6023ba979b:   91 93 4a ff be 0b 00 00 00 48 89 df e8 84 93 4a
0x00007f6023ba97ab:   ff be 05 00 00 00 48 89 df e8 77 93 4a ff 31 d2
0x00007f6023ba97bb:   48 89 de bf 01 00 00 00 e8 68 8c 4a ff e8 b3 33
0x00007f6023ba97cb:   0e 00 31 d2 84 c0 74 08 e8 b8 33 0e 00 48 89 c2
0x00007f6023ba97db:   48 8b 82 68 02 00 00 48 85 c0 74 17 4c 8b ba 30
0x00007f6023ba97eb:   02 00 00 41 8b 87 a0 00 00 00 83 f8 01 74 16 45
0x00007f6023ba97fb:   89 2c 24 48 81 c4 98 00 00 00 5b 41 5c 41 5d 41
0x00007f6023ba980b:   5e 41 5f 5d c3 f3 0f 7e 85 48 ff ff ff ba 02 00
0x00007f6023ba981b:   00 00 be 01 00 00 00 4c 89 b5 48 ff ff ff 4d 8d
0x00007f6023ba982b:   b7 a0 00 00 00 4c 89 f7 0f 16 85 48 ff ff ff 41
0x00007f6023ba983b:   0f 11 87 a8 00 00 00 e8 69 c7 e1 ff 83 f8 02 74
0x00007f6023ba984b:   3c 85 c0 75 10 66 0f ef c0 41 0f 11 87 a8 00 00
0x00007f6023ba985b:   00 eb 9c 66 90 48 8d 05 01 cb 54 00 be 6b 06 00
0x00007f6023ba986b:   00 48 8d 3d 5d 80 26 00 48 8b 00 c6 00 58 e8 72
0x00007f6023ba987b:   78 85 ff e8 ed ff e1 ff eb cb 0f 1f 00 48 89 df
0x00007f6023ba988b:   e8 70 8a 4a ff 48 89 da 31 f6 31 ff e8 94 8b 4a
0x00007f6023ba989b:   ff 8b 35 66 24 56 00 48 89 df e8 d6 92 4a ff be
0x00007f6023ba98ab:   01 00 00 00 48 8d 3d ca 11 5b 00 e8 05 b9 ed ff
0x00007f6023ba98bb:   eb 08 0f 1f 00 83 f8 02 75 3b 48 89 df e8 c3 92
0x00007f6023ba98cb:   4a ff 31 d2 be 03 00 00 00 4c 89 f7 e8 d4 c6 e1 



---------------  P R O C E S S  ---------------

VM state: not at safepoint (normal execution)

VM Mutex/Monitor currently owned by a thread: None

Heap address: 0x00000000fc000000, size: 64 MB, Compressed Oops mode: 32-bit

CDS archive(s) mapped at: [0x0000000800000000-0x0000000800c12000-0x0000000800c12000), size 12656640, SharedBaseAddress: 0x0000000800000000, ArchiveRelocationMode: 0.
Compressed class space mapped at: 0x0000000801000000-0x0000000841000000, reserved size: 1073741824
Narrow klass base: 0x0000000800000000, Narrow klass shift: 0, Narrow klass range: 0x100000000

GC Precious Log:
<Skipped>

Heap:
 garbage-first heap   total 65536K, used 21021K [0x00000000fc000000, 0x0000000100000000)
  region size 1024K, 14 young (14336K), 3 survivors (3072K)
 Metaspace       used 7709K, committed 7872K, reserved 1056768K
  class space    used 1054K, committed 1152K, reserved 1048576K

Heap Regions: E=young(eden), S=young(survivor), O=old, HS=humongous(starts), HC=humongous(continues), CS=collection set, F=free, OA=open archive, CA=closed archive, TAMS=top-at-mark-start (previous, next)
|   0|0x00000000fc000000, 0x00000000fc100000, 0x00000000fc100000|100%|HS|  |TAMS 0x00000000fc000000, 0x00000000fc000000| Complete 
|   1|0x00000000fc100000, 0x00000000fc200000, 0x00000000fc200000|100%|HC|  |TAMS 0x00000000fc100000, 0x00000000fc100000| Complete 
|   2|0x00000000fc200000, 0x00000000fc300000, 0x00000000fc300000|100%|HC|  |TAMS 0x00000000fc200000, 0x00000000fc200000| Complete 
|   3|0x00000000fc300000, 0x00000000fc400000, 0x00000000fc400000|100%| O|  |TAMS 0x00000000fc300000, 0x00000000fc300000| Untracked 
|   4|0x00000000fc400000, 0x00000000fc500000, 0x00000000fc500000|100%| O|  |TAMS 0x00000000fc400000, 0x00000000fc400000| Untracked 
|   5|0x00000000fc500000, 0x00000000fc5e2a00, 0x00000000fc600000| 88%| O|  |TAMS 0x00000000fc500000, 0x00000000fc500000| Untracked 
|   6|0x00000000fc600000, 0x00000000fc600000, 0x00000000fc700000|  0%| F|  |TAMS 0x00000000fc600000, 0x00000000fc600000| Untracked 
|   7|0x00000000fc700000, 0x00000000fc700000, 0x00000000fc800000|  0%| F|  |TAMS 0x00000000fc700000, 0x00000000fc700000| Untracked 
|   8|0x00000000fc800000, 0x00000000fc800000, 0x00000000fc900000|  0%| F|  |TAMS 0x00000000fc800000, 0x00000000fc800000| Untracked 
|   9|0x00000000fc900000, 0x00000000fc900000, 0x00000000fca00000|  0%| F|  |TAMS 0x00000000fc900000, 0x00000000fc900000| Untracked 
|  10|0x00000000fca00000, 0x00000000fca00000, 0x00000000fcb00000|  0%| F|  |TAMS 0x00000000fca00000, 0x00000000fca00000| Untracked 
|  11|0x00000000fcb00000, 0x00000000fcb00000, 0x00000000fcc00000|  0%| F|  |TAMS 0x00000000fcb00000, 0x00000000fcb00000| Untracked 
|  12|0x00000000fcc00000, 0x00000000fcc00000, 0x00000000fcd00000|  0%| F|  |TAMS 0x00000000fcc00000, 0x00000000fcc00000| Untracked 
|  13|0x00000000fcd00000, 0x00000000fcd00000, 0x00000000fce00000|  0%| F|  |TAMS 0x00000000fcd00000, 0x00000000fcd00000| Untracked 
|  14|0x00000000fce00000, 0x00000000fce00000, 0x00000000fcf00000|  0%| F|  |TAMS 0x00000000fce00000, 0x00000000fce00000| Untracked 
|  15|0x00000000fcf00000, 0x00000000fcf00000, 0x00000000fd000000|  0%| F|  |TAMS 0x00000000fcf00000, 0x00000000fcf00000| Untracked 
|  16|0x00000000fd000000, 0x00000000fd000000, 0x00000000fd100000|  0%| F|  |TAMS 0x00000000fd000000, 0x00000000fd000000| Untracked 
|  17|0x00000000fd100000, 0x00000000fd100000, 0x00000000fd200000|  0%| F|  |TAMS 0x00000000fd100000, 0x00000000fd100000| Untracked 
|  18|0x00000000fd200000, 0x00000000fd200000, 0x00000000fd300000|  0%| F|  |TAMS 0x00000000fd200000, 0x00000000fd200000| Untracked 
|  19|0x00000000fd300000, 0x00000000fd300000, 0x00000000fd400000|  0%| F|  |TAMS 0x00000000fd300000, 0x00000000fd300000| Untracked 
|  20|0x00000000fd400000, 0x00000000fd400000, 0x00000000fd500000|  0%| F|  |TAMS 0x00000000fd400000, 0x00000000fd400000| Untracked 
|  21|0x00000000fd500000, 0x00000000fd500000, 0x00000000fd600000|  0%| F|  |TAMS 0x00000000fd500000, 0x00000000fd500000| Untracked 
|  22|0x00000000fd600000, 0x00000000fd600000, 0x00000000fd700000|  0%| F|  |TAMS 0x00000000fd600000, 0x00000000fd600000| Untracked 
|  23|0x00000000fd700000, 0x00000000fd700000, 0x00000000fd800000|  0%| F|  |TAMS 0x00000000fd700000, 0x00000000fd700000| Untracked 
|  24|0x00000000fd800000, 0x00000000fd800000, 0x00000000fd900000|  0%| F|  |TAMS 0x00000000fd800000, 0x00000000fd800000| Untracked 
|  25|0x00000000fd900000, 0x00000000fd900000, 0x00000000fda00000|  0%| F|  |TAMS 0x00000000fd900000, 0x00000000fd900000| Untracked 
|  26|0x00000000fda00000, 0x00000000fda00000, 0x00000000fdb00000|  0%| F|  |TAMS 0x00000000fda00000, 0x00000000fda00000| Untracked 
|  27|0x00000000fdb00000, 0x00000000fdb00000, 0x00000000fdc00000|  0%| F|  |TAMS 0x00000000fdb00000, 0x00000000fdb00000| Untracked 
|  28|0x00000000fdc00000, 0x00000000fdc00000, 0x00000000fdd00000|  0%| F|  |TAMS 0x00000000fdc00000, 0x00000000fdc00000| Untracked 
|  29|0x00000000fdd00000, 0x00000000fdd00000, 0x00000000fde00000|  0%| F|  |TAMS 0x00000000fdd00000, 0x00000000fdd00000| Untracked 
|  30|0x00000000fde00000, 0x00000000fde00000, 0x00000000fdf00000|  0%| F|  |TAMS 0x00000000fde00000, 0x00000000fde00000| Untracked 
|  31|0x00000000fdf00000, 0x00000000fdf00000, 0x00000000fe000000|  0%| F|  |TAMS 0x00000000fdf00000, 0x00000000fdf00000| Untracked 
|  32|0x00000000fe000000, 0x00000000fe000000, 0x00000000fe100000|  0%| F|  |TAMS 0x00000000fe000000, 0x00000000fe000000| Untracked 
|  33|0x00000000fe100000, 0x00000000fe100000, 0x00000000fe200000|  0%| F|  |TAMS 0x00000000fe100000, 0x00000000fe100000| Untracked 
|  34|0x00000000fe200000, 0x00000000fe200000, 0x00000000fe300000|  0%| F|  |TAMS 0x00000000fe200000, 0x00000000fe200000| Untracked 
|  35|0x00000000fe300000, 0x00000000fe300000, 0x00000000fe400000|  0%| F|  |TAMS 0x00000000fe300000, 0x00000000fe300000| Untracked 
|  36|0x00000000fe400000, 0x00000000fe500000, 0x00000000fe500000|100%| S|CS|TAMS 0x00000000fe400000, 0x00000000fe400000| Complete 
|  37|0x00000000fe500000, 0x00000000fe600000, 0x00000000fe600000|100%| S|CS|TAMS 0x00000000fe500000, 0x00000000fe500000| Complete 
|  38|0x00000000fe600000, 0x00000000fe700000, 0x00000000fe700000|100%| S|CS|TAMS 0x00000000fe600000, 0x00000000fe600000| Complete 
|  39|0x00000000fe700000, 0x00000000fe700000, 0x00000000fe800000|  0%| F|  |TAMS 0x00000000fe700000, 0x00000000fe700000| Untracked 
|  40|0x00000000fe800000, 0x00000000fe800000, 0x00000000fe900000|  0%| F|  |TAMS 0x00000000fe800000, 0x00000000fe800000| Untracked 
|  41|0x00000000fe900000, 0x00000000fe900000, 0x00000000fea00000|  0%| F|  |TAMS 0x00000000fe900000, 0x00000000fe900000| Untracked 
|  42|0x00000000fea00000, 0x00000000fea00000, 0x00000000feb00000|  0%| F|  |TAMS 0x00000000fea00000, 0x00000000fea00000| Untracked 
|  43|0x00000000feb00000, 0x00000000feb00000, 0x00000000fec00000|  0%| F|  |TAMS 0x00000000feb00000, 0x00000000feb00000| Untracked 
|  44|0x00000000fec00000, 0x00000000fec00000, 0x00000000fed00000|  0%| F|  |TAMS 0x00000000fec00000, 0x00000000fec00000| Untracked 
|  45|0x00000000fed00000, 0x00000000fed00000, 0x00000000fee00000|  0%| F|  |TAMS 0x00000000fed00000, 0x00000000fed00000| Untracked 
|  46|0x00000000fee00000, 0x00000000fee00000, 0x00000000fef00000|  0%| F|  |TAMS 0x00000000fee00000, 0x00000000fee00000| Untracked 
|  47|0x00000000fef00000, 0x00000000fef00000, 0x00000000ff000000|  0%| F|  |TAMS 0x00000000fef00000, 0x00000000fef00000| Untracked 
|  48|0x00000000ff000000, 0x00000000ff000000, 0x00000000ff100000|  0%| F|  |TAMS 0x00000000ff000000, 0x00000000ff000000| Untracked 
|  49|0x00000000ff100000, 0x00000000ff100000, 0x00000000ff200000|  0%| F|  |TAMS 0x00000000ff100000, 0x00000000ff100000| Untracked 
|  50|0x00000000ff200000, 0x00000000ff200000, 0x00000000ff300000|  0%| F|  |TAMS 0x00000000ff200000, 0x00000000ff200000| Untracked 
|  51|0x00000000ff300000, 0x00000000ff3a9a00, 0x00000000ff400000| 66%| E|  |TAMS 0x00000000ff300000, 0x00000000ff300000| Complete 
|  52|0x00000000ff400000, 0x00000000ff500000, 0x00000000ff500000|100%| E|CS|TAMS 0x00000000ff400000, 0x00000000ff400000| Complete 
|  53|0x00000000ff500000, 0x00000000ff600000, 0x00000000ff600000|100%| E|CS|TAMS 0x00000000ff500000, 0x00000000ff500000| Complete 
|  54|0x00000000ff600000, 0x00000000ff700000, 0x00000000ff700000|100%| E|CS|TAMS 0x00000000ff600000, 0x00000000ff600000| Complete 
|  55|0x00000000ff700000, 0x00000000ff800000, 0x00000000ff800000|100%| E|CS|TAMS 0x00000000ff700000, 0x00000000ff700000| Complete 
|  56|0x00000000ff800000, 0x00000000ff900000, 0x00000000ff900000|100%| E|CS|TAMS 0x00000000ff800000, 0x00000000ff800000| Complete 
|  57|0x00000000ff900000, 0x00000000ffa00000, 0x00000000ffa00000|100%| E|CS|TAMS 0x00000000ff900000, 0x00000000ff900000| Complete 
|  58|0x00000000ffa00000, 0x00000000ffb00000, 0x00000000ffb00000|100%| E|CS|TAMS 0x00000000ffa00000, 0x00000000ffa00000| Complete 
|  59|0x00000000ffb00000, 0x00000000ffc00000, 0x00000000ffc00000|100%| E|CS|TAMS 0x00000000ffb00000, 0x00000000ffb00000| Complete 
|  60|0x00000000ffc00000, 0x00000000ffd00000, 0x00000000ffd00000|100%| E|CS|TAMS 0x00000000ffc00000, 0x00000000ffc00000| Complete 
|  61|0x00000000ffd00000, 0x00000000ffe00000, 0x00000000ffe00000|100%| E|CS|TAMS 0x00000000ffd00000, 0x00000000ffd00000| Complete 
|  62|0x00000000ffe00000, 0x00000000ffe78000, 0x00000000fff00000| 46%|OA|  |TAMS 0x00000000ffe00000, 0x00000000ffe00000| Untracked 
|  63|0x00000000fff00000, 0x00000000fff83000, 0x0000000100000000| 51%|CA|  |TAMS 0x00000000fff00000, 0x00000000fff00000| Untracked 

Card table byte_map: [0x00007f60221fa000,0x00007f602221a000] _byte_map_base: 0x00007f6021a1a000

Marking Bits (Prev, Next): (CMBitMap*) 0x00007f601c047c60, (CMBitMap*) 0x00007f601c047ca0
 Prev Bits: [0x00007f60220da000, 0x00007f60221da000)
 Next Bits: [0x00007f6021fda000, 0x00007f60220da000)

Polling page: 0x00007f60243ff000

Metaspace:

Usage:
  Non-class:      6.50 MB used.
      Class:      1.03 MB used.
       Both:      7.53 MB used.

Virtual space:
  Non-class space:        8.00 MB reserved,       6.56 MB ( 82%) committed,  1 nodes.
      Class space:        1.00 GB reserved,       1.12 MB ( <1%) committed,  1 nodes.
             Both:        1.01 GB reserved,       7.69 MB ( <1%) committed. 

Chunk freelists:
   Non-Class:  640.00 KB
       Class:  2.91 MB
        Both:  3.53 MB

MaxMetaspaceSize: unlimited
CompressedClassSpaceSize: 1.00 GB
Initial GC threshold: 21.00 MB
Current GC threshold: 21.00 MB
CDS: on
MetaspaceReclaimPolicy: balanced
 - commit_granule_bytes: 65536.
 - commit_granule_words: 8192.
 - virtual_space_node_default_size: 1048576.
 - enlarge_chunks_in_place: 1.
 - new_chunks_are_fully_committed: 0.
 - uncommit_free_chunks: 1.
 - use_allocation_guard: 0.
 - handle_deallocations: 1.


Internal statistics:

num_allocs_failed_limit: 0.
num_arena_births: 66.
num_arena_deaths: 0.
num_vsnodes_births: 2.
num_vsnodes_deaths: 0.
num_space_committed: 123.
num_space_uncommitted: 0.
num_chunks_returned_to_freelist: 0.
num_chunks_taken_from_freelist: 266.
num_chunk_merges: 0.
num_chunk_splits: 178.
num_chunks_enlarged: 150.
num_purges: 0.
num_inconsistent_stats: 0.

CodeHeap 'non-profiled nmethods': size=120028Kb used=368Kb max_used=368Kb free=119659Kb
 bounds [0x00007f600ccc9000, 0x00007f600cf39000, 0x00007f6014200000]
CodeHeap 'profiled nmethods': size=120028Kb used=2053Kb max_used=2053Kb free=117974Kb
 bounds [0x00007f6005792000, 0x00007f6005a02000, 0x00007f600ccc9000]
CodeHeap 'non-nmethods': size=5704Kb used=1155Kb max_used=1170Kb free=4548Kb
 bounds [0x00007f6005200000, 0x00007f6005470000, 0x00007f6005792000]
 total_blobs=1595 nmethods=1144 adapters=365
 compilation: enabled
              stopped_count=0, restarted_count=0
 full_count=0

Compilation events (20 events):
Event: 153.893 Thread 0x00007f601c0c9ca0 1136       4       java.util.concurrent.ThreadPoolExecutor::afterExecute (1 bytes)
Event: 153.894 Thread 0x00007f601c0c9ca0 nmethod 1136 0x00007f600cd22f10 code [0x00007f600cd23080, 0x00007f600cd230f8]
Event: 157.693 Thread 0x00007f601c0c9ca0 1137       4       java.util.concurrent.locks.AbstractQueuedSynchronizer::signalNext (34 bytes)
Event: 157.694 Thread 0x00007f601c0c9ca0 nmethod 1137 0x00007f600cd23210 code [0x00007f600cd23380, 0x00007f600cd233f8]
Event: 170.893 Thread 0x00007f601c0c9ca0 1138       4       java.util.ArrayList::isEmpty (13 bytes)
Event: 170.894 Thread 0x00007f601c0c9ca0 nmethod 1138 0x00007f600cd23510 code [0x00007f600cd23680, 0x00007f600cd23718]
Event: 176.093 Thread 0x00007f601c0c9ca0 1139       4       java.util.concurrent.locks.ReentrantLock$Sync::tryRelease (51 bytes)
Event: 176.096 Thread 0x00007f601c0c9ca0 nmethod 1139 0x00007f600cd23810 code [0x00007f600cd239a0, 0x00007f600cd23b18]
Event: 179.493 Thread 0x00007f601c0c9ca0 1140       4       java.util.concurrent.ScheduledThreadPoolExecutor::canRunInCurrentRunState (61 bytes)
Event: 179.496 Thread 0x00007f601c0c9ca0 nmethod 1140 0x00007f600cd23c10 code [0x00007f600cd23da0, 0x00007f600cd23e58]
Event: 179.993 Thread 0x00007f601c0c9ca0 1141       4       java.util.ArrayList::add (25 bytes)
Event: 180.000 Thread 0x00007f601c0c9ca0 nmethod 1141 0x00007f600cd23f90 code [0x00007f600cd24120, 0x00007f600cd24328]
Event: 263.993 Thread 0x00007f601c0c9ca0 1142       4       java.util.concurrent.locks.ReentrantLock$NonfairSync::initialTryLock (58 bytes)
Event: 263.997 Thread 0x00007f601c0c9ca0 nmethod 1142 0x00007f600cd24490 code [0x00007f600cd24620, 0x00007f600cd24798]
Event: 264.793 Thread 0x00007f601c0c9ca0 1143       4       java.util.concurrent.ScheduledThreadPoolExecutor$ScheduledFutureTask::getDelay (16 bytes)
Event: 264.794 Thread 0x00007f601c0c9ca0 nmethod 1143 0x00007f600cd24810 code [0x00007f600cd249a0, 0x00007f600cd24ad8]
Event: 268.893 Thread 0x00007f601c0c9ca0 1144       4       java.util.concurrent.locks.ReentrantLock$Sync::isHeldExclusively (16 bytes)
Event: 268.895 Thread 0x00007f601c0c9ca0 nmethod 1144 0x00007f600cd24c10 code [0x00007f600cd24da0, 0x00007f600cd24e58]
Event: 269.093 Thread 0x00007f601c0c9ca0 1145       4       java.util.concurrent.locks.LockSupport::setBlocker (12 bytes)
Event: 269.095 Thread 0x00007f601c0c9ca0 nmethod 1145 0x00007f600cd24f10 code [0x00007f600cd25080, 0x00007f600cd25198]

GC Heap History (2 events):
Event: 0.300 GC heap before
{Heap before GC invocations=0 (full 0):
 garbage-first heap   total 65536K, used 26604K [0x00000000fc000000, 0x0000000100000000)
  region size 1024K, 23 young (23552K), 0 survivors (0K)
 Metaspace       used 4212K, committed 4352K, reserved 1056768K
  class space    used 564K, committed 640K, reserved 1048576K
}
Event: 0.303 GC heap after
{Heap after GC invocations=1 (full 0):
 garbage-first heap   total 65536K, used 10102K [0x00000000fc000000, 0x0000000100000000)
  region size 1024K, 3 young (3072K), 3 survivors (3072K)
 Metaspace       used 4212K, committed 4352K, reserved 1056768K
  class space    used 564K, committed 640K, reserved 1048576K
}

Dll operation events (13 events):
Event: 0.001 Loaded shared library /home/kenny/.sdkman/candidates/java/17.0.5-zulu/lib/libjava.so
Event: 0.007 Loaded shared library /home/kenny/.sdkman/candidates/java/17.0.5-zulu/lib/libjsvml.so
Event: 0.016 Loaded shared library /home/kenny/.sdkman/candidates/java/17.0.5-zulu/lib/libnio.so
Event: 0.018 Loaded shared library /home/kenny/.sdkman/candidates/java/17.0.5-zulu/lib/libzip.so
Event: 0.062 Loaded shared library /home/kenny/.sdkman/candidates/java/17.0.5-zulu/lib/libnet.so
Event: 0.122 Loaded shared library /home/kenny/.sdkman/candidates/java/17.0.5-zulu/lib/libjimage.so
Event: 0.153 Loaded shared library /home/kenny/.sdkman/candidates/java/17.0.5-zulu/lib/libverify.so
Event: 0.275 Loaded shared library /home/kenny/.gradle/native/68d5fa5c4cc2d200863cafc0d521ce42e7d3e7ee720ec0a83991735586a16f82/linux-amd64/libnative-platform.so
Event: 0.280 Loading shared library /home/kenny/.gradle/native/68d5fa5c4cc2d200863cafc0d521ce42e7d3e7ee720ec0a83991735586a16f82/linux-amd64-ncurses5/libnative-platform-curses.so failed, libtinfo.so.5: cannot open shared object file: No such file or directory
Event: 0.281 Loaded shared library /home/kenny/.gradle/native/68d5fa5c4cc2d200863cafc0d521ce42e7d3e7ee720ec0a83991735586a16f82/linux-amd64-ncurses6/libnative-platform-curses.so
Event: 0.360 Loaded shared library /home/kenny/.sdkman/candidates/java/17.0.5-zulu/lib/libmanagement.so
Event: 0.361 Loaded shared library /home/kenny/.sdkman/candidates/java/17.0.5-zulu/lib/libmanagement_ext.so
Event: 0.422 Loaded shared library /home/kenny/.sdkman/candidates/java/17.0.5-zulu/lib/libextnet.so

Deoptimization events (20 events):
Event: 0.241 Thread 0x00007f601c025620 DEOPT PACKING pc=0x00007f600ccdfa04 sp=0x00007f6022d14d40
Event: 0.241 Thread 0x00007f601c025620 DEOPT UNPACKING pc=0x00007f6005252099 sp=0x00007f6022d14ce8 mode 2
Event: 0.242 Thread 0x00007f601c025620 Uncommon trap: trap_request=0xffffff45 fr.pc=0x00007f600ccd3274 relative=0x0000000000000054
Event: 0.242 Thread 0x00007f601c025620 Uncommon trap: reason=unstable_if action=reinterpret pc=0x00007f600ccd3274 method=java.util.regex.Pattern.has(I)Z @ 6 c2
Event: 0.242 Thread 0x00007f601c025620 DEOPT PACKING pc=0x00007f600ccd3274 sp=0x00007f6022d14b10
Event: 0.242 Thread 0x00007f601c025620 DEOPT UNPACKING pc=0x00007f6005252099 sp=0x00007f6022d14ac0 mode 2
Event: 0.244 Thread 0x00007f601c025620 DEOPT PACKING pc=0x00007f60057d106e sp=0x00007f6022d14d30
Event: 0.244 Thread 0x00007f601c025620 DEOPT UNPACKING pc=0x00007f600525282f sp=0x00007f6022d141a0 mode 0
Event: 0.277 Thread 0x00007f601c025620 DEOPT PACKING pc=0x00007f60057d106e sp=0x00007f6022d13940
Event: 0.277 Thread 0x00007f601c025620 DEOPT UNPACKING pc=0x00007f600525282f sp=0x00007f6022d12db0 mode 0
Event: 0.314 Thread 0x00007f601c025620 DEOPT PACKING pc=0x00007f60057d106e sp=0x00007f6022d12410
Event: 0.314 Thread 0x00007f601c025620 DEOPT UNPACKING pc=0x00007f600525282f sp=0x00007f6022d11880 mode 0
Event: 0.350 Thread 0x00007f601c025620 DEOPT PACKING pc=0x00007f60057d106e sp=0x00007f6022d0f970
Event: 0.350 Thread 0x00007f601c025620 DEOPT UNPACKING pc=0x00007f600525282f sp=0x00007f6022d0ede0 mode 0
Event: 0.353 Thread 0x00007f601c025620 DEOPT PACKING pc=0x00007f6005846dbf sp=0x00007f6022d0eb90
Event: 0.353 Thread 0x00007f601c025620 DEOPT UNPACKING pc=0x00007f600525282f sp=0x00007f6022d0e010 mode 0
Event: 0.364 Thread 0x00007f601c025620 Uncommon trap: trap_request=0xffffff45 fr.pc=0x00007f600ccf24d4 relative=0x0000000000001c74
Event: 0.364 Thread 0x00007f601c025620 Uncommon trap: reason=unstable_if action=reinterpret pc=0x00007f600ccf24d4 method=java.util.HashMap.putVal(ILjava/lang/Object;Ljava/lang/Object;ZZ)Ljava/lang/Object; @ 236 c2
Event: 0.364 Thread 0x00007f601c025620 DEOPT PACKING pc=0x00007f600ccf24d4 sp=0x00007f6022d13f60
Event: 0.364 Thread 0x00007f601c025620 DEOPT UNPACKING pc=0x00007f6005252099 sp=0x00007f6022d13f48 mode 2

Classes unloaded (0 events):
No events

Classes redefined (0 events):
No events

Internal exceptions (14 events):
Event: 0.081 Thread 0x00007f601c025620 Exception <a 'java/lang/NoSuchMethodError'{0x00000000ffa2f740}: 'int java.lang.invoke.DirectMethodHandle$Holder.invokeStaticInit(java.lang.Object, java.lang.Object)'> (0x00000000ffa2f740) 
thrown [src/hotspot/share/interpreter/linkResolver.cpp, line 759]
Event: 0.243 Thread 0x00007f601c025620 Exception <a 'java/lang/NoSuchMethodError'{0x00000000fea9bd80}: 'void java.lang.invoke.DirectMethodHandle$Holder.invokeStatic(java.lang.Object, java.lang.Object)'> (0x00000000fea9bd80) 
thrown [src/hotspot/share/interpreter/linkResolver.cpp, line 759]
Event: 0.254 Thread 0x00007f601c025620 Exception <a 'java/lang/NoClassDefFoundError'{0x00000000fe902458}: org/slf4j/impl/StaticMarkerBinder> (0x00000000fe902458) 
thrown [src/hotspot/share/classfile/systemDictionary.cpp, line 248]
Event: 0.262 Thread 0x00007f601c025620 Exception <a 'java/lang/NoSuchMethodError'{0x00000000fe99be28}: 'java.lang.Object java.lang.invoke.DirectMethodHandle$Holder.invokeVirtual(java.lang.Object, java.lang.Object, java.lang.Object, java.lang.Object, java.lang.Object, java.lang.Object, java.lang.Object)'> (0x00000000fe99be28) 
thrown [src/hotspot/share/interpreter/linkResolver.cpp, line 759]
Event: 0.264 Thread 0x00007f601c025620 Exception <a 'java/lang/NoSuchMethodError'{0x00000000fe9ad360}: 'java.lang.Object java.lang.invoke.Invokers$Holder.invoker(java.lang.Object, java.lang.Object, java.lang.Object)'> (0x00000000fe9ad360) 
thrown [src/hotspot/share/interpreter/linkResolver.cpp, line 759]
Event: 0.265 Thread 0x00007f601c025620 Exception <a 'java/lang/NoSuchMethodError'{0x00000000fe9b5ca0}: 'java.lang.Object java.lang.invoke.DirectMethodHandle$Holder.invokeStatic(java.lang.Object, java.lang.Object, int)'> (0x00000000fe9b5ca0) 
thrown [src/hotspot/share/interpreter/linkResolver.cpp, line 759]
Event: 0.266 Thread 0x00007f601c025620 Exception <a 'java/lang/NoSuchMethodError'{0x00000000fe9c1958}: 'void java.lang.invoke.DelegatingMethodHandle$Holder.delegate(java.lang.Object, java.lang.Object, int, java.lang.Object)'> (0x00000000fe9c1958) 
thrown [src/hotspot/share/interpreter/linkResolver.cpp, line 759]
Event: 0.266 Thread 0x00007f601c025620 Exception <a 'java/lang/NoSuchMethodError'{0x00000000fe9c5a70}: 'int java.lang.invoke.DirectMethodHandle$Holder.invokeSpecial(java.lang.Object, java.lang.Object, java.lang.Object)'> (0x00000000fe9c5a70) 
thrown [src/hotspot/share/interpreter/linkResolver.cpp, line 759]
Event: 0.268 Thread 0x00007f601c025620 Exception <a 'java/lang/NoSuchMethodError'{0x00000000fe9d8a98}: 'java.lang.Object java.lang.invoke.Invokers$Holder.invokeExact_MT(java.lang.Object, java.lang.Object, java.lang.Object, java.lang.Object)'> (0x00000000fe9d8a98) 
thrown [src/hotspot/share/interpreter/linkResolver.cpp, line 759]
Event: 0.280 Thread 0x00007f601c025620 Exception <a 'java/lang/UnsatisfiedLinkError'{0x00000000fe893588}> (0x00000000fe893588) 
thrown [src/hotspot/share/prims/jvm.cpp, line 3392]
Event: 0.280 Thread 0x00007f601c025620 Exception <a 'java/lang/UnsatisfiedLinkError'{0x00000000fe893588}> (0x00000000fe893588) 
thrown [src/hotspot/share/prims/jni.cpp, line 516]
Event: 0.339 Thread 0x00007f601c025620 Exception <a 'java/lang/NoSuchMethodError'{0x00000000ffb27518}: 'void java.lang.invoke.DirectMethodHandle$Holder.invokeSpecial(java.lang.Object, java.lang.Object, java.lang.Object)'> (0x00000000ffb27518) 
thrown [src/hotspot/share/interpreter/linkResolver.cpp, line 759]
Event: 0.359 Thread 0x00007f601c025620 Exception <a 'java/lang/NoSuchMethodError'{0x00000000ffabcf78}: 'java.lang.Object java.lang.invoke.DirectMethodHandle$Holder.invokeStaticInit(java.lang.Object)'> (0x00000000ffabcf78) 
thrown [src/hotspot/share/interpreter/linkResolver.cpp, line 759]
Event: 0.423 Thread 0x00007f601c025620 Exception <a 'java/lang/NoSuchMethodError'{0x00000000ff6f9130}: 'void java.lang.invoke.DirectMethodHandle$Holder.invokeStatic(java.lang.Object, java.lang.Object, java.lang.Object)'> (0x00000000ff6f9130) 
thrown [src/hotspot/share/interpreter/linkResolver.cpp, line 759]

VM Operations (20 events):
Event: 32.396 Executing VM operation: Cleanup
Event: 32.396 Executing VM operation: Cleanup done
Event: 39.396 Executing VM operation: Cleanup
Event: 39.396 Executing VM operation: Cleanup done
Event: 52.397 Executing VM operation: Cleanup
Event: 52.398 Executing VM operation: Cleanup done
Event: 72.400 Executing VM operation: Cleanup
Event: 72.400 Executing VM operation: Cleanup done
Event: 132.407 Executing VM operation: Cleanup
Event: 132.407 Executing VM operation: Cleanup done
Event: 171.411 Executing VM operation: Cleanup
Event: 171.412 Executing VM operation: Cleanup done
Event: 176.412 Executing VM operation: Cleanup
Event: 176.412 Executing VM operation: Cleanup done
Event: 180.413 Executing VM operation: Cleanup
Event: 180.413 Executing VM operation: Cleanup done
Event: 264.423 Executing VM operation: Cleanup
Event: 264.423 Executing VM operation: Cleanup done
Event: 269.424 Executing VM operation: Cleanup
Event: 269.424 Executing VM operation: Cleanup done

Events (20 events):
Event: 0.470 loading class jdk/internal/reflect/ByteVectorFactory
Event: 0.470 loading class jdk/internal/reflect/ByteVectorFactory done
Event: 0.470 loading class jdk/internal/reflect/ByteVectorImpl
Event: 0.470 loading class jdk/internal/reflect/ByteVector
Event: 0.470 loading class jdk/internal/reflect/ByteVector done
Event: 0.470 loading class jdk/internal/reflect/ByteVectorImpl done
Event: 0.470 loading class jdk/internal/reflect/ClassFileAssembler
Event: 0.470 loading class jdk/internal/reflect/ClassFileAssembler done
Event: 0.470 loading class jdk/internal/reflect/UTF8
Event: 0.470 loading class jdk/internal/reflect/UTF8 done
Event: 0.471 loading class jdk/internal/reflect/Label
Event: 0.471 loading class jdk/internal/reflect/Label done
Event: 0.471 loading class jdk/internal/reflect/Label$PatchInfo
Event: 0.471 loading class jdk/internal/reflect/Label$PatchInfo done
Event: 0.471 loading class jdk/internal/reflect/MethodAccessorGenerator$1
Event: 0.471 loading class jdk/internal/reflect/MethodAccessorGenerator$1 done
Event: 0.471 loading class jdk/internal/reflect/ClassDefiner
Event: 0.471 loading class jdk/internal/reflect/ClassDefiner done
Event: 0.471 loading class jdk/internal/reflect/ClassDefiner$1
Event: 0.471 loading class jdk/internal/reflect/ClassDefiner$1 done


Dynamic libraries:
fc000000-ffe00000 rw-p 00000000 00:00 0 
ffe00000-ffe78000 rw-p 00ccf000 00:17 578308                             /home/kenny/.sdkman/candidates/java/17.0.5-zulu/lib/server/classes.jsa
ffe78000-fff00000 rw-p 00000000 00:00 0 
fff00000-fff83000 rw-p 00c4c000 00:17 578308                             /home/kenny/.sdkman/candidates/java/17.0.5-zulu/lib/server/classes.jsa
fff83000-100000000 rw-p 00000000 00:00 0 
800000000-800485000 rw-p 00001000 00:17 578308                           /home/kenny/.sdkman/candidates/java/17.0.5-zulu/lib/server/classes.jsa
800485000-800c12000 r--p 00486000 00:17 578308                           /home/kenny/.sdkman/candidates/java/17.0.5-zulu/lib/server/classes.jsa
800c12000-801000000 ---p 00000000 00:00 0 
801000000-801040000 rw-p 00000000 00:00 0 
801040000-801080000 rw-p 00000000 00:00 0 
801080000-801100000 rw-p 00000000 00:00 0 
801100000-801120000 rw-p 00000000 00:00 0 
801120000-841000000 ---p 00000000 00:00 0 
562165652000-562165653000 r-xp 00000000 00:17 578129                     /home/kenny/.sdkman/candidates/java/17.0.5-zulu/bin/java
562165654000-562165655000 r--p 00001000 00:17 578129                     /home/kenny/.sdkman/candidates/java/17.0.5-zulu/bin/java
562165655000-562165656000 rw-p 00002000 00:17 578129                     /home/kenny/.sdkman/candidates/java/17.0.5-zulu/bin/java
56216731d000-562167386000 rw-p 00000000 00:00 0                          [heap]
7f5fa0000000-7f5fa0021000 rw-p 00000000 00:00 0 
7f5fa0021000-7f5fa4000000 ---p 00000000 00:00 0 
7f5fa8000000-7f5fa8021000 rw-p 00000000 00:00 0 
7f5fa8021000-7f5fac000000 ---p 00000000 00:00 0 
7f5fac000000-7f5fac021000 rw-p 00000000 00:00 0 
7f5fac021000-7f5fb0000000 ---p 00000000 00:00 0 
7f5fb0000000-7f5fb0021000 rw-p 00000000 00:00 0 
7f5fb0021000-7f5fb4000000 ---p 00000000 00:00 0 
7f5fb4000000-7f5fb4021000 rw-p 00000000 00:00 0 
7f5fb4021000-7f5fb8000000 ---p 00000000 00:00 0 
7f5fb8000000-7f5fb8021000 rw-p 00000000 00:00 0 
7f5fb8021000-7f5fbc000000 ---p 00000000 00:00 0 
7f5fbc000000-7f5fbc021000 rw-p 00000000 00:00 0 
7f5fbc021000-7f5fc0000000 ---p 00000000 00:00 0 
7f5fc0000000-7f5fc0021000 rw-p 00000000 00:00 0 
7f5fc0021000-7f5fc4000000 ---p 00000000 00:00 0 
7f5fc4000000-7f5fc4021000 rw-p 00000000 00:00 0 
7f5fc4021000-7f5fc8000000 ---p 00000000 00:00 0 
7f5fc8000000-7f5fc83c4000 rw-p 00000000 00:00 0 
7f5fc83c4000-7f5fcc000000 ---p 00000000 00:00 0 
7f5fcc000000-7f5fcc021000 rw-p 00000000 00:00 0 
7f5fcc021000-7f5fd0000000 ---p 00000000 00:00 0 
7f5fd0000000-7f5fd0021000 rw-p 00000000 00:00 0 
7f5fd0021000-7f5fd4000000 ---p 00000000 00:00 0 
7f5fd4000000-7f5fd4617000 rw-p 00000000 00:00 0 
7f5fd4617000-7f5fd8000000 ---p 00000000 00:00 0 
7f5fd8000000-7f5fd8021000 rw-p 00000000 00:00 0 
7f5fd8021000-7f5fdc000000 ---p 00000000 00:00 0 
7f5fdc000000-7f5fdc021000 rw-p 00000000 00:00 0 
7f5fdc021000-7f5fe0000000 ---p 00000000 00:00 0 
7f5fe0000000-7f5fe0021000 rw-p 00000000 00:00 0 
7f5fe0021000-7f5fe4000000 ---p 00000000 00:00 0 
7f5fe4000000-7f5fe4021000 rw-p 00000000 00:00 0 
7f5fe4021000-7f5fe8000000 ---p 00000000 00:00 0 
7f5fe8000000-7f5fe8021000 rw-p 00000000 00:00 0 
7f5fe8021000-7f5fec000000 ---p 00000000 00:00 0 
7f5fec000000-7f5fec021000 rw-p 00000000 00:00 0 
7f5fec021000-7f5ff0000000 ---p 00000000 00:00 0 
7f5ff0000000-7f5ff0021000 rw-p 00000000 00:00 0 
7f5ff0021000-7f5ff4000000 ---p 00000000 00:00 0 
7f5ff580b000-7f5ff5c00000 rw-p 00000000 00:00 0 
7f5ff5c00000-7f5ff5c99000 r--p 00000000 00:17 4550                       /usr/lib/libstdc++.so.6.0.30
7f5ff5c99000-7f5ff5daf000 r-xp 00099000 00:17 4550                       /usr/lib/libstdc++.so.6.0.30
7f5ff5daf000-7f5ff5e26000 r--p 001af000 00:17 4550                       /usr/lib/libstdc++.so.6.0.30
7f5ff5e26000-7f5ff5e33000 r--p 00225000 00:17 4550                       /usr/lib/libstdc++.so.6.0.30
7f5ff5e33000-7f5ff5e34000 rw-p 00232000 00:17 4550                       /usr/lib/libstdc++.so.6.0.30
7f5ff5e34000-7f5ff5e37000 rw-p 00000000 00:00 0 
7f5ff5f00000-7f5ff5f04000 ---p 00000000 00:00 0 
7f5ff5f04000-7f5ff8000000 rw-p 00000000 00:00 0 
7f5ff8000000-7f5ff8021000 rw-p 00000000 00:00 0 
7f5ff8021000-7f5ffc000000 ---p 00000000 00:00 0 
7f5ffc000000-7f5ffc021000 rw-p 00000000 00:00 0 
7f5ffc021000-7f6000000000 ---p 00000000 00:00 0 
7f6000000000-7f6000021000 rw-p 00000000 00:00 0 
7f6000021000-7f6004000000 ---p 00000000 00:00 0 
7f60040fc000-7f6004100000 ---p 00000000 00:00 0 
7f6004100000-7f60041fc000 rw-p 00000000 00:00 0 
7f60041fc000-7f60041fd000 ---p 00000000 00:00 0 
7f60041fd000-7f60042fe000 rw-p 00000000 00:00 0 
7f60042fe000-7f60042ff000 ---p 00000000 00:00 0 
7f60042ff000-7f6004400000 rw-p 00000000 00:00 0 
7f6004400000-7f6004404000 r-xp 00000000 00:17 660026                     /home/kenny/.gradle/native/68d5fa5c4cc2d200863cafc0d521ce42e7d3e7ee720ec0a83991735586a16f82/linux-amd64-ncurses6/libnative-platform-curses.so
7f6004404000-7f6004603000 ---p 00004000 00:17 660026                     /home/kenny/.gradle/native/68d5fa5c4cc2d200863cafc0d521ce42e7d3e7ee720ec0a83991735586a16f82/linux-amd64-ncurses6/libnative-platform-curses.so
7f6004603000-7f6004604000 r--p 00003000 00:17 660026                     /home/kenny/.gradle/native/68d5fa5c4cc2d200863cafc0d521ce42e7d3e7ee720ec0a83991735586a16f82/linux-amd64-ncurses6/libnative-platform-curses.so
7f6004604000-7f6004605000 rw-p 00004000 00:17 660026                     /home/kenny/.gradle/native/68d5fa5c4cc2d200863cafc0d521ce42e7d3e7ee720ec0a83991735586a16f82/linux-amd64-ncurses6/libnative-platform-curses.so
7f60046fe000-7f60046ff000 ---p 00000000 00:00 0 
7f60046ff000-7f6004800000 rw-p 00000000 00:00 0 
7f6004800000-7f6004805000 r-xp 00000000 00:17 660016                     /home/kenny/.gradle/native/68d5fa5c4cc2d200863cafc0d521ce42e7d3e7ee720ec0a83991735586a16f82/linux-amd64/libnative-platform.so
7f6004805000-7f6004a05000 ---p 00005000 00:17 660016                     /home/kenny/.gradle/native/68d5fa5c4cc2d200863cafc0d521ce42e7d3e7ee720ec0a83991735586a16f82/linux-amd64/libnative-platform.so
7f6004a05000-7f6004a06000 r--p 00005000 00:17 660016                     /home/kenny/.gradle/native/68d5fa5c4cc2d200863cafc0d521ce42e7d3e7ee720ec0a83991735586a16f82/linux-amd64/libnative-platform.so
7f6004a06000-7f6004a07000 rw-p 00006000 00:17 660016                     /home/kenny/.gradle/native/68d5fa5c4cc2d200863cafc0d521ce42e7d3e7ee720ec0a83991735586a16f82/linux-amd64/libnative-platform.so
7f6004afe000-7f6004b02000 ---p 00000000 00:00 0 
7f6004b02000-7f6004bfe000 rw-p 00000000 00:00 0 
7f6004bfe000-7f6004c02000 ---p 00000000 00:00 0 
7f6004c02000-7f6004cfe000 rw-p 00000000 00:00 0 
7f6004cfe000-7f6004cff000 ---p 00000000 00:00 0 
7f6004cff000-7f6004e00000 rw-p 00000000 00:00 0 
7f6004e00000-7f6004e04000 ---p 00000000 00:00 0 
7f6004e04000-7f6004f00000 rw-p 00000000 00:00 0 
7f6004f00000-7f6004f04000 ---p 00000000 00:00 0 
7f6004f04000-7f6005000000 rw-p 00000000 00:00 0 
7f6005000000-7f6005004000 ---p 00000000 00:00 0 
7f6005004000-7f6005100000 rw-p 00000000 00:00 0 
7f6005100000-7f6005104000 ---p 00000000 00:00 0 
7f6005104000-7f6005200000 rw-p 00000000 00:00 0 
7f6005200000-7f6005470000 rwxp 00000000 00:00 0 
7f6005470000-7f6005792000 ---p 00000000 00:00 0 
7f6005792000-7f6005a02000 rwxp 00000000 00:00 0 
7f6005a02000-7f600ccc9000 ---p 00000000 00:00 0 
7f600ccc9000-7f600cf39000 rwxp 00000000 00:00 0 
7f600cf39000-7f6014200000 ---p 00000000 00:00 0 
7f6014200000-7f601be0c000 r--s 00000000 00:17 578356                     /home/kenny/.sdkman/candidates/java/17.0.5-zulu/lib/modules
7f601be8c000-7f601bea2000 r--p 00000000 00:17 4619                       /usr/lib/libncursesw.so.6.3
7f601bea2000-7f601bee3000 r-xp 00016000 00:17 4619                       /usr/lib/libncursesw.so.6.3
7f601bee3000-7f601befa000 r--p 00057000 00:17 4619                       /usr/lib/libncursesw.so.6.3
7f601befa000-7f601befb000 ---p 0006e000 00:17 4619                       /usr/lib/libncursesw.so.6.3
7f601befb000-7f601beff000 r--p 0006e000 00:17 4619                       /usr/lib/libncursesw.so.6.3
7f601beff000-7f601bf00000 rw-p 00072000 00:17 4619                       /usr/lib/libncursesw.so.6.3
7f601bf00000-7f601bf04000 ---p 00000000 00:00 0 
7f601bf04000-7f601c000000 rw-p 00000000 00:00 0 
7f601c000000-7f601ca37000 rw-p 00000000 00:00 0 
7f601ca37000-7f6020000000 ---p 00000000 00:00 0 
7f6020000000-7f6020004000 ---p 00000000 00:00 0 
7f6020004000-7f6020100000 rw-p 00000000 00:00 0 
7f6020100000-7f6020104000 ---p 00000000 00:00 0 
7f6020104000-7f6020200000 rw-p 00000000 00:00 0 
7f6020200000-7f60204e9000 r--p 00000000 00:17 46319                      /usr/lib/locale/locale-archive
7f60204fe000-7f6020502000 ---p 00000000 00:00 0 
7f6020502000-7f60205fe000 rw-p 00000000 00:00 0 
7f60205fe000-7f6020602000 ---p 00000000 00:00 0 
7f6020602000-7f60206fe000 rw-p 00000000 00:00 0 
7f60206fe000-7f60206ff000 ---p 00000000 00:00 0 
7f60206ff000-7f6020b30000 rw-p 00000000 00:00 0 
7f6020b30000-7f6020c00000 ---p 00000000 00:00 0 
7f6020c00000-7f6020f60000 rw-p 00000000 00:00 0 
7f6020f60000-7f6021000000 ---p 00000000 00:00 0 
7f6021028000-7f602102b000 r--p 00000000 00:17 4520                       /usr/lib/libgcc_s.so.1
7f602102b000-7f6021042000 r-xp 00003000 00:17 4520                       /usr/lib/libgcc_s.so.1
7f6021042000-7f6021046000 r--p 0001a000 00:17 4520                       /usr/lib/libgcc_s.so.1
7f6021046000-7f6021047000 r--p 0001d000 00:17 4520                       /usr/lib/libgcc_s.so.1
7f6021047000-7f6021048000 rw-p 0001e000 00:17 4520                       /usr/lib/libgcc_s.so.1
7f602104d000-7f602104f000 r-xp 00000000 00:17 578315                     /home/kenny/.sdkman/candidates/java/17.0.5-zulu/lib/libextnet.so
7f602104f000-7f6021050000 r--p 00001000 00:17 578315                     /home/kenny/.sdkman/candidates/java/17.0.5-zulu/lib/libextnet.so
7f6021050000-7f6021051000 rw-p 00002000 00:17 578315                     /home/kenny/.sdkman/candidates/java/17.0.5-zulu/lib/libextnet.so
7f6021051000-7f6021056000 r-xp 00000000 00:17 578326                     /home/kenny/.sdkman/candidates/java/17.0.5-zulu/lib/libmanagement_ext.so
7f6021056000-7f6021057000 ---p 00005000 00:17 578326                     /home/kenny/.sdkman/candidates/java/17.0.5-zulu/lib/libmanagement_ext.so
7f6021057000-7f6021058000 r--p 00005000 00:17 578326                     /home/kenny/.sdkman/candidates/java/17.0.5-zulu/lib/libmanagement_ext.so
7f6021058000-7f6021059000 rw-p 00006000 00:17 578326                     /home/kenny/.sdkman/candidates/java/17.0.5-zulu/lib/libmanagement_ext.so
7f6021059000-7f602105d000 r-xp 00000000 00:17 578323                     /home/kenny/.sdkman/candidates/java/17.0.5-zulu/lib/libmanagement.so
7f602105d000-7f602105e000 r--p 00003000 00:17 578323                     /home/kenny/.sdkman/candidates/java/17.0.5-zulu/lib/libmanagement.so
7f602105e000-7f602105f000 rw-p 00004000 00:17 578323                     /home/kenny/.sdkman/candidates/java/17.0.5-zulu/lib/libmanagement.so
7f602105f000-7f602106c000 r-xp 00000000 00:17 578310                     /home/kenny/.sdkman/candidates/java/17.0.5-zulu/lib/libverify.so
7f602106c000-7f602106e000 r--p 0000c000 00:17 578310                     /home/kenny/.sdkman/candidates/java/17.0.5-zulu/lib/libverify.so
7f602106e000-7f602106f000 rw-p 0000e000 00:17 578310                     /home/kenny/.sdkman/candidates/java/17.0.5-zulu/lib/libverify.so
7f602106f000-7f6021076000 r-xp 00000000 00:17 578329                     /home/kenny/.sdkman/candidates/java/17.0.5-zulu/lib/libzip.so
7f6021076000-7f6021077000 ---p 00007000 00:17 578329                     /home/kenny/.sdkman/candidates/java/17.0.5-zulu/lib/libzip.so
7f6021077000-7f6021078000 r--p 00007000 00:17 578329                     /home/kenny/.sdkman/candidates/java/17.0.5-zulu/lib/libzip.so
7f6021078000-7f6021079000 rw-p 00008000 00:17 578329                     /home/kenny/.sdkman/candidates/java/17.0.5-zulu/lib/libzip.so
7f6021079000-7f60210aa000 rw-p 00000000 00:00 0 
7f60210aa000-7f60210bf000 r-xp 00000000 00:17 578298                     /home/kenny/.sdkman/candidates/java/17.0.5-zulu/lib/libnet.so
7f60210bf000-7f60210c0000 r--p 00014000 00:17 578298                     /home/kenny/.sdkman/candidates/java/17.0.5-zulu/lib/libnet.so
7f60210c0000-7f60210c1000 rw-p 00015000 00:17 578298                     /home/kenny/.sdkman/candidates/java/17.0.5-zulu/lib/libnet.so
7f60210c1000-7f60210d3000 r-xp 00000000 00:17 578313                     /home/kenny/.sdkman/candidates/java/17.0.5-zulu/lib/libnio.so
7f60210d3000-7f60210d4000 ---p 00012000 00:17 578313                     /home/kenny/.sdkman/candidates/java/17.0.5-zulu/lib/libnio.so
7f60210d4000-7f60210d5000 r--p 00012000 00:17 578313                     /home/kenny/.sdkman/candidates/java/17.0.5-zulu/lib/libnio.so
7f60210d5000-7f60210d6000 rw-p 00013000 00:17 578313                     /home/kenny/.sdkman/candidates/java/17.0.5-zulu/lib/libnio.so
7f60210d6000-7f60211a4000 r-xp 00000000 00:17 578328                     /home/kenny/.sdkman/candidates/java/17.0.5-zulu/lib/libjsvml.so
7f60211a4000-7f60211a5000 r--p 000cd000 00:17 578328                     /home/kenny/.sdkman/candidates/java/17.0.5-zulu/lib/libjsvml.so
7f60211a5000-7f60211a6000 rw-p 000ce000 00:17 578328                     /home/kenny/.sdkman/candidates/java/17.0.5-zulu/lib/libjsvml.so
7f60211a6000-7f60212c3000 rw-p 00000000 00:00 0 
7f60212c3000-7f60212c4000 ---p 00000000 00:00 0 
7f60212c4000-7f60213c5000 rw-p 00000000 00:00 0 
7f60213c5000-7f60213c6000 ---p 00000000 00:00 0 
7f60213c6000-7f6021ccf000 rw-p 00000000 00:00 0 
7f6021ccf000-7f6021cd0000 ---p 00000000 00:00 0 
7f6021cd0000-7f6021dd1000 rw-p 00000000 00:00 0 
7f6021dd1000-7f6021dd2000 ---p 00000000 00:00 0 
7f6021dd2000-7f6021ed3000 rw-p 00000000 00:00 0 
7f6021ed3000-7f6021ed4000 ---p 00000000 00:00 0 
7f6021ed4000-7f60221fa000 rw-p 00000000 00:00 0 
7f60221fa000-7f6022a47000 rw-p 00000000 00:00 0 
7f6022a47000-7f6022b2d000 ---p 00000000 00:00 0 
7f6022b2d000-7f6022b32000 rw-p 00000000 00:00 0 
7f6022b32000-7f6022c18000 ---p 00000000 00:00 0 
7f6022c18000-7f6022c1c000 ---p 00000000 00:00 0 
7f6022c1c000-7f6022d18000 rw-p 00000000 00:00 0 
7f6022d18000-7f6022d26000 r--p 00000000 00:17 3731                       /usr/lib/libm.so.6
7f6022d26000-7f6022da0000 r-xp 0000e000 00:17 3731                       /usr/lib/libm.so.6
7f6022da0000-7f6022dfe000 r--p 00088000 00:17 3731                       /usr/lib/libm.so.6
7f6022dfe000-7f6022dff000 r--p 000e5000 00:17 3731                       /usr/lib/libm.so.6
7f6022dff000-7f6022e00000 rw-p 000e6000 00:17 3731                       /usr/lib/libm.so.6
7f6022e00000-7f6024039000 r-xp 00000000 00:17 578306                     /home/kenny/.sdkman/candidates/java/17.0.5-zulu/lib/server/libjvm.so
7f6024039000-7f60240f2000 r--p 01238000 00:17 578306                     /home/kenny/.sdkman/candidates/java/17.0.5-zulu/lib/server/libjvm.so
7f60240f2000-7f6024127000 rw-p 012f1000 00:17 578306                     /home/kenny/.sdkman/candidates/java/17.0.5-zulu/lib/server/libjvm.so
7f6024127000-7f6024181000 rw-p 00000000 00:00 0 
7f6024181000-7f6024182000 r--p 00000000 00:17 4417                       /usr/share/locale/en_GB/LC_MESSAGES/libc.mo
7f6024182000-7f60241a6000 r-xp 00000000 00:17 578337                     /home/kenny/.sdkman/candidates/java/17.0.5-zulu/lib/libjava.so
7f60241a6000-7f60241a7000 ---p 00024000 00:17 578337                     /home/kenny/.sdkman/candidates/java/17.0.5-zulu/lib/libjava.so
7f60241a7000-7f60241a8000 r--p 00024000 00:17 578337                     /home/kenny/.sdkman/candidates/java/17.0.5-zulu/lib/libjava.so
7f60241a8000-7f60241a9000 rw-p 00025000 00:17 578337                     /home/kenny/.sdkman/candidates/java/17.0.5-zulu/lib/libjava.so
7f60241a9000-7f60241aa000 rw-p 00000000 00:00 0 
7f60241aa000-7f60241c5000 r-xp 00000000 00:17 578333                     /home/kenny/.sdkman/candidates/java/17.0.5-zulu/lib/libjimage.so
7f60241c5000-7f60241c7000 r--p 0001a000 00:17 578333                     /home/kenny/.sdkman/candidates/java/17.0.5-zulu/lib/libjimage.so
7f60241c7000-7f60241c8000 rw-p 0001c000 00:17 578333                     /home/kenny/.sdkman/candidates/java/17.0.5-zulu/lib/libjimage.so
7f60241c8000-7f60241c9000 r--p 00000000 00:17 3753                       /usr/lib/librt.so.1
7f60241c9000-7f60241ca000 r-xp 00001000 00:17 3753                       /usr/lib/librt.so.1
7f60241ca000-7f60241cb000 r--p 00002000 00:17 3753                       /usr/lib/librt.so.1
7f60241cb000-7f60241cc000 r--p 00002000 00:17 3753                       /usr/lib/librt.so.1
7f60241cc000-7f60241cd000 rw-p 00003000 00:17 3753                       /usr/lib/librt.so.1
7f60241cd000-7f60241cf000 rw-p 00000000 00:00 0 
7f60241cf000-7f60241f1000 r--p 00000000 00:17 3721                       /usr/lib/libc.so.6
7f60241f1000-7f602434c000 r-xp 00022000 00:17 3721                       /usr/lib/libc.so.6
7f602434c000-7f60243a3000 r--p 0017d000 00:17 3721                       /usr/lib/libc.so.6
7f60243a3000-7f60243a7000 r--p 001d4000 00:17 3721                       /usr/lib/libc.so.6
7f60243a7000-7f60243a9000 rw-p 001d8000 00:17 3721                       /usr/lib/libc.so.6
7f60243a9000-7f60243b6000 rw-p 00000000 00:00 0 
7f60243b6000-7f60243b7000 r--p 00000000 00:17 3726                       /usr/lib/libdl.so.2
7f60243b7000-7f60243b8000 r-xp 00001000 00:17 3726                       /usr/lib/libdl.so.2
7f60243b8000-7f60243b9000 r--p 00002000 00:17 3726                       /usr/lib/libdl.so.2
7f60243b9000-7f60243ba000 r--p 00002000 00:17 3726                       /usr/lib/libdl.so.2
7f60243ba000-7f60243bb000 rw-p 00003000 00:17 3726                       /usr/lib/libdl.so.2
7f60243bb000-7f60243bc000 r--p 00000000 00:17 3748                       /usr/lib/libpthread.so.0
7f60243bc000-7f60243bd000 r-xp 00001000 00:17 3748                       /usr/lib/libpthread.so.0
7f60243bd000-7f60243be000 r--p 00002000 00:17 3748                       /usr/lib/libpthread.so.0
7f60243be000-7f60243bf000 r--p 00002000 00:17 3748                       /usr/lib/libpthread.so.0
7f60243bf000-7f60243c0000 rw-p 00003000 00:17 3748                       /usr/lib/libpthread.so.0
7f60243c0000-7f60243ce000 r-xp 00000000 00:17 578344                     /home/kenny/.sdkman/candidates/java/17.0.5-zulu/lib/libjli.so
7f60243ce000-7f60243cf000 ---p 0000e000 00:17 578344                     /home/kenny/.sdkman/candidates/java/17.0.5-zulu/lib/libjli.so
7f60243cf000-7f60243d0000 r--p 0000e000 00:17 578344                     /home/kenny/.sdkman/candidates/java/17.0.5-zulu/lib/libjli.so
7f60243d0000-7f60243d1000 rw-p 0000f000 00:17 578344                     /home/kenny/.sdkman/candidates/java/17.0.5-zulu/lib/libjli.so
7f60243d1000-7f60243d4000 r--p 00000000 00:17 15466                      /usr/lib/libz.so.1.2.13
7f60243d4000-7f60243e2000 r-xp 00003000 00:17 15466                      /usr/lib/libz.so.1.2.13
7f60243e2000-7f60243e9000 r--p 00011000 00:17 15466                      /usr/lib/libz.so.1.2.13
7f60243e9000-7f60243ea000 r--p 00017000 00:17 15466                      /usr/lib/libz.so.1.2.13
7f60243ea000-7f60243eb000 rw-p 00018000 00:17 15466                      /usr/lib/libz.so.1.2.13
7f60243eb000-7f60243f0000 rw-p 00000000 00:00 0 
7f60243f0000-7f60243f7000 ---p 00000000 00:00 0 
7f60243f7000-7f60243ff000 rw-s 00000000 00:27 3279                       /tmp/hsperfdata_kenny/39956
7f60243ff000-7f6024400000 ---p 00000000 00:00 0 
7f6024400000-7f6024401000 r--p 00000000 00:00 0 
7f6024401000-7f6024402000 ---p 00000000 00:00 0 
7f6024402000-7f6024404000 rw-p 00000000 00:00 0 
7f6024404000-7f6024405000 r--p 00000000 00:17 3712                       /usr/lib/ld-linux-x86-64.so.2
7f6024405000-7f602442b000 r-xp 00001000 00:17 3712                       /usr/lib/ld-linux-x86-64.so.2
7f602442b000-7f6024435000 r--p 00027000 00:17 3712                       /usr/lib/ld-linux-x86-64.so.2
7f6024435000-7f6024437000 r--p 00031000 00:17 3712                       /usr/lib/ld-linux-x86-64.so.2
7f6024437000-7f6024439000 rw-p 00033000 00:17 3712                       /usr/lib/ld-linux-x86-64.so.2
7ffcb9152000-7ffcb9174000 rw-p 00000000 00:00 0                          [stack]
7ffcb91e4000-7ffcb91e8000 r--p 00000000 00:00 0                          [vvar]
7ffcb91e8000-7ffcb91ea000 r-xp 00000000 00:00 0                          [vdso]
ffffffffff600000-ffffffffff601000 --xp 00000000 00:00 0                  [vsyscall]


VM Arguments:
jvm_args: -Xmx64m -Xms64m -Dorg.gradle.appname=gradlew 
java_command: org.gradle.wrapper.GradleWrapperMain bootrun
java_class_path (initial): /home/kenny/code/personal/auraltester/backend/gradle/wrapper/gradle-wrapper.jar
Launcher Type: SUN_STANDARD

[Global flags]
     intx CICompilerCount                          = 4                                         {product} {ergonomic}
     uint ConcGCThreads                            = 2                                         {product} {ergonomic}
     uint G1ConcRefinementThreads                  = 8                                         {product} {ergonomic}
   size_t G1HeapRegionSize                         = 1048576                                   {product} {ergonomic}
    uintx GCDrainStackTargetSize                   = 64                                        {product} {ergonomic}
   size_t InitialHeapSize                          = 67108864                                  {product} {command line}
   size_t MarkStackSize                            = 4194304                                   {product} {ergonomic}
   size_t MaxHeapSize                              = 67108864                                  {product} {command line}
   size_t MaxNewSize                               = 39845888                                  {product} {ergonomic}
   size_t MinHeapDeltaBytes                        = 1048576                                   {product} {ergonomic}
   size_t MinHeapSize                              = 67108864                                  {product} {command line}
    uintx NonNMethodCodeHeapSize                   = 5839372                                {pd product} {ergonomic}
    uintx NonProfiledCodeHeapSize                  = 122909434                              {pd product} {ergonomic}
    uintx ProfiledCodeHeapSize                     = 122909434                              {pd product} {ergonomic}
    uintx ReservedCodeCacheSize                    = 251658240                              {pd product} {ergonomic}
     bool SegmentedCodeCache                       = true                                      {product} {ergonomic}
   size_t SoftMaxHeapSize                          = 67108864                               {manageable} {ergonomic}
     bool UseCompressedClassPointers               = true                           {product lp64_product} {ergonomic}
     bool UseCompressedOops                        = true                           {product lp64_product} {ergonomic}
     bool UseG1GC                                  = true                                      {product} {ergonomic}

Logging:
Log output configuration:
 #0: stdout all=warning uptime,level,tags
 #1: stderr all=off uptime,level,tags

Environment Variables:
JAVA_HOME=/home/kenny/.sdkman/candidates/java/current
PATH=/home/kenny/code/personal/auraltester/backend/node_modules/.bin:/home/kenny/code/personal/auraltester/node_modules/.bin:/home/kenny/code/personal/node_modules/.bin:/home/kenny/code/node_modules/.bin:/home/kenny/node_modules/.bin:/home/node_modules/.bin:/node_modules/.bin:/home/kenny/.local/share/nvm/v18.12.1/lib/node_modules/npm/node_modules/@npmcli/run-script/lib/node-gyp-bin:/home/kenny/.local/bin:/home/kenny/.dotnet/tools:/home/kenny/.sdkman/candidates/java/current/bin:/home/kenny/.local/bin:/home/kenny/.dotnet/tools:/home/kenny/.local/share/nvm/v18.12.1/bin:/home/kenny/.local/bin/:/usr/local/bin:/usr/bin:/bin:/usr/local/sbin:/home/kenny/.dotnet/tools:/usr/bin/site_perl:/usr/bin/vendor_perl:/usr/bin/core_perl
SHELL=/usr/bin/fish
DISPLAY=:0.0
LANG=en_GB.UTF-8
TERM=tmux-256color

Signal Handlers:
   SIGSEGV: crash_handler in libjvm.so, mask=11100100010111111101111111111110, flags=SA_RESTART|SA_SIGINFO
    SIGBUS: crash_handler in libjvm.so, mask=11100100010111111101111111111110, flags=SA_RESTART|SA_SIGINFO
    SIGFPE: crash_handler in libjvm.so, mask=11100100010111111101111111111110, flags=SA_RESTART|SA_SIGINFO
   SIGPIPE: javaSignalHandler in libjvm.so, mask=11100100010111111101111111111110, flags=SA_RESTART|SA_SIGINFO
   SIGXFSZ: javaSignalHandler in libjvm.so, mask=11100100010111111101111111111110, flags=SA_RESTART|SA_SIGINFO
    SIGILL: crash_handler in libjvm.so, mask=11100100010111111101111111111110, flags=SA_RESTART|SA_SIGINFO
   SIGUSR2: SR_handler in libjvm.so, mask=00000000000000000000000000000000, flags=SA_RESTART|SA_SIGINFO
    SIGHUP: UserHandler in libjvm.so, mask=11100100010111111101111111111110, flags=SA_RESTART|SA_SIGINFO
    SIGINT: UserHandler in libjvm.so, mask=11100100010111111101111111111110, flags=SA_RESTART|SA_SIGINFO
   SIGTERM: UserHandler in libjvm.so, mask=11100100010111111101111111111110, flags=SA_RESTART|SA_SIGINFO
   SIGQUIT: UserHandler in libjvm.so, mask=11100100010111111101111111111110, flags=SA_RESTART|SA_SIGINFO
  *** Handler was modified!
  *** Expected: javaSignalHandler in libjvm.so, mask=11100100110111111111111111111110, flags=SA_RESTART|SA_SIGINFO
   SIGTRAP: crash_handler in libjvm.so, mask=11100100010111111101111111111110, flags=SA_RESTART|SA_SIGINFO


---------------  S Y S T E M  ---------------

OS:
NAME="Arch Linux"
PRETTY_NAME="Arch Linux"
ID=arch
BUILD_ID=rolling
ANSI_COLOR="38;2;23;147;209"
HOME_URL="https://archlinux.org/"
DOCUMENTATION_URL="https://wiki.archlinux.org/"
SUPPORT_URL="https://bbs.archlinux.org/"
BUG_REPORT_URL="https://bugs.archlinux.org/"
PRIVACY_POLICY_URL="https://terms.archlinux.org/docs/privacy-policy/"
LOGO=archlinux-logo
uname: Linux 6.0.12-zen1-1-zen #1 ZEN SMP PREEMPT_DYNAMIC Thu, 08 Dec 2022 11:03:40 +0000 x86_64
OS uptime: 0 days 1:41 hours
libc: glibc 2.36 NPTL 2.36 
rlimit (soft/hard): STACK 8192k/infinity , CORE infinity/infinity , NPROC 63693/63693 , NOFILE 524288/524288 , AS infinity/infinity , CPU infinity/infinity , DATA infinity/infinity , FSIZE infinity/infinity , MEMLOCK 8192k/8192k
load average: 0.85 1.23 1.21

/proc/meminfo:
MemTotal:       16328172 kB
MemFree:          218388 kB
MemAvailable:    7020260 kB
Buffers:           67648 kB
Cached:          6548732 kB
SwapCached:          244 kB
Active:          7345864 kB
Inactive:        7089424 kB
Active(anon):    6161436 kB
Inactive(anon):  1732212 kB
Active(file):    1184428 kB
Inactive(file):  5357212 kB
Unevictable:        1032 kB
Mlocked:            1032 kB
SwapTotal:       4194300 kB
SwapFree:        2535164 kB
Zswap:                 0 kB
Zswapped:              0 kB
Dirty:               352 kB
Writeback:             0 kB
AnonPages:       7783532 kB
Mapped:          1849512 kB
Shmem:             74460 kB
KReclaimable:     595608 kB
Slab:             794932 kB
SReclaimable:     595608 kB
SUnreclaim:       199324 kB
KernelStack:       26128 kB
PageTables:        77704 kB
NFS_Unstable:          0 kB
Bounce:                0 kB
WritebackTmp:          0 kB
CommitLimit:    12358384 kB
Committed_AS:   17253976 kB
VmallocTotal:   34359738367 kB
VmallocUsed:      133948 kB
VmallocChunk:          0 kB
Percpu:             5024 kB
HardwareCorrupted:     0 kB
AnonHugePages:   1378304 kB
ShmemHugePages:        0 kB
ShmemPmdMapped:        0 kB
FileHugePages:    155648 kB
FilePmdMapped:    155648 kB
CmaTotal:              0 kB
CmaFree:               0 kB
HugePages_Total:       0
HugePages_Free:        0
HugePages_Rsvd:        0
HugePages_Surp:        0
Hugepagesize:       2048 kB
Hugetlb:               0 kB
DirectMap4k:     1264372 kB
DirectMap2M:    15460352 kB
DirectMap1G:     1048576 kB

/sys/kernel/mm/transparent_hugepage/enabled: [always] madvise never
/sys/kernel/mm/transparent_hugepage/defrag (defrag/compaction efforts parameter): always defer [defer+madvise] madvise never

Process Memory:
Virtual Size: 3203372K (peak: 3264724K)
Resident Set Size: 100632K (peak: 100632K) (anon: 71664K, file: 28936K, shmem: 32K)
Swapped out: 0K
C-Heap outstanding allocations: 31488K, retained: 12891K
glibc malloc tunables: (default)

/proc/sys/kernel/threads-max (system-wide limit on the number of threads): 127386
/proc/sys/vm/max_map_count (maximum number of memory map areas a process may have): 65530
/proc/sys/kernel/pid_max (system-wide limit on number of process identifiers): 4194304

container (cgroup) information:
container_type: cgroupv2
cpu_cpuset_cpus: not supported
cpu_memory_nodes: not supported
active_processor_count: 8
cpu_quota: no quota
cpu_period: 100000
cpu_shares: no shares
memory_limit_in_bytes: unlimited
memory_and_swap_limit_in_bytes: unlimited
memory_soft_limit_in_bytes: unlimited
memory_usage_in_bytes: 4065508 k
memory_max_usage_in_bytes: not supported
maximum number of tasks: unlimited
current number of tasks: 674

Steal ticks since vm start: 0
Steal ticks percentage since vm start:  0.000

CPU: total 8 (initial active 8) (4 cores per cpu, 2 threads per core) family 6 model 60 stepping 3 microcode 0x28, cx8, cmov, fxsr, ht, mmx, sse, sse2, sse3, ssse3, sse4.1, sse4.2, popcnt, lzcnt, tsc, tscinvbit, avx, avx2, aes, erms, clmul, bmi1, bmi2, fma, vzeroupper, clflush
CPU Model and flags from /proc/cpuinfo:
model name	: Intel(R) Core(TM) i7-4790 CPU @ 3.60GHz
flags		: fpu vme de pse tsc msr pae mce cx8 apic sep mtrr pge mca cmov pat pse36 clflush dts acpi mmx fxsr sse sse2 ss ht tm pbe syscall nx pdpe1gb rdtscp lm constant_tsc arch_perfmon pebs bts rep_good nopl xtopology nonstop_tsc cpuid aperfmperf pni pclmulqdq dtes64 monitor ds_cpl vmx smx est tm2 ssse3 sdbg fma cx16 xtpr pdcm pcid sse4_1 sse4_2 x2apic movbe popcnt tsc_deadline_timer aes xsave avx f16c rdrand lahf_lm abm cpuid_fault epb invpcid_single pti ssbd ibrs ibpb stibp tpr_shadow vnmi flexpriority ept vpid ept_ad fsgsbase tsc_adjust bmi1 avx2 smep bmi2 erms invpcid xsaveopt dtherm ida arat pln pts md_clear flush_l1d

Online cpus: 0-7
Offline cpus: 
BIOS frequency limitation: <Not Available>
Frequency switch latency (ns): 20000
Available cpu frequencies: <Not Available>
Current governor: schedutil
Core performance/turbo boost: <Not Available>

Memory: 4k page, physical 16328172k(217884k free), swap 4194300k(2535164k free)
Page Sizes: 4k

vm_info: OpenJDK 64-Bit Server VM (17.0.5+8-LTS) for linux-amd64 JRE (17.0.5+8-LTS) (Zulu17.38+21-CA), built on Oct  7 2022 12:47:57 by "zulu_re" with gcc 8.3.0

END.
