#
# A fatal error has been detected by the Java Runtime Environment:
#
#  SIGSEGV (0xb) at pc=0x00007fdec7ba97db, pid=41114, tid=41114
#
# JRE version: OpenJDK Runtime Environment Zulu17.38+21-CA (17.0.5+8) (build 17.0.5+8-LTS)
# Java VM: OpenJDK 64-Bit Server VM Zulu17.38+21-CA (17.0.5+8-LTS, mixed mode, sharing, tiered, compressed oops, compressed class ptrs, g1 gc, linux-amd64)
# Problematic frame:
# V  [libjvm.so+0xda97db]  SR_handler(int, siginfo*, ucontext*)+0x9b
#
# Core dump will be written. Default location: Core dumps may be processed with "/usr/lib/systemd/systemd-coredump %P %u %g %s %t %c %h" (or dumping to /home/kenny/code/personal/auraltester/backend/core.41114)
#
# If you would like to submit a bug report, please visit:
#   http://www.azul.com/support/
#

---------------  S U M M A R Y ------------

Command Line: -Xmx64m -Xms64m -Dorg.gradle.appname=gradlew org.gradle.wrapper.GradleWrapperMain bootrun

Host: Intel(R) Core(TM) i7-4790 CPU @ 3.60GHz, 8 cores, 15G, Arch Linux
Time: Thu Dec 22 14:40:13 2022 UTC elapsed time: 52.148673 seconds (0d 0h 0m 52s)

---------------  T H R E A D  ---------------

Current thread is native thread

Stack: [0x00007ffd20480000,0x00007ffd20c7e000],  sp=0x00007ffd20c79170,  free space=8164k
Native frames: (J=compiled Java code, j=interpreted, Vv=VM code, C=native code)
V  [libjvm.so+0xda97db]  SR_handler(int, siginfo*, ucontext*)+0x9b


siginfo: si_signo: 11 (SIGSEGV), si_code: 1 (SEGV_MAPERR), si_addr: 0x0000000000000268

Registers:
RAX=0x0000000000000000, RBX=0x00007ffd20c79180, RCX=0x00007fdec8249688, RDX=0x0000000000000000
RSP=0x00007ffd20c79170, RBP=0x00007ffd20c79230, RSI=0x00007ffd20c79180, RDI=0x0000000000000000
R8 =0x0000000000000000, R9 =0x00000000ffffffff, R10=0x0000000000000008, R11=0x0000000000000246
R12=0x00007fdec81bb280, R13=0x0000000000000000, R14=0x00007ffd20c79240, R15=0x00007fdec6d176c0
RIP=0x00007fdec7ba97db, EFLAGS=0x0000000000010246, CSGSFS=0x002b000000000033, ERR=0x0000000000000004
  TRAPNO=0x000000000000000e

Top of Stack: (sp=0x00007ffd20c79170)
0x00007ffd20c79170:   00007ffd00000000 00007ffd20c79370
0x00007ffd20c79180:   00000000000004d8 0000000000000000
0x00007ffd20c79190:   00007fdec8145660 0000003000000018
0x00007ffd20c791a0:   00007ffd20c79940 00007ffd20c79870 

Instructions: (pc=0x00007fdec7ba97db)
0x00007fdec7ba96db:   94 4a ff 31 d2 48 89 de bf 01 00 00 00 e8 43 8d
0x00007fdec7ba96eb:   4a ff 41 83 fc 02 74 3d 48 83 3d 6d 13 5b 00 00
0x00007fdec7ba96fb:   74 25 48 8d 05 5c 12 5b 00 4a 8d 14 a0 b8 01 00
0x00007fdec7ba970b:   00 00 f0 0f c1 02 48 8b 3d 50 13 5b 00 be 01 00
0x00007fdec7ba971b:   00 00 e8 9e ba ed ff 48 83 ec 80 5b 41 5c 5d c3
0x00007fdec7ba972b:   0f 1f 44 00 00 e8 6b 27 15 00 84 c0 74 ba e8 6a
0x00007fdec7ba973b:   95 4a ff eb b3 55 48 89 e5 41 57 41 56 49 89 d6
0x00007fdec7ba974b:   41 55 41 54 53 48 8d 9d 50 ff ff ff 48 81 ec 98
0x00007fdec7ba975b:   00 00 00 48 89 b5 48 ff ff ff e8 56 86 4a ff 48
0x00007fdec7ba976b:   89 df 49 89 c4 44 8b 28 e8 88 8b 4a ff be 04 00
0x00007fdec7ba977b:   00 00 48 89 df e8 ab 93 4a ff be 07 00 00 00 48
0x00007fdec7ba978b:   89 df e8 9e 93 4a ff be 08 00 00 00 48 89 df e8
0x00007fdec7ba979b:   91 93 4a ff be 0b 00 00 00 48 89 df e8 84 93 4a
0x00007fdec7ba97ab:   ff be 05 00 00 00 48 89 df e8 77 93 4a ff 31 d2
0x00007fdec7ba97bb:   48 89 de bf 01 00 00 00 e8 68 8c 4a ff e8 b3 33
0x00007fdec7ba97cb:   0e 00 31 d2 84 c0 74 08 e8 b8 33 0e 00 48 89 c2
0x00007fdec7ba97db:   48 8b 82 68 02 00 00 48 85 c0 74 17 4c 8b ba 30
0x00007fdec7ba97eb:   02 00 00 41 8b 87 a0 00 00 00 83 f8 01 74 16 45
0x00007fdec7ba97fb:   89 2c 24 48 81 c4 98 00 00 00 5b 41 5c 41 5d 41
0x00007fdec7ba980b:   5e 41 5f 5d c3 f3 0f 7e 85 48 ff ff ff ba 02 00
0x00007fdec7ba981b:   00 00 be 01 00 00 00 4c 89 b5 48 ff ff ff 4d 8d
0x00007fdec7ba982b:   b7 a0 00 00 00 4c 89 f7 0f 16 85 48 ff ff ff 41
0x00007fdec7ba983b:   0f 11 87 a8 00 00 00 e8 69 c7 e1 ff 83 f8 02 74
0x00007fdec7ba984b:   3c 85 c0 75 10 66 0f ef c0 41 0f 11 87 a8 00 00
0x00007fdec7ba985b:   00 eb 9c 66 90 48 8d 05 01 cb 54 00 be 6b 06 00
0x00007fdec7ba986b:   00 48 8d 3d 5d 80 26 00 48 8b 00 c6 00 58 e8 72
0x00007fdec7ba987b:   78 85 ff e8 ed ff e1 ff eb cb 0f 1f 00 48 89 df
0x00007fdec7ba988b:   e8 70 8a 4a ff 48 89 da 31 f6 31 ff e8 94 8b 4a
0x00007fdec7ba989b:   ff 8b 35 66 24 56 00 48 89 df e8 d6 92 4a ff be
0x00007fdec7ba98ab:   01 00 00 00 48 8d 3d ca 11 5b 00 e8 05 b9 ed ff
0x00007fdec7ba98bb:   eb 08 0f 1f 00 83 f8 02 75 3b 48 89 df e8 c3 92
0x00007fdec7ba98cb:   4a ff 31 d2 be 03 00 00 00 4c 89 f7 e8 d4 c6 e1 



---------------  P R O C E S S  ---------------

VM state: not at safepoint (normal execution)

VM Mutex/Monitor currently owned by a thread: None

Heap address: 0x00000000fc000000, size: 64 MB, Compressed Oops mode: 32-bit

CDS archive(s) mapped at: [0x0000000800000000-0x0000000800c12000-0x0000000800c12000), size 12656640, SharedBaseAddress: 0x0000000800000000, ArchiveRelocationMode: 0.
Compressed class space mapped at: 0x0000000801000000-0x0000000841000000, reserved size: 1073741824
Narrow klass base: 0x0000000800000000, Narrow klass shift: 0, Narrow klass range: 0x100000000

GC Precious Log:
<Skipped>

Heap:
 garbage-first heap   total 65536K, used 20743K [0x00000000fc000000, 0x0000000100000000)
  region size 1024K, 14 young (14336K), 3 survivors (3072K)
 Metaspace       used 7727K, committed 7936K, reserved 1056768K
  class space    used 1054K, committed 1152K, reserved 1048576K

Heap Regions: E=young(eden), S=young(survivor), O=old, HS=humongous(starts), HC=humongous(continues), CS=collection set, F=free, OA=open archive, CA=closed archive, TAMS=top-at-mark-start (previous, next)
|   0|0x00000000fc000000, 0x00000000fc100000, 0x00000000fc100000|100%|HS|  |TAMS 0x00000000fc000000, 0x00000000fc000000| Complete 
|   1|0x00000000fc100000, 0x00000000fc200000, 0x00000000fc200000|100%|HC|  |TAMS 0x00000000fc100000, 0x00000000fc100000| Complete 
|   2|0x00000000fc200000, 0x00000000fc300000, 0x00000000fc300000|100%|HC|  |TAMS 0x00000000fc200000, 0x00000000fc200000| Complete 
|   3|0x00000000fc300000, 0x00000000fc400000, 0x00000000fc400000|100%| O|  |TAMS 0x00000000fc300000, 0x00000000fc300000| Untracked 
|   4|0x00000000fc400000, 0x00000000fc500000, 0x00000000fc500000|100%| O|  |TAMS 0x00000000fc400000, 0x00000000fc400000| Untracked 
|   5|0x00000000fc500000, 0x00000000fc5dde00, 0x00000000fc600000| 86%| O|  |TAMS 0x00000000fc500000, 0x00000000fc500000| Untracked 
|   6|0x00000000fc600000, 0x00000000fc600000, 0x00000000fc700000|  0%| F|  |TAMS 0x00000000fc600000, 0x00000000fc600000| Untracked 
|   7|0x00000000fc700000, 0x00000000fc700000, 0x00000000fc800000|  0%| F|  |TAMS 0x00000000fc700000, 0x00000000fc700000| Untracked 
|   8|0x00000000fc800000, 0x00000000fc800000, 0x00000000fc900000|  0%| F|  |TAMS 0x00000000fc800000, 0x00000000fc800000| Untracked 
|   9|0x00000000fc900000, 0x00000000fc900000, 0x00000000fca00000|  0%| F|  |TAMS 0x00000000fc900000, 0x00000000fc900000| Untracked 
|  10|0x00000000fca00000, 0x00000000fca00000, 0x00000000fcb00000|  0%| F|  |TAMS 0x00000000fca00000, 0x00000000fca00000| Untracked 
|  11|0x00000000fcb00000, 0x00000000fcb00000, 0x00000000fcc00000|  0%| F|  |TAMS 0x00000000fcb00000, 0x00000000fcb00000| Untracked 
|  12|0x00000000fcc00000, 0x00000000fcc00000, 0x00000000fcd00000|  0%| F|  |TAMS 0x00000000fcc00000, 0x00000000fcc00000| Untracked 
|  13|0x00000000fcd00000, 0x00000000fcd00000, 0x00000000fce00000|  0%| F|  |TAMS 0x00000000fcd00000, 0x00000000fcd00000| Untracked 
|  14|0x00000000fce00000, 0x00000000fce00000, 0x00000000fcf00000|  0%| F|  |TAMS 0x00000000fce00000, 0x00000000fce00000| Untracked 
|  15|0x00000000fcf00000, 0x00000000fcf00000, 0x00000000fd000000|  0%| F|  |TAMS 0x00000000fcf00000, 0x00000000fcf00000| Untracked 
|  16|0x00000000fd000000, 0x00000000fd000000, 0x00000000fd100000|  0%| F|  |TAMS 0x00000000fd000000, 0x00000000fd000000| Untracked 
|  17|0x00000000fd100000, 0x00000000fd100000, 0x00000000fd200000|  0%| F|  |TAMS 0x00000000fd100000, 0x00000000fd100000| Untracked 
|  18|0x00000000fd200000, 0x00000000fd200000, 0x00000000fd300000|  0%| F|  |TAMS 0x00000000fd200000, 0x00000000fd200000| Untracked 
|  19|0x00000000fd300000, 0x00000000fd300000, 0x00000000fd400000|  0%| F|  |TAMS 0x00000000fd300000, 0x00000000fd300000| Untracked 
|  20|0x00000000fd400000, 0x00000000fd400000, 0x00000000fd500000|  0%| F|  |TAMS 0x00000000fd400000, 0x00000000fd400000| Untracked 
|  21|0x00000000fd500000, 0x00000000fd500000, 0x00000000fd600000|  0%| F|  |TAMS 0x00000000fd500000, 0x00000000fd500000| Untracked 
|  22|0x00000000fd600000, 0x00000000fd600000, 0x00000000fd700000|  0%| F|  |TAMS 0x00000000fd600000, 0x00000000fd600000| Untracked 
|  23|0x00000000fd700000, 0x00000000fd700000, 0x00000000fd800000|  0%| F|  |TAMS 0x00000000fd700000, 0x00000000fd700000| Untracked 
|  24|0x00000000fd800000, 0x00000000fd800000, 0x00000000fd900000|  0%| F|  |TAMS 0x00000000fd800000, 0x00000000fd800000| Untracked 
|  25|0x00000000fd900000, 0x00000000fd900000, 0x00000000fda00000|  0%| F|  |TAMS 0x00000000fd900000, 0x00000000fd900000| Untracked 
|  26|0x00000000fda00000, 0x00000000fda00000, 0x00000000fdb00000|  0%| F|  |TAMS 0x00000000fda00000, 0x00000000fda00000| Untracked 
|  27|0x00000000fdb00000, 0x00000000fdb00000, 0x00000000fdc00000|  0%| F|  |TAMS 0x00000000fdb00000, 0x00000000fdb00000| Untracked 
|  28|0x00000000fdc00000, 0x00000000fdc00000, 0x00000000fdd00000|  0%| F|  |TAMS 0x00000000fdc00000, 0x00000000fdc00000| Untracked 
|  29|0x00000000fdd00000, 0x00000000fdd00000, 0x00000000fde00000|  0%| F|  |TAMS 0x00000000fdd00000, 0x00000000fdd00000| Untracked 
|  30|0x00000000fde00000, 0x00000000fde00000, 0x00000000fdf00000|  0%| F|  |TAMS 0x00000000fde00000, 0x00000000fde00000| Untracked 
|  31|0x00000000fdf00000, 0x00000000fdf00000, 0x00000000fe000000|  0%| F|  |TAMS 0x00000000fdf00000, 0x00000000fdf00000| Untracked 
|  32|0x00000000fe000000, 0x00000000fe000000, 0x00000000fe100000|  0%| F|  |TAMS 0x00000000fe000000, 0x00000000fe000000| Untracked 
|  33|0x00000000fe100000, 0x00000000fe100000, 0x00000000fe200000|  0%| F|  |TAMS 0x00000000fe100000, 0x00000000fe100000| Untracked 
|  34|0x00000000fe200000, 0x00000000fe200000, 0x00000000fe300000|  0%| F|  |TAMS 0x00000000fe200000, 0x00000000fe200000| Untracked 
|  35|0x00000000fe300000, 0x00000000fe300000, 0x00000000fe400000|  0%| F|  |TAMS 0x00000000fe300000, 0x00000000fe300000| Untracked 
|  36|0x00000000fe400000, 0x00000000fe500000, 0x00000000fe500000|100%| S|CS|TAMS 0x00000000fe400000, 0x00000000fe400000| Complete 
|  37|0x00000000fe500000, 0x00000000fe600000, 0x00000000fe600000|100%| S|CS|TAMS 0x00000000fe500000, 0x00000000fe500000| Complete 
|  38|0x00000000fe600000, 0x00000000fe700000, 0x00000000fe700000|100%| S|CS|TAMS 0x00000000fe600000, 0x00000000fe600000| Complete 
|  39|0x00000000fe700000, 0x00000000fe700000, 0x00000000fe800000|  0%| F|  |TAMS 0x00000000fe700000, 0x00000000fe700000| Untracked 
|  40|0x00000000fe800000, 0x00000000fe800000, 0x00000000fe900000|  0%| F|  |TAMS 0x00000000fe800000, 0x00000000fe800000| Untracked 
|  41|0x00000000fe900000, 0x00000000fe900000, 0x00000000fea00000|  0%| F|  |TAMS 0x00000000fe900000, 0x00000000fe900000| Untracked 
|  42|0x00000000fea00000, 0x00000000fea00000, 0x00000000feb00000|  0%| F|  |TAMS 0x00000000fea00000, 0x00000000fea00000| Untracked 
|  43|0x00000000feb00000, 0x00000000feb00000, 0x00000000fec00000|  0%| F|  |TAMS 0x00000000feb00000, 0x00000000feb00000| Untracked 
|  44|0x00000000fec00000, 0x00000000fec00000, 0x00000000fed00000|  0%| F|  |TAMS 0x00000000fec00000, 0x00000000fec00000| Untracked 
|  45|0x00000000fed00000, 0x00000000fed00000, 0x00000000fee00000|  0%| F|  |TAMS 0x00000000fed00000, 0x00000000fed00000| Untracked 
|  46|0x00000000fee00000, 0x00000000fee00000, 0x00000000fef00000|  0%| F|  |TAMS 0x00000000fee00000, 0x00000000fee00000| Untracked 
|  47|0x00000000fef00000, 0x00000000fef00000, 0x00000000ff000000|  0%| F|  |TAMS 0x00000000fef00000, 0x00000000fef00000| Untracked 
|  48|0x00000000ff000000, 0x00000000ff000000, 0x00000000ff100000|  0%| F|  |TAMS 0x00000000ff000000, 0x00000000ff000000| Untracked 
|  49|0x00000000ff100000, 0x00000000ff100000, 0x00000000ff200000|  0%| F|  |TAMS 0x00000000ff100000, 0x00000000ff100000| Untracked 
|  50|0x00000000ff200000, 0x00000000ff200000, 0x00000000ff300000|  0%| F|  |TAMS 0x00000000ff200000, 0x00000000ff200000| Untracked 
|  51|0x00000000ff300000, 0x00000000ff368ea8, 0x00000000ff400000| 40%| E|  |TAMS 0x00000000ff300000, 0x00000000ff300000| Complete 
|  52|0x00000000ff400000, 0x00000000ff500000, 0x00000000ff500000|100%| E|CS|TAMS 0x00000000ff400000, 0x00000000ff400000| Complete 
|  53|0x00000000ff500000, 0x00000000ff600000, 0x00000000ff600000|100%| E|CS|TAMS 0x00000000ff500000, 0x00000000ff500000| Complete 
|  54|0x00000000ff600000, 0x00000000ff700000, 0x00000000ff700000|100%| E|CS|TAMS 0x00000000ff600000, 0x00000000ff600000| Complete 
|  55|0x00000000ff700000, 0x00000000ff800000, 0x00000000ff800000|100%| E|CS|TAMS 0x00000000ff700000, 0x00000000ff700000| Complete 
|  56|0x00000000ff800000, 0x00000000ff900000, 0x00000000ff900000|100%| E|CS|TAMS 0x00000000ff800000, 0x00000000ff800000| Complete 
|  57|0x00000000ff900000, 0x00000000ffa00000, 0x00000000ffa00000|100%| E|CS|TAMS 0x00000000ff900000, 0x00000000ff900000| Complete 
|  58|0x00000000ffa00000, 0x00000000ffb00000, 0x00000000ffb00000|100%| E|CS|TAMS 0x00000000ffa00000, 0x00000000ffa00000| Complete 
|  59|0x00000000ffb00000, 0x00000000ffc00000, 0x00000000ffc00000|100%| E|CS|TAMS 0x00000000ffb00000, 0x00000000ffb00000| Complete 
|  60|0x00000000ffc00000, 0x00000000ffd00000, 0x00000000ffd00000|100%| E|CS|TAMS 0x00000000ffc00000, 0x00000000ffc00000| Complete 
|  61|0x00000000ffd00000, 0x00000000ffe00000, 0x00000000ffe00000|100%| E|CS|TAMS 0x00000000ffd00000, 0x00000000ffd00000| Complete 
|  62|0x00000000ffe00000, 0x00000000ffe78000, 0x00000000fff00000| 46%|OA|  |TAMS 0x00000000ffe00000, 0x00000000ffe00000| Untracked 
|  63|0x00000000fff00000, 0x00000000fff83000, 0x0000000100000000| 51%|CA|  |TAMS 0x00000000fff00000, 0x00000000fff00000| Untracked 

Card table byte_map: [0x00007fdec61d2000,0x00007fdec61f2000] _byte_map_base: 0x00007fdec59f2000

Marking Bits (Prev, Next): (CMBitMap*) 0x00007fdec0047c60, (CMBitMap*) 0x00007fdec0047ca0
 Prev Bits: [0x00007fdec60b2000, 0x00007fdec61b2000)
 Next Bits: [0x00007fdec5fb2000, 0x00007fdec60b2000)

Polling page: 0x00007fdec83ec000

Metaspace:

Usage:
  Non-class:      6.52 MB used.
      Class:      1.03 MB used.
       Both:      7.55 MB used.

Virtual space:
  Non-class space:        8.00 MB reserved,       6.62 MB ( 83%) committed,  1 nodes.
      Class space:        1.00 GB reserved,       1.12 MB ( <1%) committed,  1 nodes.
             Both:        1.01 GB reserved,       7.75 MB ( <1%) committed. 

Chunk freelists:
   Non-Class:  624.00 KB
       Class:  2.91 MB
        Both:  3.51 MB

MaxMetaspaceSize: unlimited
CompressedClassSpaceSize: 1.00 GB
Initial GC threshold: 21.00 MB
Current GC threshold: 21.00 MB
CDS: on
MetaspaceReclaimPolicy: balanced
 - commit_granule_bytes: 65536.
 - commit_granule_words: 8192.
 - virtual_space_node_default_size: 1048576.
 - enlarge_chunks_in_place: 1.
 - new_chunks_are_fully_committed: 0.
 - uncommit_free_chunks: 1.
 - use_allocation_guard: 0.
 - handle_deallocations: 1.


Internal statistics:

num_allocs_failed_limit: 0.
num_arena_births: 66.
num_arena_deaths: 0.
num_vsnodes_births: 2.
num_vsnodes_deaths: 0.
num_space_committed: 124.
num_space_uncommitted: 0.
num_chunks_returned_to_freelist: 0.
num_chunks_taken_from_freelist: 261.
num_chunk_merges: 0.
num_chunk_splits: 177.
num_chunks_enlarged: 154.
num_purges: 0.
num_inconsistent_stats: 0.

CodeHeap 'non-profiled nmethods': size=120028Kb used=413Kb max_used=413Kb free=119614Kb
 bounds [0x00007fdeb0cc9000, 0x00007fdeb0f39000, 0x00007fdeb8200000]
CodeHeap 'profiled nmethods': size=120028Kb used=2177Kb max_used=2177Kb free=117850Kb
 bounds [0x00007fdea9792000, 0x00007fdea9a02000, 0x00007fdeb0cc9000]
CodeHeap 'non-nmethods': size=5704Kb used=1156Kb max_used=1170Kb free=4547Kb
 bounds [0x00007fdea9200000, 0x00007fdea9470000, 0x00007fdea9792000]
 total_blobs=1627 nmethods=1176 adapters=365
 compilation: enabled
              stopped_count=0, restarted_count=0
 full_count=0

Compilation events (20 events):
Event: 44.920 Thread 0x00007fdec00cb1e0 1168       3       org.gradle.internal.logging.sink.GroupingProgressLogEventGenerator$OperationGroup::statusHasChanged (20 bytes)
Event: 44.920 Thread 0x00007fdec00cb1e0 nmethod 1168 0x00007fdea99ab210 code [0x00007fdea99ab3c0, 0x00007fdea99ab560]
Event: 51.518 Thread 0x00007fdec00cb1e0 1169   !   3       java.util.concurrent.ScheduledThreadPoolExecutor$DelayedWorkQueue::take (203 bytes)
Event: 51.519 Thread 0x00007fdec00cb1e0 nmethod 1169 0x00007fdea99ab610 code [0x00007fdea99ab9c0, 0x00007fdea99ad280]
Event: 51.519 Thread 0x00007fdec00cb1e0 1172       3       java.util.concurrent.locks.AbstractQueuedSynchronizer$ConditionObject::awaitNanos (200 bytes)
Event: 51.520 Thread 0x00007fdec00cb1e0 nmethod 1172 0x00007fdea99add10 code [0x00007fdea99ae000, 0x00007fdea99af060]
Event: 51.520 Thread 0x00007fdec00cb1e0 1170       3       java.util.concurrent.locks.ReentrantLock::lockInterruptibly (8 bytes)
Event: 51.520 Thread 0x00007fdec00cb1e0 nmethod 1170 0x00007fdea99af710 code [0x00007fdea99af920, 0x00007fdea99afe30]
Event: 51.520 Thread 0x00007fdec00cb1e0 1171       3       java.util.concurrent.locks.ReentrantLock$Sync::lockInterruptibly (27 bytes)
Event: 51.520 Thread 0x00007fdec00cb1e0 nmethod 1171 0x00007fdea99b0010 code [0x00007fdea99b0220, 0x00007fdea99b06b0]
Event: 51.618 Thread 0x00007fdec00cb1e0 1173       3       org.gradle.internal.logging.console.ThrottlingOutputEventListener$1::run (27 bytes)
Event: 51.619 Thread 0x00007fdec00cb1e0 nmethod 1173 0x00007fdea99b0810 code [0x00007fdea99b09e0, 0x00007fdea99b0d50]
Event: 51.619 Thread 0x00007fdec00cb1e0 1174       3       org.gradle.internal.logging.events.UpdateNowEvent::<init> (10 bytes)
Event: 51.619 Thread 0x00007fdec00cb1e0 nmethod 1174 0x00007fdea99b0f90 code [0x00007fdea99b1140, 0x00007fdea99b1310]
Event: 51.619 Thread 0x00007fdec00cb1e0 1175       3       java.util.concurrent.ScheduledThreadPoolExecutor$ScheduledFutureTask::setNextRunTime (38 bytes)
Event: 51.619 Thread 0x00007fdec00cb1e0 nmethod 1175 0x00007fdea99b1410 code [0x00007fdea99b15c0, 0x00007fdea99b17e0]
Event: 51.619 Thread 0x00007fdec00cb1e0 1176       3       java.util.concurrent.ScheduledThreadPoolExecutor::reExecutePeriodic (49 bytes)
Event: 51.619 Thread 0x00007fdec00cb1e0 nmethod 1176 0x00007fdea99b1890 code [0x00007fdea99b1ac0, 0x00007fdea99b2140]
Event: 51.619 Thread 0x00007fdec00cb1e0 1177       3       java.util.concurrent.ThreadPoolExecutor::afterExecute (1 bytes)
Event: 51.619 Thread 0x00007fdec00cb1e0 nmethod 1177 0x00007fdea99b2390 code [0x00007fdea99b2520, 0x00007fdea99b2630]

GC Heap History (2 events):
Event: 0.425 GC heap before
{Heap before GC invocations=0 (full 0):
 garbage-first heap   total 65536K, used 26604K [0x00000000fc000000, 0x0000000100000000)
  region size 1024K, 23 young (23552K), 0 survivors (0K)
 Metaspace       used 4252K, committed 4416K, reserved 1056768K
  class space    used 567K, committed 640K, reserved 1048576K
}
Event: 0.428 GC heap after
{Heap after GC invocations=1 (full 0):
 garbage-first heap   total 65536K, used 10083K [0x00000000fc000000, 0x0000000100000000)
  region size 1024K, 3 young (3072K), 3 survivors (3072K)
 Metaspace       used 4252K, committed 4416K, reserved 1056768K
  class space    used 567K, committed 640K, reserved 1048576K
}

Dll operation events (13 events):
Event: 0.001 Loaded shared library /home/kenny/.sdkman/candidates/java/17.0.5-zulu/lib/libjava.so
Event: 0.008 Loaded shared library /home/kenny/.sdkman/candidates/java/17.0.5-zulu/lib/libjsvml.so
Event: 0.018 Loaded shared library /home/kenny/.sdkman/candidates/java/17.0.5-zulu/lib/libnio.so
Event: 0.020 Loaded shared library /home/kenny/.sdkman/candidates/java/17.0.5-zulu/lib/libzip.so
Event: 0.067 Loaded shared library /home/kenny/.sdkman/candidates/java/17.0.5-zulu/lib/libnet.so
Event: 0.156 Loaded shared library /home/kenny/.sdkman/candidates/java/17.0.5-zulu/lib/libjimage.so
Event: 0.201 Loaded shared library /home/kenny/.sdkman/candidates/java/17.0.5-zulu/lib/libverify.so
Event: 0.399 Loaded shared library /home/kenny/.gradle/native/68d5fa5c4cc2d200863cafc0d521ce42e7d3e7ee720ec0a83991735586a16f82/linux-amd64/libnative-platform.so
Event: 0.405 Loading shared library /home/kenny/.gradle/native/68d5fa5c4cc2d200863cafc0d521ce42e7d3e7ee720ec0a83991735586a16f82/linux-amd64-ncurses5/libnative-platform-curses.so failed, libtinfo.so.5: cannot open shared object file: No such file or directory
Event: 0.407 Loaded shared library /home/kenny/.gradle/native/68d5fa5c4cc2d200863cafc0d521ce42e7d3e7ee720ec0a83991735586a16f82/linux-amd64-ncurses6/libnative-platform-curses.so
Event: 0.491 Loaded shared library /home/kenny/.sdkman/candidates/java/17.0.5-zulu/lib/libmanagement.so
Event: 0.492 Loaded shared library /home/kenny/.sdkman/candidates/java/17.0.5-zulu/lib/libmanagement_ext.so
Event: 0.557 Loaded shared library /home/kenny/.sdkman/candidates/java/17.0.5-zulu/lib/libextnet.so

Deoptimization events (20 events):
Event: 0.359 Thread 0x00007fdec0025620 DEOPT PACKING pc=0x00007fdeb0cd2f74 sp=0x00007fdec6d14b10
Event: 0.359 Thread 0x00007fdec0025620 DEOPT UNPACKING pc=0x00007fdea9252099 sp=0x00007fdec6d14ac0 mode 2
Event: 0.379 Thread 0x00007fdec0025620 Uncommon trap: trap_request=0xffffff45 fr.pc=0x00007fdeb0cff670 relative=0x0000000000000250
Event: 0.379 Thread 0x00007fdec0025620 Uncommon trap: reason=unstable_if action=reinterpret pc=0x00007fdeb0cff670 method=java.lang.String.startsWith(Ljava/lang/String;I)Z @ 14 c2
Event: 0.379 Thread 0x00007fdec0025620 DEOPT PACKING pc=0x00007fdeb0cff670 sp=0x00007fdec6d14440
Event: 0.379 Thread 0x00007fdec0025620 DEOPT UNPACKING pc=0x00007fdea9252099 sp=0x00007fdec6d143c0 mode 2
Event: 0.473 Thread 0x00007fdec0025620 Uncommon trap: trap_request=0xffffff45 fr.pc=0x00007fdeb0d104ec relative=0x00000000000004ac
Event: 0.473 Thread 0x00007fdec0025620 Uncommon trap: reason=unstable_if action=reinterpret pc=0x00007fdeb0d104ec method=java.util.HashMap.hash(Ljava/lang/Object;)I @ 1 c2
Event: 0.473 Thread 0x00007fdec0025620 DEOPT PACKING pc=0x00007fdeb0d104ec sp=0x00007fdec6d14800
Event: 0.473 Thread 0x00007fdec0025620 DEOPT UNPACKING pc=0x00007fdea9252099 sp=0x00007fdec6d146c8 mode 2
Event: 0.473 Thread 0x00007fdec0025620 Uncommon trap: trap_request=0xffffff45 fr.pc=0x00007fdeb0d032b8 relative=0x0000000000000478
Event: 0.473 Thread 0x00007fdec0025620 Uncommon trap: reason=unstable_if action=reinterpret pc=0x00007fdeb0d032b8 method=java.util.HashMap.hash(Ljava/lang/Object;)I @ 1 c2
Event: 0.473 Thread 0x00007fdec0025620 DEOPT PACKING pc=0x00007fdeb0d032b8 sp=0x00007fdec6d147a0
Event: 0.473 Thread 0x00007fdec0025620 DEOPT UNPACKING pc=0x00007fdea9252099 sp=0x00007fdec6d146d8 mode 2
Event: 0.496 Thread 0x00007fdec0025620 Uncommon trap: trap_request=0xffffff45 fr.pc=0x00007fdeb0cf5c28 relative=0x0000000000001c68
Event: 0.496 Thread 0x00007fdec0025620 Uncommon trap: reason=unstable_if action=reinterpret pc=0x00007fdeb0cf5c28 method=java.util.HashMap.putVal(ILjava/lang/Object;Ljava/lang/Object;ZZ)Ljava/lang/Object; @ 236 c2
Event: 0.496 Thread 0x00007fdec0025620 DEOPT PACKING pc=0x00007fdeb0cf5c28 sp=0x00007fdec6d13f60
Event: 0.496 Thread 0x00007fdec0025620 DEOPT UNPACKING pc=0x00007fdea9252099 sp=0x00007fdec6d13f48 mode 2
Event: 0.540 Thread 0x00007fdec0025620 DEOPT PACKING pc=0x00007fdea988f0a8 sp=0x00007fdec6d12790
Event: 0.540 Thread 0x00007fdec0025620 DEOPT UNPACKING pc=0x00007fdea925282f sp=0x00007fdec6d11cc8 mode 0

Classes unloaded (0 events):
No events

Classes redefined (0 events):
No events

Internal exceptions (16 events):
Event: 0.094 Thread 0x00007fdec0025620 Exception <a 'java/lang/NoSuchMethodError'{0x00000000ffa2f740}: 'int java.lang.invoke.DirectMethodHandle$Holder.invokeStaticInit(java.lang.Object, java.lang.Object)'> (0x00000000ffa2f740) 
thrown [src/hotspot/share/interpreter/linkResolver.cpp, line 759]
Event: 0.360 Thread 0x00007fdec0025620 Exception <a 'java/lang/NoSuchMethodError'{0x00000000fea85ae8}: 'void java.lang.invoke.DirectMethodHandle$Holder.invokeStatic(java.lang.Object, java.lang.Object)'> (0x00000000fea85ae8) 
thrown [src/hotspot/share/interpreter/linkResolver.cpp, line 759]
Event: 0.373 Thread 0x00007fdec0025620 Exception <a 'java/lang/NoClassDefFoundError'{0x00000000feaea008}: org/slf4j/impl/StaticMarkerBinder> (0x00000000feaea008) 
thrown [src/hotspot/share/classfile/systemDictionary.cpp, line 248]
Event: 0.384 Thread 0x00007fdec0025620 Exception <a 'java/lang/NoSuchMethodError'{0x00000000fe9847d8}: 'java.lang.Object java.lang.invoke.DirectMethodHandle$Holder.invokeVirtual(java.lang.Object, java.lang.Object, java.lang.Object, java.lang.Object, java.lang.Object, java.lang.Object, java.lang.Object)'> (0x00000000fe9847d8) 
thrown [src/hotspot/share/interpreter/linkResolver.cpp, line 759]
Event: 0.385 Thread 0x00007fdec0025620 Exception <a 'java/lang/NoSuchMethodError'{0x00000000fe995d10}: 'java.lang.Object java.lang.invoke.Invokers$Holder.invoker(java.lang.Object, java.lang.Object, java.lang.Object)'> (0x00000000fe995d10) 
thrown [src/hotspot/share/interpreter/linkResolver.cpp, line 759]
Event: 0.387 Thread 0x00007fdec0025620 Exception <a 'java/lang/NoSuchMethodError'{0x00000000fe99e650}: 'java.lang.Object java.lang.invoke.DirectMethodHandle$Holder.invokeStatic(java.lang.Object, java.lang.Object, int)'> (0x00000000fe99e650) 
thrown [src/hotspot/share/interpreter/linkResolver.cpp, line 759]
Event: 0.388 Thread 0x00007fdec0025620 Exception <a 'java/lang/NoSuchMethodError'{0x00000000fe9aa308}: 'void java.lang.invoke.DelegatingMethodHandle$Holder.delegate(java.lang.Object, java.lang.Object, int, java.lang.Object)'> (0x00000000fe9aa308) 
thrown [src/hotspot/share/interpreter/linkResolver.cpp, line 759]
Event: 0.388 Thread 0x00007fdec0025620 Exception <a 'java/lang/NoSuchMethodError'{0x00000000fe9ae420}: 'int java.lang.invoke.DirectMethodHandle$Holder.invokeSpecial(java.lang.Object, java.lang.Object, java.lang.Object)'> (0x00000000fe9ae420) 
thrown [src/hotspot/share/interpreter/linkResolver.cpp, line 759]
Event: 0.391 Thread 0x00007fdec0025620 Exception <a 'java/lang/NoSuchMethodError'{0x00000000fe9c1448}: 'java.lang.Object java.lang.invoke.Invokers$Holder.invokeExact_MT(java.lang.Object, java.lang.Object, java.lang.Object, java.lang.Object)'> (0x00000000fe9c1448) 
thrown [src/hotspot/share/interpreter/linkResolver.cpp, line 759]
Event: 0.405 Thread 0x00007fdec0025620 Exception <a 'java/lang/UnsatisfiedLinkError'{0x00000000fe87a048}> (0x00000000fe87a048) 
thrown [src/hotspot/share/prims/jvm.cpp, line 3392]
Event: 0.405 Thread 0x00007fdec0025620 Exception <a 'java/lang/UnsatisfiedLinkError'{0x00000000fe87a048}> (0x00000000fe87a048) 
thrown [src/hotspot/share/prims/jni.cpp, line 516]
Event: 0.464 Thread 0x00007fdec0025620 Exception <a 'java/lang/NoSuchMethodError'{0x00000000ffb0a850}: 'void java.lang.invoke.DirectMethodHandle$Holder.invokeSpecial(java.lang.Object, java.lang.Object, java.lang.Object)'> (0x00000000ffb0a850) 
thrown [src/hotspot/share/interpreter/linkResolver.cpp, line 759]
Event: 0.473 Thread 0x00007fdec0025620 Implicit null exception at 0x00007fdeb0d1008c to 0x00007fdeb0d104d0
Event: 0.473 Thread 0x00007fdec0025620 Implicit null exception at 0x00007fdeb0d02e8c to 0x00007fdeb0d0329c
Event: 0.491 Thread 0x00007fdec0025620 Exception <a 'java/lang/NoSuchMethodError'{0x00000000ffaa0250}: 'java.lang.Object java.lang.invoke.DirectMethodHandle$Holder.invokeStaticInit(java.lang.Object)'> (0x00000000ffaa0250) 
thrown [src/hotspot/share/interpreter/linkResolver.cpp, line 759]
Event: 0.558 Thread 0x00007fdec0025620 Exception <a 'java/lang/NoSuchMethodError'{0x00000000ff508060}: 'void java.lang.invoke.DirectMethodHandle$Holder.invokeStatic(java.lang.Object, java.lang.Object, java.lang.Object)'> (0x00000000ff508060) 
thrown [src/hotspot/share/interpreter/linkResolver.cpp, line 759]

VM Operations (20 events):
Event: 0.386 Executing VM operation: HandshakeAllThreads
Event: 0.386 Executing VM operation: HandshakeAllThreads done
Event: 0.425 Executing VM operation: G1CollectForAllocation
Event: 0.428 Executing VM operation: G1CollectForAllocation done
Event: 0.526 Executing VM operation: HandshakeAllThreads
Event: 0.526 Executing VM operation: HandshakeAllThreads done
Event: 1.526 Executing VM operation: Cleanup
Event: 1.526 Executing VM operation: Cleanup done
Event: 2.526 Executing VM operation: Cleanup
Event: 2.526 Executing VM operation: Cleanup done
Event: 3.526 Executing VM operation: Cleanup
Event: 3.526 Executing VM operation: Cleanup done
Event: 4.527 Executing VM operation: Cleanup
Event: 4.527 Executing VM operation: Cleanup done
Event: 6.527 Executing VM operation: Cleanup
Event: 6.527 Executing VM operation: Cleanup done
Event: 32.530 Executing VM operation: Cleanup
Event: 32.530 Executing VM operation: Cleanup done
Event: 39.530 Executing VM operation: Cleanup
Event: 39.531 Executing VM operation: Cleanup done

Events (20 events):
Event: 0.604 loading class jdk/internal/reflect/ByteVectorFactory done
Event: 0.604 loading class jdk/internal/reflect/ByteVectorImpl
Event: 0.604 loading class jdk/internal/reflect/ByteVector
Event: 0.604 loading class jdk/internal/reflect/ByteVector done
Event: 0.604 loading class jdk/internal/reflect/ByteVectorImpl done
Event: 0.604 loading class jdk/internal/reflect/ClassFileAssembler
Event: 0.604 loading class jdk/internal/reflect/ClassFileAssembler done
Event: 0.604 loading class jdk/internal/reflect/UTF8
Event: 0.604 loading class jdk/internal/reflect/UTF8 done
Event: 0.605 loading class jdk/internal/reflect/Label
Event: 0.605 loading class jdk/internal/reflect/Label done
Event: 0.605 loading class jdk/internal/reflect/Label$PatchInfo
Event: 0.605 loading class jdk/internal/reflect/Label$PatchInfo done
Event: 0.605 loading class jdk/internal/reflect/MethodAccessorGenerator$1
Event: 0.605 loading class jdk/internal/reflect/MethodAccessorGenerator$1 done
Event: 0.605 loading class jdk/internal/reflect/ClassDefiner
Event: 0.605 loading class jdk/internal/reflect/ClassDefiner done
Event: 0.605 loading class jdk/internal/reflect/ClassDefiner$1
Event: 0.605 loading class jdk/internal/reflect/ClassDefiner$1 done
Event: 0.684 Thread 0x00007fde6c1fdf50 Thread exited: 0x00007fde6c1fdf50


Dynamic libraries:
fc000000-ffe00000 rw-p 00000000 00:00 0 
ffe00000-ffe78000 rw-p 00ccf000 00:17 578308                             /home/kenny/.sdkman/candidates/java/17.0.5-zulu/lib/server/classes.jsa
ffe78000-fff00000 rw-p 00000000 00:00 0 
fff00000-fff83000 rw-p 00c4c000 00:17 578308                             /home/kenny/.sdkman/candidates/java/17.0.5-zulu/lib/server/classes.jsa
fff83000-100000000 rw-p 00000000 00:00 0 
800000000-800485000 rw-p 00001000 00:17 578308                           /home/kenny/.sdkman/candidates/java/17.0.5-zulu/lib/server/classes.jsa
800485000-800c12000 r--p 00486000 00:17 578308                           /home/kenny/.sdkman/candidates/java/17.0.5-zulu/lib/server/classes.jsa
800c12000-801000000 ---p 00000000 00:00 0 
801000000-801040000 rw-p 00000000 00:00 0 
801040000-801080000 rw-p 00000000 00:00 0 
801080000-801100000 rw-p 00000000 00:00 0 
801100000-801120000 rw-p 00000000 00:00 0 
801120000-841000000 ---p 00000000 00:00 0 
5599ef1a4000-5599ef1a5000 r-xp 00000000 00:17 578129                     /home/kenny/.sdkman/candidates/java/17.0.5-zulu/bin/java
5599ef1a6000-5599ef1a7000 r--p 00001000 00:17 578129                     /home/kenny/.sdkman/candidates/java/17.0.5-zulu/bin/java
5599ef1a7000-5599ef1a8000 rw-p 00002000 00:17 578129                     /home/kenny/.sdkman/candidates/java/17.0.5-zulu/bin/java
5599ef834000-5599ef89d000 rw-p 00000000 00:00 0                          [heap]
7fde44000000-7fde44021000 rw-p 00000000 00:00 0 
7fde44021000-7fde48000000 ---p 00000000 00:00 0 
7fde48000000-7fde48021000 rw-p 00000000 00:00 0 
7fde48021000-7fde4c000000 ---p 00000000 00:00 0 
7fde4c000000-7fde4c021000 rw-p 00000000 00:00 0 
7fde4c021000-7fde50000000 ---p 00000000 00:00 0 
7fde50000000-7fde50021000 rw-p 00000000 00:00 0 
7fde50021000-7fde54000000 ---p 00000000 00:00 0 
7fde54000000-7fde54021000 rw-p 00000000 00:00 0 
7fde54021000-7fde58000000 ---p 00000000 00:00 0 
7fde58000000-7fde58021000 rw-p 00000000 00:00 0 
7fde58021000-7fde5c000000 ---p 00000000 00:00 0 
7fde5c000000-7fde5c021000 rw-p 00000000 00:00 0 
7fde5c021000-7fde60000000 ---p 00000000 00:00 0 
7fde60000000-7fde60459000 rw-p 00000000 00:00 0 
7fde60459000-7fde64000000 ---p 00000000 00:00 0 
7fde64000000-7fde64021000 rw-p 00000000 00:00 0 
7fde64021000-7fde68000000 ---p 00000000 00:00 0 
7fde68000000-7fde68021000 rw-p 00000000 00:00 0 
7fde68021000-7fde6c000000 ---p 00000000 00:00 0 
7fde6c000000-7fde6c2c2000 rw-p 00000000 00:00 0 
7fde6c2c2000-7fde70000000 ---p 00000000 00:00 0 
7fde70000000-7fde70021000 rw-p 00000000 00:00 0 
7fde70021000-7fde74000000 ---p 00000000 00:00 0 
7fde74000000-7fde74021000 rw-p 00000000 00:00 0 
7fde74021000-7fde78000000 ---p 00000000 00:00 0 
7fde78000000-7fde78570000 rw-p 00000000 00:00 0 
7fde78570000-7fde7c000000 ---p 00000000 00:00 0 
7fde7c000000-7fde7c021000 rw-p 00000000 00:00 0 
7fde7c021000-7fde80000000 ---p 00000000 00:00 0 
7fde80000000-7fde80021000 rw-p 00000000 00:00 0 
7fde80021000-7fde84000000 ---p 00000000 00:00 0 
7fde84000000-7fde84021000 rw-p 00000000 00:00 0 
7fde84021000-7fde88000000 ---p 00000000 00:00 0 
7fde88000000-7fde88021000 rw-p 00000000 00:00 0 
7fde88021000-7fde8c000000 ---p 00000000 00:00 0 
7fde8c000000-7fde8c021000 rw-p 00000000 00:00 0 
7fde8c021000-7fde90000000 ---p 00000000 00:00 0 
7fde90000000-7fde90021000 rw-p 00000000 00:00 0 
7fde90021000-7fde94000000 ---p 00000000 00:00 0 
7fde94000000-7fde94021000 rw-p 00000000 00:00 0 
7fde94021000-7fde98000000 ---p 00000000 00:00 0 
7fde9970b000-7fde99b00000 rw-p 00000000 00:00 0 
7fde99b00000-7fde99b04000 ---p 00000000 00:00 0 
7fde99b04000-7fde99c00000 rw-p 00000000 00:00 0 
7fde99c00000-7fde99c99000 r--p 00000000 00:17 4550                       /usr/lib/libstdc++.so.6.0.30
7fde99c99000-7fde99daf000 r-xp 00099000 00:17 4550                       /usr/lib/libstdc++.so.6.0.30
7fde99daf000-7fde99e26000 r--p 001af000 00:17 4550                       /usr/lib/libstdc++.so.6.0.30
7fde99e26000-7fde99e33000 r--p 00225000 00:17 4550                       /usr/lib/libstdc++.so.6.0.30
7fde99e33000-7fde99e34000 rw-p 00232000 00:17 4550                       /usr/lib/libstdc++.so.6.0.30
7fde99e34000-7fde99e37000 rw-p 00000000 00:00 0 
7fde99f00000-7fde99f04000 ---p 00000000 00:00 0 
7fde99f04000-7fde9c000000 rw-p 00000000 00:00 0 
7fde9c000000-7fde9c021000 rw-p 00000000 00:00 0 
7fde9c021000-7fdea0000000 ---p 00000000 00:00 0 
7fdea0000000-7fdea0021000 rw-p 00000000 00:00 0 
7fdea0021000-7fdea4000000 ---p 00000000 00:00 0 
7fdea4000000-7fdea4021000 rw-p 00000000 00:00 0 
7fdea4021000-7fdea8000000 ---p 00000000 00:00 0 
7fdea80fa000-7fdea80fb000 ---p 00000000 00:00 0 
7fdea80fb000-7fdea81fc000 rw-p 00000000 00:00 0 
7fdea81fc000-7fdea81fd000 ---p 00000000 00:00 0 
7fdea81fd000-7fdea82fe000 rw-p 00000000 00:00 0 
7fdea82fe000-7fdea82ff000 ---p 00000000 00:00 0 
7fdea82ff000-7fdea8400000 rw-p 00000000 00:00 0 
7fdea8400000-7fdea8404000 r-xp 00000000 00:17 660026                     /home/kenny/.gradle/native/68d5fa5c4cc2d200863cafc0d521ce42e7d3e7ee720ec0a83991735586a16f82/linux-amd64-ncurses6/libnative-platform-curses.so
7fdea8404000-7fdea8603000 ---p 00004000 00:17 660026                     /home/kenny/.gradle/native/68d5fa5c4cc2d200863cafc0d521ce42e7d3e7ee720ec0a83991735586a16f82/linux-amd64-ncurses6/libnative-platform-curses.so
7fdea8603000-7fdea8604000 r--p 00003000 00:17 660026                     /home/kenny/.gradle/native/68d5fa5c4cc2d200863cafc0d521ce42e7d3e7ee720ec0a83991735586a16f82/linux-amd64-ncurses6/libnative-platform-curses.so
7fdea8604000-7fdea8605000 rw-p 00004000 00:17 660026                     /home/kenny/.gradle/native/68d5fa5c4cc2d200863cafc0d521ce42e7d3e7ee720ec0a83991735586a16f82/linux-amd64-ncurses6/libnative-platform-curses.so
7fdea8700000-7fdea8704000 ---p 00000000 00:00 0 
7fdea8704000-7fdea8800000 rw-p 00000000 00:00 0 
7fdea8800000-7fdea8805000 r-xp 00000000 00:17 660016                     /home/kenny/.gradle/native/68d5fa5c4cc2d200863cafc0d521ce42e7d3e7ee720ec0a83991735586a16f82/linux-amd64/libnative-platform.so
7fdea8805000-7fdea8a05000 ---p 00005000 00:17 660016                     /home/kenny/.gradle/native/68d5fa5c4cc2d200863cafc0d521ce42e7d3e7ee720ec0a83991735586a16f82/linux-amd64/libnative-platform.so
7fdea8a05000-7fdea8a06000 r--p 00005000 00:17 660016                     /home/kenny/.gradle/native/68d5fa5c4cc2d200863cafc0d521ce42e7d3e7ee720ec0a83991735586a16f82/linux-amd64/libnative-platform.so
7fdea8a06000-7fdea8a07000 rw-p 00006000 00:17 660016                     /home/kenny/.gradle/native/68d5fa5c4cc2d200863cafc0d521ce42e7d3e7ee720ec0a83991735586a16f82/linux-amd64/libnative-platform.so
7fdea8afe000-7fdea8b02000 ---p 00000000 00:00 0 
7fdea8b02000-7fdea8bfe000 rw-p 00000000 00:00 0 
7fdea8bfe000-7fdea8c02000 ---p 00000000 00:00 0 
7fdea8c02000-7fdea8cfe000 rw-p 00000000 00:00 0 
7fdea8cfe000-7fdea8cff000 ---p 00000000 00:00 0 
7fdea8cff000-7fdea8e00000 rw-p 00000000 00:00 0 
7fdea8e00000-7fdea8e04000 ---p 00000000 00:00 0 
7fdea8e04000-7fdea8f00000 rw-p 00000000 00:00 0 
7fdea8f00000-7fdea8f04000 ---p 00000000 00:00 0 
7fdea8f04000-7fdea9000000 rw-p 00000000 00:00 0 
7fdea9000000-7fdea9004000 ---p 00000000 00:00 0 
7fdea9004000-7fdea9100000 rw-p 00000000 00:00 0 
7fdea9100000-7fdea9104000 ---p 00000000 00:00 0 
7fdea9104000-7fdea9200000 rw-p 00000000 00:00 0 
7fdea9200000-7fdea9470000 rwxp 00000000 00:00 0 
7fdea9470000-7fdea9792000 ---p 00000000 00:00 0 
7fdea9792000-7fdea9a02000 rwxp 00000000 00:00 0 
7fdea9a02000-7fdeb0cc9000 ---p 00000000 00:00 0 
7fdeb0cc9000-7fdeb0f39000 rwxp 00000000 00:00 0 
7fdeb0f39000-7fdeb8200000 ---p 00000000 00:00 0 
7fdeb8200000-7fdebfe0c000 r--s 00000000 00:17 578356                     /home/kenny/.sdkman/candidates/java/17.0.5-zulu/lib/modules
7fdebfe8c000-7fdebfea2000 r--p 00000000 00:17 4619                       /usr/lib/libncursesw.so.6.3
7fdebfea2000-7fdebfee3000 r-xp 00016000 00:17 4619                       /usr/lib/libncursesw.so.6.3
7fdebfee3000-7fdebfefa000 r--p 00057000 00:17 4619                       /usr/lib/libncursesw.so.6.3
7fdebfefa000-7fdebfefb000 ---p 0006e000 00:17 4619                       /usr/lib/libncursesw.so.6.3
7fdebfefb000-7fdebfeff000 r--p 0006e000 00:17 4619                       /usr/lib/libncursesw.so.6.3
7fdebfeff000-7fdebff00000 rw-p 00072000 00:17 4619                       /usr/lib/libncursesw.so.6.3
7fdebff00000-7fdebff04000 ---p 00000000 00:00 0 
7fdebff04000-7fdec0000000 rw-p 00000000 00:00 0 
7fdec0000000-7fdec0966000 rw-p 00000000 00:00 0 
7fdec0966000-7fdec4000000 ---p 00000000 00:00 0 
7fdec4000000-7fdec4004000 ---p 00000000 00:00 0 
7fdec4004000-7fdec4100000 rw-p 00000000 00:00 0 
7fdec4100000-7fdec4104000 ---p 00000000 00:00 0 
7fdec4104000-7fdec4200000 rw-p 00000000 00:00 0 
7fdec4200000-7fdec44e9000 r--p 00000000 00:17 46319                      /usr/lib/locale/locale-archive
7fdec44fe000-7fdec4502000 ---p 00000000 00:00 0 
7fdec4502000-7fdec45fe000 rw-p 00000000 00:00 0 
7fdec45fe000-7fdec4602000 ---p 00000000 00:00 0 
7fdec4602000-7fdec46fe000 rw-p 00000000 00:00 0 
7fdec46fe000-7fdec46ff000 ---p 00000000 00:00 0 
7fdec46ff000-7fdec4b30000 rw-p 00000000 00:00 0 
7fdec4b30000-7fdec4c00000 ---p 00000000 00:00 0 
7fdec4c00000-7fdec4f70000 rw-p 00000000 00:00 0 
7fdec4f70000-7fdec5000000 ---p 00000000 00:00 0 
7fdec500f000-7fdec5012000 r--p 00000000 00:17 4520                       /usr/lib/libgcc_s.so.1
7fdec5012000-7fdec5029000 r-xp 00003000 00:17 4520                       /usr/lib/libgcc_s.so.1
7fdec5029000-7fdec502d000 r--p 0001a000 00:17 4520                       /usr/lib/libgcc_s.so.1
7fdec502d000-7fdec502e000 r--p 0001d000 00:17 4520                       /usr/lib/libgcc_s.so.1
7fdec502e000-7fdec502f000 rw-p 0001e000 00:17 4520                       /usr/lib/libgcc_s.so.1
7fdec503a000-7fdec503c000 r-xp 00000000 00:17 578315                     /home/kenny/.sdkman/candidates/java/17.0.5-zulu/lib/libextnet.so
7fdec503c000-7fdec503d000 r--p 00001000 00:17 578315                     /home/kenny/.sdkman/candidates/java/17.0.5-zulu/lib/libextnet.so
7fdec503d000-7fdec503e000 rw-p 00002000 00:17 578315                     /home/kenny/.sdkman/candidates/java/17.0.5-zulu/lib/libextnet.so
7fdec503e000-7fdec5043000 r-xp 00000000 00:17 578326                     /home/kenny/.sdkman/candidates/java/17.0.5-zulu/lib/libmanagement_ext.so
7fdec5043000-7fdec5044000 ---p 00005000 00:17 578326                     /home/kenny/.sdkman/candidates/java/17.0.5-zulu/lib/libmanagement_ext.so
7fdec5044000-7fdec5045000 r--p 00005000 00:17 578326                     /home/kenny/.sdkman/candidates/java/17.0.5-zulu/lib/libmanagement_ext.so
7fdec5045000-7fdec5046000 rw-p 00006000 00:17 578326                     /home/kenny/.sdkman/candidates/java/17.0.5-zulu/lib/libmanagement_ext.so
7fdec5046000-7fdec5053000 r-xp 00000000 00:17 578310                     /home/kenny/.sdkman/candidates/java/17.0.5-zulu/lib/libverify.so
7fdec5053000-7fdec5055000 r--p 0000c000 00:17 578310                     /home/kenny/.sdkman/candidates/java/17.0.5-zulu/lib/libverify.so
7fdec5055000-7fdec5056000 rw-p 0000e000 00:17 578310                     /home/kenny/.sdkman/candidates/java/17.0.5-zulu/lib/libverify.so
7fdec5056000-7fdec5087000 rw-p 00000000 00:00 0 
7fdec5087000-7fdec509c000 r-xp 00000000 00:17 578298                     /home/kenny/.sdkman/candidates/java/17.0.5-zulu/lib/libnet.so
7fdec509c000-7fdec509d000 r--p 00014000 00:17 578298                     /home/kenny/.sdkman/candidates/java/17.0.5-zulu/lib/libnet.so
7fdec509d000-7fdec509e000 rw-p 00015000 00:17 578298                     /home/kenny/.sdkman/candidates/java/17.0.5-zulu/lib/libnet.so
7fdec509e000-7fdec50b0000 r-xp 00000000 00:17 578313                     /home/kenny/.sdkman/candidates/java/17.0.5-zulu/lib/libnio.so
7fdec50b0000-7fdec50b1000 ---p 00012000 00:17 578313                     /home/kenny/.sdkman/candidates/java/17.0.5-zulu/lib/libnio.so
7fdec50b1000-7fdec50b2000 r--p 00012000 00:17 578313                     /home/kenny/.sdkman/candidates/java/17.0.5-zulu/lib/libnio.so
7fdec50b2000-7fdec50b3000 rw-p 00013000 00:17 578313                     /home/kenny/.sdkman/candidates/java/17.0.5-zulu/lib/libnio.so
7fdec50b3000-7fdec5181000 r-xp 00000000 00:17 578328                     /home/kenny/.sdkman/candidates/java/17.0.5-zulu/lib/libjsvml.so
7fdec5181000-7fdec5182000 r--p 000cd000 00:17 578328                     /home/kenny/.sdkman/candidates/java/17.0.5-zulu/lib/libjsvml.so
7fdec5182000-7fdec5183000 rw-p 000ce000 00:17 578328                     /home/kenny/.sdkman/candidates/java/17.0.5-zulu/lib/libjsvml.so
7fdec5183000-7fdec52a0000 rw-p 00000000 00:00 0 
7fdec52a0000-7fdec52a1000 ---p 00000000 00:00 0 
7fdec52a1000-7fdec53a2000 rw-p 00000000 00:00 0 
7fdec53a2000-7fdec53a3000 ---p 00000000 00:00 0 
7fdec53a3000-7fdec5cac000 rw-p 00000000 00:00 0 
7fdec5cac000-7fdec5cad000 ---p 00000000 00:00 0 
7fdec5cad000-7fdec5dae000 rw-p 00000000 00:00 0 
7fdec5dae000-7fdec5daf000 ---p 00000000 00:00 0 
7fdec5daf000-7fdec5eb0000 rw-p 00000000 00:00 0 
7fdec5eb0000-7fdec5eb1000 ---p 00000000 00:00 0 
7fdec5eb1000-7fdec61d2000 rw-p 00000000 00:00 0 
7fdec61d2000-7fdec6a1f000 rw-p 00000000 00:00 0 
7fdec6a1f000-7fdec6b05000 ---p 00000000 00:00 0 
7fdec6b05000-7fdec6b0a000 rw-p 00000000 00:00 0 
7fdec6b0a000-7fdec6bf0000 ---p 00000000 00:00 0 
7fdec6bf0000-7fdec6c14000 r-xp 00000000 00:17 578337                     /home/kenny/.sdkman/candidates/java/17.0.5-zulu/lib/libjava.so
7fdec6c14000-7fdec6c15000 ---p 00024000 00:17 578337                     /home/kenny/.sdkman/candidates/java/17.0.5-zulu/lib/libjava.so
7fdec6c15000-7fdec6c16000 r--p 00024000 00:17 578337                     /home/kenny/.sdkman/candidates/java/17.0.5-zulu/lib/libjava.so
7fdec6c16000-7fdec6c17000 rw-p 00025000 00:17 578337                     /home/kenny/.sdkman/candidates/java/17.0.5-zulu/lib/libjava.so
7fdec6c17000-7fdec6c18000 rw-p 00000000 00:00 0 
7fdec6c18000-7fdec6c1c000 ---p 00000000 00:00 0 
7fdec6c1c000-7fdec6d18000 rw-p 00000000 00:00 0 
7fdec6d18000-7fdec6d26000 r--p 00000000 00:17 3731                       /usr/lib/libm.so.6
7fdec6d26000-7fdec6da0000 r-xp 0000e000 00:17 3731                       /usr/lib/libm.so.6
7fdec6da0000-7fdec6dfe000 r--p 00088000 00:17 3731                       /usr/lib/libm.so.6
7fdec6dfe000-7fdec6dff000 r--p 000e5000 00:17 3731                       /usr/lib/libm.so.6
7fdec6dff000-7fdec6e00000 rw-p 000e6000 00:17 3731                       /usr/lib/libm.so.6
7fdec6e00000-7fdec8039000 r-xp 00000000 00:17 578306                     /home/kenny/.sdkman/candidates/java/17.0.5-zulu/lib/server/libjvm.so
7fdec8039000-7fdec80f2000 r--p 01238000 00:17 578306                     /home/kenny/.sdkman/candidates/java/17.0.5-zulu/lib/server/libjvm.so
7fdec80f2000-7fdec8127000 rw-p 012f1000 00:17 578306                     /home/kenny/.sdkman/candidates/java/17.0.5-zulu/lib/server/libjvm.so
7fdec8127000-7fdec8181000 rw-p 00000000 00:00 0 
7fdec8181000-7fdec8185000 r-xp 00000000 00:17 578323                     /home/kenny/.sdkman/candidates/java/17.0.5-zulu/lib/libmanagement.so
7fdec8185000-7fdec8186000 r--p 00003000 00:17 578323                     /home/kenny/.sdkman/candidates/java/17.0.5-zulu/lib/libmanagement.so
7fdec8186000-7fdec8187000 rw-p 00004000 00:17 578323                     /home/kenny/.sdkman/candidates/java/17.0.5-zulu/lib/libmanagement.so
7fdec8187000-7fdec8188000 r--p 00000000 00:17 4417                       /usr/share/locale/en_GB/LC_MESSAGES/libc.mo
7fdec8188000-7fdec818f000 r-xp 00000000 00:17 578329                     /home/kenny/.sdkman/candidates/java/17.0.5-zulu/lib/libzip.so
7fdec818f000-7fdec8190000 ---p 00007000 00:17 578329                     /home/kenny/.sdkman/candidates/java/17.0.5-zulu/lib/libzip.so
7fdec8190000-7fdec8191000 r--p 00007000 00:17 578329                     /home/kenny/.sdkman/candidates/java/17.0.5-zulu/lib/libzip.so
7fdec8191000-7fdec8192000 rw-p 00008000 00:17 578329                     /home/kenny/.sdkman/candidates/java/17.0.5-zulu/lib/libzip.so
7fdec8192000-7fdec8197000 rw-p 00000000 00:00 0 
7fdec8197000-7fdec81b2000 r-xp 00000000 00:17 578333                     /home/kenny/.sdkman/candidates/java/17.0.5-zulu/lib/libjimage.so
7fdec81b2000-7fdec81b4000 r--p 0001a000 00:17 578333                     /home/kenny/.sdkman/candidates/java/17.0.5-zulu/lib/libjimage.so
7fdec81b4000-7fdec81b5000 rw-p 0001c000 00:17 578333                     /home/kenny/.sdkman/candidates/java/17.0.5-zulu/lib/libjimage.so
7fdec81b5000-7fdec81b6000 r--p 00000000 00:17 3753                       /usr/lib/librt.so.1
7fdec81b6000-7fdec81b7000 r-xp 00001000 00:17 3753                       /usr/lib/librt.so.1
7fdec81b7000-7fdec81b8000 r--p 00002000 00:17 3753                       /usr/lib/librt.so.1
7fdec81b8000-7fdec81b9000 r--p 00002000 00:17 3753                       /usr/lib/librt.so.1
7fdec81b9000-7fdec81ba000 rw-p 00003000 00:17 3753                       /usr/lib/librt.so.1
7fdec81ba000-7fdec81bc000 rw-p 00000000 00:00 0 
7fdec81bc000-7fdec81de000 r--p 00000000 00:17 3721                       /usr/lib/libc.so.6
7fdec81de000-7fdec8339000 r-xp 00022000 00:17 3721                       /usr/lib/libc.so.6
7fdec8339000-7fdec8390000 r--p 0017d000 00:17 3721                       /usr/lib/libc.so.6
7fdec8390000-7fdec8394000 r--p 001d4000 00:17 3721                       /usr/lib/libc.so.6
7fdec8394000-7fdec8396000 rw-p 001d8000 00:17 3721                       /usr/lib/libc.so.6
7fdec8396000-7fdec83a3000 rw-p 00000000 00:00 0 
7fdec83a3000-7fdec83a4000 r--p 00000000 00:17 3726                       /usr/lib/libdl.so.2
7fdec83a4000-7fdec83a5000 r-xp 00001000 00:17 3726                       /usr/lib/libdl.so.2
7fdec83a5000-7fdec83a6000 r--p 00002000 00:17 3726                       /usr/lib/libdl.so.2
7fdec83a6000-7fdec83a7000 r--p 00002000 00:17 3726                       /usr/lib/libdl.so.2
7fdec83a7000-7fdec83a8000 rw-p 00003000 00:17 3726                       /usr/lib/libdl.so.2
7fdec83a8000-7fdec83a9000 r--p 00000000 00:17 3748                       /usr/lib/libpthread.so.0
7fdec83a9000-7fdec83aa000 r-xp 00001000 00:17 3748                       /usr/lib/libpthread.so.0
7fdec83aa000-7fdec83ab000 r--p 00002000 00:17 3748                       /usr/lib/libpthread.so.0
7fdec83ab000-7fdec83ac000 r--p 00002000 00:17 3748                       /usr/lib/libpthread.so.0
7fdec83ac000-7fdec83ad000 rw-p 00003000 00:17 3748                       /usr/lib/libpthread.so.0
7fdec83ad000-7fdec83bb000 r-xp 00000000 00:17 578344                     /home/kenny/.sdkman/candidates/java/17.0.5-zulu/lib/libjli.so
7fdec83bb000-7fdec83bc000 ---p 0000e000 00:17 578344                     /home/kenny/.sdkman/candidates/java/17.0.5-zulu/lib/libjli.so
7fdec83bc000-7fdec83bd000 r--p 0000e000 00:17 578344                     /home/kenny/.sdkman/candidates/java/17.0.5-zulu/lib/libjli.so
7fdec83bd000-7fdec83be000 rw-p 0000f000 00:17 578344                     /home/kenny/.sdkman/candidates/java/17.0.5-zulu/lib/libjli.so
7fdec83be000-7fdec83c1000 r--p 00000000 00:17 15466                      /usr/lib/libz.so.1.2.13
7fdec83c1000-7fdec83cf000 r-xp 00003000 00:17 15466                      /usr/lib/libz.so.1.2.13
7fdec83cf000-7fdec83d6000 r--p 00011000 00:17 15466                      /usr/lib/libz.so.1.2.13
7fdec83d6000-7fdec83d7000 r--p 00017000 00:17 15466                      /usr/lib/libz.so.1.2.13
7fdec83d7000-7fdec83d8000 rw-p 00018000 00:17 15466                      /usr/lib/libz.so.1.2.13
7fdec83d8000-7fdec83dd000 rw-p 00000000 00:00 0 
7fdec83dd000-7fdec83e4000 ---p 00000000 00:00 0 
7fdec83e4000-7fdec83ec000 rw-s 00000000 00:27 3313                       /tmp/hsperfdata_kenny/41114
7fdec83ec000-7fdec83ed000 ---p 00000000 00:00 0 
7fdec83ed000-7fdec83ee000 r--p 00000000 00:00 0 
7fdec83ee000-7fdec83ef000 ---p 00000000 00:00 0 
7fdec83ef000-7fdec83f1000 rw-p 00000000 00:00 0 
7fdec83f1000-7fdec83f2000 r--p 00000000 00:17 3712                       /usr/lib/ld-linux-x86-64.so.2
7fdec83f2000-7fdec8418000 r-xp 00001000 00:17 3712                       /usr/lib/ld-linux-x86-64.so.2
7fdec8418000-7fdec8422000 r--p 00027000 00:17 3712                       /usr/lib/ld-linux-x86-64.so.2
7fdec8422000-7fdec8424000 r--p 00031000 00:17 3712                       /usr/lib/ld-linux-x86-64.so.2
7fdec8424000-7fdec8426000 rw-p 00033000 00:17 3712                       /usr/lib/ld-linux-x86-64.so.2
7ffd20c5e000-7ffd20c80000 rw-p 00000000 00:00 0                          [stack]
7ffd20d35000-7ffd20d39000 r--p 00000000 00:00 0                          [vvar]
7ffd20d39000-7ffd20d3b000 r-xp 00000000 00:00 0                          [vdso]
ffffffffff600000-ffffffffff601000 --xp 00000000 00:00 0                  [vsyscall]


VM Arguments:
jvm_args: -Xmx64m -Xms64m -Dorg.gradle.appname=gradlew 
java_command: org.gradle.wrapper.GradleWrapperMain bootrun
java_class_path (initial): /home/kenny/code/personal/auraltester/backend/gradle/wrapper/gradle-wrapper.jar
Launcher Type: SUN_STANDARD

[Global flags]
     intx CICompilerCount                          = 4                                         {product} {ergonomic}
     uint ConcGCThreads                            = 2                                         {product} {ergonomic}
     uint G1ConcRefinementThreads                  = 8                                         {product} {ergonomic}
   size_t G1HeapRegionSize                         = 1048576                                   {product} {ergonomic}
    uintx GCDrainStackTargetSize                   = 64                                        {product} {ergonomic}
   size_t InitialHeapSize                          = 67108864                                  {product} {command line}
   size_t MarkStackSize                            = 4194304                                   {product} {ergonomic}
   size_t MaxHeapSize                              = 67108864                                  {product} {command line}
   size_t MaxNewSize                               = 39845888                                  {product} {ergonomic}
   size_t MinHeapDeltaBytes                        = 1048576                                   {product} {ergonomic}
   size_t MinHeapSize                              = 67108864                                  {product} {command line}
    uintx NonNMethodCodeHeapSize                   = 5839372                                {pd product} {ergonomic}
    uintx NonProfiledCodeHeapSize                  = 122909434                              {pd product} {ergonomic}
    uintx ProfiledCodeHeapSize                     = 122909434                              {pd product} {ergonomic}
    uintx ReservedCodeCacheSize                    = 251658240                              {pd product} {ergonomic}
     bool SegmentedCodeCache                       = true                                      {product} {ergonomic}
   size_t SoftMaxHeapSize                          = 67108864                               {manageable} {ergonomic}
     bool UseCompressedClassPointers               = true                           {product lp64_product} {ergonomic}
     bool UseCompressedOops                        = true                           {product lp64_product} {ergonomic}
     bool UseG1GC                                  = true                                      {product} {ergonomic}

Logging:
Log output configuration:
 #0: stdout all=warning uptime,level,tags
 #1: stderr all=off uptime,level,tags

Environment Variables:
JAVA_HOME=/home/kenny/.sdkman/candidates/java/current
PATH=/home/kenny/code/personal/auraltester/backend/node_modules/.bin:/home/kenny/code/personal/auraltester/node_modules/.bin:/home/kenny/code/personal/node_modules/.bin:/home/kenny/code/node_modules/.bin:/home/kenny/node_modules/.bin:/home/node_modules/.bin:/node_modules/.bin:/home/kenny/.local/share/nvm/v18.12.1/lib/node_modules/npm/node_modules/@npmcli/run-script/lib/node-gyp-bin:/home/kenny/.local/bin:/home/kenny/.dotnet/tools:/home/kenny/.sdkman/candidates/java/current/bin:/home/kenny/.local/bin:/home/kenny/.dotnet/tools:/home/kenny/.local/share/nvm/v18.12.1/bin:/home/kenny/.local/bin/:/usr/local/bin:/usr/bin:/bin:/usr/local/sbin:/home/kenny/.dotnet/tools:/usr/bin/site_perl:/usr/bin/vendor_perl:/usr/bin/core_perl
SHELL=/usr/bin/fish
DISPLAY=:0.0
LANG=en_GB.UTF-8
TERM=tmux-256color

Signal Handlers:
   SIGSEGV: crash_handler in libjvm.so, mask=11100100010111111101111111111110, flags=SA_RESTART|SA_SIGINFO
    SIGBUS: crash_handler in libjvm.so, mask=11100100010111111101111111111110, flags=SA_RESTART|SA_SIGINFO
    SIGFPE: crash_handler in libjvm.so, mask=11100100010111111101111111111110, flags=SA_RESTART|SA_SIGINFO
   SIGPIPE: javaSignalHandler in libjvm.so, mask=11100100010111111101111111111110, flags=SA_RESTART|SA_SIGINFO
   SIGXFSZ: javaSignalHandler in libjvm.so, mask=11100100010111111101111111111110, flags=SA_RESTART|SA_SIGINFO
    SIGILL: crash_handler in libjvm.so, mask=11100100010111111101111111111110, flags=SA_RESTART|SA_SIGINFO
   SIGUSR2: SR_handler in libjvm.so, mask=00000000000000000000000000000000, flags=SA_RESTART|SA_SIGINFO
    SIGHUP: UserHandler in libjvm.so, mask=11100100010111111101111111111110, flags=SA_RESTART|SA_SIGINFO
    SIGINT: UserHandler in libjvm.so, mask=11100100010111111101111111111110, flags=SA_RESTART|SA_SIGINFO
   SIGTERM: UserHandler in libjvm.so, mask=11100100010111111101111111111110, flags=SA_RESTART|SA_SIGINFO
   SIGQUIT: UserHandler in libjvm.so, mask=11100100010111111101111111111110, flags=SA_RESTART|SA_SIGINFO
  *** Handler was modified!
  *** Expected: javaSignalHandler in libjvm.so, mask=11100100110111111111111111111110, flags=SA_RESTART|SA_SIGINFO
   SIGTRAP: crash_handler in libjvm.so, mask=11100100010111111101111111111110, flags=SA_RESTART|SA_SIGINFO


---------------  S Y S T E M  ---------------

OS:
NAME="Arch Linux"
PRETTY_NAME="Arch Linux"
ID=arch
BUILD_ID=rolling
ANSI_COLOR="38;2;23;147;209"
HOME_URL="https://archlinux.org/"
DOCUMENTATION_URL="https://wiki.archlinux.org/"
SUPPORT_URL="https://bbs.archlinux.org/"
BUG_REPORT_URL="https://bugs.archlinux.org/"
PRIVACY_POLICY_URL="https://terms.archlinux.org/docs/privacy-policy/"
LOGO=archlinux-logo
uname: Linux 6.0.12-zen1-1-zen #1 ZEN SMP PREEMPT_DYNAMIC Thu, 08 Dec 2022 11:03:40 +0000 x86_64
OS uptime: 0 days 1:42 hours
libc: glibc 2.36 NPTL 2.36 
rlimit (soft/hard): STACK 8192k/infinity , CORE infinity/infinity , NPROC 63693/63693 , NOFILE 524288/524288 , AS infinity/infinity , CPU infinity/infinity , DATA infinity/infinity , FSIZE infinity/infinity , MEMLOCK 8192k/8192k
load average: 0.77 1.15 1.19

/proc/meminfo:
MemTotal:       16328172 kB
MemFree:          288548 kB
MemAvailable:    6862900 kB
Buffers:           12576 kB
Cached:          6377712 kB
SwapCached:          308 kB
Active:          7597816 kB
Inactive:        6773348 kB
Active(anon):    6335992 kB
Inactive(anon):  1719992 kB
Active(file):    1261824 kB
Inactive(file):  5053356 kB
Unevictable:        1032 kB
Mlocked:            1032 kB
SwapTotal:       4194300 kB
SwapFree:        2541564 kB
Zswap:                 0 kB
Zswapped:              0 kB
Dirty:              5384 kB
Writeback:            96 kB
AnonPages:       7938888 kB
Mapped:          1853260 kB
Shmem:             75108 kB
KReclaimable:     594548 kB
Slab:             794316 kB
SReclaimable:     594548 kB
SUnreclaim:       199768 kB
KernelStack:       27264 kB
PageTables:        79480 kB
NFS_Unstable:          0 kB
Bounce:                0 kB
WritebackTmp:          0 kB
CommitLimit:    12358384 kB
Committed_AS:   17529524 kB
VmallocTotal:   34359738367 kB
VmallocUsed:      135148 kB
VmallocChunk:          0 kB
Percpu:             5024 kB
HardwareCorrupted:     0 kB
AnonHugePages:   1466368 kB
ShmemHugePages:        0 kB
ShmemPmdMapped:        0 kB
FileHugePages:    155648 kB
FilePmdMapped:    155648 kB
CmaTotal:              0 kB
CmaFree:               0 kB
HugePages_Total:       0
HugePages_Free:        0
HugePages_Rsvd:        0
HugePages_Surp:        0
Hugepagesize:       2048 kB
Hugetlb:               0 kB
DirectMap4k:     1276660 kB
DirectMap2M:    15448064 kB
DirectMap1G:     1048576 kB

/sys/kernel/mm/transparent_hugepage/enabled: [always] madvise never
/sys/kernel/mm/transparent_hugepage/defrag (defrag/compaction efforts parameter): always defer [defer+madvise] madvise never

Process Memory:
Virtual Size: 3269932K (peak: 3269932K)
Resident Set Size: 103248K (peak: 103248K) (anon: 74332K, file: 28884K, shmem: 32K)
Swapped out: 0K
C-Heap outstanding allocations: 31974K, retained: 13785K
glibc malloc tunables: (default)

/proc/sys/kernel/threads-max (system-wide limit on the number of threads): 127386
/proc/sys/vm/max_map_count (maximum number of memory map areas a process may have): 65530
/proc/sys/kernel/pid_max (system-wide limit on number of process identifiers): 4194304

container (cgroup) information:
container_type: cgroupv2
cpu_cpuset_cpus: not supported
cpu_memory_nodes: not supported
active_processor_count: 8
cpu_quota: no quota
cpu_period: 100000
cpu_shares: no shares
memory_limit_in_bytes: unlimited
memory_and_swap_limit_in_bytes: unlimited
memory_soft_limit_in_bytes: unlimited
memory_usage_in_bytes: 4053036 k
memory_max_usage_in_bytes: not supported
maximum number of tasks: unlimited
current number of tasks: 688

Steal ticks since vm start: 0
Steal ticks percentage since vm start:  0.000

CPU: total 8 (initial active 8) (4 cores per cpu, 2 threads per core) family 6 model 60 stepping 3 microcode 0x28, cx8, cmov, fxsr, ht, mmx, sse, sse2, sse3, ssse3, sse4.1, sse4.2, popcnt, lzcnt, tsc, tscinvbit, avx, avx2, aes, erms, clmul, bmi1, bmi2, fma, vzeroupper, clflush
CPU Model and flags from /proc/cpuinfo:
model name	: Intel(R) Core(TM) i7-4790 CPU @ 3.60GHz
flags		: fpu vme de pse tsc msr pae mce cx8 apic sep mtrr pge mca cmov pat pse36 clflush dts acpi mmx fxsr sse sse2 ss ht tm pbe syscall nx pdpe1gb rdtscp lm constant_tsc arch_perfmon pebs bts rep_good nopl xtopology nonstop_tsc cpuid aperfmperf pni pclmulqdq dtes64 monitor ds_cpl vmx smx est tm2 ssse3 sdbg fma cx16 xtpr pdcm pcid sse4_1 sse4_2 x2apic movbe popcnt tsc_deadline_timer aes xsave avx f16c rdrand lahf_lm abm cpuid_fault epb invpcid_single pti ssbd ibrs ibpb stibp tpr_shadow vnmi flexpriority ept vpid ept_ad fsgsbase tsc_adjust bmi1 avx2 smep bmi2 erms invpcid xsaveopt dtherm ida arat pln pts md_clear flush_l1d

Online cpus: 0-7
Offline cpus: 
BIOS frequency limitation: <Not Available>
Frequency switch latency (ns): 20000
Available cpu frequencies: <Not Available>
Current governor: schedutil
Core performance/turbo boost: <Not Available>

Memory: 4k page, physical 16328172k(288044k free), swap 4194300k(2541564k free)
Page Sizes: 4k

vm_info: OpenJDK 64-Bit Server VM (17.0.5+8-LTS) for linux-amd64 JRE (17.0.5+8-LTS) (Zulu17.38+21-CA), built on Oct  7 2022 12:47:57 by "zulu_re" with gcc 8.3.0

END.
