#
# A fatal error has been detected by the Java Runtime Environment:
#
#  SIGSEGV (0xb) at pc=0x00007fd3dc5a97db, pid=41515, tid=41515
#
# JRE version: OpenJDK Runtime Environment Zulu17.38+21-CA (17.0.5+8) (build 17.0.5+8-LTS)
# Java VM: OpenJDK 64-Bit Server VM Zulu17.38+21-CA (17.0.5+8-LTS, mixed mode, sharing, tiered, compressed oops, compressed class ptrs, g1 gc, linux-amd64)
# Problematic frame:
# V  [libjvm.so+0xda97db]  SR_handler(int, siginfo*, ucontext*)+0x9b
#
# Core dump will be written. Default location: Core dumps may be processed with "/usr/lib/systemd/systemd-coredump %P %u %g %s %t %c %h" (or dumping to /home/kenny/code/personal/auraltester/backend/core.41515)
#
# If you would like to submit a bug report, please visit:
#   http://www.azul.com/support/
#

---------------  S U M M A R Y ------------

Command Line: -Xmx64m -Xms64m -Dorg.gradle.appname=gradlew org.gradle.wrapper.GradleWrapperMain bootrun

Host: Intel(R) Core(TM) i7-4790 CPU @ 3.60GHz, 8 cores, 15G, Arch Linux
Time: Thu Dec 22 14:41:24 2022 UTC elapsed time: 68.844959 seconds (0d 0h 1m 8s)

---------------  T H R E A D  ---------------

Current thread is native thread

Stack: [0x00007fff3574d000,0x00007fff35f4a000],  sp=0x00007fff35f449f0,  free space=8158k
Native frames: (J=compiled Java code, j=interpreted, Vv=VM code, C=native code)
V  [libjvm.so+0xda97db]  SR_handler(int, siginfo*, ucontext*)+0x9b


siginfo: si_signo: 11 (SIGSEGV), si_code: 1 (SEGV_MAPERR), si_addr: 0x0000000000000268

Registers:
RAX=0x0000000000000000, RBX=0x00007fff35f44a00, RCX=0x00007fd3dcc95688, RDX=0x0000000000000000
RSP=0x00007fff35f449f0, RBP=0x00007fff35f44ab0, RSI=0x00007fff35f44a00, RDI=0x0000000000000000
R8 =0x0000000000000000, R9 =0x00000000ffffffff, R10=0x0000000000000008, R11=0x0000000000000246
R12=0x00007fd3dcc07280, R13=0x0000000000000000, R14=0x00007fff35f44ac0, R15=0x00007fd3db7176c0
RIP=0x00007fd3dc5a97db, EFLAGS=0x0000000000010246, CSGSFS=0x002b000000000033, ERR=0x0000000000000004
  TRAPNO=0x000000000000000e

Top of Stack: (sp=0x00007fff35f449f0)
0x00007fff35f449f0:   00007fd3dce0432d 00007fff35f44bf0
0x00007fff35f44a00:   00000000000004d8 00007fff35f45010
0x00007fff35f44a10:   00007fff00000000 0000000000000000
0x00007fff35f44a20:   0000000000000010 0000000000000000 

Instructions: (pc=0x00007fd3dc5a97db)
0x00007fd3dc5a96db:   94 4a ff 31 d2 48 89 de bf 01 00 00 00 e8 43 8d
0x00007fd3dc5a96eb:   4a ff 41 83 fc 02 74 3d 48 83 3d 6d 13 5b 00 00
0x00007fd3dc5a96fb:   74 25 48 8d 05 5c 12 5b 00 4a 8d 14 a0 b8 01 00
0x00007fd3dc5a970b:   00 00 f0 0f c1 02 48 8b 3d 50 13 5b 00 be 01 00
0x00007fd3dc5a971b:   00 00 e8 9e ba ed ff 48 83 ec 80 5b 41 5c 5d c3
0x00007fd3dc5a972b:   0f 1f 44 00 00 e8 6b 27 15 00 84 c0 74 ba e8 6a
0x00007fd3dc5a973b:   95 4a ff eb b3 55 48 89 e5 41 57 41 56 49 89 d6
0x00007fd3dc5a974b:   41 55 41 54 53 48 8d 9d 50 ff ff ff 48 81 ec 98
0x00007fd3dc5a975b:   00 00 00 48 89 b5 48 ff ff ff e8 56 86 4a ff 48
0x00007fd3dc5a976b:   89 df 49 89 c4 44 8b 28 e8 88 8b 4a ff be 04 00
0x00007fd3dc5a977b:   00 00 48 89 df e8 ab 93 4a ff be 07 00 00 00 48
0x00007fd3dc5a978b:   89 df e8 9e 93 4a ff be 08 00 00 00 48 89 df e8
0x00007fd3dc5a979b:   91 93 4a ff be 0b 00 00 00 48 89 df e8 84 93 4a
0x00007fd3dc5a97ab:   ff be 05 00 00 00 48 89 df e8 77 93 4a ff 31 d2
0x00007fd3dc5a97bb:   48 89 de bf 01 00 00 00 e8 68 8c 4a ff e8 b3 33
0x00007fd3dc5a97cb:   0e 00 31 d2 84 c0 74 08 e8 b8 33 0e 00 48 89 c2
0x00007fd3dc5a97db:   48 8b 82 68 02 00 00 48 85 c0 74 17 4c 8b ba 30
0x00007fd3dc5a97eb:   02 00 00 41 8b 87 a0 00 00 00 83 f8 01 74 16 45
0x00007fd3dc5a97fb:   89 2c 24 48 81 c4 98 00 00 00 5b 41 5c 41 5d 41
0x00007fd3dc5a980b:   5e 41 5f 5d c3 f3 0f 7e 85 48 ff ff ff ba 02 00
0x00007fd3dc5a981b:   00 00 be 01 00 00 00 4c 89 b5 48 ff ff ff 4d 8d
0x00007fd3dc5a982b:   b7 a0 00 00 00 4c 89 f7 0f 16 85 48 ff ff ff 41
0x00007fd3dc5a983b:   0f 11 87 a8 00 00 00 e8 69 c7 e1 ff 83 f8 02 74
0x00007fd3dc5a984b:   3c 85 c0 75 10 66 0f ef c0 41 0f 11 87 a8 00 00
0x00007fd3dc5a985b:   00 eb 9c 66 90 48 8d 05 01 cb 54 00 be 6b 06 00
0x00007fd3dc5a986b:   00 48 8d 3d 5d 80 26 00 48 8b 00 c6 00 58 e8 72
0x00007fd3dc5a987b:   78 85 ff e8 ed ff e1 ff eb cb 0f 1f 00 48 89 df
0x00007fd3dc5a988b:   e8 70 8a 4a ff 48 89 da 31 f6 31 ff e8 94 8b 4a
0x00007fd3dc5a989b:   ff 8b 35 66 24 56 00 48 89 df e8 d6 92 4a ff be
0x00007fd3dc5a98ab:   01 00 00 00 48 8d 3d ca 11 5b 00 e8 05 b9 ed ff
0x00007fd3dc5a98bb:   eb 08 0f 1f 00 83 f8 02 75 3b 48 89 df e8 c3 92
0x00007fd3dc5a98cb:   4a ff 31 d2 be 03 00 00 00 4c 89 f7 e8 d4 c6 e1 



---------------  P R O C E S S  ---------------

VM state: not at safepoint (normal execution)

VM Mutex/Monitor currently owned by a thread: None

Heap address: 0x00000000fc000000, size: 64 MB, Compressed Oops mode: 32-bit

CDS archive(s) mapped at: [0x0000000800000000-0x0000000800c12000-0x0000000800c12000), size 12656640, SharedBaseAddress: 0x0000000800000000, ArchiveRelocationMode: 0.
Compressed class space mapped at: 0x0000000801000000-0x0000000841000000, reserved size: 1073741824
Narrow klass base: 0x0000000800000000, Narrow klass shift: 0, Narrow klass range: 0x100000000

GC Precious Log:
<Skipped>

Heap:
 garbage-first heap   total 65536K, used 20205K [0x00000000fc000000, 0x0000000100000000)
  region size 1024K, 14 young (14336K), 3 survivors (3072K)
 Metaspace       used 7716K, committed 7936K, reserved 1056768K
  class space    used 1054K, committed 1152K, reserved 1048576K

Heap Regions: E=young(eden), S=young(survivor), O=old, HS=humongous(starts), HC=humongous(continues), CS=collection set, F=free, OA=open archive, CA=closed archive, TAMS=top-at-mark-start (previous, next)
|   0|0x00000000fc000000, 0x00000000fc100000, 0x00000000fc100000|100%|HS|  |TAMS 0x00000000fc000000, 0x00000000fc000000| Complete 
|   1|0x00000000fc100000, 0x00000000fc200000, 0x00000000fc200000|100%|HC|  |TAMS 0x00000000fc100000, 0x00000000fc100000| Complete 
|   2|0x00000000fc200000, 0x00000000fc300000, 0x00000000fc300000|100%|HC|  |TAMS 0x00000000fc200000, 0x00000000fc200000| Complete 
|   3|0x00000000fc300000, 0x00000000fc400000, 0x00000000fc400000|100%| O|  |TAMS 0x00000000fc300000, 0x00000000fc300000| Untracked 
|   4|0x00000000fc400000, 0x00000000fc500000, 0x00000000fc500000|100%| O|  |TAMS 0x00000000fc400000, 0x00000000fc400000| Untracked 
|   5|0x00000000fc500000, 0x00000000fc580000, 0x00000000fc600000| 50%| O|  |TAMS 0x00000000fc500000, 0x00000000fc500000| Untracked 
|   6|0x00000000fc600000, 0x00000000fc600000, 0x00000000fc700000|  0%| F|  |TAMS 0x00000000fc600000, 0x00000000fc600000| Untracked 
|   7|0x00000000fc700000, 0x00000000fc700000, 0x00000000fc800000|  0%| F|  |TAMS 0x00000000fc700000, 0x00000000fc700000| Untracked 
|   8|0x00000000fc800000, 0x00000000fc800000, 0x00000000fc900000|  0%| F|  |TAMS 0x00000000fc800000, 0x00000000fc800000| Untracked 
|   9|0x00000000fc900000, 0x00000000fc900000, 0x00000000fca00000|  0%| F|  |TAMS 0x00000000fc900000, 0x00000000fc900000| Untracked 
|  10|0x00000000fca00000, 0x00000000fca00000, 0x00000000fcb00000|  0%| F|  |TAMS 0x00000000fca00000, 0x00000000fca00000| Untracked 
|  11|0x00000000fcb00000, 0x00000000fcb00000, 0x00000000fcc00000|  0%| F|  |TAMS 0x00000000fcb00000, 0x00000000fcb00000| Untracked 
|  12|0x00000000fcc00000, 0x00000000fcc00000, 0x00000000fcd00000|  0%| F|  |TAMS 0x00000000fcc00000, 0x00000000fcc00000| Untracked 
|  13|0x00000000fcd00000, 0x00000000fcd00000, 0x00000000fce00000|  0%| F|  |TAMS 0x00000000fcd00000, 0x00000000fcd00000| Untracked 
|  14|0x00000000fce00000, 0x00000000fce00000, 0x00000000fcf00000|  0%| F|  |TAMS 0x00000000fce00000, 0x00000000fce00000| Untracked 
|  15|0x00000000fcf00000, 0x00000000fcf00000, 0x00000000fd000000|  0%| F|  |TAMS 0x00000000fcf00000, 0x00000000fcf00000| Untracked 
|  16|0x00000000fd000000, 0x00000000fd000000, 0x00000000fd100000|  0%| F|  |TAMS 0x00000000fd000000, 0x00000000fd000000| Untracked 
|  17|0x00000000fd100000, 0x00000000fd100000, 0x00000000fd200000|  0%| F|  |TAMS 0x00000000fd100000, 0x00000000fd100000| Untracked 
|  18|0x00000000fd200000, 0x00000000fd200000, 0x00000000fd300000|  0%| F|  |TAMS 0x00000000fd200000, 0x00000000fd200000| Untracked 
|  19|0x00000000fd300000, 0x00000000fd300000, 0x00000000fd400000|  0%| F|  |TAMS 0x00000000fd300000, 0x00000000fd300000| Untracked 
|  20|0x00000000fd400000, 0x00000000fd400000, 0x00000000fd500000|  0%| F|  |TAMS 0x00000000fd400000, 0x00000000fd400000| Untracked 
|  21|0x00000000fd500000, 0x00000000fd500000, 0x00000000fd600000|  0%| F|  |TAMS 0x00000000fd500000, 0x00000000fd500000| Untracked 
|  22|0x00000000fd600000, 0x00000000fd600000, 0x00000000fd700000|  0%| F|  |TAMS 0x00000000fd600000, 0x00000000fd600000| Untracked 
|  23|0x00000000fd700000, 0x00000000fd700000, 0x00000000fd800000|  0%| F|  |TAMS 0x00000000fd700000, 0x00000000fd700000| Untracked 
|  24|0x00000000fd800000, 0x00000000fd800000, 0x00000000fd900000|  0%| F|  |TAMS 0x00000000fd800000, 0x00000000fd800000| Untracked 
|  25|0x00000000fd900000, 0x00000000fd900000, 0x00000000fda00000|  0%| F|  |TAMS 0x00000000fd900000, 0x00000000fd900000| Untracked 
|  26|0x00000000fda00000, 0x00000000fda00000, 0x00000000fdb00000|  0%| F|  |TAMS 0x00000000fda00000, 0x00000000fda00000| Untracked 
|  27|0x00000000fdb00000, 0x00000000fdb00000, 0x00000000fdc00000|  0%| F|  |TAMS 0x00000000fdb00000, 0x00000000fdb00000| Untracked 
|  28|0x00000000fdc00000, 0x00000000fdc00000, 0x00000000fdd00000|  0%| F|  |TAMS 0x00000000fdc00000, 0x00000000fdc00000| Untracked 
|  29|0x00000000fdd00000, 0x00000000fdd00000, 0x00000000fde00000|  0%| F|  |TAMS 0x00000000fdd00000, 0x00000000fdd00000| Untracked 
|  30|0x00000000fde00000, 0x00000000fde00000, 0x00000000fdf00000|  0%| F|  |TAMS 0x00000000fde00000, 0x00000000fde00000| Untracked 
|  31|0x00000000fdf00000, 0x00000000fdf00000, 0x00000000fe000000|  0%| F|  |TAMS 0x00000000fdf00000, 0x00000000fdf00000| Untracked 
|  32|0x00000000fe000000, 0x00000000fe000000, 0x00000000fe100000|  0%| F|  |TAMS 0x00000000fe000000, 0x00000000fe000000| Untracked 
|  33|0x00000000fe100000, 0x00000000fe100000, 0x00000000fe200000|  0%| F|  |TAMS 0x00000000fe100000, 0x00000000fe100000| Untracked 
|  34|0x00000000fe200000, 0x00000000fe200000, 0x00000000fe300000|  0%| F|  |TAMS 0x00000000fe200000, 0x00000000fe200000| Untracked 
|  35|0x00000000fe300000, 0x00000000fe300000, 0x00000000fe400000|  0%| F|  |TAMS 0x00000000fe300000, 0x00000000fe300000| Untracked 
|  36|0x00000000fe400000, 0x00000000fe500000, 0x00000000fe500000|100%| S|CS|TAMS 0x00000000fe400000, 0x00000000fe400000| Complete 
|  37|0x00000000fe500000, 0x00000000fe600000, 0x00000000fe600000|100%| S|CS|TAMS 0x00000000fe500000, 0x00000000fe500000| Complete 
|  38|0x00000000fe600000, 0x00000000fe700000, 0x00000000fe700000|100%| S|CS|TAMS 0x00000000fe600000, 0x00000000fe600000| Complete 
|  39|0x00000000fe700000, 0x00000000fe700000, 0x00000000fe800000|  0%| F|  |TAMS 0x00000000fe700000, 0x00000000fe700000| Untracked 
|  40|0x00000000fe800000, 0x00000000fe800000, 0x00000000fe900000|  0%| F|  |TAMS 0x00000000fe800000, 0x00000000fe800000| Untracked 
|  41|0x00000000fe900000, 0x00000000fe900000, 0x00000000fea00000|  0%| F|  |TAMS 0x00000000fe900000, 0x00000000fe900000| Untracked 
|  42|0x00000000fea00000, 0x00000000fea00000, 0x00000000feb00000|  0%| F|  |TAMS 0x00000000fea00000, 0x00000000fea00000| Untracked 
|  43|0x00000000feb00000, 0x00000000feb00000, 0x00000000fec00000|  0%| F|  |TAMS 0x00000000feb00000, 0x00000000feb00000| Untracked 
|  44|0x00000000fec00000, 0x00000000fec00000, 0x00000000fed00000|  0%| F|  |TAMS 0x00000000fec00000, 0x00000000fec00000| Untracked 
|  45|0x00000000fed00000, 0x00000000fed00000, 0x00000000fee00000|  0%| F|  |TAMS 0x00000000fed00000, 0x00000000fed00000| Untracked 
|  46|0x00000000fee00000, 0x00000000fee00000, 0x00000000fef00000|  0%| F|  |TAMS 0x00000000fee00000, 0x00000000fee00000| Untracked 
|  47|0x00000000fef00000, 0x00000000fef00000, 0x00000000ff000000|  0%| F|  |TAMS 0x00000000fef00000, 0x00000000fef00000| Untracked 
|  48|0x00000000ff000000, 0x00000000ff000000, 0x00000000ff100000|  0%| F|  |TAMS 0x00000000ff000000, 0x00000000ff000000| Untracked 
|  49|0x00000000ff100000, 0x00000000ff100000, 0x00000000ff200000|  0%| F|  |TAMS 0x00000000ff100000, 0x00000000ff100000| Untracked 
|  50|0x00000000ff200000, 0x00000000ff200000, 0x00000000ff300000|  0%| F|  |TAMS 0x00000000ff200000, 0x00000000ff200000| Untracked 
|  51|0x00000000ff300000, 0x00000000ff340408, 0x00000000ff400000| 25%| E|  |TAMS 0x00000000ff300000, 0x00000000ff300000| Complete 
|  52|0x00000000ff400000, 0x00000000ff500000, 0x00000000ff500000|100%| E|CS|TAMS 0x00000000ff400000, 0x00000000ff400000| Complete 
|  53|0x00000000ff500000, 0x00000000ff600000, 0x00000000ff600000|100%| E|CS|TAMS 0x00000000ff500000, 0x00000000ff500000| Complete 
|  54|0x00000000ff600000, 0x00000000ff700000, 0x00000000ff700000|100%| E|CS|TAMS 0x00000000ff600000, 0x00000000ff600000| Complete 
|  55|0x00000000ff700000, 0x00000000ff800000, 0x00000000ff800000|100%| E|CS|TAMS 0x00000000ff700000, 0x00000000ff700000| Complete 
|  56|0x00000000ff800000, 0x00000000ff900000, 0x00000000ff900000|100%| E|CS|TAMS 0x00000000ff800000, 0x00000000ff800000| Complete 
|  57|0x00000000ff900000, 0x00000000ffa00000, 0x00000000ffa00000|100%| E|CS|TAMS 0x00000000ff900000, 0x00000000ff900000| Complete 
|  58|0x00000000ffa00000, 0x00000000ffb00000, 0x00000000ffb00000|100%| E|CS|TAMS 0x00000000ffa00000, 0x00000000ffa00000| Complete 
|  59|0x00000000ffb00000, 0x00000000ffc00000, 0x00000000ffc00000|100%| E|CS|TAMS 0x00000000ffb00000, 0x00000000ffb00000| Complete 
|  60|0x00000000ffc00000, 0x00000000ffd00000, 0x00000000ffd00000|100%| E|CS|TAMS 0x00000000ffc00000, 0x00000000ffc00000| Complete 
|  61|0x00000000ffd00000, 0x00000000ffe00000, 0x00000000ffe00000|100%| E|CS|TAMS 0x00000000ffd00000, 0x00000000ffd00000| Complete 
|  62|0x00000000ffe00000, 0x00000000ffe78000, 0x00000000fff00000| 46%|OA|  |TAMS 0x00000000ffe00000, 0x00000000ffe00000| Untracked 
|  63|0x00000000fff00000, 0x00000000fff83000, 0x0000000100000000| 51%|CA|  |TAMS 0x00000000fff00000, 0x00000000fff00000| Untracked 

Card table byte_map: [0x00007fd3dac1a000,0x00007fd3dac3a000] _byte_map_base: 0x00007fd3da43a000

Marking Bits (Prev, Next): (CMBitMap*) 0x00007fd3d4047c60, (CMBitMap*) 0x00007fd3d4047ca0
 Prev Bits: [0x00007fd3daafa000, 0x00007fd3dabfa000)
 Next Bits: [0x00007fd3da9fa000, 0x00007fd3daafa000)

Polling page: 0x00007fd3dce38000

Metaspace:

Usage:
  Non-class:      6.51 MB used.
      Class:      1.03 MB used.
       Both:      7.54 MB used.

Virtual space:
  Non-class space:        8.00 MB reserved,       6.62 MB ( 83%) committed,  1 nodes.
      Class space:        1.00 GB reserved,       1.12 MB ( <1%) committed,  1 nodes.
             Both:        1.01 GB reserved,       7.75 MB ( <1%) committed. 

Chunk freelists:
   Non-Class:  624.00 KB
       Class:  2.91 MB
        Both:  3.51 MB

MaxMetaspaceSize: unlimited
CompressedClassSpaceSize: 1.00 GB
Initial GC threshold: 21.00 MB
Current GC threshold: 21.00 MB
CDS: on
MetaspaceReclaimPolicy: balanced
 - commit_granule_bytes: 65536.
 - commit_granule_words: 8192.
 - virtual_space_node_default_size: 1048576.
 - enlarge_chunks_in_place: 1.
 - new_chunks_are_fully_committed: 0.
 - uncommit_free_chunks: 1.
 - use_allocation_guard: 0.
 - handle_deallocations: 1.


Internal statistics:

num_allocs_failed_limit: 0.
num_arena_births: 66.
num_arena_deaths: 0.
num_vsnodes_births: 2.
num_vsnodes_deaths: 0.
num_space_committed: 124.
num_space_uncommitted: 0.
num_chunks_returned_to_freelist: 0.
num_chunks_taken_from_freelist: 261.
num_chunk_merges: 0.
num_chunk_splits: 177.
num_chunks_enlarged: 154.
num_purges: 0.
num_inconsistent_stats: 0.

CodeHeap 'non-profiled nmethods': size=120028Kb used=444Kb max_used=444Kb free=119583Kb
 bounds [0x00007fd3c4cc9000, 0x00007fd3c4f39000, 0x00007fd3cc200000]
CodeHeap 'profiled nmethods': size=120028Kb used=2118Kb max_used=2118Kb free=117909Kb
 bounds [0x00007fd3bd792000, 0x00007fd3bda02000, 0x00007fd3c4cc9000]
CodeHeap 'non-nmethods': size=5704Kb used=1156Kb max_used=1170Kb free=4547Kb
 bounds [0x00007fd3bd200000, 0x00007fd3bd470000, 0x00007fd3bd792000]
 total_blobs=1622 nmethods=1171 adapters=365
 compilation: enabled
              stopped_count=0, restarted_count=0
 full_count=0

Compilation events (20 events):
Event: 51.520 Thread 0x00007fd3d40cb1e0 1165       3       java.util.concurrent.locks.AbstractQueuedSynchronizer$ConditionObject::awaitNanos (200 bytes)
Event: 51.520 Thread 0x00007fd3d40cb1e0 nmethod 1165 0x00007fd3bd99eb90 code [0x00007fd3bd99ee80, 0x00007fd3bd99fee0]
Event: 51.520 Thread 0x00007fd3d40cb1e0 1163       3       java.util.concurrent.locks.ReentrantLock::lockInterruptibly (8 bytes)
Event: 51.521 Thread 0x00007fd3d40cb1e0 nmethod 1163 0x00007fd3bd9a0590 code [0x00007fd3bd9a07a0, 0x00007fd3bd9a0cb0]
Event: 51.521 Thread 0x00007fd3d40cb1e0 1164       3       java.util.concurrent.locks.ReentrantLock$Sync::lockInterruptibly (27 bytes)
Event: 51.521 Thread 0x00007fd3d40cb1e0 nmethod 1164 0x00007fd3bd9a0e90 code [0x00007fd3bd9a10a0, 0x00007fd3bd9a1530]
Event: 51.619 Thread 0x00007fd3d40cb1e0 1166       3       org.gradle.internal.logging.console.ThrottlingOutputEventListener$1::run (27 bytes)
Event: 51.620 Thread 0x00007fd3d40cb1e0 nmethod 1166 0x00007fd3bd9a1690 code [0x00007fd3bd9a1860, 0x00007fd3bd9a1bd0]
Event: 51.620 Thread 0x00007fd3d40cb1e0 1167       3       org.gradle.internal.logging.events.UpdateNowEvent::<init> (10 bytes)
Event: 51.620 Thread 0x00007fd3d40cb1e0 nmethod 1167 0x00007fd3bd9a1e10 code [0x00007fd3bd9a1fc0, 0x00007fd3bd9a2190]
Event: 51.620 Thread 0x00007fd3d40cb1e0 1168       3       java.util.concurrent.ScheduledThreadPoolExecutor$ScheduledFutureTask::setNextRunTime (38 bytes)
Event: 51.621 Thread 0x00007fd3d40cb1e0 nmethod 1168 0x00007fd3bd9a2290 code [0x00007fd3bd9a2440, 0x00007fd3bd9a2660]
Event: 51.621 Thread 0x00007fd3d40cb1e0 1169       3       java.util.concurrent.ScheduledThreadPoolExecutor::reExecutePeriodic (49 bytes)
Event: 51.621 Thread 0x00007fd3d40cb1e0 nmethod 1169 0x00007fd3bd9a2710 code [0x00007fd3bd9a2940, 0x00007fd3bd9a2fc0]
Event: 51.621 Thread 0x00007fd3d40cb1e0 1170       3       java.util.concurrent.ThreadPoolExecutor::afterExecute (1 bytes)
Event: 51.621 Thread 0x00007fd3d40cb1e0 nmethod 1170 0x00007fd3bd9a3210 code [0x00007fd3bd9a33a0, 0x00007fd3bd9a34b0]
Event: 54.219 Thread 0x00007fd3d40cb1e0 1171       3       java.util.concurrent.locks.LockSupport::parkNanos (29 bytes)
Event: 54.220 Thread 0x00007fd3d40cb1e0 nmethod 1171 0x00007fd3bd9a3510 code [0x00007fd3bd9a36e0, 0x00007fd3bd9a38e0]
Event: 64.419 Thread 0x00007fd3d40c9ca0 1172       4       jdk.internal.misc.Unsafe::putReferenceOpaque (9 bytes)
Event: 64.422 Thread 0x00007fd3d40c9ca0 nmethod 1172 0x00007fd3c4d37e90 code [0x00007fd3c4d38000, 0x00007fd3c4d38138]

GC Heap History (2 events):
Event: 0.426 GC heap before
{Heap before GC invocations=0 (full 0):
 garbage-first heap   total 65536K, used 26604K [0x00000000fc000000, 0x0000000100000000)
  region size 1024K, 23 young (23552K), 0 survivors (0K)
 Metaspace       used 4246K, committed 4416K, reserved 1056768K
  class space    used 567K, committed 640K, reserved 1048576K
}
Event: 0.429 GC heap after
{Heap after GC invocations=1 (full 0):
 garbage-first heap   total 65536K, used 9708K [0x00000000fc000000, 0x0000000100000000)
  region size 1024K, 3 young (3072K), 3 survivors (3072K)
 Metaspace       used 4246K, committed 4416K, reserved 1056768K
  class space    used 567K, committed 640K, reserved 1048576K
}

Dll operation events (13 events):
Event: 0.001 Loaded shared library /home/kenny/.sdkman/candidates/java/17.0.5-zulu/lib/libjava.so
Event: 0.007 Loaded shared library /home/kenny/.sdkman/candidates/java/17.0.5-zulu/lib/libjsvml.so
Event: 0.017 Loaded shared library /home/kenny/.sdkman/candidates/java/17.0.5-zulu/lib/libnio.so
Event: 0.019 Loaded shared library /home/kenny/.sdkman/candidates/java/17.0.5-zulu/lib/libzip.so
Event: 0.062 Loaded shared library /home/kenny/.sdkman/candidates/java/17.0.5-zulu/lib/libnet.so
Event: 0.149 Loaded shared library /home/kenny/.sdkman/candidates/java/17.0.5-zulu/lib/libjimage.so
Event: 0.196 Loaded shared library /home/kenny/.sdkman/candidates/java/17.0.5-zulu/lib/libverify.so
Event: 0.401 Loaded shared library /home/kenny/.gradle/native/68d5fa5c4cc2d200863cafc0d521ce42e7d3e7ee720ec0a83991735586a16f82/linux-amd64/libnative-platform.so
Event: 0.406 Loading shared library /home/kenny/.gradle/native/68d5fa5c4cc2d200863cafc0d521ce42e7d3e7ee720ec0a83991735586a16f82/linux-amd64-ncurses5/libnative-platform-curses.so failed, libtinfo.so.5: cannot open shared object file: No such file or directory
Event: 0.409 Loaded shared library /home/kenny/.gradle/native/68d5fa5c4cc2d200863cafc0d521ce42e7d3e7ee720ec0a83991735586a16f82/linux-amd64-ncurses6/libnative-platform-curses.so
Event: 0.485 Loaded shared library /home/kenny/.sdkman/candidates/java/17.0.5-zulu/lib/libmanagement.so
Event: 0.486 Loaded shared library /home/kenny/.sdkman/candidates/java/17.0.5-zulu/lib/libmanagement_ext.so
Event: 0.549 Loaded shared library /home/kenny/.sdkman/candidates/java/17.0.5-zulu/lib/libextnet.so

Deoptimization events (20 events):
Event: 0.360 Thread 0x00007fd3d4025620 DEOPT PACKING pc=0x00007fd3c4ce3f48 sp=0x00007fd3db714d30
Event: 0.360 Thread 0x00007fd3d4025620 DEOPT UNPACKING pc=0x00007fd3bd252099 sp=0x00007fd3db714ce8 mode 2
Event: 0.362 Thread 0x00007fd3d4025620 Uncommon trap: trap_request=0xffffff45 fr.pc=0x00007fd3c4cd2f74 relative=0x0000000000000054
Event: 0.362 Thread 0x00007fd3d4025620 Uncommon trap: reason=unstable_if action=reinterpret pc=0x00007fd3c4cd2f74 method=java.util.regex.Pattern.has(I)Z @ 6 c2
Event: 0.362 Thread 0x00007fd3d4025620 DEOPT PACKING pc=0x00007fd3c4cd2f74 sp=0x00007fd3db714b10
Event: 0.362 Thread 0x00007fd3d4025620 DEOPT UNPACKING pc=0x00007fd3bd252099 sp=0x00007fd3db714ac0 mode 2
Event: 0.468 Thread 0x00007fd3d4025620 Uncommon trap: trap_request=0xffffff45 fr.pc=0x00007fd3c4d19dec relative=0x00000000000004ac
Event: 0.468 Thread 0x00007fd3d4025620 Uncommon trap: reason=unstable_if action=reinterpret pc=0x00007fd3c4d19dec method=java.util.HashMap.hash(Ljava/lang/Object;)I @ 1 c2
Event: 0.468 Thread 0x00007fd3d4025620 DEOPT PACKING pc=0x00007fd3c4d19dec sp=0x00007fd3db714800
Event: 0.468 Thread 0x00007fd3d4025620 DEOPT UNPACKING pc=0x00007fd3bd252099 sp=0x00007fd3db7146c8 mode 2
Event: 0.468 Thread 0x00007fd3d4025620 Uncommon trap: trap_request=0xffffff45 fr.pc=0x00007fd3c4d06e38 relative=0x0000000000000478
Event: 0.468 Thread 0x00007fd3d4025620 Uncommon trap: reason=unstable_if action=reinterpret pc=0x00007fd3c4d06e38 method=java.util.HashMap.hash(Ljava/lang/Object;)I @ 1 c2
Event: 0.468 Thread 0x00007fd3d4025620 DEOPT PACKING pc=0x00007fd3c4d06e38 sp=0x00007fd3db7147a0
Event: 0.468 Thread 0x00007fd3d4025620 DEOPT UNPACKING pc=0x00007fd3bd252099 sp=0x00007fd3db7146d8 mode 2
Event: 0.489 Thread 0x00007fd3d4025620 Uncommon trap: trap_request=0xffffff45 fr.pc=0x00007fd3c4d01554 relative=0x0000000000001c74
Event: 0.489 Thread 0x00007fd3d4025620 Uncommon trap: reason=unstable_if action=reinterpret pc=0x00007fd3c4d01554 method=java.util.HashMap.putVal(ILjava/lang/Object;Ljava/lang/Object;ZZ)Ljava/lang/Object; @ 236 c2
Event: 0.489 Thread 0x00007fd3d4025620 DEOPT PACKING pc=0x00007fd3c4d01554 sp=0x00007fd3db713f60
Event: 0.489 Thread 0x00007fd3d4025620 DEOPT UNPACKING pc=0x00007fd3bd252099 sp=0x00007fd3db713f48 mode 2
Event: 0.532 Thread 0x00007fd3d4025620 DEOPT PACKING pc=0x00007fd3bd88a828 sp=0x00007fd3db712790
Event: 0.532 Thread 0x00007fd3d4025620 DEOPT UNPACKING pc=0x00007fd3bd25282f sp=0x00007fd3db711cc8 mode 0

Classes unloaded (0 events):
No events

Classes redefined (0 events):
No events

Internal exceptions (16 events):
Event: 0.084 Thread 0x00007fd3d4025620 Exception <a 'java/lang/NoSuchMethodError'{0x00000000ffa2f740}: 'int java.lang.invoke.DirectMethodHandle$Holder.invokeStaticInit(java.lang.Object, java.lang.Object)'> (0x00000000ffa2f740) 
thrown [src/hotspot/share/interpreter/linkResolver.cpp, line 759]
Event: 0.363 Thread 0x00007fd3d4025620 Exception <a 'java/lang/NoSuchMethodError'{0x00000000fea83170}: 'void java.lang.invoke.DirectMethodHandle$Holder.invokeStatic(java.lang.Object, java.lang.Object)'> (0x00000000fea83170) 
thrown [src/hotspot/share/interpreter/linkResolver.cpp, line 759]
Event: 0.378 Thread 0x00007fd3d4025620 Exception <a 'java/lang/NoClassDefFoundError'{0x00000000feae7690}: org/slf4j/impl/StaticMarkerBinder> (0x00000000feae7690) 
thrown [src/hotspot/share/classfile/systemDictionary.cpp, line 248]
Event: 0.387 Thread 0x00007fd3d4025620 Exception <a 'java/lang/NoSuchMethodError'{0x00000000fe982818}: 'java.lang.Object java.lang.invoke.DirectMethodHandle$Holder.invokeVirtual(java.lang.Object, java.lang.Object, java.lang.Object, java.lang.Object, java.lang.Object, java.lang.Object, java.lang.Object)'> (0x00000000fe982818) 
thrown [src/hotspot/share/interpreter/linkResolver.cpp, line 759]
Event: 0.388 Thread 0x00007fd3d4025620 Exception <a 'java/lang/NoSuchMethodError'{0x00000000fe993d50}: 'java.lang.Object java.lang.invoke.Invokers$Holder.invoker(java.lang.Object, java.lang.Object, java.lang.Object)'> (0x00000000fe993d50) 
thrown [src/hotspot/share/interpreter/linkResolver.cpp, line 759]
Event: 0.389 Thread 0x00007fd3d4025620 Exception <a 'java/lang/NoSuchMethodError'{0x00000000fe99c690}: 'java.lang.Object java.lang.invoke.DirectMethodHandle$Holder.invokeStatic(java.lang.Object, java.lang.Object, int)'> (0x00000000fe99c690) 
thrown [src/hotspot/share/interpreter/linkResolver.cpp, line 759]
Event: 0.390 Thread 0x00007fd3d4025620 Exception <a 'java/lang/NoSuchMethodError'{0x00000000fe9a8348}: 'void java.lang.invoke.DelegatingMethodHandle$Holder.delegate(java.lang.Object, java.lang.Object, int, java.lang.Object)'> (0x00000000fe9a8348) 
thrown [src/hotspot/share/interpreter/linkResolver.cpp, line 759]
Event: 0.391 Thread 0x00007fd3d4025620 Exception <a 'java/lang/NoSuchMethodError'{0x00000000fe9ac460}: 'int java.lang.invoke.DirectMethodHandle$Holder.invokeSpecial(java.lang.Object, java.lang.Object, java.lang.Object)'> (0x00000000fe9ac460) 
thrown [src/hotspot/share/interpreter/linkResolver.cpp, line 759]
Event: 0.392 Thread 0x00007fd3d4025620 Exception <a 'java/lang/NoSuchMethodError'{0x00000000fe9bf488}: 'java.lang.Object java.lang.invoke.Invokers$Holder.invokeExact_MT(java.lang.Object, java.lang.Object, java.lang.Object, java.lang.Object)'> (0x00000000fe9bf488) 
thrown [src/hotspot/share/interpreter/linkResolver.cpp, line 759]
Event: 0.407 Thread 0x00007fd3d4025620 Exception <a 'java/lang/UnsatisfiedLinkError'{0x00000000fe8786d0}> (0x00000000fe8786d0) 
thrown [src/hotspot/share/prims/jvm.cpp, line 3392]
Event: 0.407 Thread 0x00007fd3d4025620 Exception <a 'java/lang/UnsatisfiedLinkError'{0x00000000fe8786d0}> (0x00000000fe8786d0) 
thrown [src/hotspot/share/prims/jni.cpp, line 516]
Event: 0.459 Thread 0x00007fd3d4025620 Exception <a 'java/lang/NoSuchMethodError'{0x00000000ffb0a850}: 'void java.lang.invoke.DirectMethodHandle$Holder.invokeSpecial(java.lang.Object, java.lang.Object, java.lang.Object)'> (0x00000000ffb0a850) 
thrown [src/hotspot/share/interpreter/linkResolver.cpp, line 759]
Event: 0.468 Thread 0x00007fd3d4025620 Implicit null exception at 0x00007fd3c4d1998c to 0x00007fd3c4d19dd0
Event: 0.468 Thread 0x00007fd3d4025620 Implicit null exception at 0x00007fd3c4d06a0c to 0x00007fd3c4d06e1c
Event: 0.484 Thread 0x00007fd3d4025620 Exception <a 'java/lang/NoSuchMethodError'{0x00000000ffaa0250}: 'java.lang.Object java.lang.invoke.DirectMethodHandle$Holder.invokeStaticInit(java.lang.Object)'> (0x00000000ffaa0250) 
thrown [src/hotspot/share/interpreter/linkResolver.cpp, line 759]
Event: 0.550 Thread 0x00007fd3d4025620 Exception <a 'java/lang/NoSuchMethodError'{0x00000000ff6d91e0}: 'void java.lang.invoke.DirectMethodHandle$Holder.invokeStatic(java.lang.Object, java.lang.Object, java.lang.Object)'> (0x00000000ff6d91e0) 
thrown [src/hotspot/share/interpreter/linkResolver.cpp, line 759]

VM Operations (20 events):
Event: 0.519 Executing VM operation: HandshakeAllThreads
Event: 0.519 Executing VM operation: HandshakeAllThreads done
Event: 1.519 Executing VM operation: Cleanup
Event: 1.519 Executing VM operation: Cleanup done
Event: 3.519 Executing VM operation: Cleanup
Event: 3.519 Executing VM operation: Cleanup done
Event: 4.519 Executing VM operation: Cleanup
Event: 4.519 Executing VM operation: Cleanup done
Event: 6.520 Executing VM operation: Cleanup
Event: 6.520 Executing VM operation: Cleanup done
Event: 13.520 Executing VM operation: Cleanup
Event: 13.520 Executing VM operation: Cleanup done
Event: 32.522 Executing VM operation: Cleanup
Event: 32.522 Executing VM operation: Cleanup done
Event: 39.522 Executing VM operation: Cleanup
Event: 39.522 Executing VM operation: Cleanup done
Event: 46.523 Executing VM operation: Cleanup
Event: 46.523 Executing VM operation: Cleanup done
Event: 52.524 Executing VM operation: Cleanup
Event: 52.524 Executing VM operation: Cleanup done

Events (20 events):
Event: 0.596 loading class jdk/internal/reflect/ByteVectorFactory done
Event: 0.596 loading class jdk/internal/reflect/ByteVectorImpl
Event: 0.596 loading class jdk/internal/reflect/ByteVector
Event: 0.596 loading class jdk/internal/reflect/ByteVector done
Event: 0.596 loading class jdk/internal/reflect/ByteVectorImpl done
Event: 0.596 loading class jdk/internal/reflect/ClassFileAssembler
Event: 0.596 loading class jdk/internal/reflect/ClassFileAssembler done
Event: 0.596 loading class jdk/internal/reflect/UTF8
Event: 0.596 loading class jdk/internal/reflect/UTF8 done
Event: 0.597 loading class jdk/internal/reflect/Label
Event: 0.597 loading class jdk/internal/reflect/Label done
Event: 0.597 loading class jdk/internal/reflect/Label$PatchInfo
Event: 0.597 loading class jdk/internal/reflect/Label$PatchInfo done
Event: 0.597 loading class jdk/internal/reflect/MethodAccessorGenerator$1
Event: 0.597 loading class jdk/internal/reflect/MethodAccessorGenerator$1 done
Event: 0.597 loading class jdk/internal/reflect/ClassDefiner
Event: 0.597 loading class jdk/internal/reflect/ClassDefiner done
Event: 0.597 loading class jdk/internal/reflect/ClassDefiner$1
Event: 0.597 loading class jdk/internal/reflect/ClassDefiner$1 done
Event: 0.676 Thread 0x00007fd3881dad60 Thread exited: 0x00007fd3881dad60


Dynamic libraries:
fc000000-ffe00000 rw-p 00000000 00:00 0 
ffe00000-ffe78000 rw-p 00ccf000 00:17 578308                             /home/kenny/.sdkman/candidates/java/17.0.5-zulu/lib/server/classes.jsa
ffe78000-fff00000 rw-p 00000000 00:00 0 
fff00000-fff83000 rw-p 00c4c000 00:17 578308                             /home/kenny/.sdkman/candidates/java/17.0.5-zulu/lib/server/classes.jsa
fff83000-100000000 rw-p 00000000 00:00 0 
800000000-800485000 rw-p 00001000 00:17 578308                           /home/kenny/.sdkman/candidates/java/17.0.5-zulu/lib/server/classes.jsa
800485000-800c12000 r--p 00486000 00:17 578308                           /home/kenny/.sdkman/candidates/java/17.0.5-zulu/lib/server/classes.jsa
800c12000-801000000 ---p 00000000 00:00 0 
801000000-801040000 rw-p 00000000 00:00 0 
801040000-801080000 rw-p 00000000 00:00 0 
801080000-801100000 rw-p 00000000 00:00 0 
801100000-801120000 rw-p 00000000 00:00 0 
801120000-841000000 ---p 00000000 00:00 0 
5625a2d29000-5625a2d2a000 r-xp 00000000 00:17 578129                     /home/kenny/.sdkman/candidates/java/17.0.5-zulu/bin/java
5625a2d2b000-5625a2d2c000 r--p 00001000 00:17 578129                     /home/kenny/.sdkman/candidates/java/17.0.5-zulu/bin/java
5625a2d2c000-5625a2d2d000 rw-p 00002000 00:17 578129                     /home/kenny/.sdkman/candidates/java/17.0.5-zulu/bin/java
5625a49a0000-5625a4a09000 rw-p 00000000 00:00 0                          [heap]
7fd354000000-7fd354021000 rw-p 00000000 00:00 0 
7fd354021000-7fd358000000 ---p 00000000 00:00 0 
7fd35c000000-7fd35c021000 rw-p 00000000 00:00 0 
7fd35c021000-7fd360000000 ---p 00000000 00:00 0 
7fd360000000-7fd360021000 rw-p 00000000 00:00 0 
7fd360021000-7fd364000000 ---p 00000000 00:00 0 
7fd364000000-7fd364021000 rw-p 00000000 00:00 0 
7fd364021000-7fd368000000 ---p 00000000 00:00 0 
7fd368000000-7fd368021000 rw-p 00000000 00:00 0 
7fd368021000-7fd36c000000 ---p 00000000 00:00 0 
7fd36c000000-7fd36c3cf000 rw-p 00000000 00:00 0 
7fd36c3cf000-7fd370000000 ---p 00000000 00:00 0 
7fd370000000-7fd370021000 rw-p 00000000 00:00 0 
7fd370021000-7fd374000000 ---p 00000000 00:00 0 
7fd374000000-7fd374021000 rw-p 00000000 00:00 0 
7fd374021000-7fd378000000 ---p 00000000 00:00 0 
7fd378000000-7fd378021000 rw-p 00000000 00:00 0 
7fd378021000-7fd37c000000 ---p 00000000 00:00 0 
7fd37c000000-7fd37c021000 rw-p 00000000 00:00 0 
7fd37c021000-7fd380000000 ---p 00000000 00:00 0 
7fd380000000-7fd380021000 rw-p 00000000 00:00 0 
7fd380021000-7fd384000000 ---p 00000000 00:00 0 
7fd384000000-7fd3844d1000 rw-p 00000000 00:00 0 
7fd3844d1000-7fd388000000 ---p 00000000 00:00 0 
7fd388000000-7fd3882f6000 rw-p 00000000 00:00 0 
7fd3882f6000-7fd38c000000 ---p 00000000 00:00 0 
7fd38c000000-7fd38c021000 rw-p 00000000 00:00 0 
7fd38c021000-7fd390000000 ---p 00000000 00:00 0 
7fd390000000-7fd390021000 rw-p 00000000 00:00 0 
7fd390021000-7fd394000000 ---p 00000000 00:00 0 
7fd394000000-7fd394021000 rw-p 00000000 00:00 0 
7fd394021000-7fd398000000 ---p 00000000 00:00 0 
7fd398000000-7fd398021000 rw-p 00000000 00:00 0 
7fd398021000-7fd39c000000 ---p 00000000 00:00 0 
7fd39e309000-7fd39e6fe000 rw-p 00000000 00:00 0 
7fd39e6fe000-7fd39e702000 ---p 00000000 00:00 0 
7fd39e702000-7fd39e7fe000 rw-p 00000000 00:00 0 
7fd39e7fe000-7fd39e802000 ---p 00000000 00:00 0 
7fd39e802000-7fd39e8fe000 rw-p 00000000 00:00 0 
7fd39e8fe000-7fd39e8ff000 ---p 00000000 00:00 0 
7fd39e8ff000-7fd39ea00000 rw-p 00000000 00:00 0 
7fd39ea00000-7fd39ea99000 r--p 00000000 00:17 4550                       /usr/lib/libstdc++.so.6.0.30
7fd39ea99000-7fd39ebaf000 r-xp 00099000 00:17 4550                       /usr/lib/libstdc++.so.6.0.30
7fd39ebaf000-7fd39ec26000 r--p 001af000 00:17 4550                       /usr/lib/libstdc++.so.6.0.30
7fd39ec26000-7fd39ec33000 r--p 00225000 00:17 4550                       /usr/lib/libstdc++.so.6.0.30
7fd39ec33000-7fd39ec34000 rw-p 00232000 00:17 4550                       /usr/lib/libstdc++.so.6.0.30
7fd39ec34000-7fd39ec37000 rw-p 00000000 00:00 0 
7fd39ecfe000-7fd39ecff000 ---p 00000000 00:00 0 
7fd39ecff000-7fd39ee00000 rw-p 00000000 00:00 0 
7fd39ee00000-7fd39ee04000 r-xp 00000000 00:17 660026                     /home/kenny/.gradle/native/68d5fa5c4cc2d200863cafc0d521ce42e7d3e7ee720ec0a83991735586a16f82/linux-amd64-ncurses6/libnative-platform-curses.so
7fd39ee04000-7fd39f003000 ---p 00004000 00:17 660026                     /home/kenny/.gradle/native/68d5fa5c4cc2d200863cafc0d521ce42e7d3e7ee720ec0a83991735586a16f82/linux-amd64-ncurses6/libnative-platform-curses.so
7fd39f003000-7fd39f004000 r--p 00003000 00:17 660026                     /home/kenny/.gradle/native/68d5fa5c4cc2d200863cafc0d521ce42e7d3e7ee720ec0a83991735586a16f82/linux-amd64-ncurses6/libnative-platform-curses.so
7fd39f004000-7fd39f005000 rw-p 00004000 00:17 660026                     /home/kenny/.gradle/native/68d5fa5c4cc2d200863cafc0d521ce42e7d3e7ee720ec0a83991735586a16f82/linux-amd64-ncurses6/libnative-platform-curses.so
7fd39f0fe000-7fd39f0ff000 ---p 00000000 00:00 0 
7fd39f0ff000-7fd39f200000 rw-p 00000000 00:00 0 
7fd39f200000-7fd39f205000 r-xp 00000000 00:17 660016                     /home/kenny/.gradle/native/68d5fa5c4cc2d200863cafc0d521ce42e7d3e7ee720ec0a83991735586a16f82/linux-amd64/libnative-platform.so
7fd39f205000-7fd39f405000 ---p 00005000 00:17 660016                     /home/kenny/.gradle/native/68d5fa5c4cc2d200863cafc0d521ce42e7d3e7ee720ec0a83991735586a16f82/linux-amd64/libnative-platform.so
7fd39f405000-7fd39f406000 r--p 00005000 00:17 660016                     /home/kenny/.gradle/native/68d5fa5c4cc2d200863cafc0d521ce42e7d3e7ee720ec0a83991735586a16f82/linux-amd64/libnative-platform.so
7fd39f406000-7fd39f407000 rw-p 00006000 00:17 660016                     /home/kenny/.gradle/native/68d5fa5c4cc2d200863cafc0d521ce42e7d3e7ee720ec0a83991735586a16f82/linux-amd64/libnative-platform.so
7fd39f48a000-7fd39f48e000 ---p 00000000 00:00 0 
7fd39f48e000-7fd39f58a000 rw-p 00000000 00:00 0 
7fd39f58a000-7fd39f5a0000 r--p 00000000 00:17 4619                       /usr/lib/libncursesw.so.6.3
7fd39f5a0000-7fd39f5e1000 r-xp 00016000 00:17 4619                       /usr/lib/libncursesw.so.6.3
7fd39f5e1000-7fd39f5f8000 r--p 00057000 00:17 4619                       /usr/lib/libncursesw.so.6.3
7fd39f5f8000-7fd39f5f9000 ---p 0006e000 00:17 4619                       /usr/lib/libncursesw.so.6.3
7fd39f5f9000-7fd39f5fd000 r--p 0006e000 00:17 4619                       /usr/lib/libncursesw.so.6.3
7fd39f5fd000-7fd39f5fe000 rw-p 00072000 00:17 4619                       /usr/lib/libncursesw.so.6.3
7fd39f5fe000-7fd39f602000 ---p 00000000 00:00 0 
7fd39f602000-7fd39f6fe000 rw-p 00000000 00:00 0 
7fd39f6fe000-7fd39f702000 ---p 00000000 00:00 0 
7fd39f702000-7fd39f7fe000 rw-p 00000000 00:00 0 
7fd39f7fe000-7fd39f7ff000 ---p 00000000 00:00 0 
7fd39f7ff000-7fd39f900000 rw-p 00000000 00:00 0 
7fd39f900000-7fd39f904000 ---p 00000000 00:00 0 
7fd39f904000-7fd39fa00000 rw-p 00000000 00:00 0 
7fd39fa00000-7fd39fa04000 ---p 00000000 00:00 0 
7fd39fa04000-7fd39fb00000 rw-p 00000000 00:00 0 
7fd39fb00000-7fd39fb04000 ---p 00000000 00:00 0 
7fd39fb04000-7fd39fc00000 rw-p 00000000 00:00 0 
7fd39fc00000-7fd39fee9000 r--p 00000000 00:17 46319                      /usr/lib/locale/locale-archive
7fd39ff00000-7fd39ff04000 ---p 00000000 00:00 0 
7fd39ff04000-7fd3a0000000 rw-p 00000000 00:00 0 
7fd3a0000000-7fd3a0021000 rw-p 00000000 00:00 0 
7fd3a0021000-7fd3a4000000 ---p 00000000 00:00 0 
7fd3a4000000-7fd3a4021000 rw-p 00000000 00:00 0 
7fd3a4021000-7fd3a8000000 ---p 00000000 00:00 0 
7fd3a8000000-7fd3a8021000 rw-p 00000000 00:00 0 
7fd3a8021000-7fd3ac000000 ---p 00000000 00:00 0 
7fd3ac000000-7fd3ac021000 rw-p 00000000 00:00 0 
7fd3ac021000-7fd3b0000000 ---p 00000000 00:00 0 
7fd3b0000000-7fd3b0021000 rw-p 00000000 00:00 0 
7fd3b0021000-7fd3b4000000 ---p 00000000 00:00 0 
7fd3b4000000-7fd3b4021000 rw-p 00000000 00:00 0 
7fd3b4021000-7fd3b8000000 ---p 00000000 00:00 0 
7fd3b8000000-7fd3b8021000 rw-p 00000000 00:00 0 
7fd3b8021000-7fd3bc000000 ---p 00000000 00:00 0 
7fd3bc000000-7fd3bc004000 ---p 00000000 00:00 0 
7fd3bc004000-7fd3bc100000 rw-p 00000000 00:00 0 
7fd3bc100000-7fd3bc104000 ---p 00000000 00:00 0 
7fd3bc104000-7fd3bc200000 rw-p 00000000 00:00 0 
7fd3bc200000-7fd3bc204000 ---p 00000000 00:00 0 
7fd3bc204000-7fd3bc300000 rw-p 00000000 00:00 0 
7fd3bc300000-7fd3bc304000 ---p 00000000 00:00 0 
7fd3bc304000-7fd3bc730000 rw-p 00000000 00:00 0 
7fd3bc730000-7fd3bc800000 ---p 00000000 00:00 0 
7fd3bc800000-7fd3bcb70000 rw-p 00000000 00:00 0 
7fd3bcb70000-7fd3bcc00000 ---p 00000000 00:00 0 
7fd3bcc29000-7fd3bcc2d000 ---p 00000000 00:00 0 
7fd3bcc2d000-7fd3bcd29000 rw-p 00000000 00:00 0 
7fd3bcd29000-7fd3bcd2a000 ---p 00000000 00:00 0 
7fd3bcd2a000-7fd3bce2b000 rw-p 00000000 00:00 0 
7fd3bce2b000-7fd3bcef9000 r-xp 00000000 00:17 578328                     /home/kenny/.sdkman/candidates/java/17.0.5-zulu/lib/libjsvml.so
7fd3bcef9000-7fd3bcefa000 r--p 000cd000 00:17 578328                     /home/kenny/.sdkman/candidates/java/17.0.5-zulu/lib/libjsvml.so
7fd3bcefa000-7fd3bcefb000 rw-p 000ce000 00:17 578328                     /home/kenny/.sdkman/candidates/java/17.0.5-zulu/lib/libjsvml.so
7fd3bcefb000-7fd3bcefc000 ---p 00000000 00:00 0 
7fd3bcefc000-7fd3bcffd000 rw-p 00000000 00:00 0 
7fd3bcffd000-7fd3bcffe000 ---p 00000000 00:00 0 
7fd3bcffe000-7fd3bd200000 rw-p 00000000 00:00 0 
7fd3bd200000-7fd3bd470000 rwxp 00000000 00:00 0 
7fd3bd470000-7fd3bd792000 ---p 00000000 00:00 0 
7fd3bd792000-7fd3bda02000 rwxp 00000000 00:00 0 
7fd3bda02000-7fd3c4cc9000 ---p 00000000 00:00 0 
7fd3c4cc9000-7fd3c4f39000 rwxp 00000000 00:00 0 
7fd3c4f39000-7fd3cc200000 ---p 00000000 00:00 0 
7fd3cc200000-7fd3d3e0c000 r--s 00000000 00:17 578356                     /home/kenny/.sdkman/candidates/java/17.0.5-zulu/lib/modules
7fd3d3e36000-7fd3d3e39000 r--p 00000000 00:17 4520                       /usr/lib/libgcc_s.so.1
7fd3d3e39000-7fd3d3e50000 r-xp 00003000 00:17 4520                       /usr/lib/libgcc_s.so.1
7fd3d3e50000-7fd3d3e54000 r--p 0001a000 00:17 4520                       /usr/lib/libgcc_s.so.1
7fd3d3e54000-7fd3d3e55000 r--p 0001d000 00:17 4520                       /usr/lib/libgcc_s.so.1
7fd3d3e55000-7fd3d3e56000 rw-p 0001e000 00:17 4520                       /usr/lib/libgcc_s.so.1
7fd3d3e5b000-7fd3d3e5d000 r-xp 00000000 00:17 578315                     /home/kenny/.sdkman/candidates/java/17.0.5-zulu/lib/libextnet.so
7fd3d3e5d000-7fd3d3e5e000 r--p 00001000 00:17 578315                     /home/kenny/.sdkman/candidates/java/17.0.5-zulu/lib/libextnet.so
7fd3d3e5e000-7fd3d3e5f000 rw-p 00002000 00:17 578315                     /home/kenny/.sdkman/candidates/java/17.0.5-zulu/lib/libextnet.so
7fd3d3e5f000-7fd3d3e64000 r-xp 00000000 00:17 578326                     /home/kenny/.sdkman/candidates/java/17.0.5-zulu/lib/libmanagement_ext.so
7fd3d3e64000-7fd3d3e65000 ---p 00005000 00:17 578326                     /home/kenny/.sdkman/candidates/java/17.0.5-zulu/lib/libmanagement_ext.so
7fd3d3e65000-7fd3d3e66000 r--p 00005000 00:17 578326                     /home/kenny/.sdkman/candidates/java/17.0.5-zulu/lib/libmanagement_ext.so
7fd3d3e66000-7fd3d3e67000 rw-p 00006000 00:17 578326                     /home/kenny/.sdkman/candidates/java/17.0.5-zulu/lib/libmanagement_ext.so
7fd3d3e67000-7fd3d3e6b000 r-xp 00000000 00:17 578323                     /home/kenny/.sdkman/candidates/java/17.0.5-zulu/lib/libmanagement.so
7fd3d3e6b000-7fd3d3e6c000 r--p 00003000 00:17 578323                     /home/kenny/.sdkman/candidates/java/17.0.5-zulu/lib/libmanagement.so
7fd3d3e6c000-7fd3d3e6d000 rw-p 00004000 00:17 578323                     /home/kenny/.sdkman/candidates/java/17.0.5-zulu/lib/libmanagement.so
7fd3d3e6d000-7fd3d3e6e000 r--p 00000000 00:17 4417                       /usr/share/locale/en_GB/LC_MESSAGES/libc.mo
7fd3d3e6e000-7fd3d3e7b000 r-xp 00000000 00:17 578310                     /home/kenny/.sdkman/candidates/java/17.0.5-zulu/lib/libverify.so
7fd3d3e7b000-7fd3d3e7d000 r--p 0000c000 00:17 578310                     /home/kenny/.sdkman/candidates/java/17.0.5-zulu/lib/libverify.so
7fd3d3e7d000-7fd3d3e7e000 rw-p 0000e000 00:17 578310                     /home/kenny/.sdkman/candidates/java/17.0.5-zulu/lib/libverify.so
7fd3d3e7e000-7fd3d4000000 rw-p 00000000 00:00 0 
7fd3d4000000-7fd3d4967000 rw-p 00000000 00:00 0 
7fd3d4967000-7fd3d8000000 ---p 00000000 00:00 0 
7fd3d8000000-7fd3d8007000 r-xp 00000000 00:17 578329                     /home/kenny/.sdkman/candidates/java/17.0.5-zulu/lib/libzip.so
7fd3d8007000-7fd3d8008000 ---p 00007000 00:17 578329                     /home/kenny/.sdkman/candidates/java/17.0.5-zulu/lib/libzip.so
7fd3d8008000-7fd3d8009000 r--p 00007000 00:17 578329                     /home/kenny/.sdkman/candidates/java/17.0.5-zulu/lib/libzip.so
7fd3d8009000-7fd3d800a000 rw-p 00008000 00:17 578329                     /home/kenny/.sdkman/candidates/java/17.0.5-zulu/lib/libzip.so
7fd3d800a000-7fd3d803b000 rw-p 00000000 00:00 0 
7fd3d803b000-7fd3d8050000 r-xp 00000000 00:17 578298                     /home/kenny/.sdkman/candidates/java/17.0.5-zulu/lib/libnet.so
7fd3d8050000-7fd3d8051000 r--p 00014000 00:17 578298                     /home/kenny/.sdkman/candidates/java/17.0.5-zulu/lib/libnet.so
7fd3d8051000-7fd3d8052000 rw-p 00015000 00:17 578298                     /home/kenny/.sdkman/candidates/java/17.0.5-zulu/lib/libnet.so
7fd3d8052000-7fd3da6f4000 rw-p 00000000 00:00 0 
7fd3da6f4000-7fd3da6f5000 ---p 00000000 00:00 0 
7fd3da6f5000-7fd3da7f6000 rw-p 00000000 00:00 0 
7fd3da7f6000-7fd3da7f7000 ---p 00000000 00:00 0 
7fd3da7f7000-7fd3da8f8000 rw-p 00000000 00:00 0 
7fd3da8f8000-7fd3da8f9000 ---p 00000000 00:00 0 
7fd3da8f9000-7fd3dac1a000 rw-p 00000000 00:00 0 
7fd3dac1a000-7fd3db447000 rw-p 00000000 00:00 0 
7fd3db447000-7fd3db52d000 ---p 00000000 00:00 0 
7fd3db52d000-7fd3db532000 rw-p 00000000 00:00 0 
7fd3db532000-7fd3db618000 ---p 00000000 00:00 0 
7fd3db618000-7fd3db61c000 ---p 00000000 00:00 0 
7fd3db61c000-7fd3db718000 rw-p 00000000 00:00 0 
7fd3db718000-7fd3db726000 r--p 00000000 00:17 3731                       /usr/lib/libm.so.6
7fd3db726000-7fd3db7a0000 r-xp 0000e000 00:17 3731                       /usr/lib/libm.so.6
7fd3db7a0000-7fd3db7fe000 r--p 00088000 00:17 3731                       /usr/lib/libm.so.6
7fd3db7fe000-7fd3db7ff000 r--p 000e5000 00:17 3731                       /usr/lib/libm.so.6
7fd3db7ff000-7fd3db800000 rw-p 000e6000 00:17 3731                       /usr/lib/libm.so.6
7fd3db800000-7fd3dca39000 r-xp 00000000 00:17 578306                     /home/kenny/.sdkman/candidates/java/17.0.5-zulu/lib/server/libjvm.so
7fd3dca39000-7fd3dcaf2000 r--p 01238000 00:17 578306                     /home/kenny/.sdkman/candidates/java/17.0.5-zulu/lib/server/libjvm.so
7fd3dcaf2000-7fd3dcb27000 rw-p 012f1000 00:17 578306                     /home/kenny/.sdkman/candidates/java/17.0.5-zulu/lib/server/libjvm.so
7fd3dcb27000-7fd3dcb81000 rw-p 00000000 00:00 0 
7fd3dcb81000-7fd3dcb93000 r-xp 00000000 00:17 578313                     /home/kenny/.sdkman/candidates/java/17.0.5-zulu/lib/libnio.so
7fd3dcb93000-7fd3dcb94000 ---p 00012000 00:17 578313                     /home/kenny/.sdkman/candidates/java/17.0.5-zulu/lib/libnio.so
7fd3dcb94000-7fd3dcb95000 r--p 00012000 00:17 578313                     /home/kenny/.sdkman/candidates/java/17.0.5-zulu/lib/libnio.so
7fd3dcb95000-7fd3dcb96000 rw-p 00013000 00:17 578313                     /home/kenny/.sdkman/candidates/java/17.0.5-zulu/lib/libnio.so
7fd3dcb96000-7fd3dcbbb000 rw-p 00000000 00:00 0 
7fd3dcbbb000-7fd3dcbdf000 r-xp 00000000 00:17 578337                     /home/kenny/.sdkman/candidates/java/17.0.5-zulu/lib/libjava.so
7fd3dcbdf000-7fd3dcbe0000 ---p 00024000 00:17 578337                     /home/kenny/.sdkman/candidates/java/17.0.5-zulu/lib/libjava.so
7fd3dcbe0000-7fd3dcbe1000 r--p 00024000 00:17 578337                     /home/kenny/.sdkman/candidates/java/17.0.5-zulu/lib/libjava.so
7fd3dcbe1000-7fd3dcbe2000 rw-p 00025000 00:17 578337                     /home/kenny/.sdkman/candidates/java/17.0.5-zulu/lib/libjava.so
7fd3dcbe2000-7fd3dcbe3000 rw-p 00000000 00:00 0 
7fd3dcbe3000-7fd3dcbfe000 r-xp 00000000 00:17 578333                     /home/kenny/.sdkman/candidates/java/17.0.5-zulu/lib/libjimage.so
7fd3dcbfe000-7fd3dcc00000 r--p 0001a000 00:17 578333                     /home/kenny/.sdkman/candidates/java/17.0.5-zulu/lib/libjimage.so
7fd3dcc00000-7fd3dcc01000 rw-p 0001c000 00:17 578333                     /home/kenny/.sdkman/candidates/java/17.0.5-zulu/lib/libjimage.so
7fd3dcc01000-7fd3dcc02000 r--p 00000000 00:17 3753                       /usr/lib/librt.so.1
7fd3dcc02000-7fd3dcc03000 r-xp 00001000 00:17 3753                       /usr/lib/librt.so.1
7fd3dcc03000-7fd3dcc04000 r--p 00002000 00:17 3753                       /usr/lib/librt.so.1
7fd3dcc04000-7fd3dcc05000 r--p 00002000 00:17 3753                       /usr/lib/librt.so.1
7fd3dcc05000-7fd3dcc06000 rw-p 00003000 00:17 3753                       /usr/lib/librt.so.1
7fd3dcc06000-7fd3dcc08000 rw-p 00000000 00:00 0 
7fd3dcc08000-7fd3dcc2a000 r--p 00000000 00:17 3721                       /usr/lib/libc.so.6
7fd3dcc2a000-7fd3dcd85000 r-xp 00022000 00:17 3721                       /usr/lib/libc.so.6
7fd3dcd85000-7fd3dcddc000 r--p 0017d000 00:17 3721                       /usr/lib/libc.so.6
7fd3dcddc000-7fd3dcde0000 r--p 001d4000 00:17 3721                       /usr/lib/libc.so.6
7fd3dcde0000-7fd3dcde2000 rw-p 001d8000 00:17 3721                       /usr/lib/libc.so.6
7fd3dcde2000-7fd3dcdef000 rw-p 00000000 00:00 0 
7fd3dcdef000-7fd3dcdf0000 r--p 00000000 00:17 3726                       /usr/lib/libdl.so.2
7fd3dcdf0000-7fd3dcdf1000 r-xp 00001000 00:17 3726                       /usr/lib/libdl.so.2
7fd3dcdf1000-7fd3dcdf2000 r--p 00002000 00:17 3726                       /usr/lib/libdl.so.2
7fd3dcdf2000-7fd3dcdf3000 r--p 00002000 00:17 3726                       /usr/lib/libdl.so.2
7fd3dcdf3000-7fd3dcdf4000 rw-p 00003000 00:17 3726                       /usr/lib/libdl.so.2
7fd3dcdf4000-7fd3dcdf5000 r--p 00000000 00:17 3748                       /usr/lib/libpthread.so.0
7fd3dcdf5000-7fd3dcdf6000 r-xp 00001000 00:17 3748                       /usr/lib/libpthread.so.0
7fd3dcdf6000-7fd3dcdf7000 r--p 00002000 00:17 3748                       /usr/lib/libpthread.so.0
7fd3dcdf7000-7fd3dcdf8000 r--p 00002000 00:17 3748                       /usr/lib/libpthread.so.0
7fd3dcdf8000-7fd3dcdf9000 rw-p 00003000 00:17 3748                       /usr/lib/libpthread.so.0
7fd3dcdf9000-7fd3dce07000 r-xp 00000000 00:17 578344                     /home/kenny/.sdkman/candidates/java/17.0.5-zulu/lib/libjli.so
7fd3dce07000-7fd3dce08000 ---p 0000e000 00:17 578344                     /home/kenny/.sdkman/candidates/java/17.0.5-zulu/lib/libjli.so
7fd3dce08000-7fd3dce09000 r--p 0000e000 00:17 578344                     /home/kenny/.sdkman/candidates/java/17.0.5-zulu/lib/libjli.so
7fd3dce09000-7fd3dce0a000 rw-p 0000f000 00:17 578344                     /home/kenny/.sdkman/candidates/java/17.0.5-zulu/lib/libjli.so
7fd3dce0a000-7fd3dce0d000 r--p 00000000 00:17 15466                      /usr/lib/libz.so.1.2.13
7fd3dce0d000-7fd3dce1b000 r-xp 00003000 00:17 15466                      /usr/lib/libz.so.1.2.13
7fd3dce1b000-7fd3dce22000 r--p 00011000 00:17 15466                      /usr/lib/libz.so.1.2.13
7fd3dce22000-7fd3dce23000 r--p 00017000 00:17 15466                      /usr/lib/libz.so.1.2.13
7fd3dce23000-7fd3dce24000 rw-p 00018000 00:17 15466                      /usr/lib/libz.so.1.2.13
7fd3dce24000-7fd3dce29000 rw-p 00000000 00:00 0 
7fd3dce29000-7fd3dce30000 ---p 00000000 00:00 0 
7fd3dce30000-7fd3dce38000 rw-s 00000000 00:27 3325                       /tmp/hsperfdata_kenny/41515
7fd3dce38000-7fd3dce39000 ---p 00000000 00:00 0 
7fd3dce39000-7fd3dce3a000 r--p 00000000 00:00 0 
7fd3dce3a000-7fd3dce3b000 ---p 00000000 00:00 0 
7fd3dce3b000-7fd3dce3d000 rw-p 00000000 00:00 0 
7fd3dce3d000-7fd3dce3e000 r--p 00000000 00:17 3712                       /usr/lib/ld-linux-x86-64.so.2
7fd3dce3e000-7fd3dce64000 r-xp 00001000 00:17 3712                       /usr/lib/ld-linux-x86-64.so.2
7fd3dce64000-7fd3dce6e000 r--p 00027000 00:17 3712                       /usr/lib/ld-linux-x86-64.so.2
7fd3dce6e000-7fd3dce70000 r--p 00031000 00:17 3712                       /usr/lib/ld-linux-x86-64.so.2
7fd3dce70000-7fd3dce72000 rw-p 00033000 00:17 3712                       /usr/lib/ld-linux-x86-64.so.2
7fff35f2b000-7fff35f4d000 rw-p 00000000 00:00 0                          [stack]
7fff35fd2000-7fff35fd6000 r--p 00000000 00:00 0                          [vvar]
7fff35fd6000-7fff35fd8000 r-xp 00000000 00:00 0                          [vdso]
ffffffffff600000-ffffffffff601000 --xp 00000000 00:00 0                  [vsyscall]


VM Arguments:
jvm_args: -Xmx64m -Xms64m -Dorg.gradle.appname=gradlew 
java_command: org.gradle.wrapper.GradleWrapperMain bootrun
java_class_path (initial): /home/kenny/code/personal/auraltester/backend/gradle/wrapper/gradle-wrapper.jar
Launcher Type: SUN_STANDARD

[Global flags]
     intx CICompilerCount                          = 4                                         {product} {ergonomic}
     uint ConcGCThreads                            = 2                                         {product} {ergonomic}
     uint G1ConcRefinementThreads                  = 8                                         {product} {ergonomic}
   size_t G1HeapRegionSize                         = 1048576                                   {product} {ergonomic}
    uintx GCDrainStackTargetSize                   = 64                                        {product} {ergonomic}
   size_t InitialHeapSize                          = 67108864                                  {product} {command line}
   size_t MarkStackSize                            = 4194304                                   {product} {ergonomic}
   size_t MaxHeapSize                              = 67108864                                  {product} {command line}
   size_t MaxNewSize                               = 39845888                                  {product} {ergonomic}
   size_t MinHeapDeltaBytes                        = 1048576                                   {product} {ergonomic}
   size_t MinHeapSize                              = 67108864                                  {product} {command line}
    uintx NonNMethodCodeHeapSize                   = 5839372                                {pd product} {ergonomic}
    uintx NonProfiledCodeHeapSize                  = 122909434                              {pd product} {ergonomic}
    uintx ProfiledCodeHeapSize                     = 122909434                              {pd product} {ergonomic}
    uintx ReservedCodeCacheSize                    = 251658240                              {pd product} {ergonomic}
     bool SegmentedCodeCache                       = true                                      {product} {ergonomic}
   size_t SoftMaxHeapSize                          = 67108864                               {manageable} {ergonomic}
     bool UseCompressedClassPointers               = true                           {product lp64_product} {ergonomic}
     bool UseCompressedOops                        = true                           {product lp64_product} {ergonomic}
     bool UseG1GC                                  = true                                      {product} {ergonomic}

Logging:
Log output configuration:
 #0: stdout all=warning uptime,level,tags
 #1: stderr all=off uptime,level,tags

Environment Variables:
JAVA_HOME=/home/kenny/.sdkman/candidates/java/current
PATH=/home/kenny/code/personal/auraltester/backend/node_modules/.bin:/home/kenny/code/personal/auraltester/node_modules/.bin:/home/kenny/code/personal/node_modules/.bin:/home/kenny/code/node_modules/.bin:/home/kenny/node_modules/.bin:/home/node_modules/.bin:/node_modules/.bin:/home/kenny/.local/share/nvm/v18.12.1/lib/node_modules/npm/node_modules/@npmcli/run-script/lib/node-gyp-bin:/home/kenny/.local/bin:/home/kenny/.dotnet/tools:/home/kenny/.sdkman/candidates/java/current/bin:/home/kenny/.local/bin:/home/kenny/.dotnet/tools:/home/kenny/.local/share/nvm/v18.12.1/bin:/home/kenny/.local/bin/:/usr/local/bin:/usr/bin:/bin:/usr/local/sbin:/home/kenny/.dotnet/tools:/usr/bin/site_perl:/usr/bin/vendor_perl:/usr/bin/core_perl
SHELL=/usr/bin/fish
DISPLAY=:0.0
LANG=en_GB.UTF-8
TERM=tmux-256color

Signal Handlers:
   SIGSEGV: crash_handler in libjvm.so, mask=11100100010111111101111111111110, flags=SA_RESTART|SA_SIGINFO
    SIGBUS: crash_handler in libjvm.so, mask=11100100010111111101111111111110, flags=SA_RESTART|SA_SIGINFO
    SIGFPE: crash_handler in libjvm.so, mask=11100100010111111101111111111110, flags=SA_RESTART|SA_SIGINFO
   SIGPIPE: javaSignalHandler in libjvm.so, mask=11100100010111111101111111111110, flags=SA_RESTART|SA_SIGINFO
   SIGXFSZ: javaSignalHandler in libjvm.so, mask=11100100010111111101111111111110, flags=SA_RESTART|SA_SIGINFO
    SIGILL: crash_handler in libjvm.so, mask=11100100010111111101111111111110, flags=SA_RESTART|SA_SIGINFO
   SIGUSR2: SR_handler in libjvm.so, mask=00000000000000000000000000000000, flags=SA_RESTART|SA_SIGINFO
    SIGHUP: UserHandler in libjvm.so, mask=11100100010111111101111111111110, flags=SA_RESTART|SA_SIGINFO
    SIGINT: UserHandler in libjvm.so, mask=11100100010111111101111111111110, flags=SA_RESTART|SA_SIGINFO
   SIGTERM: UserHandler in libjvm.so, mask=11100100010111111101111111111110, flags=SA_RESTART|SA_SIGINFO
   SIGQUIT: UserHandler in libjvm.so, mask=11100100010111111101111111111110, flags=SA_RESTART|SA_SIGINFO
  *** Handler was modified!
  *** Expected: javaSignalHandler in libjvm.so, mask=11100100110111111111111111111110, flags=SA_RESTART|SA_SIGINFO
   SIGTRAP: crash_handler in libjvm.so, mask=11100100010111111101111111111110, flags=SA_RESTART|SA_SIGINFO


---------------  S Y S T E M  ---------------

OS:
NAME="Arch Linux"
PRETTY_NAME="Arch Linux"
ID=arch
BUILD_ID=rolling
ANSI_COLOR="38;2;23;147;209"
HOME_URL="https://archlinux.org/"
DOCUMENTATION_URL="https://wiki.archlinux.org/"
SUPPORT_URL="https://bbs.archlinux.org/"
BUG_REPORT_URL="https://bugs.archlinux.org/"
PRIVACY_POLICY_URL="https://terms.archlinux.org/docs/privacy-policy/"
LOGO=archlinux-logo
uname: Linux 6.0.12-zen1-1-zen #1 ZEN SMP PREEMPT_DYNAMIC Thu, 08 Dec 2022 11:03:40 +0000 x86_64
OS uptime: 0 days 1:43 hours
libc: glibc 2.36 NPTL 2.36 
rlimit (soft/hard): STACK 8192k/infinity , CORE infinity/infinity , NPROC 63693/63693 , NOFILE 524288/524288 , AS infinity/infinity , CPU infinity/infinity , DATA infinity/infinity , FSIZE infinity/infinity , MEMLOCK 8192k/8192k
load average: 0.95 1.16 1.18

/proc/meminfo:
MemTotal:       16328172 kB
MemFree:          238068 kB
MemAvailable:    6706432 kB
Buffers:           67648 kB
Cached:          6215404 kB
SwapCached:          308 kB
Active:          7810308 kB
Inactive:        6592404 kB
Active(anon):    6474776 kB
Inactive(anon):  1720000 kB
Active(file):    1335532 kB
Inactive(file):  4872404 kB
Unevictable:        1032 kB
Mlocked:            1032 kB
SwapTotal:       4194300 kB
SwapFree:        2550524 kB
Zswap:                 0 kB
Zswapped:              0 kB
Dirty:             25060 kB
Writeback:             0 kB
AnonPages:       8075592 kB
Mapped:          1859612 kB
Shmem:             75116 kB
KReclaimable:     595804 kB
Slab:             795552 kB
SReclaimable:     595804 kB
SUnreclaim:       199748 kB
KernelStack:       27472 kB
PageTables:        80032 kB
NFS_Unstable:          0 kB
Bounce:                0 kB
WritebackTmp:          0 kB
CommitLimit:    12358384 kB
Committed_AS:   17573192 kB
VmallocTotal:   34359738367 kB
VmallocUsed:      135220 kB
VmallocChunk:          0 kB
Percpu:             5024 kB
HardwareCorrupted:     0 kB
AnonHugePages:   1542144 kB
ShmemHugePages:        0 kB
ShmemPmdMapped:        0 kB
FileHugePages:    155648 kB
FilePmdMapped:    155648 kB
CmaTotal:              0 kB
CmaFree:               0 kB
HugePages_Total:       0
HugePages_Free:        0
HugePages_Rsvd:        0
HugePages_Surp:        0
Hugepagesize:       2048 kB
Hugetlb:               0 kB
DirectMap4k:     1280756 kB
DirectMap2M:    15443968 kB
DirectMap1G:     1048576 kB

/sys/kernel/mm/transparent_hugepage/enabled: [always] madvise never
/sys/kernel/mm/transparent_hugepage/defrag (defrag/compaction efforts parameter): always defer [defer+madvise] madvise never

Process Memory:
Virtual Size: 3269932K (peak: 3331284K)
Resident Set Size: 99864K (peak: 99864K) (anon: 71080K, file: 28752K, shmem: 32K)
Swapped out: 0K
C-Heap outstanding allocations: 31519K, retained: 11033K
glibc malloc tunables: (default)

/proc/sys/kernel/threads-max (system-wide limit on the number of threads): 127386
/proc/sys/vm/max_map_count (maximum number of memory map areas a process may have): 65530
/proc/sys/kernel/pid_max (system-wide limit on number of process identifiers): 4194304

container (cgroup) information:
container_type: cgroupv2
cpu_cpuset_cpus: not supported
cpu_memory_nodes: not supported
active_processor_count: 8
cpu_quota: no quota
cpu_period: 100000
cpu_shares: no shares
memory_limit_in_bytes: unlimited
memory_and_swap_limit_in_bytes: unlimited
memory_soft_limit_in_bytes: unlimited
memory_usage_in_bytes: 4190260 k
memory_max_usage_in_bytes: not supported
maximum number of tasks: unlimited
current number of tasks: 674

Steal ticks since vm start: 0
Steal ticks percentage since vm start:  0.000

CPU: total 8 (initial active 8) (4 cores per cpu, 2 threads per core) family 6 model 60 stepping 3 microcode 0x28, cx8, cmov, fxsr, ht, mmx, sse, sse2, sse3, ssse3, sse4.1, sse4.2, popcnt, lzcnt, tsc, tscinvbit, avx, avx2, aes, erms, clmul, bmi1, bmi2, fma, vzeroupper, clflush
CPU Model and flags from /proc/cpuinfo:
model name	: Intel(R) Core(TM) i7-4790 CPU @ 3.60GHz
flags		: fpu vme de pse tsc msr pae mce cx8 apic sep mtrr pge mca cmov pat pse36 clflush dts acpi mmx fxsr sse sse2 ss ht tm pbe syscall nx pdpe1gb rdtscp lm constant_tsc arch_perfmon pebs bts rep_good nopl xtopology nonstop_tsc cpuid aperfmperf pni pclmulqdq dtes64 monitor ds_cpl vmx smx est tm2 ssse3 sdbg fma cx16 xtpr pdcm pcid sse4_1 sse4_2 x2apic movbe popcnt tsc_deadline_timer aes xsave avx f16c rdrand lahf_lm abm cpuid_fault epb invpcid_single pti ssbd ibrs ibpb stibp tpr_shadow vnmi flexpriority ept vpid ept_ad fsgsbase tsc_adjust bmi1 avx2 smep bmi2 erms invpcid xsaveopt dtherm ida arat pln pts md_clear flush_l1d

Online cpus: 0-7
Offline cpus: 
BIOS frequency limitation: <Not Available>
Frequency switch latency (ns): 20000
Available cpu frequencies: <Not Available>
Current governor: schedutil
Core performance/turbo boost: <Not Available>

Memory: 4k page, physical 16328172k(238796k free), swap 4194300k(2550524k free)
Page Sizes: 4k

vm_info: OpenJDK 64-Bit Server VM (17.0.5+8-LTS) for linux-amd64 JRE (17.0.5+8-LTS) (Zulu17.38+21-CA), built on Oct  7 2022 12:47:57 by "zulu_re" with gcc 8.3.0

END.
